Using MPI version 3.1, 14 processes
File prefix: Sim10b
Duration: 16
Resolution: 50
Dimensions: 8 um, 8 um, 8 um
Wavelength: 1.55 um
Fiber thickness: 1 um
Absorber dimensions: 5.9 um, 0.04 um
Absorber center: 0.05 um, 0 um, 0 um
Absorber n: 1.4606, k: 7.55
Absorber compensation for thickness: 10


**********


-----------
Initializing structure...
Halving computational cell along direction z
Splitting into 12 chunks evenly
time for choose_chunkdivision = 0.0484293 s
Working in 3D dimensions.
Computational cell is 8 x 8 x 8 with resolution 50
     cylinder, center = (0,0,0)
          radius 0.75, height 1e+20, axis (1, 0, 0)
          dielectric constant epsilon diagonal = (1.42,1.42,1.42)
     cylinder, center = (0,0,0)
          radius 0.5, height 1e+20, axis (1, 0, 0)
          dielectric constant epsilon diagonal = (1.444,1.444,1.444)
time for set_epsilon = 5.79254 s
-----------
    iteration   14: trace = 0.5060056358049396 (2.10469e-05% change)
MPB solved for omega_1(0.775268,0,0) = 0.711341 after 22 iters
    iteration   14: trace = 0.4159318563207534 (4.4523e-11% change)
MPB solved for omega_1(0.694007,0,0) = 0.644928 after 14 iters
MPB solved for omega_1(0.694292,0,0) = 0.645161 after 8 iters
MPB solved for omega_1(0.694292,0,0) = 0.645161 after 1 iters
creating output file "./main-eps-000000.00.h5"...
creating output file "./main-pwr.h5"...
Meep progress: 0.01/16.0 = 0.1% done in 36.3s, 58111.6s to go
on time step 1 (time=0.01), 33.2897 s/step
Meep progress: 0.1/16.0 = 0.6% done in 40.7s, 6471.3s to go
on time step 10 (time=0.1), 0.484143 s/step
Meep progress: 0.2/16.0 = 1.2% done in 45.4s, 3585.0s to go
on time step 20 (time=0.2), 0.467856 s/step
Meep progress: 0.29/16.0 = 1.8% done in 49.4s, 2675.9s to go
on time step 29 (time=0.29), 0.446267 s/step
Meep progress: 0.38/16.0 = 2.4% done in 53.7s, 2207.2s to go
on time step 38 (time=0.38), 0.477756 s/step
Meep progress: 0.47000000000000003/16.0 = 2.9% done in 58.0s, 1915.6s to go
on time step 47 (time=0.47), 0.475441 s/step
Meep progress: 0.56/16.0 = 3.5% done in 62.3s, 1716.4s to go
on time step 56 (time=0.56), 0.475364 s/step
Meep progress: 0.65/16.0 = 4.1% done in 66.5s, 1569.6s to go
on time step 65 (time=0.65), 0.468095 s/step
Meep progress: 0.75/16.0 = 4.7% done in 71.1s, 1446.5s to go
on time step 75 (time=0.75), 0.46708 s/step
Meep progress: 0.85/16.0 = 5.3% done in 75.8s, 1350.2s to go
on time step 85 (time=0.85), 0.461395 s/step
Meep progress: 0.9500000000000001/16.0 = 5.9% done in 80.4s, 1274.1s to go
on time step 95 (time=0.95), 0.467245 s/step
Meep progress: 1.05/16.0 = 6.6% done in 85.1s, 1211.4s to go
on time step 105 (time=1.05), 0.465779 s/step
Meep progress: 1.1500000000000001/16.0 = 7.2% done in 89.8s, 1159.5s to go
on time step 115 (time=1.15), 0.470896 s/step
Meep progress: 1.25/16.0 = 7.8% done in 94.5s, 1114.6s to go
on time step 125 (time=1.25), 0.467018 s/step
Meep progress: 1.35/16.0 = 8.4% done in 99.1s, 1075.9s to go
on time step 135 (time=1.35), 0.468395 s/step
Meep progress: 1.45/16.0 = 9.1% done in 103.8s, 1041.6s to go
on time step 145 (time=1.45), 0.465681 s/step
Meep progress: 1.55/16.0 = 9.7% done in 108.5s, 1011.2s to go
on time step 155 (time=1.55), 0.467 s/step
Meep progress: 1.6500000000000001/16.0 = 10.3% done in 113.1s, 984.0s to go
on time step 165 (time=1.65), 0.467156 s/step
Meep progress: 1.75/16.0 = 10.9% done in 117.8s, 959.2s to go
on time step 175 (time=1.75), 0.465082 s/step
Meep progress: 1.85/16.0 = 11.6% done in 122.5s, 936.8s to go
on time step 185 (time=1.85), 0.467905 s/step
Meep progress: 1.95/16.0 = 12.2% done in 127.1s, 916.0s to go
on time step 195 (time=1.95), 0.465599 s/step
Meep progress: 2.05/16.0 = 12.8% done in 131.8s, 896.9s to go
on time step 205 (time=2.05), 0.466371 s/step
Meep progress: 2.15/16.0 = 13.4% done in 136.4s, 878.7s to go
on time step 215 (time=2.15), 0.461285 s/step
Meep progress: 2.25/16.0 = 14.1% done in 141.1s, 862.1s to go
on time step 225 (time=2.25), 0.466134 s/step
Meep progress: 2.35/16.0 = 14.7% done in 145.7s, 846.4s to go
on time step 235 (time=2.35), 0.464836 s/step
Meep progress: 2.45/16.0 = 15.3% done in 150.4s, 831.8s to go
on time step 245 (time=2.45), 0.468807 s/step
Meep progress: 2.5500000000000003/16.0 = 15.9% done in 155.1s, 818.1s to go
on time step 255 (time=2.55), 0.468854 s/step
Meep progress: 2.65/16.0 = 16.6% done in 159.7s, 804.7s to go
on time step 265 (time=2.65), 0.463353 s/step
Meep progress: 2.75/16.0 = 17.2% done in 164.4s, 792.1s to go
on time step 275 (time=2.75), 0.466485 s/step
Meep progress: 2.85/16.0 = 17.8% done in 169.1s, 780.1s to go
on time step 285 (time=2.85), 0.466613 s/step
Meep progress: 2.95/16.0 = 18.4% done in 173.8s, 768.7s to go
on time step 295 (time=2.95), 0.471672 s/step
Meep progress: 3.0500000000000003/16.0 = 19.1% done in 178.4s, 757.7s to go
on time step 305 (time=3.05), 0.467069 s/step
Meep progress: 3.15/16.0 = 19.7% done in 183.2s, 747.3s to go
on time step 315 (time=3.15), 0.474102 s/step
Meep progress: 3.25/16.0 = 20.3% done in 187.9s, 737.0s to go
on time step 325 (time=3.25), 0.467898 s/step
Meep progress: 3.35/16.0 = 20.9% done in 192.6s, 727.1s to go
on time step 335 (time=3.35), 0.470056 s/step
Meep progress: 3.45/16.0 = 21.6% done in 197.2s, 717.4s to go
on time step 345 (time=3.45), 0.462404 s/step
Meep progress: 3.5500000000000003/16.0 = 22.2% done in 201.8s, 707.9s to go
on time step 355 (time=3.55), 0.463865 s/step
Meep progress: 3.65/16.0 = 22.8% done in 206.6s, 698.9s to go
on time step 365 (time=3.65), 0.471679 s/step
Meep progress: 3.74/16.0 = 23.4% done in 210.9s, 691.3s to go
on time step 374 (time=3.74), 0.48254 s/step
Meep progress: 3.8200000000000003/16.0 = 23.9% done in 215.0s, 685.4s to go
on time step 382 (time=3.82), 0.510169 s/step
Meep progress: 3.91/16.0 = 24.4% done in 219.3s, 678.0s to go
on time step 391 (time=3.91), 0.477275 s/step
Meep progress: 4.0/16.0 = 25.0% done in 223.5s, 670.6s to go
on time step 400 (time=4), 0.470787 s/step
Meep progress: 4.1/16.0 = 25.6% done in 228.2s, 662.4s to go
on time step 410 (time=4.1), 0.470101 s/step
Meep progress: 4.2/16.0 = 26.2% done in 232.8s, 654.2s to go
on time step 420 (time=4.2), 0.461895 s/step
Meep progress: 4.3/16.0 = 26.9% done in 237.4s, 646.1s to go
on time step 430 (time=4.3), 0.460952 s/step
Meep progress: 4.4/16.0 = 27.5% done in 242.1s, 638.2s to go
on time step 440 (time=4.4), 0.463949 s/step
Meep progress: 4.5/16.0 = 28.1% done in 246.7s, 630.6s to go
on time step 450 (time=4.5), 0.466115 s/step
Meep progress: 4.6000000000000005/16.0 = 28.8% done in 251.4s, 623.1s to go
on time step 460 (time=4.6), 0.468434 s/step
Meep progress: 4.7/16.0 = 29.4% done in 256.1s, 615.7s to go
on time step 470 (time=4.7), 0.464911 s/step
Meep progress: 4.8/16.0 = 30.0% done in 260.8s, 608.5s to go
on time step 480 (time=4.8), 0.469284 s/step
Meep progress: 4.9/16.0 = 30.6% done in 265.4s, 601.2s to go
on time step 490 (time=4.9), 0.461628 s/step
Meep progress: 5.0/16.0 = 31.2% done in 270.1s, 594.1s to go
on time step 500 (time=5), 0.467229 s/step
Meep progress: 5.1000000000000005/16.0 = 31.9% done in 274.7s, 587.1s to go
on time step 510 (time=5.1), 0.463985 s/step
Meep progress: 5.2/16.0 = 32.5% done in 279.4s, 580.3s to go
on time step 520 (time=5.2), 0.468775 s/step
Meep progress: 5.3/16.0 = 33.1% done in 284.1s, 573.5s to go
on time step 530 (time=5.3), 0.467108 s/step
Meep progress: 5.4/16.0 = 33.8% done in 288.7s, 566.8s to go
on time step 540 (time=5.4), 0.467948 s/step
Meep progress: 5.5/16.0 = 34.4% done in 293.4s, 560.2s to go
on time step 550 (time=5.5), 0.468483 s/step
Meep progress: 5.6000000000000005/16.0 = 35.0% done in 298.1s, 553.5s to go
on time step 560 (time=5.6), 0.463623 s/step
Meep progress: 5.7/16.0 = 35.6% done in 302.8s, 547.1s to go
on time step 570 (time=5.7), 0.471198 s/step
Meep progress: 5.8/16.0 = 36.2% done in 307.4s, 540.6s to go
on time step 580 (time=5.8), 0.463001 s/step
Meep progress: 5.9/16.0 = 36.9% done in 312.1s, 534.2s to go
on time step 590 (time=5.9), 0.466162 s/step
Meep progress: 6.0/16.0 = 37.5% done in 316.8s, 527.9s to go
on time step 600 (time=6), 0.470006 s/step
Meep progress: 6.1000000000000005/16.0 = 38.1% done in 321.5s, 521.8s to go
on time step 610 (time=6.1), 0.47413 s/step
Meep progress: 6.19/16.0 = 38.7% done in 325.5s, 515.9s to go
on time step 619 (time=6.19), 0.448909 s/step
Meep progress: 6.28/16.0 = 39.2% done in 329.9s, 510.6s to go
on time step 628 (time=6.28), 0.47901 s/step
Meep progress: 6.37/16.0 = 39.8% done in 334.1s, 505.1s to go
on time step 637 (time=6.37), 0.471302 s/step
Meep progress: 6.46/16.0 = 40.4% done in 338.3s, 499.6s to go
on time step 646 (time=6.46), 0.468319 s/step
Meep progress: 6.55/16.0 = 40.9% done in 342.5s, 494.1s to go
on time step 655 (time=6.55), 0.464537 s/step
Meep progress: 6.65/16.0 = 41.6% done in 347.1s, 488.0s to go
on time step 665 (time=6.65), 0.461436 s/step
Meep progress: 6.75/16.0 = 42.2% done in 351.7s, 482.0s to go
on time step 675 (time=6.75), 0.462188 s/step
Meep progress: 6.8500000000000005/16.0 = 42.8% done in 356.3s, 476.0s to go
on time step 685 (time=6.85), 0.459181 s/step
Meep progress: 6.95/16.0 = 43.4% done in 360.9s, 470.0s to go
on time step 695 (time=6.95), 0.460122 s/step
Meep progress: 7.05/16.0 = 44.1% done in 365.5s, 464.1s to go
on time step 705 (time=7.05), 0.46132 s/step
Meep progress: 7.15/16.0 = 44.7% done in 370.1s, 458.1s to go
on time step 715 (time=7.15), 0.4596 s/step
Meep progress: 7.25/16.0 = 45.3% done in 374.7s, 452.3s to go
on time step 725 (time=7.25), 0.460291 s/step
Meep progress: 7.3500000000000005/16.0 = 45.9% done in 379.3s, 446.4s to go
on time step 735 (time=7.35), 0.458479 s/step
Meep progress: 7.45/16.0 = 46.6% done in 383.9s, 440.6s to go
on time step 745 (time=7.45), 0.461028 s/step
Meep progress: 7.55/16.0 = 47.2% done in 388.5s, 434.9s to go
on time step 755 (time=7.55), 0.460362 s/step
Meep progress: 7.65/16.0 = 47.8% done in 393.2s, 429.1s to go
on time step 765 (time=7.65), 0.461098 s/step
Meep progress: 7.75/16.0 = 48.4% done in 397.8s, 423.4s to go
on time step 775 (time=7.75), 0.459844 s/step
Meep progress: 7.8500000000000005/16.0 = 49.1% done in 402.3s, 417.7s to go
on time step 785 (time=7.85), 0.459149 s/step
Meep progress: 7.95/16.0 = 49.7% done in 406.9s, 412.1s to go
on time step 795 (time=7.95), 0.460095 s/step
Meep progress: 8.05/16.0 = 50.3% done in 411.5s, 406.4s to go
on time step 805 (time=8.05), 0.458962 s/step
Meep progress: 8.15/16.0 = 50.9% done in 416.1s, 400.8s to go
on time step 815 (time=8.15), 0.460084 s/step
Meep progress: 8.25/16.0 = 51.6% done in 420.7s, 395.2s to go
on time step 825 (time=8.25), 0.459106 s/step
Meep progress: 8.35/16.0 = 52.2% done in 425.3s, 389.7s to go
on time step 835 (time=8.35), 0.459105 s/step
Meep progress: 8.45/16.0 = 52.8% done in 429.9s, 384.1s to go
on time step 845 (time=8.45), 0.462132 s/step
Meep progress: 8.55/16.0 = 53.4% done in 434.6s, 378.6s to go
on time step 855 (time=8.55), 0.461032 s/step
Meep progress: 8.65/16.0 = 54.1% done in 439.2s, 373.2s to go
on time step 865 (time=8.65), 0.460702 s/step
Meep progress: 8.75/16.0 = 54.7% done in 443.7s, 367.7s to go
on time step 875 (time=8.75), 0.459226 s/step
Meep progress: 8.85/16.0 = 55.3% done in 448.4s, 362.2s to go
on time step 885 (time=8.85), 0.461522 s/step
Meep progress: 8.950000000000001/16.0 = 55.9% done in 453.0s, 356.8s to go
on time step 895 (time=8.95), 0.461869 s/step
Meep progress: 9.05/16.0 = 56.6% done in 457.6s, 351.4s to go
on time step 905 (time=9.05), 0.457983 s/step
Meep progress: 9.15/16.0 = 57.2% done in 462.2s, 346.0s to go
on time step 915 (time=9.15), 0.461663 s/step
Meep progress: 9.25/16.0 = 57.8% done in 466.8s, 340.6s to go
on time step 925 (time=9.25), 0.459494 s/step
Meep progress: 9.35/16.0 = 58.4% done in 471.4s, 335.3s to go
on time step 935 (time=9.35), 0.461607 s/step
Meep progress: 9.450000000000001/16.0 = 59.1% done in 476.0s, 329.9s to go
on time step 945 (time=9.45), 0.460607 s/step
Meep progress: 9.55/16.0 = 59.7% done in 480.6s, 324.6s to go
on time step 955 (time=9.55), 0.46638 s/step
Meep progress: 9.65/16.0 = 60.3% done in 485.2s, 319.3s to go
on time step 965 (time=9.65), 0.451842 s/step
Meep progress: 9.75/16.0 = 60.9% done in 489.8s, 314.0s to go
on time step 975 (time=9.75), 0.459124 s/step
Meep progress: 9.85/16.0 = 61.6% done in 494.4s, 308.7s to go
on time step 985 (time=9.85), 0.459075 s/step
Meep progress: 9.950000000000001/16.0 = 62.2% done in 499.0s, 303.4s to go
on time step 995 (time=9.95), 0.459242 s/step
Meep progress: 10.05/16.0 = 62.8% done in 503.5s, 298.1s to go
on time step 1005 (time=10.05), 0.4593 s/step
Meep progress: 10.15/16.0 = 63.4% done in 508.2s, 292.9s to go
on time step 1015 (time=10.15), 0.46222 s/step
Meep progress: 10.25/16.0 = 64.1% done in 512.8s, 287.7s to go
on time step 1025 (time=10.25), 0.459699 s/step
Meep progress: 10.35/16.0 = 64.7% done in 517.4s, 282.4s to go
on time step 1035 (time=10.35), 0.458943 s/step
Meep progress: 10.450000000000001/16.0 = 65.3% done in 522.0s, 277.2s to go
on time step 1045 (time=10.45), 0.459452 s/step
Meep progress: 10.55/16.0 = 65.9% done in 526.6s, 272.0s to go
on time step 1055 (time=10.55), 0.459708 s/step
Meep progress: 10.65/16.0 = 66.6% done in 531.2s, 266.8s to go
on time step 1065 (time=10.65), 0.460474 s/step
Meep progress: 10.75/16.0 = 67.2% done in 535.8s, 261.6s to go
on time step 1075 (time=10.75), 0.459482 s/step
Meep progress: 10.85/16.0 = 67.8% done in 540.3s, 256.5s to go
on time step 1085 (time=10.85), 0.459335 s/step
Meep progress: 10.950000000000001/16.0 = 68.4% done in 544.9s, 251.3s to go
on time step 1095 (time=10.95), 0.459704 s/step
Meep progress: 11.05/16.0 = 69.1% done in 549.5s, 246.2s to go
on time step 1105 (time=11.05), 0.459374 s/step
Meep progress: 11.15/16.0 = 69.7% done in 554.1s, 241.0s to go
on time step 1115 (time=11.15), 0.459858 s/step
Meep progress: 11.25/16.0 = 70.3% done in 558.7s, 235.9s to go
on time step 1125 (time=11.25), 0.458371 s/step
Meep progress: 11.35/16.0 = 70.9% done in 563.3s, 230.8s to go
on time step 1135 (time=11.35), 0.459833 s/step
Meep progress: 11.450000000000001/16.0 = 71.6% done in 567.9s, 225.7s to go
on time step 1145 (time=11.45), 0.459387 s/step
Meep progress: 11.55/16.0 = 72.2% done in 572.5s, 220.6s to go
on time step 1155 (time=11.55), 0.463306 s/step
Meep progress: 11.65/16.0 = 72.8% done in 577.1s, 215.5s to go
on time step 1165 (time=11.65), 0.458576 s/step
Meep progress: 11.75/16.0 = 73.4% done in 581.7s, 210.4s to go
on time step 1175 (time=11.75), 0.460152 s/step
Meep progress: 11.85/16.0 = 74.1% done in 586.3s, 205.3s to go
on time step 1185 (time=11.85), 0.459093 s/step
Meep progress: 11.950000000000001/16.0 = 74.7% done in 591.0s, 200.3s to go
on time step 1195 (time=11.95), 0.46523 s/step
Meep progress: 12.05/16.0 = 75.3% done in 595.5s, 195.2s to go
on time step 1205 (time=12.05), 0.456317 s/step
Meep progress: 12.15/16.0 = 75.9% done in 600.1s, 190.2s to go
on time step 1215 (time=12.15), 0.460027 s/step
Meep progress: 12.25/16.0 = 76.6% done in 604.7s, 185.1s to go
on time step 1225 (time=12.25), 0.460245 s/step
Meep progress: 12.35/16.0 = 77.2% done in 609.4s, 180.1s to go
on time step 1235 (time=12.35), 0.462465 s/step
Meep progress: 12.450000000000001/16.0 = 77.8% done in 614.0s, 175.1s to go
on time step 1245 (time=12.45), 0.46031 s/step
Meep progress: 12.55/16.0 = 78.4% done in 618.6s, 170.1s to go
on time step 1255 (time=12.55), 0.461921 s/step
Meep progress: 12.65/16.0 = 79.1% done in 623.2s, 165.0s to go
on time step 1265 (time=12.65), 0.461867 s/step
Meep progress: 12.75/16.0 = 79.7% done in 627.8s, 160.0s to go
on time step 1275 (time=12.75), 0.460628 s/step
Meep progress: 12.85/16.0 = 80.3% done in 632.6s, 155.1s to go
on time step 1285 (time=12.85), 0.474345 s/step
Meep progress: 12.950000000000001/16.0 = 80.9% done in 637.2s, 150.1s to go
on time step 1295 (time=12.95), 0.46443 s/step
Meep progress: 13.05/16.0 = 81.6% done in 641.8s, 145.1s to go
on time step 1305 (time=13.05), 0.459977 s/step
Meep progress: 13.15/16.0 = 82.2% done in 646.4s, 140.1s to go
on time step 1315 (time=13.15), 0.45956 s/step
Meep progress: 13.25/16.0 = 82.8% done in 651.1s, 135.1s to go
on time step 1325 (time=13.25), 0.467508 s/step
Meep progress: 13.35/16.0 = 83.4% done in 655.7s, 130.2s to go
on time step 1335 (time=13.35), 0.461055 s/step
Meep progress: 13.450000000000001/16.0 = 84.1% done in 660.3s, 125.2s to go
on time step 1345 (time=13.45), 0.458927 s/step
Meep progress: 13.55/16.0 = 84.7% done in 664.9s, 120.2s to go
on time step 1355 (time=13.55), 0.459813 s/step
Meep progress: 13.65/16.0 = 85.3% done in 669.5s, 115.3s to go
on time step 1365 (time=13.65), 0.461403 s/step
Meep progress: 13.75/16.0 = 85.9% done in 674.1s, 110.3s to go
on time step 1375 (time=13.75), 0.460427 s/step
Meep progress: 13.85/16.0 = 86.6% done in 678.8s, 105.4s to go
on time step 1385 (time=13.85), 0.471421 s/step
Meep progress: 13.950000000000001/16.0 = 87.2% done in 683.4s, 100.4s to go
on time step 1395 (time=13.95), 0.460695 s/step
Meep progress: 14.05/16.0 = 87.8% done in 688.1s, 95.5s to go
on time step 1405 (time=14.05), 0.470412 s/step
Meep progress: 14.15/16.0 = 88.4% done in 692.6s, 90.6s to go
on time step 1415 (time=14.15), 0.45213 s/step
Meep progress: 14.25/16.0 = 89.1% done in 697.2s, 85.6s to go
on time step 1425 (time=14.25), 0.459109 s/step
Meep progress: 14.35/16.0 = 89.7% done in 701.8s, 80.7s to go
on time step 1435 (time=14.35), 0.459897 s/step
Meep progress: 14.450000000000001/16.0 = 90.3% done in 706.4s, 75.8s to go
on time step 1445 (time=14.45), 0.459708 s/step
Meep progress: 14.55/16.0 = 90.9% done in 711.0s, 70.9s to go
on time step 1455 (time=14.55), 0.462601 s/step
Meep progress: 14.65/16.0 = 91.6% done in 715.7s, 65.9s to go
on time step 1465 (time=14.65), 0.460169 s/step
Meep progress: 14.75/16.0 = 92.2% done in 720.2s, 61.0s to go
on time step 1475 (time=14.75), 0.45916 s/step
Meep progress: 14.85/16.0 = 92.8% done in 724.8s, 56.1s to go
on time step 1485 (time=14.85), 0.460399 s/step
Meep progress: 14.950000000000001/16.0 = 93.4% done in 729.4s, 51.2s to go
on time step 1495 (time=14.95), 0.459998 s/step
Meep progress: 15.05/16.0 = 94.1% done in 734.0s, 46.3s to go
on time step 1505 (time=15.05), 0.459994 s/step
Meep progress: 15.15/16.0 = 94.7% done in 738.6s, 41.4s to go
on time step 1515 (time=15.15), 0.459355 s/step
Meep progress: 15.25/16.0 = 95.3% done in 743.3s, 36.6s to go
on time step 1525 (time=15.25), 0.466189 s/step
Meep progress: 15.35/16.0 = 95.9% done in 747.9s, 31.7s to go
on time step 1535 (time=15.35), 0.461767 s/step
Meep progress: 15.450000000000001/16.0 = 96.6% done in 752.5s, 26.8s to go
on time step 1545 (time=15.45), 0.460382 s/step
Meep progress: 15.55/16.0 = 97.2% done in 757.1s, 21.9s to go
on time step 1555 (time=15.55), 0.459723 s/step
Meep progress: 15.65/16.0 = 97.8% done in 761.7s, 17.0s to go
on time step 1565 (time=15.65), 0.46185 s/step
Meep progress: 15.75/16.0 = 98.4% done in 766.3s, 12.2s to go
on time step 1575 (time=15.75), 0.459079 s/step
Meep progress: 15.85/16.0 = 99.1% done in 771.0s, 7.3s to go
on time step 1585 (time=15.85), 0.468709 s/step
Meep progress: 15.950000000000001/16.0 = 99.7% done in 775.6s, 2.4s to go
on time step 1595 (time=15.95), 0.459774 s/step
run 0 finished at t = 16.0 (1600 timesteps)


**********


Flux: 11.20196660020211
Icon theme "gnome" not found.
Saved Sim10b_Eps_A.png
Saved Sim10b_Ez_A.png
Saved Sim10b_Pwr0_A.png
Saved Sim10b_Pwr1_A.png
Icon theme "gnome" not found.
Icon theme "gnome" not found.
Icon theme "gnome" not found.
Icon theme "gnome" not found.
Icon theme "gnome" not found.
Icon theme "gnome" not found.
Icon theme "gnome" not found.
Icon theme "gnome" not found.
Icon theme "gnome" not found.
Icon theme "gnome" not found.
Icon theme "gnome" not found.
Icon theme "gnome" not found.
Icon theme "gnome" not found.
Saved Sim10b_Pwr2_A.png
Saved Sim10b_Ez_CS_A.png


**********


-----------
Initializing structure...
Halving computational cell along direction z
Splitting into 12 chunks evenly
time for choose_chunkdivision = 0.0469025 s
Working in 3D dimensions.
Computational cell is 8 x 8 x 8 with resolution 50
     cylinder, center = (0,0,0)
          radius 0.75, height 1e+20, axis (1, 0, 0)
          dielectric constant epsilon diagonal = (1.42,1.42,1.42)
     cylinder, center = (0.05,0,0)
          radius 0.54, height 5.9, axis (1, 0, 0)
          dielectric constant epsilon diagonal = (1.4606,1.4606,1.4606)
     cylinder, center = (0,0,0)
          radius 0.5, height 1e+20, axis (1, 0, 0)
          dielectric constant epsilon diagonal = (1.444,1.444,1.444)
time for set_epsilon = 1.01498 s
time for set_conductivity = 0.085723 s
time for set_conductivity = 0.0859757 s
time for set_conductivity = 0.0861043 s
-----------
    iteration   13: trace = 0.5060200225380742 (0.000566135% change)
MPB solved for omega_1(0.775268,0,0) = 0.71135 after 23 iters
    iteration   13: trace = 0.4159315894189348 (3.98211e-10% change)
MPB solved for omega_1(0.693995,0,0) = 0.644928 after 15 iters
MPB solved for omega_1(0.69428,0,0) = 0.645161 after 9 iters
MPB solved for omega_1(0.69428,0,0) = 0.645161 after 1 iters
creating output file "./main-eps-000000.00.h5"...
creating output file "./main-pwr.h5"...
Meep progress: 0.01/16.0 = 0.1% done in 37.1s, 59377.7s to go
on time step 1 (time=0.01), 33.9234 s/step
Meep progress: 0.1/16.0 = 0.6% done in 41.4s, 6581.0s to go
on time step 10 (time=0.1), 0.472358 s/step
Meep progress: 0.2/16.0 = 1.2% done in 46.0s, 3636.3s to go
on time step 20 (time=0.2), 0.463831 s/step
Meep progress: 0.3/16.0 = 1.9% done in 50.7s, 2651.9s to go
on time step 30 (time=0.3), 0.464409 s/step
Meep progress: 0.39/16.0 = 2.4% done in 54.9s, 2195.9s to go
on time step 39 (time=0.39), 0.46543 s/step
Meep progress: 0.48/16.0 = 3.0% done in 59.2s, 1914.4s to go
on time step 48 (time=0.48), 0.483106 s/step
Meep progress: 0.5700000000000001/16.0 = 3.6% done in 63.6s, 1721.0s to go
on time step 57 (time=0.57), 0.485026 s/step
Meep progress: 0.66/16.0 = 4.1% done in 67.9s, 1578.6s to go
on time step 66 (time=0.66), 0.482535 s/step
Meep progress: 0.75/16.0 = 4.7% done in 72.3s, 1469.3s to go
on time step 75 (time=0.75), 0.482349 s/step
Meep progress: 0.84/16.0 = 5.2% done in 76.3s, 1376.7s to go
on time step 84 (time=0.84), 0.446959 s/step
Meep progress: 0.93/16.0 = 5.8% done in 80.6s, 1306.4s to go
on time step 93 (time=0.93), 0.481789 s/step
Meep progress: 1.02/16.0 = 6.4% done in 85.0s, 1247.7s to go
on time step 102 (time=1.02), 0.48213 s/step
Meep progress: 1.1/16.0 = 6.9% done in 89.0s, 1205.5s to go
on time step 110 (time=1.1), 0.504444 s/step
Meep progress: 1.2/16.0 = 7.5% done in 93.6s, 1154.6s to go
on time step 120 (time=1.2), 0.461759 s/step
Meep progress: 1.3/16.0 = 8.1% done in 98.3s, 1111.0s to go
on time step 130 (time=1.3), 0.464162 s/step
Meep progress: 1.4000000000000001/16.0 = 8.8% done in 102.9s, 1073.0s to go
on time step 140 (time=1.4), 0.463514 s/step
Meep progress: 1.5/16.0 = 9.4% done in 107.6s, 1039.7s to go
on time step 150 (time=1.5), 0.46639 s/step
Meep progress: 1.6/16.0 = 10.0% done in 112.2s, 1009.6s to go
on time step 160 (time=1.6), 0.462207 s/step
Meep progress: 1.7/16.0 = 10.6% done in 116.8s, 982.8s to go
on time step 170 (time=1.7), 0.46625 s/step
Meep progress: 1.8/16.0 = 11.2% done in 121.5s, 958.3s to go
on time step 180 (time=1.8), 0.463717 s/step
Meep progress: 1.9000000000000001/16.0 = 11.9% done in 126.2s, 936.3s to go
on time step 190 (time=1.9), 0.469067 s/step
Meep progress: 2.0/16.0 = 12.5% done in 130.8s, 915.6s to go
on time step 200 (time=2), 0.46329 s/step
Meep progress: 2.1/16.0 = 13.1% done in 135.4s, 896.4s to go
on time step 210 (time=2.1), 0.462589 s/step
Meep progress: 2.2/16.0 = 13.8% done in 140.1s, 878.5s to go
on time step 220 (time=2.2), 0.462711 s/step
Meep progress: 2.3000000000000003/16.0 = 14.4% done in 144.7s, 861.9s to go
on time step 230 (time=2.3), 0.464268 s/step
Meep progress: 2.4/16.0 = 15.0% done in 149.3s, 846.0s to go
on time step 240 (time=2.4), 0.45994 s/step
Meep progress: 2.5/16.0 = 15.6% done in 153.9s, 831.2s to go
on time step 250 (time=2.5), 0.462093 s/step
Meep progress: 2.6/16.0 = 16.2% done in 158.6s, 817.6s to go
on time step 260 (time=2.6), 0.472007 s/step
Meep progress: 2.7/16.0 = 16.9% done in 163.3s, 804.2s to go
on time step 270 (time=2.7), 0.462495 s/step
Meep progress: 2.8000000000000003/16.0 = 17.5% done in 167.9s, 791.6s to go
on time step 280 (time=2.8), 0.46474 s/step
Meep progress: 2.9/16.0 = 18.1% done in 172.5s, 779.4s to go
on time step 290 (time=2.9), 0.462465 s/step
Meep progress: 3.0/16.0 = 18.8% done in 177.2s, 767.7s to go
on time step 300 (time=3), 0.463606 s/step
Meep progress: 3.1/16.0 = 19.4% done in 181.8s, 756.6s to go
on time step 310 (time=3.1), 0.463723 s/step
Meep progress: 3.2/16.0 = 20.0% done in 186.4s, 745.7s to go
on time step 320 (time=3.2), 0.462837 s/step
Meep progress: 3.3000000000000003/16.0 = 20.6% done in 191.1s, 735.6s to go
on time step 330 (time=3.3), 0.471289 s/step
Meep progress: 3.4/16.0 = 21.2% done in 195.7s, 725.2s to go
on time step 340 (time=3.4), 0.453848 s/step
Meep progress: 3.5/16.0 = 21.9% done in 200.3s, 715.5s to go
on time step 350 (time=3.5), 0.464143 s/step
Meep progress: 3.6/16.0 = 22.5% done in 205.0s, 706.0s to go
on time step 360 (time=3.6), 0.463259 s/step
Meep progress: 3.7/16.0 = 23.1% done in 209.6s, 696.7s to go
on time step 370 (time=3.7), 0.462848 s/step
Meep progress: 3.8000000000000003/16.0 = 23.8% done in 214.2s, 687.7s to go
on time step 380 (time=3.8), 0.46256 s/step
Meep progress: 3.9/16.0 = 24.4% done in 218.9s, 679.2s to go
on time step 390 (time=3.9), 0.471426 s/step
Meep progress: 4.0/16.0 = 25.0% done in 223.5s, 670.4s to go
on time step 400 (time=4), 0.451899 s/step
Meep progress: 4.1/16.0 = 25.6% done in 228.1s, 662.1s to go
on time step 410 (time=4.1), 0.465005 s/step
Meep progress: 4.2/16.0 = 26.2% done in 232.7s, 653.9s to go
on time step 420 (time=4.2), 0.462406 s/step
Meep progress: 4.3/16.0 = 26.9% done in 237.4s, 645.9s to go
on time step 430 (time=4.3), 0.463142 s/step
Meep progress: 4.4/16.0 = 27.5% done in 242.0s, 638.0s to go
on time step 440 (time=4.4), 0.46229 s/step
Meep progress: 4.5/16.0 = 28.1% done in 246.6s, 630.3s to go
on time step 450 (time=4.5), 0.462177 s/step
Meep progress: 4.6000000000000005/16.0 = 28.8% done in 251.3s, 622.7s to go
on time step 460 (time=4.6), 0.463323 s/step
Meep progress: 4.7/16.0 = 29.4% done in 255.9s, 615.2s to go
on time step 470 (time=4.7), 0.462759 s/step
Meep progress: 4.8/16.0 = 30.0% done in 260.5s, 607.9s to go
on time step 480 (time=4.8), 0.463561 s/step
Meep progress: 4.9/16.0 = 30.6% done in 265.1s, 600.6s to go
on time step 490 (time=4.9), 0.461126 s/step
Meep progress: 5.0/16.0 = 31.2% done in 269.9s, 593.8s to go
on time step 500 (time=5), 0.477726 s/step
Meep progress: 5.1000000000000005/16.0 = 31.9% done in 274.5s, 586.6s to go
on time step 510 (time=5.1), 0.455686 s/step
Meep progress: 5.2/16.0 = 32.5% done in 279.1s, 579.7s to go
on time step 520 (time=5.2), 0.463897 s/step
Meep progress: 5.3/16.0 = 33.1% done in 283.8s, 572.9s to go
on time step 530 (time=5.3), 0.465312 s/step
Meep progress: 5.4/16.0 = 33.8% done in 288.4s, 566.1s to go
on time step 540 (time=5.4), 0.462701 s/step
Meep progress: 5.5/16.0 = 34.4% done in 293.0s, 559.4s to go
on time step 550 (time=5.5), 0.462837 s/step
Meep progress: 5.6000000000000005/16.0 = 35.0% done in 297.6s, 552.7s to go
on time step 560 (time=5.6), 0.460841 s/step
Meep progress: 5.7/16.0 = 35.6% done in 302.3s, 546.3s to go
on time step 570 (time=5.7), 0.471163 s/step
Meep progress: 5.8/16.0 = 36.2% done in 306.9s, 539.7s to go
on time step 580 (time=5.8), 0.454474 s/step
Meep progress: 5.9/16.0 = 36.9% done in 311.5s, 533.3s to go
on time step 590 (time=5.9), 0.463357 s/step
Meep progress: 6.0/16.0 = 37.5% done in 316.1s, 526.9s to go
on time step 600 (time=6), 0.462499 s/step
Meep progress: 6.1000000000000005/16.0 = 38.1% done in 320.8s, 520.6s to go
on time step 610 (time=6.1), 0.462272 s/step
Meep progress: 6.2/16.0 = 38.8% done in 325.4s, 514.3s to go
on time step 620 (time=6.2), 0.463194 s/step
Meep progress: 6.3/16.0 = 39.4% done in 330.0s, 508.1s to go
on time step 630 (time=6.3), 0.462698 s/step
Meep progress: 6.4/16.0 = 40.0% done in 334.6s, 502.0s to go
on time step 640 (time=6.4), 0.462983 s/step
Meep progress: 6.5/16.0 = 40.6% done in 339.3s, 495.9s to go
on time step 650 (time=6.5), 0.462075 s/step
Meep progress: 6.6000000000000005/16.0 = 41.2% done in 343.9s, 489.8s to go
on time step 660 (time=6.6), 0.463423 s/step
Meep progress: 6.7/16.0 = 41.9% done in 348.5s, 483.8s to go
on time step 670 (time=6.7), 0.463186 s/step
Meep progress: 6.8/16.0 = 42.5% done in 353.2s, 477.8s to go
on time step 680 (time=6.8), 0.463466 s/step
Meep progress: 6.9/16.0 = 43.1% done in 357.8s, 471.9s to go
on time step 690 (time=6.9), 0.462377 s/step
Meep progress: 7.0/16.0 = 43.8% done in 362.4s, 466.0s to go
on time step 700 (time=7), 0.462894 s/step
Meep progress: 7.1000000000000005/16.0 = 44.4% done in 367.0s, 460.1s to go
on time step 710 (time=7.1), 0.461652 s/step
Meep progress: 7.2/16.0 = 45.0% done in 371.7s, 454.3s to go
on time step 720 (time=7.2), 0.46404 s/step
Meep progress: 7.3/16.0 = 45.6% done in 376.3s, 448.5s to go
on time step 730 (time=7.3), 0.462223 s/step
Meep progress: 7.4/16.0 = 46.2% done in 380.9s, 442.7s to go
on time step 740 (time=7.4), 0.463357 s/step
Meep progress: 7.5/16.0 = 46.9% done in 385.6s, 437.0s to go
on time step 750 (time=7.5), 0.463763 s/step
Meep progress: 7.6000000000000005/16.0 = 47.5% done in 390.2s, 431.3s to go
on time step 760 (time=7.6), 0.463025 s/step
Meep progress: 7.7/16.0 = 48.1% done in 394.8s, 425.6s to go
on time step 770 (time=7.7), 0.462716 s/step
Meep progress: 7.8/16.0 = 48.8% done in 399.5s, 420.0s to go
on time step 780 (time=7.8), 0.464254 s/step
Meep progress: 7.9/16.0 = 49.4% done in 404.1s, 414.3s to go
on time step 790 (time=7.9), 0.463588 s/step
Meep progress: 8.0/16.0 = 50.0% done in 408.7s, 408.7s to go
on time step 800 (time=8), 0.462987 s/step
Meep progress: 8.1/16.0 = 50.6% done in 413.4s, 403.2s to go
on time step 810 (time=8.1), 0.462733 s/step
Meep progress: 8.2/16.0 = 51.2% done in 418.0s, 397.6s to go
on time step 820 (time=8.2), 0.463166 s/step
Meep progress: 8.3/16.0 = 51.9% done in 422.6s, 392.1s to go
on time step 830 (time=8.3), 0.462817 s/step
Meep progress: 8.4/16.0 = 52.5% done in 427.3s, 386.6s to go
on time step 840 (time=8.4), 0.467007 s/step
Meep progress: 8.5/16.0 = 53.1% done in 431.9s, 381.1s to go
on time step 850 (time=8.5), 0.458464 s/step
Meep progress: 8.6/16.0 = 53.8% done in 436.5s, 375.6s to go
on time step 860 (time=8.6), 0.461915 s/step
Meep progress: 8.700000000000001/16.0 = 54.4% done in 441.1s, 370.1s to go
on time step 870 (time=8.7), 0.462647 s/step
Meep progress: 8.8/16.0 = 55.0% done in 445.8s, 364.7s to go
on time step 880 (time=8.8), 0.463608 s/step
Meep progress: 8.9/16.0 = 55.6% done in 450.4s, 359.3s to go
on time step 890 (time=8.9), 0.461175 s/step
Meep progress: 9.0/16.0 = 56.2% done in 455.0s, 353.9s to go
on time step 900 (time=9), 0.463085 s/step
Meep progress: 9.1/16.0 = 56.9% done in 459.7s, 348.6s to go
on time step 910 (time=9.1), 0.470702 s/step
Meep progress: 9.200000000000001/16.0 = 57.5% done in 464.3s, 343.2s to go
on time step 920 (time=9.2), 0.4556 s/step
Meep progress: 9.3/16.0 = 58.1% done in 468.9s, 337.8s to go
on time step 930 (time=9.3), 0.462485 s/step
Meep progress: 9.4/16.0 = 58.8% done in 473.5s, 332.5s to go
on time step 940 (time=9.4), 0.462485 s/step
Meep progress: 9.5/16.0 = 59.4% done in 478.1s, 327.1s to go
on time step 950 (time=9.5), 0.461911 s/step
Meep progress: 9.6/16.0 = 60.0% done in 482.8s, 321.8s to go
on time step 960 (time=9.6), 0.463223 s/step
Meep progress: 9.700000000000001/16.0 = 60.6% done in 487.4s, 316.6s to go
on time step 970 (time=9.7), 0.462113 s/step
Meep progress: 9.8/16.0 = 61.2% done in 492.1s, 311.3s to go
on time step 980 (time=9.8), 0.470922 s/step
Meep progress: 9.9/16.0 = 61.9% done in 496.6s, 306.0s to go
on time step 990 (time=9.9), 0.454064 s/step
Meep progress: 10.0/16.0 = 62.5% done in 501.3s, 300.8s to go
on time step 1000 (time=10), 0.461873 s/step
Meep progress: 10.1/16.0 = 63.1% done in 505.9s, 295.5s to go
on time step 1010 (time=10.1), 0.463378 s/step
Meep progress: 10.200000000000001/16.0 = 63.8% done in 510.5s, 290.3s to go
on time step 1020 (time=10.2), 0.46152 s/step
Meep progress: 10.3/16.0 = 64.4% done in 515.1s, 285.1s to go
on time step 1030 (time=10.3), 0.463033 s/step
Meep progress: 10.4/16.0 = 65.0% done in 519.8s, 279.9s to go
on time step 1040 (time=10.4), 0.461692 s/step
Meep progress: 10.5/16.0 = 65.6% done in 524.4s, 274.7s to go
on time step 1050 (time=10.5), 0.463155 s/step
Meep progress: 10.6/16.0 = 66.2% done in 529.0s, 269.5s to go
on time step 1060 (time=10.6), 0.465452 s/step
Meep progress: 10.700000000000001/16.0 = 66.9% done in 533.7s, 264.3s to go
on time step 1070 (time=10.7), 0.464025 s/step
Meep progress: 10.8/16.0 = 67.5% done in 538.3s, 259.2s to go
on time step 1080 (time=10.8), 0.462474 s/step
Meep progress: 10.9/16.0 = 68.1% done in 542.9s, 254.0s to go
on time step 1090 (time=10.9), 0.463507 s/step
Meep progress: 11.0/16.0 = 68.8% done in 547.7s, 248.9s to go
on time step 1100 (time=11), 0.472553 s/step
Meep progress: 11.1/16.0 = 69.4% done in 552.2s, 243.8s to go
on time step 1110 (time=11.1), 0.453926 s/step
Meep progress: 11.200000000000001/16.0 = 70.0% done in 556.8s, 238.6s to go
on time step 1120 (time=11.2), 0.463656 s/step
Meep progress: 11.3/16.0 = 70.6% done in 561.5s, 233.5s to go
on time step 1130 (time=11.3), 0.464203 s/step
Meep progress: 11.4/16.0 = 71.2% done in 566.1s, 228.4s to go
on time step 1140 (time=11.4), 0.458898 s/step
Meep progress: 11.5/16.0 = 71.9% done in 570.7s, 223.3s to go
on time step 1150 (time=11.5), 0.46588 s/step
Meep progress: 11.6/16.0 = 72.5% done in 575.3s, 218.2s to go
on time step 1160 (time=11.6), 0.458259 s/step
Meep progress: 11.700000000000001/16.0 = 73.1% done in 579.9s, 213.1s to go
on time step 1170 (time=11.7), 0.462478 s/step
Meep progress: 11.8/16.0 = 73.8% done in 584.7s, 208.1s to go
on time step 1180 (time=11.8), 0.471089 s/step
Meep progress: 11.9/16.0 = 74.4% done in 589.3s, 203.0s to go
on time step 1190 (time=11.9), 0.463086 s/step
Meep progress: 12.0/16.0 = 75.0% done in 593.9s, 198.0s to go
on time step 1200 (time=12), 0.462808 s/step
Meep progress: 12.1/16.0 = 75.6% done in 598.5s, 192.9s to go
on time step 1210 (time=12.1), 0.462533 s/step
Meep progress: 12.200000000000001/16.0 = 76.2% done in 603.2s, 187.9s to go
on time step 1220 (time=12.2), 0.463573 s/step
Meep progress: 12.3/16.0 = 76.9% done in 607.8s, 182.8s to go
on time step 1230 (time=12.3), 0.462492 s/step
Meep progress: 12.4/16.0 = 77.5% done in 612.4s, 177.8s to go
on time step 1240 (time=12.4), 0.462569 s/step
Meep progress: 12.5/16.0 = 78.1% done in 617.1s, 172.8s to go
on time step 1250 (time=12.5), 0.46256 s/step
Meep progress: 12.6/16.0 = 78.8% done in 621.7s, 167.8s to go
on time step 1260 (time=12.6), 0.466218 s/step
Meep progress: 12.700000000000001/16.0 = 79.4% done in 626.3s, 162.7s to go
on time step 1270 (time=12.7), 0.458005 s/step
Meep progress: 12.8/16.0 = 80.0% done in 630.9s, 157.7s to go
on time step 1280 (time=12.8), 0.462574 s/step
Meep progress: 12.9/16.0 = 80.6% done in 635.6s, 152.7s to go
on time step 1290 (time=12.9), 0.463464 s/step
Meep progress: 13.0/16.0 = 81.2% done in 640.2s, 147.7s to go
on time step 1300 (time=13), 0.4624 s/step
Meep progress: 13.1/16.0 = 81.9% done in 644.8s, 142.7s to go
on time step 1310 (time=13.1), 0.463369 s/step
Meep progress: 13.200000000000001/16.0 = 82.5% done in 649.4s, 137.8s to go
on time step 1320 (time=13.2), 0.462273 s/step
Meep progress: 13.3/16.0 = 83.1% done in 654.1s, 132.8s to go
on time step 1330 (time=13.3), 0.463267 s/step
Meep progress: 13.4/16.0 = 83.8% done in 658.7s, 127.8s to go
on time step 1340 (time=13.4), 0.461348 s/step
Meep progress: 13.5/16.0 = 84.4% done in 663.3s, 122.8s to go
on time step 1350 (time=13.5), 0.462265 s/step
Meep progress: 13.6/16.0 = 85.0% done in 668.0s, 117.9s to go
on time step 1360 (time=13.6), 0.46413 s/step
Meep progress: 13.700000000000001/16.0 = 85.6% done in 672.6s, 112.9s to go
on time step 1370 (time=13.7), 0.463485 s/step
Meep progress: 13.8/16.0 = 86.2% done in 677.2s, 108.0s to go
on time step 1380 (time=13.8), 0.463199 s/step
Meep progress: 13.9/16.0 = 86.9% done in 681.8s, 103.0s to go
on time step 1390 (time=13.9), 0.462429 s/step
Meep progress: 14.0/16.0 = 87.5% done in 686.5s, 98.1s to go
on time step 1400 (time=14), 0.462989 s/step
Meep progress: 14.1/16.0 = 88.1% done in 691.1s, 93.1s to go
on time step 1410 (time=14.1), 0.461788 s/step
Meep progress: 14.200000000000001/16.0 = 88.8% done in 695.7s, 88.2s to go
on time step 1420 (time=14.2), 0.465383 s/step
Meep progress: 14.3/16.0 = 89.4% done in 700.4s, 83.3s to go
on time step 1430 (time=14.3), 0.461896 s/step
Meep progress: 14.4/16.0 = 90.0% done in 705.0s, 78.3s to go
on time step 1440 (time=14.4), 0.463207 s/step
Meep progress: 14.5/16.0 = 90.6% done in 709.6s, 73.4s to go
on time step 1450 (time=14.5), 0.463703 s/step
Meep progress: 14.6/16.0 = 91.2% done in 714.3s, 68.5s to go
on time step 1460 (time=14.6), 0.461868 s/step
Meep progress: 14.700000000000001/16.0 = 91.9% done in 718.9s, 63.6s to go
on time step 1470 (time=14.7), 0.462595 s/step
Meep progress: 14.8/16.0 = 92.5% done in 723.5s, 58.7s to go
on time step 1480 (time=14.8), 0.461674 s/step
Meep progress: 14.9/16.0 = 93.1% done in 728.1s, 53.8s to go
on time step 1490 (time=14.9), 0.463736 s/step
Meep progress: 15.0/16.0 = 93.8% done in 732.8s, 48.9s to go
on time step 1500 (time=15), 0.462353 s/step
Meep progress: 15.1/16.0 = 94.4% done in 737.4s, 43.9s to go
on time step 1510 (time=15.1), 0.462685 s/step
Meep progress: 15.200000000000001/16.0 = 95.0% done in 742.0s, 39.1s to go
on time step 1520 (time=15.2), 0.461881 s/step
Meep progress: 15.3/16.0 = 95.6% done in 746.6s, 34.2s to go
on time step 1530 (time=15.3), 0.462733 s/step
Meep progress: 15.4/16.0 = 96.2% done in 751.3s, 29.3s to go
on time step 1540 (time=15.4), 0.462329 s/step
Meep progress: 15.5/16.0 = 96.9% done in 755.9s, 24.4s to go
on time step 1550 (time=15.5), 0.462938 s/step
Meep progress: 15.6/16.0 = 97.5% done in 760.5s, 19.5s to go
on time step 1560 (time=15.6), 0.462163 s/step
Meep progress: 15.700000000000001/16.0 = 98.1% done in 765.1s, 14.6s to go
on time step 1570 (time=15.7), 0.463492 s/step
Meep progress: 15.8/16.0 = 98.8% done in 769.8s, 9.7s to go
on time step 1580 (time=15.8), 0.46246 s/step
Meep progress: 15.9/16.0 = 99.4% done in 774.4s, 4.9s to go
on time step 1590 (time=15.9), 0.465425 s/step
Meep progress: 16.0/16.0 = 100.0% done in 779.0s, 0.0s to go
run 0 finished at t = 16.0 (1600 timesteps)


**********


Flux: 2.908197663177493
Transmittance: 0.259615
Reflectance: -0.001160
Absorption: 0.7403850799622076 over 5.9 um
lambda = 0.004375050628994757 mm
Saved Sim10b_Eps_B.png
Saved Sim10b_Ez_B.png
Saved Sim10b_Pwr0_B.png
Saved Sim10b_Pwr1_B.png
Saved Sim10b_Pwr2_B.png
Saved Sim10b_Ez_CS_B.png


**********


Program finished.

Elapsed run time = 2109.5505 s
