Using MPI version 3.1, 12 processes
File prefix: Sim8a
Duration: 20
Resolution: 50
Dimensions: 10 um, 8 um, 8 um
Wavelength: 1.55 um
Fiber thickness: 1 um
Absorber dimensions: 7.8999999999999995 um, 0.04 um
Absorber center: 0.05 um, 0 um, 0 um
Absorber n: 1.4606, k: 7.55
Absorber compensation for thickness: 10


**********


-----------
Initializing structure...
Halving computational cell along direction z
Splitting into 12 chunks evenly
time for choose_chunkdivision = 0.0526535 s
Working in 3D dimensions.
Computational cell is 10 x 8 x 8 with resolution 50
     cylinder, center = (0,0,0)
          radius 0.5, height 1e+20, axis (1, 0, 0)
          dielectric constant epsilon diagonal = (1.444,1.444,1.444)
subpixel-averaging is 12.6708% done, 28.1042 s remaining
subpixel-averaging is 25.4298% done, 12.0251 s remaining
subpixel-averaging is 38.1887% done, 6.61779 s remaining
subpixel-averaging is 50.9476% done, 3.92221 s remaining
subpixel-averaging is 63.7065% done, 2.33383 s remaining
subpixel-averaging is 76.4654% done, 1.25718 s remaining
subpixel-averaging is 89.2243% done, 0.495632 s remaining
subpixel-averaging is 27.0695% done, 10.8753 s remaining
subpixel-averaging is 54.3272% done, 3.44187 s remaining
subpixel-averaging is 81.5849% done, 0.92787 s remaining
subpixel-averaging is 14.6067% done, 23.7425 s remaining
subpixel-averaging is 27.5416% done, 10.7825 s remaining
subpixel-averaging is 42.2363% done, 5.5711 s remaining
subpixel-averaging is 55.1712% done, 3.37276 s remaining
subpixel-averaging is 69.954% done, 1.82925 s remaining
subpixel-averaging is 82.8889% done, 0.840965 s remaining
subpixel-averaging is 97.5836% done, 0.102226 s remaining
subpixel-averaging is 31.2052% done, 8.95656 s remaining
subpixel-averaging is 58.8388% done, 2.86773 s remaining
subpixel-averaging is 90.2322% done, 0.441041 s remaining
subpixel-averaging is 14.6067% done, 23.8591 s remaining
subpixel-averaging is 27.4536% done, 10.6001 s remaining
subpixel-averaging is 40.3885% done, 5.98102 s remaining
subpixel-averaging is 55.0832% done, 3.41013 s remaining
subpixel-averaging is 68.0181% done, 1.92965 s remaining
subpixel-averaging is 82.7129% done, 0.865046 s remaining
subpixel-averaging is 95.6478% done, 0.187509 s remaining
subpixel-averaging is 31.2052% done, 8.97795 s remaining
subpixel-averaging is 58.8388% done, 2.88079 s remaining
subpixel-averaging is 90.2322% done, 0.440374 s remaining
time for set_epsilon = 138.218 s
-----------
    iteration   13: trace = 0.553724199567497 (0.0169604% change)
    iteration   27: trace = 0.5537017754719076 (7.21091e-10% change)
MPB solved for omega_1(0.775268,0,0) = 0.744111 after 29 iters
    iteration   13: trace = 0.4137069329757299 (2.43727e-07% change)
MPB solved for omega_1(0.659269,0,0) = 0.643201 after 19 iters
    iteration   13: trace = 0.4162317352838226 (1.25071e-10% change)
MPB solved for omega_1(0.66147,0,0) = 0.64516 after 14 iters
MPB solved for omega_1(0.661471,0,0) = 0.645161 after 1 iters
creating output file "./main-eps-000000.00.h5"...
creating output file "./main-ez_z0.h5"...
Meep progress: 0.01/20.0 = 0.0% done in 42.6s, 85204.2s to go
on time step 1 (time=0.01), 39.7167 s/step
Meep progress: 0.1/20.0 = 0.5% done in 46.9s, 9330.0s to go
on time step 10 (time=0.1), 0.4733 s/step
Meep progress: 0.19/20.0 = 0.9% done in 51.1s, 5327.3s to go
on time step 19 (time=0.19), 0.467813 s/step
Meep progress: 0.28/20.0 = 1.4% done in 55.3s, 3895.1s to go
on time step 28 (time=0.28), 0.467861 s/step
Meep progress: 0.37/20.0 = 1.8% done in 59.5s, 3157.9s to go
on time step 37 (time=0.37), 0.468558 s/step
Meep progress: 0.46/20.0 = 2.3% done in 63.7s, 2707.6s to go
on time step 46 (time=0.46), 0.468725 s/step
Meep progress: 0.55/20.0 = 2.8% done in 68.0s, 2403.2s to go
on time step 55 (time=0.55), 0.468365 s/step
Meep progress: 0.64/20.0 = 3.2% done in 72.2s, 2182.9s to go
on time step 64 (time=0.64), 0.467165 s/step
Meep progress: 0.73/20.0 = 3.6% done in 76.4s, 2016.0s to go
on time step 73 (time=0.73), 0.467925 s/step
Meep progress: 0.8200000000000001/20.0 = 4.1% done in 80.6s, 1885.0s to go
on time step 82 (time=0.82), 0.46843 s/step
Meep progress: 0.91/20.0 = 4.5% done in 84.8s, 1778.9s to go
on time step 91 (time=0.91), 0.467597 s/step
Meep progress: 1.0/20.0 = 5.0% done in 89.0s, 1691.2s to go
on time step 100 (time=1), 0.467816 s/step
Meep progress: 1.09/20.0 = 5.5% done in 93.2s, 1617.2s to go
on time step 109 (time=1.09), 0.467461 s/step
Meep progress: 1.18/20.0 = 5.9% done in 97.4s, 1553.9s to go
on time step 118 (time=1.18), 0.467921 s/step
Meep progress: 1.27/20.0 = 6.3% done in 101.7s, 1499.2s to go
on time step 127 (time=1.27), 0.469691 s/step
Meep progress: 1.36/20.0 = 6.8% done in 105.9s, 1451.0s to go
on time step 136 (time=1.36), 0.46776 s/step
Meep progress: 1.45/20.0 = 7.2% done in 110.1s, 1408.2s to go
on time step 145 (time=1.45), 0.467558 s/step
Meep progress: 1.54/20.0 = 7.7% done in 114.3s, 1369.9s to go
on time step 154 (time=1.54), 0.467799 s/step
Meep progress: 1.6300000000000001/20.0 = 8.2% done in 118.5s, 1335.4s to go
on time step 163 (time=1.63), 0.468006 s/step
Meep progress: 1.72/20.0 = 8.6% done in 122.7s, 1304.3s to go
on time step 172 (time=1.72), 0.469941 s/step
Meep progress: 1.81/20.0 = 9.0% done in 126.9s, 1275.7s to go
on time step 181 (time=1.81), 0.467915 s/step
Meep progress: 1.9000000000000001/20.0 = 9.5% done in 131.1s, 1249.4s to go
on time step 190 (time=1.9), 0.467783 s/step
Meep progress: 1.99/20.0 = 9.9% done in 135.4s, 1225.0s to go
on time step 199 (time=1.99), 0.467927 s/step
Meep progress: 2.08/20.0 = 10.4% done in 139.6s, 1202.5s to go
on time step 208 (time=2.08), 0.467985 s/step
Meep progress: 2.17/20.0 = 10.8% done in 143.8s, 1181.5s to go
on time step 217 (time=2.17), 0.468649 s/step
Meep progress: 2.2600000000000002/20.0 = 11.3% done in 148.0s, 1161.8s to go
on time step 226 (time=2.26), 0.468109 s/step
Meep progress: 2.35/20.0 = 11.8% done in 152.2s, 1143.2s to go
on time step 235 (time=2.35), 0.46797 s/step
Meep progress: 2.44/20.0 = 12.2% done in 156.4s, 1125.7s to go
on time step 244 (time=2.44), 0.467729 s/step
Meep progress: 2.5300000000000002/20.0 = 12.7% done in 160.6s, 1109.2s to go
on time step 253 (time=2.53), 0.468079 s/step
Meep progress: 2.62/20.0 = 13.1% done in 164.9s, 1093.6s to go
on time step 262 (time=2.62), 0.469706 s/step
Meep progress: 2.71/20.0 = 13.5% done in 169.1s, 1078.7s to go
on time step 271 (time=2.71), 0.467953 s/step
Meep progress: 2.8000000000000003/20.0 = 14.0% done in 173.3s, 1064.5s to go
on time step 280 (time=2.8), 0.468234 s/step
Meep progress: 2.89/20.0 = 14.4% done in 177.5s, 1050.9s to go
on time step 289 (time=2.89), 0.467521 s/step
Meep progress: 2.98/20.0 = 14.9% done in 181.8s, 1038.2s to go
on time step 298 (time=2.98), 0.475661 s/step
Meep progress: 3.0700000000000003/20.0 = 15.4% done in 186.0s, 1025.7s to go
on time step 307 (time=3.07), 0.46869 s/step
Meep progress: 3.16/20.0 = 15.8% done in 190.2s, 1013.6s to go
on time step 316 (time=3.16), 0.467885 s/step
Meep progress: 3.25/20.0 = 16.2% done in 194.4s, 1002.1s to go
on time step 325 (time=3.25), 0.469083 s/step
Meep progress: 3.34/20.0 = 16.7% done in 198.6s, 990.8s to go
on time step 334 (time=3.34), 0.467612 s/step
Meep progress: 3.43/20.0 = 17.1% done in 202.9s, 980.0s to go
on time step 343 (time=3.43), 0.468044 s/step
Meep progress: 3.52/20.0 = 17.6% done in 207.1s, 969.5s to go
on time step 352 (time=3.52), 0.468685 s/step
Meep progress: 3.61/20.0 = 18.0% done in 211.3s, 959.3s to go
on time step 361 (time=3.61), 0.468286 s/step
Meep progress: 3.7/20.0 = 18.5% done in 215.5s, 949.4s to go
on time step 370 (time=3.7), 0.468503 s/step
Meep progress: 3.79/20.0 = 18.9% done in 219.7s, 939.7s to go
on time step 379 (time=3.79), 0.467026 s/step
Meep progress: 3.88/20.0 = 19.4% done in 223.9s, 930.3s to go
on time step 388 (time=3.88), 0.468952 s/step
Meep progress: 3.97/20.0 = 19.9% done in 228.1s, 921.2s to go
on time step 397 (time=3.97), 0.469109 s/step
Meep progress: 4.0600000000000005/20.0 = 20.3% done in 232.4s, 912.3s to go
on time step 406 (time=4.06), 0.468254 s/step
Meep progress: 4.15/20.0 = 20.8% done in 236.6s, 903.6s to go
on time step 415 (time=4.15), 0.4696 s/step
Meep progress: 4.24/20.0 = 21.2% done in 240.8s, 895.0s to go
on time step 424 (time=4.24), 0.467922 s/step
Meep progress: 4.33/20.0 = 21.6% done in 245.0s, 886.7s to go
on time step 433 (time=4.33), 0.46837 s/step
Meep progress: 4.42/20.0 = 22.1% done in 249.3s, 878.6s to go
on time step 442 (time=4.42), 0.470592 s/step
Meep progress: 4.51/20.0 = 22.5% done in 253.5s, 870.6s to go
on time step 451 (time=4.51), 0.468563 s/step
Meep progress: 4.6000000000000005/20.0 = 23.0% done in 257.7s, 862.7s to go
on time step 460 (time=4.6), 0.46955 s/step
Meep progress: 4.69/20.0 = 23.4% done in 261.9s, 854.9s to go
on time step 469 (time=4.69), 0.46705 s/step
Meep progress: 4.78/20.0 = 23.9% done in 266.1s, 847.3s to go
on time step 478 (time=4.78), 0.468147 s/step
Meep progress: 4.87/20.0 = 24.3% done in 270.3s, 839.9s to go
on time step 487 (time=4.87), 0.46904 s/step
Meep progress: 4.96/20.0 = 24.8% done in 274.5s, 832.5s to go
on time step 496 (time=4.96), 0.468407 s/step
Meep progress: 5.05/20.0 = 25.2% done in 278.8s, 825.3s to go
on time step 505 (time=5.05), 0.469483 s/step
Meep progress: 5.14/20.0 = 25.7% done in 283.0s, 818.1s to go
on time step 514 (time=5.14), 0.467014 s/step
Meep progress: 5.23/20.0 = 26.2% done in 287.2s, 811.1s to go
on time step 523 (time=5.23), 0.468197 s/step
Meep progress: 5.32/20.0 = 26.6% done in 291.4s, 804.1s to go
on time step 532 (time=5.32), 0.469023 s/step
Meep progress: 5.41/20.0 = 27.1% done in 295.6s, 797.3s to go
on time step 541 (time=5.41), 0.468499 s/step
Meep progress: 5.5/20.0 = 27.5% done in 299.9s, 790.6s to go
on time step 550 (time=5.5), 0.471468 s/step
Meep progress: 5.59/20.0 = 27.9% done in 304.1s, 783.8s to go
on time step 559 (time=5.59), 0.465924 s/step
Meep progress: 5.68/20.0 = 28.4% done in 308.3s, 777.2s to go
on time step 568 (time=5.68), 0.469148 s/step
Meep progress: 5.7700000000000005/20.0 = 28.9% done in 312.5s, 770.7s to go
on time step 577 (time=5.77), 0.468941 s/step
Meep progress: 5.86/20.0 = 29.3% done in 316.7s, 764.3s to go
on time step 586 (time=5.86), 0.468146 s/step
Meep progress: 5.95/20.0 = 29.8% done in 320.9s, 757.9s to go
on time step 595 (time=5.95), 0.468817 s/step
Meep progress: 6.04/20.0 = 30.2% done in 325.2s, 751.5s to go
on time step 604 (time=6.04), 0.467156 s/step
Meep progress: 6.13/20.0 = 30.6% done in 329.4s, 745.3s to go
on time step 613 (time=6.13), 0.469024 s/step
Meep progress: 6.22/20.0 = 31.1% done in 333.6s, 739.1s to go
on time step 622 (time=6.22), 0.46859 s/step
Meep progress: 6.3100000000000005/20.0 = 31.6% done in 337.8s, 732.9s to go
on time step 631 (time=6.31), 0.468 s/step
Meep progress: 6.4/20.0 = 32.0% done in 342.0s, 726.8s to go
on time step 640 (time=6.4), 0.469088 s/step
Meep progress: 6.49/20.0 = 32.4% done in 346.2s, 720.7s to go
on time step 649 (time=6.49), 0.467454 s/step
Meep progress: 6.58/20.0 = 32.9% done in 350.5s, 714.8s to go
on time step 658 (time=6.58), 0.468738 s/step
Meep progress: 6.67/20.0 = 33.3% done in 354.7s, 708.8s to go
on time step 667 (time=6.67), 0.469082 s/step
Meep progress: 6.76/20.0 = 33.8% done in 358.9s, 702.9s to go
on time step 676 (time=6.76), 0.468026 s/step
Meep progress: 6.8500000000000005/20.0 = 34.2% done in 363.1s, 697.1s to go
on time step 685 (time=6.85), 0.469202 s/step
Meep progress: 6.94/20.0 = 34.7% done in 367.3s, 691.2s to go
on time step 694 (time=6.94), 0.466999 s/step
Meep progress: 7.03/20.0 = 35.1% done in 371.5s, 685.5s to go
on time step 703 (time=7.03), 0.46901 s/step
Meep progress: 7.12/20.0 = 35.6% done in 375.7s, 679.7s to go
on time step 712 (time=7.12), 0.467689 s/step
Meep progress: 7.21/20.0 = 36.0% done in 380.0s, 674.0s to go
on time step 721 (time=7.21), 0.46869 s/step
Meep progress: 7.3/20.0 = 36.5% done in 384.2s, 668.4s to go
on time step 730 (time=7.3), 0.468716 s/step
Meep progress: 7.390000000000001/20.0 = 37.0% done in 388.4s, 662.7s to go
on time step 739 (time=7.39), 0.467563 s/step
Meep progress: 7.48/20.0 = 37.4% done in 392.6s, 657.1s to go
on time step 748 (time=7.48), 0.468834 s/step
Meep progress: 7.57/20.0 = 37.9% done in 396.8s, 651.6s to go
on time step 757 (time=7.57), 0.468568 s/step
Meep progress: 7.66/20.0 = 38.3% done in 401.0s, 646.1s to go
on time step 766 (time=7.66), 0.468153 s/step
Meep progress: 7.75/20.0 = 38.8% done in 405.3s, 640.6s to go
on time step 775 (time=7.75), 0.468877 s/step
Meep progress: 7.84/20.0 = 39.2% done in 409.5s, 635.1s to go
on time step 784 (time=7.84), 0.467339 s/step
Meep progress: 7.930000000000001/20.0 = 39.6% done in 413.7s, 629.7s to go
on time step 793 (time=7.93), 0.468792 s/step
Meep progress: 8.02/20.0 = 40.1% done in 417.9s, 624.2s to go
on time step 802 (time=8.02), 0.468431 s/step
Meep progress: 8.11/20.0 = 40.5% done in 422.1s, 618.9s to go
on time step 811 (time=8.11), 0.468809 s/step
Meep progress: 8.2/20.0 = 41.0% done in 426.3s, 613.5s to go
on time step 820 (time=8.2), 0.468649 s/step
Meep progress: 8.290000000000001/20.0 = 41.5% done in 430.5s, 608.2s to go
on time step 829 (time=8.29), 0.467196 s/step
Meep progress: 8.38/20.0 = 41.9% done in 434.8s, 602.9s to go
on time step 838 (time=8.38), 0.468662 s/step
Meep progress: 8.47/20.0 = 42.4% done in 439.0s, 597.6s to go
on time step 847 (time=8.47), 0.468127 s/step
Meep progress: 8.56/20.0 = 42.8% done in 443.2s, 592.3s to go
on time step 856 (time=8.56), 0.468394 s/step
Meep progress: 8.65/20.0 = 43.2% done in 447.4s, 587.1s to go
on time step 865 (time=8.65), 0.468382 s/step
Meep progress: 8.74/20.0 = 43.7% done in 451.6s, 581.8s to go
on time step 874 (time=8.74), 0.467534 s/step
Meep progress: 8.83/20.0 = 44.1% done in 455.8s, 576.6s to go
on time step 883 (time=8.83), 0.46862 s/step
Meep progress: 8.92/20.0 = 44.6% done in 460.0s, 571.4s to go
on time step 892 (time=8.92), 0.468103 s/step
Meep progress: 9.01/20.0 = 45.0% done in 464.3s, 566.3s to go
on time step 901 (time=9.01), 0.469301 s/step
Meep progress: 9.1/20.0 = 45.5% done in 468.5s, 561.2s to go
on time step 910 (time=9.1), 0.468845 s/step
Meep progress: 9.19/20.0 = 45.9% done in 472.7s, 556.0s to go
on time step 919 (time=9.19), 0.466936 s/step
Meep progress: 9.28/20.0 = 46.4% done in 476.9s, 550.9s to go
on time step 928 (time=9.28), 0.468711 s/step
Meep progress: 9.370000000000001/20.0 = 46.9% done in 481.1s, 545.8s to go
on time step 937 (time=9.37), 0.468202 s/step
Meep progress: 9.46/20.0 = 47.3% done in 485.3s, 540.8s to go
on time step 946 (time=9.46), 0.469106 s/step
Meep progress: 9.55/20.0 = 47.8% done in 489.6s, 535.7s to go
on time step 955 (time=9.55), 0.468558 s/step
Meep progress: 9.64/20.0 = 48.2% done in 493.8s, 530.6s to go
on time step 964 (time=9.64), 0.4675 s/step
Meep progress: 9.73/20.0 = 48.6% done in 498.0s, 525.6s to go
on time step 973 (time=9.73), 0.468469 s/step
Meep progress: 9.82/20.0 = 49.1% done in 502.2s, 520.6s to go
on time step 982 (time=9.82), 0.468193 s/step
Meep progress: 9.91/20.0 = 49.5% done in 506.4s, 515.6s to go
on time step 991 (time=9.91), 0.469175 s/step
Meep progress: 10.0/20.0 = 50.0% done in 510.6s, 510.6s to go
on time step 1000 (time=10), 0.467975 s/step
Meep progress: 10.09/20.0 = 50.4% done in 514.8s, 505.7s to go
on time step 1009 (time=10.09), 0.467343 s/step
Meep progress: 10.18/20.0 = 50.9% done in 519.1s, 500.7s to go
on time step 1018 (time=10.18), 0.469742 s/step
Meep progress: 10.27/20.0 = 51.3% done in 523.3s, 495.8s to go
on time step 1027 (time=10.27), 0.46889 s/step
Meep progress: 10.36/20.0 = 51.8% done in 527.5s, 490.8s to go
on time step 1036 (time=10.36), 0.46864 s/step
Meep progress: 10.450000000000001/20.0 = 52.2% done in 531.7s, 485.9s to go
on time step 1045 (time=10.45), 0.467506 s/step
Meep progress: 10.540000000000001/20.0 = 52.7% done in 535.9s, 481.0s to go
on time step 1054 (time=10.54), 0.467672 s/step
Meep progress: 10.63/20.0 = 53.1% done in 540.1s, 476.1s to go
on time step 1063 (time=10.63), 0.468621 s/step
Meep progress: 10.72/20.0 = 53.6% done in 544.4s, 471.2s to go
on time step 1072 (time=10.72), 0.467974 s/step
Meep progress: 10.81/20.0 = 54.0% done in 548.6s, 466.4s to go
on time step 1081 (time=10.81), 0.469122 s/step
Meep progress: 10.9/20.0 = 54.5% done in 552.8s, 461.5s to go
on time step 1090 (time=10.9), 0.46771 s/step
Meep progress: 10.99/20.0 = 54.9% done in 557.0s, 456.6s to go
on time step 1099 (time=10.99), 0.46717 s/step
Meep progress: 11.08/20.0 = 55.4% done in 561.2s, 451.8s to go
on time step 1108 (time=11.08), 0.468944 s/step
Meep progress: 11.17/20.0 = 55.8% done in 565.4s, 447.0s to go
on time step 1117 (time=11.17), 0.468199 s/step
Meep progress: 11.26/20.0 = 56.3% done in 569.6s, 442.2s to go
on time step 1126 (time=11.26), 0.469044 s/step
Meep progress: 11.35/20.0 = 56.7% done in 573.9s, 437.3s to go
on time step 1135 (time=11.35), 0.467574 s/step
Meep progress: 11.44/20.0 = 57.2% done in 578.1s, 432.5s to go
on time step 1144 (time=11.44), 0.467499 s/step
Meep progress: 11.53/20.0 = 57.6% done in 582.3s, 427.8s to go
on time step 1153 (time=11.53), 0.469125 s/step
Meep progress: 11.620000000000001/20.0 = 58.1% done in 586.5s, 423.0s to go
on time step 1162 (time=11.62), 0.468024 s/step
Meep progress: 11.71/20.0 = 58.6% done in 590.7s, 418.2s to go
on time step 1171 (time=11.71), 0.468774 s/step
Meep progress: 11.8/20.0 = 59.0% done in 594.9s, 413.4s to go
on time step 1180 (time=11.8), 0.467392 s/step
Meep progress: 11.89/20.0 = 59.5% done in 599.1s, 408.7s to go
on time step 1189 (time=11.89), 0.467284 s/step
Meep progress: 11.98/20.0 = 59.9% done in 603.4s, 403.9s to go
on time step 1198 (time=11.98), 0.469357 s/step
Meep progress: 12.07/20.0 = 60.4% done in 607.6s, 399.2s to go
on time step 1207 (time=12.07), 0.467919 s/step
Meep progress: 12.16/20.0 = 60.8% done in 611.8s, 394.4s to go
on time step 1216 (time=12.16), 0.469366 s/step
Meep progress: 12.25/20.0 = 61.2% done in 616.0s, 389.7s to go
on time step 1225 (time=12.25), 0.467593 s/step
Meep progress: 12.34/20.0 = 61.7% done in 620.2s, 385.0s to go
on time step 1234 (time=12.34), 0.4677 s/step
Meep progress: 12.43/20.0 = 62.1% done in 624.4s, 380.3s to go
on time step 1243 (time=12.43), 0.468836 s/step
Meep progress: 12.52/20.0 = 62.6% done in 628.6s, 375.6s to go
on time step 1252 (time=12.52), 0.468018 s/step
Meep progress: 12.61/20.0 = 63.0% done in 632.9s, 370.9s to go
on time step 1261 (time=12.61), 0.468952 s/step
Meep progress: 12.700000000000001/20.0 = 63.5% done in 637.1s, 366.2s to go
on time step 1270 (time=12.7), 0.46735 s/step
Meep progress: 12.790000000000001/20.0 = 64.0% done in 641.3s, 361.5s to go
on time step 1279 (time=12.79), 0.46777 s/step
Meep progress: 12.88/20.0 = 64.4% done in 645.5s, 356.8s to go
on time step 1288 (time=12.88), 0.468865 s/step
Meep progress: 12.97/20.0 = 64.8% done in 649.7s, 352.2s to go
on time step 1297 (time=12.97), 0.468024 s/step
Meep progress: 13.06/20.0 = 65.3% done in 653.9s, 347.5s to go
on time step 1306 (time=13.06), 0.468874 s/step
Meep progress: 13.15/20.0 = 65.8% done in 658.1s, 342.8s to go
on time step 1315 (time=13.15), 0.467755 s/step
Meep progress: 13.24/20.0 = 66.2% done in 662.4s, 338.2s to go
on time step 1324 (time=13.24), 0.469114 s/step
Meep progress: 13.33/20.0 = 66.6% done in 666.6s, 333.5s to go
on time step 1333 (time=13.33), 0.467899 s/step
Meep progress: 13.42/20.0 = 67.1% done in 670.8s, 328.9s to go
on time step 1342 (time=13.42), 0.467917 s/step
Meep progress: 13.51/20.0 = 67.5% done in 675.0s, 324.3s to go
on time step 1351 (time=13.51), 0.469097 s/step
Meep progress: 13.6/20.0 = 68.0% done in 679.2s, 319.6s to go
on time step 1360 (time=13.6), 0.467514 s/step
Meep progress: 13.69/20.0 = 68.4% done in 683.4s, 315.0s to go
on time step 1369 (time=13.69), 0.468817 s/step
Meep progress: 13.780000000000001/20.0 = 68.9% done in 687.7s, 310.4s to go
on time step 1378 (time=13.78), 0.468394 s/step
Meep progress: 13.870000000000001/20.0 = 69.3% done in 691.9s, 305.8s to go
on time step 1387 (time=13.87), 0.468402 s/step
Meep progress: 13.96/20.0 = 69.8% done in 696.1s, 301.2s to go
on time step 1396 (time=13.96), 0.468845 s/step
Meep progress: 14.05/20.0 = 70.2% done in 700.3s, 296.6s to go
on time step 1405 (time=14.05), 0.467398 s/step
Meep progress: 14.14/20.0 = 70.7% done in 704.5s, 292.0s to go
on time step 1414 (time=14.14), 0.468691 s/step
Meep progress: 14.23/20.0 = 71.1% done in 708.7s, 287.4s to go
on time step 1423 (time=14.23), 0.468111 s/step
Meep progress: 14.32/20.0 = 71.6% done in 712.9s, 282.8s to go
on time step 1432 (time=14.32), 0.46848 s/step
Meep progress: 14.41/20.0 = 72.0% done in 717.2s, 278.2s to go
on time step 1441 (time=14.41), 0.468974 s/step
Meep progress: 14.5/20.0 = 72.5% done in 721.4s, 273.6s to go
on time step 1450 (time=14.5), 0.467312 s/step
Meep progress: 14.59/20.0 = 72.9% done in 725.6s, 269.0s to go
on time step 1459 (time=14.59), 0.467973 s/step
Meep progress: 14.68/20.0 = 73.4% done in 729.8s, 264.5s to go
on time step 1468 (time=14.68), 0.468197 s/step
Meep progress: 14.77/20.0 = 73.8% done in 734.0s, 259.9s to go
on time step 1477 (time=14.77), 0.468124 s/step
Meep progress: 14.86/20.0 = 74.3% done in 738.2s, 255.4s to go
on time step 1486 (time=14.86), 0.469078 s/step
Meep progress: 14.950000000000001/20.0 = 74.8% done in 742.4s, 250.8s to go
on time step 1495 (time=14.95), 0.467728 s/step
Meep progress: 15.040000000000001/20.0 = 75.2% done in 746.7s, 246.2s to go
on time step 1504 (time=15.04), 0.468399 s/step
Meep progress: 15.13/20.0 = 75.7% done in 750.9s, 241.7s to go
on time step 1513 (time=15.13), 0.467773 s/step
Meep progress: 15.22/20.0 = 76.1% done in 755.1s, 237.1s to go
on time step 1522 (time=15.22), 0.468155 s/step
Meep progress: 15.31/20.0 = 76.5% done in 759.3s, 232.6s to go
on time step 1531 (time=15.31), 0.469152 s/step
Meep progress: 15.4/20.0 = 77.0% done in 763.5s, 228.1s to go
on time step 1540 (time=15.4), 0.467921 s/step
Meep progress: 15.49/20.0 = 77.5% done in 767.7s, 223.5s to go
on time step 1549 (time=15.49), 0.467914 s/step
Meep progress: 15.58/20.0 = 77.9% done in 771.9s, 219.0s to go
on time step 1558 (time=15.58), 0.468261 s/step
Meep progress: 15.67/20.0 = 78.3% done in 776.2s, 214.5s to go
on time step 1567 (time=15.67), 0.467737 s/step
Meep progress: 15.76/20.0 = 78.8% done in 780.4s, 210.0s to go
on time step 1576 (time=15.76), 0.471579 s/step
Meep progress: 15.85/20.0 = 79.2% done in 784.6s, 205.4s to go
on time step 1585 (time=15.85), 0.470867 s/step
Meep progress: 15.94/20.0 = 79.7% done in 788.9s, 200.9s to go
on time step 1594 (time=15.94), 0.468222 s/step
Meep progress: 16.03/20.0 = 80.2% done in 793.1s, 196.4s to go
on time step 1603 (time=16.03), 0.468239 s/step
Meep progress: 16.12/20.0 = 80.6% done in 797.3s, 191.9s to go
on time step 1612 (time=16.12), 0.46822 s/step
Meep progress: 16.21/20.0 = 81.0% done in 801.5s, 187.4s to go
on time step 1621 (time=16.21), 0.468649 s/step
Meep progress: 16.3/20.0 = 81.5% done in 805.7s, 182.9s to go
on time step 1630 (time=16.3), 0.467871 s/step
Meep progress: 16.39/20.0 = 82.0% done in 809.9s, 178.4s to go
on time step 1639 (time=16.39), 0.467998 s/step
Meep progress: 16.48/20.0 = 82.4% done in 814.1s, 173.9s to go
on time step 1648 (time=16.48), 0.467901 s/step
Meep progress: 16.57/20.0 = 82.8% done in 818.3s, 169.4s to go
on time step 1657 (time=16.57), 0.468568 s/step
Meep progress: 16.66/20.0 = 83.3% done in 822.6s, 164.9s to go
on time step 1666 (time=16.66), 0.468385 s/step
Meep progress: 16.75/20.0 = 83.8% done in 826.8s, 160.4s to go
on time step 1675 (time=16.75), 0.467476 s/step
Meep progress: 16.84/20.0 = 84.2% done in 831.0s, 155.9s to go
on time step 1684 (time=16.84), 0.468279 s/step
Meep progress: 16.93/20.0 = 84.6% done in 835.2s, 151.5s to go
on time step 1693 (time=16.93), 0.468065 s/step
Meep progress: 17.02/20.0 = 85.1% done in 839.4s, 147.0s to go
on time step 1702 (time=17.02), 0.468003 s/step
Meep progress: 17.11/20.0 = 85.5% done in 843.6s, 142.5s to go
on time step 1711 (time=17.11), 0.468085 s/step
Meep progress: 17.2/20.0 = 86.0% done in 847.9s, 138.0s to go
on time step 1720 (time=17.2), 0.470624 s/step
Meep progress: 17.29/20.0 = 86.4% done in 852.1s, 133.5s to go
on time step 1729 (time=17.29), 0.465967 s/step
Meep progress: 17.38/20.0 = 86.9% done in 856.3s, 129.1s to go
on time step 1738 (time=17.38), 0.467866 s/step
Meep progress: 17.47/20.0 = 87.3% done in 860.5s, 124.6s to go
on time step 1747 (time=17.47), 0.468614 s/step
Meep progress: 17.56/20.0 = 87.8% done in 864.7s, 120.2s to go
on time step 1756 (time=17.56), 0.467833 s/step
Meep progress: 17.650000000000002/20.0 = 88.2% done in 868.9s, 115.7s to go
on time step 1765 (time=17.65), 0.468252 s/step
Meep progress: 17.740000000000002/20.0 = 88.7% done in 873.1s, 111.2s to go
on time step 1774 (time=17.74), 0.467856 s/step
Meep progress: 17.830000000000002/20.0 = 89.2% done in 877.3s, 106.8s to go
on time step 1783 (time=17.83), 0.467821 s/step
Meep progress: 17.92/20.0 = 89.6% done in 881.6s, 102.3s to go
on time step 1792 (time=17.92), 0.469255 s/step
Meep progress: 18.01/20.0 = 90.0% done in 885.8s, 97.9s to go
on time step 1801 (time=18.01), 0.468019 s/step
Meep progress: 18.1/20.0 = 90.5% done in 890.0s, 93.4s to go
on time step 1810 (time=18.1), 0.467752 s/step
Meep progress: 18.19/20.0 = 91.0% done in 894.2s, 89.0s to go
on time step 1819 (time=18.19), 0.467383 s/step
Meep progress: 18.28/20.0 = 91.4% done in 898.4s, 84.5s to go
on time step 1828 (time=18.28), 0.468356 s/step
Meep progress: 18.37/20.0 = 91.8% done in 902.6s, 80.1s to go
on time step 1837 (time=18.37), 0.468749 s/step
Meep progress: 18.46/20.0 = 92.3% done in 906.8s, 75.7s to go
on time step 1846 (time=18.46), 0.46811 s/step
Meep progress: 18.55/20.0 = 92.8% done in 911.0s, 71.2s to go
on time step 1855 (time=18.55), 0.467788 s/step
Meep progress: 18.64/20.0 = 93.2% done in 915.3s, 66.8s to go
on time step 1864 (time=18.64), 0.467873 s/step
Meep progress: 18.73/20.0 = 93.6% done in 919.5s, 62.3s to go
on time step 1873 (time=18.73), 0.468172 s/step
Meep progress: 18.82/20.0 = 94.1% done in 923.7s, 57.9s to go
on time step 1882 (time=18.82), 0.468667 s/step
Meep progress: 18.91/20.0 = 94.5% done in 927.9s, 53.5s to go
on time step 1891 (time=18.91), 0.468034 s/step
Meep progress: 19.0/20.0 = 95.0% done in 932.1s, 49.1s to go
on time step 1900 (time=19), 0.46768 s/step
Meep progress: 19.09/20.0 = 95.4% done in 936.3s, 44.6s to go
on time step 1909 (time=19.09), 0.468104 s/step
Meep progress: 19.18/20.0 = 95.9% done in 940.5s, 40.2s to go
on time step 1918 (time=19.18), 0.468037 s/step
Meep progress: 19.27/20.0 = 96.3% done in 944.8s, 35.8s to go
on time step 1927 (time=19.27), 0.468951 s/step
Meep progress: 19.36/20.0 = 96.8% done in 949.0s, 31.4s to go
on time step 1936 (time=19.36), 0.468414 s/step
Meep progress: 19.45/20.0 = 97.2% done in 953.2s, 27.0s to go
on time step 1945 (time=19.45), 0.467583 s/step
Meep progress: 19.54/20.0 = 97.7% done in 957.4s, 22.5s to go
on time step 1954 (time=19.54), 0.46792 s/step
Meep progress: 19.63/20.0 = 98.1% done in 961.6s, 18.1s to go
on time step 1963 (time=19.63), 0.469688 s/step
Meep progress: 19.72/20.0 = 98.6% done in 965.8s, 13.7s to go
on time step 1972 (time=19.72), 0.468889 s/step
Meep progress: 19.81/20.0 = 99.0% done in 970.0s, 9.3s to go
on time step 1981 (time=19.81), 0.467893 s/step
Meep progress: 19.900000000000002/20.0 = 99.5% done in 974.3s, 4.9s to go
on time step 1990 (time=19.9), 0.467685 s/step
Meep progress: 19.990000000000002/20.0 = 100.0% done in 978.5s, 0.5s to go
on time step 1999 (time=19.99), 0.467904 s/step
run 0 finished at t = 20.0 (2000 timesteps)


**********


Flux: 15.151138742409053
Icon theme "gnome" not found.
Saved Sim8a_Eps_A.png
Saved Sim8a_Ez_A.png
Saved Sim8a_Pwr0_A.png
Saved Sim8a_Pwr1_A.png
Icon theme "gnome" not found.
Icon theme "gnome" not found.
Icon theme "gnome" not found.
Icon theme "gnome" not found.
Icon theme "gnome" not found.
Icon theme "gnome" not found.
Icon theme "gnome" not found.
Icon theme "gnome" not found.
Icon theme "gnome" not found.
Icon theme "gnome" not found.
Icon theme "gnome" not found.
Saved Sim8a_Pwr2_A.png
Saved Sim8a_Ez_CS_A.png


**********


-----------
Initializing structure...
Halving computational cell along direction z
Splitting into 12 chunks evenly
time for choose_chunkdivision = 0.0523852 s
Working in 3D dimensions.
Computational cell is 10 x 8 x 8 with resolution 50
     cylinder, center = (0.05,0,0)
          radius 0.54, height 7.9, axis (1, 0, 0)
          dielectric constant epsilon diagonal = (1.4606,1.4606,1.4606)
     cylinder, center = (0,0,0)
          radius 0.5, height 1e+20, axis (1, 0, 0)
          dielectric constant epsilon diagonal = (1.444,1.444,1.444)
time for set_epsilon = 1.34704 s
time for set_conductivity = 0.117827 s
time for set_conductivity = 0.118208 s
time for set_conductivity = 0.116403 s
-----------
    iteration   13: trace = 0.554080714298806 (0.041662% change)
    iteration   26: trace = 0.5539962078622571 (1.0461e-08% change)
MPB solved for omega_1(0.775268,0,0) = 0.744309 after 31 iters
    iteration   13: trace = 0.4136827418141465 (6.23534e-07% change)
MPB solved for omega_1(0.659091,0,0) = 0.643182 after 20 iters
    iteration   13: trace = 0.4162317038227958 (1.90033e-10% change)
MPB solved for omega_1(0.661312,0,0) = 0.64516 after 14 iters
MPB solved for omega_1(0.661313,0,0) = 0.645161 after 1 iters
creating output file "./main-eps-000000.00.h5"...
creating output file "./main-ez_z0.h5"...
Meep progress: 0.01/20.0 = 0.0% done in 42.1s, 84189.4s to go
on time step 1 (time=0.01), 39.937 s/step
Meep progress: 0.1/20.0 = 0.5% done in 46.4s, 9238.4s to go
on time step 10 (time=0.1), 0.478648 s/step
Meep progress: 0.19/20.0 = 0.9% done in 50.7s, 5284.0s to go
on time step 19 (time=0.19), 0.472849 s/step
Meep progress: 0.28/20.0 = 1.4% done in 54.9s, 3869.5s to go
on time step 28 (time=0.28), 0.473591 s/step
Meep progress: 0.37/20.0 = 1.8% done in 59.2s, 3141.2s to go
on time step 37 (time=0.37), 0.474002 s/step
Meep progress: 0.46/20.0 = 2.3% done in 63.5s, 2696.4s to go
on time step 46 (time=0.46), 0.474211 s/step
Meep progress: 0.55/20.0 = 2.8% done in 67.7s, 2395.5s to go
on time step 55 (time=0.55), 0.473695 s/step
Meep progress: 0.64/20.0 = 3.2% done in 72.0s, 2177.8s to go
on time step 64 (time=0.64), 0.472664 s/step
Meep progress: 0.73/20.0 = 3.6% done in 76.3s, 2013.1s to go
on time step 73 (time=0.73), 0.474048 s/step
Meep progress: 0.8200000000000001/20.0 = 4.1% done in 80.5s, 1883.4s to go
on time step 82 (time=0.82), 0.473565 s/step
Meep progress: 0.91/20.0 = 4.5% done in 84.8s, 1778.6s to go
on time step 91 (time=0.91), 0.47348 s/step
Meep progress: 1.0/20.0 = 5.0% done in 89.1s, 1692.1s to go
on time step 100 (time=1), 0.474533 s/step
Meep progress: 1.09/20.0 = 5.5% done in 93.3s, 1618.9s to go
on time step 109 (time=1.09), 0.473253 s/step
Meep progress: 1.18/20.0 = 5.9% done in 97.6s, 1556.4s to go
on time step 118 (time=1.18), 0.474712 s/step
Meep progress: 1.27/20.0 = 6.3% done in 101.9s, 1502.1s to go
on time step 127 (time=1.27), 0.473622 s/step
Meep progress: 1.36/20.0 = 6.8% done in 106.1s, 1454.3s to go
on time step 136 (time=1.36), 0.473381 s/step
Meep progress: 1.45/20.0 = 7.2% done in 110.4s, 1412.1s to go
on time step 145 (time=1.45), 0.474553 s/step
Meep progress: 1.54/20.0 = 7.7% done in 114.6s, 1374.2s to go
on time step 154 (time=1.54), 0.47335 s/step
Meep progress: 1.6300000000000001/20.0 = 8.2% done in 118.9s, 1340.1s to go
on time step 163 (time=1.63), 0.474277 s/step
Meep progress: 1.72/20.0 = 8.6% done in 123.2s, 1309.1s to go
on time step 172 (time=1.72), 0.473529 s/step
Meep progress: 1.81/20.0 = 9.0% done in 127.4s, 1280.8s to go
on time step 181 (time=1.81), 0.474642 s/step
Meep progress: 1.9000000000000001/20.0 = 9.5% done in 131.7s, 1254.7s to go
on time step 190 (time=1.9), 0.47356 s/step
Meep progress: 1.99/20.0 = 9.9% done in 136.0s, 1230.5s to go
on time step 199 (time=1.99), 0.472912 s/step
Meep progress: 2.08/20.0 = 10.4% done in 140.2s, 1208.2s to go
on time step 208 (time=2.08), 0.474241 s/step
Meep progress: 2.17/20.0 = 10.8% done in 144.5s, 1187.3s to go
on time step 217 (time=2.17), 0.47378 s/step
Meep progress: 2.2600000000000002/20.0 = 11.3% done in 148.8s, 1167.8s to go
on time step 226 (time=2.26), 0.474776 s/step
Meep progress: 2.35/20.0 = 11.8% done in 153.0s, 1149.4s to go
on time step 235 (time=2.35), 0.473508 s/step
Meep progress: 2.44/20.0 = 12.2% done in 157.3s, 1132.0s to go
on time step 244 (time=2.44), 0.473966 s/step
Meep progress: 2.5300000000000002/20.0 = 12.7% done in 161.6s, 1115.6s to go
on time step 253 (time=2.53), 0.47387 s/step
Meep progress: 2.62/20.0 = 13.1% done in 165.8s, 1100.0s to go
on time step 262 (time=2.62), 0.473928 s/step
Meep progress: 2.71/20.0 = 13.5% done in 170.1s, 1085.3s to go
on time step 271 (time=2.71), 0.474751 s/step
Meep progress: 2.8000000000000003/20.0 = 14.0% done in 174.4s, 1071.1s to go
on time step 280 (time=2.8), 0.473201 s/step
Meep progress: 2.89/20.0 = 14.4% done in 178.6s, 1057.5s to go
on time step 289 (time=2.89), 0.473524 s/step
Meep progress: 2.98/20.0 = 14.9% done in 182.9s, 1044.6s to go
on time step 298 (time=2.98), 0.474515 s/step
Meep progress: 3.0700000000000003/20.0 = 15.4% done in 187.2s, 1032.1s to go
on time step 307 (time=3.07), 0.473786 s/step
Meep progress: 3.16/20.0 = 15.8% done in 191.4s, 1020.1s to go
on time step 316 (time=3.16), 0.474696 s/step
Meep progress: 3.25/20.0 = 16.2% done in 195.7s, 1008.6s to go
on time step 325 (time=3.25), 0.473492 s/step
Meep progress: 3.34/20.0 = 16.7% done in 200.0s, 997.4s to go
on time step 334 (time=3.34), 0.47471 s/step
Meep progress: 3.43/20.0 = 17.1% done in 204.2s, 986.6s to go
on time step 343 (time=3.43), 0.473784 s/step
Meep progress: 3.52/20.0 = 17.6% done in 208.5s, 976.2s to go
on time step 352 (time=3.52), 0.474635 s/step
Meep progress: 3.61/20.0 = 18.0% done in 212.8s, 966.0s to go
on time step 361 (time=3.61), 0.474323 s/step
Meep progress: 3.7/20.0 = 18.5% done in 217.0s, 956.1s to go
on time step 370 (time=3.7), 0.473866 s/step
Meep progress: 3.79/20.0 = 18.9% done in 221.3s, 946.5s to go
on time step 379 (time=3.79), 0.474001 s/step
Meep progress: 3.88/20.0 = 19.4% done in 225.6s, 937.2s to go
on time step 388 (time=3.88), 0.47439 s/step
Meep progress: 3.97/20.0 = 19.9% done in 229.8s, 928.1s to go
on time step 397 (time=3.97), 0.475051 s/step
Meep progress: 4.0600000000000005/20.0 = 20.3% done in 234.1s, 919.2s to go
on time step 406 (time=4.06), 0.474696 s/step
Meep progress: 4.15/20.0 = 20.8% done in 238.4s, 910.5s to go
on time step 415 (time=4.15), 0.474148 s/step
Meep progress: 4.24/20.0 = 21.2% done in 242.6s, 901.9s to go
on time step 424 (time=4.24), 0.473686 s/step
Meep progress: 4.33/20.0 = 21.6% done in 246.9s, 893.6s to go
on time step 433 (time=4.33), 0.474181 s/step
Meep progress: 4.42/20.0 = 22.1% done in 251.2s, 885.4s to go
on time step 442 (time=4.42), 0.474403 s/step
Meep progress: 4.51/20.0 = 22.5% done in 255.5s, 877.4s to go
on time step 451 (time=4.51), 0.474427 s/step
Meep progress: 4.6000000000000005/20.0 = 23.0% done in 259.7s, 869.5s to go
on time step 460 (time=4.6), 0.474546 s/step
Meep progress: 4.69/20.0 = 23.4% done in 264.0s, 861.7s to go
on time step 469 (time=4.69), 0.473012 s/step
Meep progress: 4.78/20.0 = 23.9% done in 268.3s, 854.2s to go
on time step 478 (time=4.78), 0.474856 s/step
Meep progress: 4.87/20.0 = 24.3% done in 272.5s, 846.7s to go
on time step 487 (time=4.87), 0.474375 s/step
Meep progress: 4.96/20.0 = 24.8% done in 276.8s, 839.3s to go
on time step 496 (time=4.96), 0.474106 s/step
Meep progress: 5.05/20.0 = 25.2% done in 281.1s, 832.1s to go
on time step 505 (time=5.05), 0.47428 s/step
Meep progress: 5.14/20.0 = 25.7% done in 285.3s, 824.9s to go
on time step 514 (time=5.14), 0.473466 s/step
Meep progress: 5.23/20.0 = 26.2% done in 289.6s, 817.8s to go
on time step 523 (time=5.23), 0.474742 s/step
Meep progress: 5.32/20.0 = 26.6% done in 293.9s, 810.9s to go
on time step 532 (time=5.32), 0.474129 s/step
Meep progress: 5.41/20.0 = 27.1% done in 298.1s, 804.0s to go
on time step 541 (time=5.41), 0.47387 s/step
Meep progress: 5.5/20.0 = 27.5% done in 302.4s, 797.2s to go
on time step 550 (time=5.5), 0.474636 s/step
Meep progress: 5.59/20.0 = 27.9% done in 306.7s, 790.5s to go
on time step 559 (time=5.59), 0.473007 s/step
Meep progress: 5.68/20.0 = 28.4% done in 310.9s, 783.9s to go
on time step 568 (time=5.68), 0.474909 s/step
Meep progress: 5.7700000000000005/20.0 = 28.9% done in 315.2s, 777.4s to go
on time step 577 (time=5.77), 0.474253 s/step
Meep progress: 5.86/20.0 = 29.3% done in 319.5s, 770.9s to go
on time step 586 (time=5.86), 0.475556 s/step
Meep progress: 5.95/20.0 = 29.8% done in 323.7s, 764.5s to go
on time step 595 (time=5.95), 0.473722 s/step
Meep progress: 6.04/20.0 = 30.2% done in 328.0s, 758.1s to go
on time step 604 (time=6.04), 0.47334 s/step
Meep progress: 6.13/20.0 = 30.6% done in 332.3s, 751.8s to go
on time step 613 (time=6.13), 0.475317 s/step
Meep progress: 6.22/20.0 = 31.1% done in 336.6s, 745.6s to go
on time step 622 (time=6.22), 0.473945 s/step
Meep progress: 6.3100000000000005/20.0 = 31.6% done in 340.8s, 739.4s to go
on time step 631 (time=6.31), 0.474994 s/step
Meep progress: 6.4/20.0 = 32.0% done in 345.1s, 733.3s to go
on time step 640 (time=6.4), 0.473443 s/step
Meep progress: 6.49/20.0 = 32.4% done in 349.4s, 727.2s to go
on time step 649 (time=6.49), 0.474341 s/step
Meep progress: 6.58/20.0 = 32.9% done in 353.7s, 721.4s to go
on time step 658 (time=6.58), 0.482414 s/step
Meep progress: 6.67/20.0 = 33.3% done in 358.0s, 715.4s to go
on time step 667 (time=6.67), 0.473912 s/step
Meep progress: 6.76/20.0 = 33.8% done in 362.2s, 709.5s to go
on time step 676 (time=6.76), 0.474842 s/step
Meep progress: 6.8500000000000005/20.0 = 34.2% done in 366.5s, 703.6s to go
on time step 685 (time=6.85), 0.473928 s/step
Meep progress: 6.94/20.0 = 34.7% done in 370.8s, 697.7s to go
on time step 694 (time=6.94), 0.474348 s/step
Meep progress: 7.03/20.0 = 35.1% done in 375.0s, 691.9s to go
on time step 703 (time=7.03), 0.473706 s/step
Meep progress: 7.12/20.0 = 35.6% done in 379.3s, 686.2s to go
on time step 712 (time=7.12), 0.474877 s/step
Meep progress: 7.21/20.0 = 36.0% done in 383.6s, 680.4s to go
on time step 721 (time=7.21), 0.474558 s/step
Meep progress: 7.3/20.0 = 36.5% done in 387.8s, 674.7s to go
on time step 730 (time=7.3), 0.47349 s/step
Meep progress: 7.390000000000001/20.0 = 37.0% done in 392.1s, 669.1s to go
on time step 739 (time=7.39), 0.474395 s/step
Meep progress: 7.48/20.0 = 37.4% done in 396.4s, 663.5s to go
on time step 748 (time=7.48), 0.474348 s/step
Meep progress: 7.57/20.0 = 37.9% done in 400.7s, 657.9s to go
on time step 757 (time=7.57), 0.474983 s/step
Meep progress: 7.66/20.0 = 38.3% done in 404.9s, 652.3s to go
on time step 766 (time=7.66), 0.474102 s/step
Meep progress: 7.75/20.0 = 38.8% done in 409.2s, 646.8s to go
on time step 775 (time=7.75), 0.473792 s/step
Meep progress: 7.84/20.0 = 39.2% done in 413.5s, 641.3s to go
on time step 784 (time=7.84), 0.475079 s/step
Meep progress: 7.930000000000001/20.0 = 39.6% done in 417.7s, 635.8s to go
on time step 793 (time=7.93), 0.474223 s/step
Meep progress: 8.02/20.0 = 40.1% done in 422.0s, 630.4s to go
on time step 802 (time=8.02), 0.475172 s/step
Meep progress: 8.11/20.0 = 40.5% done in 426.3s, 625.0s to go
on time step 811 (time=8.11), 0.474003 s/step
Meep progress: 8.2/20.0 = 41.0% done in 430.5s, 619.6s to go
on time step 820 (time=8.2), 0.474678 s/step
Meep progress: 8.290000000000001/20.0 = 41.5% done in 434.8s, 614.2s to go
on time step 829 (time=8.29), 0.472991 s/step
Meep progress: 8.38/20.0 = 41.9% done in 439.1s, 608.8s to go
on time step 838 (time=8.38), 0.474297 s/step
Meep progress: 8.47/20.0 = 42.4% done in 443.3s, 603.5s to go
on time step 847 (time=8.47), 0.47484 s/step
Meep progress: 8.56/20.0 = 42.8% done in 447.6s, 598.2s to go
on time step 856 (time=8.56), 0.474176 s/step
Meep progress: 8.65/20.0 = 43.2% done in 451.9s, 592.9s to go
on time step 865 (time=8.65), 0.474881 s/step
Meep progress: 8.74/20.0 = 43.7% done in 456.1s, 587.7s to go
on time step 874 (time=8.74), 0.473369 s/step
Meep progress: 8.83/20.0 = 44.1% done in 460.4s, 582.4s to go
on time step 883 (time=8.83), 0.474596 s/step
Meep progress: 8.92/20.0 = 44.6% done in 464.7s, 577.2s to go
on time step 892 (time=8.92), 0.474121 s/step
Meep progress: 9.01/20.0 = 45.0% done in 469.0s, 572.0s to go
on time step 901 (time=9.01), 0.474365 s/step
Meep progress: 9.1/20.0 = 45.5% done in 473.2s, 566.8s to go
on time step 910 (time=9.1), 0.474514 s/step
Meep progress: 9.19/20.0 = 45.9% done in 477.5s, 561.7s to go
on time step 919 (time=9.19), 0.473877 s/step
Meep progress: 9.28/20.0 = 46.4% done in 481.8s, 556.5s to go
on time step 928 (time=9.28), 0.474981 s/step
Meep progress: 9.370000000000001/20.0 = 46.9% done in 486.0s, 551.4s to go
on time step 937 (time=9.37), 0.473836 s/step
Meep progress: 9.46/20.0 = 47.3% done in 490.3s, 546.3s to go
on time step 946 (time=9.46), 0.474959 s/step
Meep progress: 9.55/20.0 = 47.8% done in 494.6s, 541.2s to go
on time step 955 (time=9.55), 0.473552 s/step
Meep progress: 9.64/20.0 = 48.2% done in 498.8s, 536.1s to go
on time step 964 (time=9.64), 0.473917 s/step
Meep progress: 9.73/20.0 = 48.6% done in 503.1s, 531.0s to go
on time step 973 (time=9.73), 0.474792 s/step
Meep progress: 9.82/20.0 = 49.1% done in 507.4s, 526.0s to go
on time step 982 (time=9.82), 0.474143 s/step
Meep progress: 9.91/20.0 = 49.5% done in 511.7s, 520.9s to go
on time step 991 (time=9.91), 0.475162 s/step
Meep progress: 10.0/20.0 = 50.0% done in 515.9s, 515.9s to go
on time step 1000 (time=10), 0.473993 s/step
Meep progress: 10.09/20.0 = 50.4% done in 520.2s, 510.9s to go
on time step 1009 (time=10.09), 0.473414 s/step
Meep progress: 10.18/20.0 = 50.9% done in 524.5s, 505.9s to go
on time step 1018 (time=10.18), 0.474863 s/step
Meep progress: 10.27/20.0 = 51.3% done in 528.7s, 500.9s to go
on time step 1027 (time=10.27), 0.474096 s/step
Meep progress: 10.36/20.0 = 51.8% done in 533.0s, 496.0s to go
on time step 1036 (time=10.36), 0.47553 s/step
Meep progress: 10.450000000000001/20.0 = 52.2% done in 537.3s, 491.0s to go
on time step 1045 (time=10.45), 0.473287 s/step
Meep progress: 10.540000000000001/20.0 = 52.7% done in 541.5s, 486.0s to go
on time step 1054 (time=10.54), 0.474435 s/step
Meep progress: 10.63/20.0 = 53.1% done in 545.8s, 481.1s to go
on time step 1063 (time=10.63), 0.47429 s/step
Meep progress: 10.72/20.0 = 53.6% done in 550.1s, 476.2s to go
on time step 1072 (time=10.72), 0.473959 s/step
Meep progress: 10.81/20.0 = 54.0% done in 554.3s, 471.3s to go
on time step 1081 (time=10.81), 0.474876 s/step
Meep progress: 10.9/20.0 = 54.5% done in 558.6s, 466.4s to go
on time step 1090 (time=10.9), 0.473778 s/step
Meep progress: 10.99/20.0 = 54.9% done in 562.9s, 461.5s to go
on time step 1099 (time=10.99), 0.473692 s/step
Meep progress: 11.08/20.0 = 55.4% done in 567.1s, 456.6s to go
on time step 1108 (time=11.08), 0.473916 s/step
Meep progress: 11.17/20.0 = 55.8% done in 571.4s, 451.7s to go
on time step 1117 (time=11.17), 0.474798 s/step
Meep progress: 11.26/20.0 = 56.3% done in 575.7s, 446.8s to go
on time step 1126 (time=11.26), 0.474665 s/step
Meep progress: 11.35/20.0 = 56.7% done in 579.9s, 442.0s to go
on time step 1135 (time=11.35), 0.473749 s/step
Meep progress: 11.44/20.0 = 57.2% done in 584.2s, 437.1s to go
on time step 1144 (time=11.44), 0.47416 s/step
Meep progress: 11.53/20.0 = 57.6% done in 588.5s, 432.3s to go
on time step 1153 (time=11.53), 0.473872 s/step
Meep progress: 11.620000000000001/20.0 = 58.1% done in 592.7s, 427.5s to go
on time step 1162 (time=11.62), 0.47494 s/step
Meep progress: 11.71/20.0 = 58.6% done in 597.0s, 422.7s to go
on time step 1171 (time=11.71), 0.4748 s/step
Meep progress: 11.8/20.0 = 59.0% done in 601.3s, 417.8s to go
on time step 1180 (time=11.8), 0.474194 s/step
Meep progress: 11.89/20.0 = 59.5% done in 605.6s, 413.0s to go
on time step 1189 (time=11.89), 0.473832 s/step
Meep progress: 11.98/20.0 = 59.9% done in 609.8s, 408.2s to go
on time step 1198 (time=11.98), 0.474833 s/step
Meep progress: 12.07/20.0 = 60.4% done in 614.1s, 403.5s to go
on time step 1207 (time=12.07), 0.474545 s/step
Meep progress: 12.16/20.0 = 60.8% done in 618.4s, 398.7s to go
on time step 1216 (time=12.16), 0.474576 s/step
Meep progress: 12.25/20.0 = 61.2% done in 622.6s, 393.9s to go
on time step 1225 (time=12.25), 0.474328 s/step
Meep progress: 12.34/20.0 = 61.7% done in 626.9s, 389.1s to go
on time step 1234 (time=12.34), 0.473588 s/step
Meep progress: 12.43/20.0 = 62.1% done in 631.2s, 384.4s to go
on time step 1243 (time=12.43), 0.473813 s/step
Meep progress: 12.52/20.0 = 62.6% done in 635.4s, 379.6s to go
on time step 1252 (time=12.52), 0.475304 s/step
Meep progress: 12.61/20.0 = 63.0% done in 639.7s, 374.9s to go
on time step 1261 (time=12.61), 0.47443 s/step
Meep progress: 12.700000000000001/20.0 = 63.5% done in 644.0s, 370.2s to go
on time step 1270 (time=12.7), 0.47414 s/step
Meep progress: 12.790000000000001/20.0 = 64.0% done in 648.2s, 365.4s to go
on time step 1279 (time=12.79), 0.473402 s/step
Meep progress: 12.88/20.0 = 64.4% done in 652.5s, 360.7s to go
on time step 1288 (time=12.88), 0.475162 s/step
Meep progress: 12.97/20.0 = 64.8% done in 656.8s, 356.0s to go
on time step 1297 (time=12.97), 0.473988 s/step
Meep progress: 13.06/20.0 = 65.3% done in 661.1s, 351.3s to go
on time step 1306 (time=13.06), 0.474272 s/step
Meep progress: 13.15/20.0 = 65.8% done in 665.3s, 346.6s to go
on time step 1315 (time=13.15), 0.474897 s/step
Meep progress: 13.24/20.0 = 66.2% done in 669.6s, 341.9s to go
on time step 1324 (time=13.24), 0.474193 s/step
Meep progress: 13.33/20.0 = 66.6% done in 673.9s, 337.2s to go
on time step 1333 (time=13.33), 0.474843 s/step
Meep progress: 13.42/20.0 = 67.1% done in 678.1s, 332.5s to go
on time step 1342 (time=13.42), 0.473884 s/step
Meep progress: 13.51/20.0 = 67.5% done in 682.4s, 327.8s to go
on time step 1351 (time=13.51), 0.475017 s/step
Meep progress: 13.6/20.0 = 68.0% done in 686.7s, 323.1s to go
on time step 1360 (time=13.6), 0.473598 s/step
Meep progress: 13.69/20.0 = 68.4% done in 690.9s, 318.5s to go
on time step 1369 (time=13.69), 0.47335 s/step
Meep progress: 13.780000000000001/20.0 = 68.9% done in 695.2s, 313.8s to go
on time step 1378 (time=13.78), 0.4753 s/step
Meep progress: 13.870000000000001/20.0 = 69.3% done in 699.5s, 309.1s to go
on time step 1387 (time=13.87), 0.473913 s/step
Meep progress: 13.96/20.0 = 69.8% done in 703.8s, 304.5s to go
on time step 1396 (time=13.96), 0.474905 s/step
Meep progress: 14.05/20.0 = 70.2% done in 708.0s, 299.8s to go
on time step 1405 (time=14.05), 0.473471 s/step
Meep progress: 14.14/20.0 = 70.7% done in 712.3s, 295.2s to go
on time step 1414 (time=14.14), 0.474315 s/step
Meep progress: 14.23/20.0 = 71.1% done in 716.5s, 290.5s to go
on time step 1423 (time=14.23), 0.473856 s/step
Meep progress: 14.32/20.0 = 71.6% done in 720.8s, 285.9s to go
on time step 1432 (time=14.32), 0.473876 s/step
Meep progress: 14.41/20.0 = 72.0% done in 725.1s, 281.3s to go
on time step 1441 (time=14.41), 0.474892 s/step
Meep progress: 14.5/20.0 = 72.5% done in 729.4s, 276.7s to go
on time step 1450 (time=14.5), 0.473678 s/step
Meep progress: 14.59/20.0 = 72.9% done in 733.6s, 272.0s to go
on time step 1459 (time=14.59), 0.474031 s/step
Meep progress: 14.68/20.0 = 73.4% done in 737.9s, 267.4s to go
on time step 1468 (time=14.68), 0.474898 s/step
Meep progress: 14.77/20.0 = 73.8% done in 742.2s, 262.8s to go
on time step 1477 (time=14.77), 0.473934 s/step
Meep progress: 14.86/20.0 = 74.3% done in 746.4s, 258.2s to go
on time step 1486 (time=14.86), 0.47488 s/step
Meep progress: 14.950000000000001/20.0 = 74.8% done in 750.7s, 253.6s to go
on time step 1495 (time=14.95), 0.473531 s/step
Meep progress: 15.040000000000001/20.0 = 75.2% done in 755.0s, 249.0s to go
on time step 1504 (time=15.04), 0.475988 s/step
Meep progress: 15.13/20.0 = 75.7% done in 759.2s, 244.4s to go
on time step 1513 (time=15.13), 0.474125 s/step
Meep progress: 15.22/20.0 = 76.1% done in 763.5s, 239.8s to go
on time step 1522 (time=15.22), 0.474681 s/step
Meep progress: 15.31/20.0 = 76.5% done in 767.8s, 235.2s to go
on time step 1531 (time=15.31), 0.474473 s/step
Meep progress: 15.4/20.0 = 77.0% done in 772.1s, 230.6s to go
on time step 1540 (time=15.4), 0.473665 s/step
Meep progress: 15.49/20.0 = 77.5% done in 776.3s, 226.0s to go
on time step 1549 (time=15.49), 0.474264 s/step
Meep progress: 15.58/20.0 = 77.9% done in 780.6s, 221.5s to go
on time step 1558 (time=15.58), 0.474476 s/step
Meep progress: 15.67/20.0 = 78.3% done in 784.9s, 216.9s to go
on time step 1567 (time=15.67), 0.475028 s/step
Meep progress: 15.76/20.0 = 78.8% done in 789.1s, 212.3s to go
on time step 1576 (time=15.76), 0.47433 s/step
Meep progress: 15.85/20.0 = 79.2% done in 793.4s, 207.7s to go
on time step 1585 (time=15.85), 0.474241 s/step
Meep progress: 15.94/20.0 = 79.7% done in 797.7s, 203.2s to go
on time step 1594 (time=15.94), 0.473762 s/step
Meep progress: 16.03/20.0 = 80.2% done in 801.9s, 198.6s to go
on time step 1603 (time=16.03), 0.474041 s/step
Meep progress: 16.12/20.0 = 80.6% done in 806.2s, 194.0s to go
on time step 1612 (time=16.12), 0.474335 s/step
Meep progress: 16.21/20.0 = 81.0% done in 810.5s, 189.5s to go
on time step 1621 (time=16.21), 0.474137 s/step
Meep progress: 16.3/20.0 = 81.5% done in 814.7s, 184.9s to go
on time step 1630 (time=16.3), 0.474821 s/step
Meep progress: 16.39/20.0 = 82.0% done in 819.0s, 180.4s to go
on time step 1639 (time=16.39), 0.473305 s/step
Meep progress: 16.48/20.0 = 82.4% done in 823.3s, 175.8s to go
on time step 1648 (time=16.48), 0.474903 s/step
Meep progress: 16.57/20.0 = 82.8% done in 827.5s, 171.3s to go
on time step 1657 (time=16.57), 0.473936 s/step
Meep progress: 16.66/20.0 = 83.3% done in 831.8s, 166.8s to go
on time step 1666 (time=16.66), 0.475102 s/step
Meep progress: 16.75/20.0 = 83.8% done in 836.1s, 162.2s to go
on time step 1675 (time=16.75), 0.474287 s/step
Meep progress: 16.84/20.0 = 84.2% done in 840.3s, 157.7s to go
on time step 1684 (time=16.84), 0.473344 s/step
Meep progress: 16.93/20.0 = 84.6% done in 844.6s, 153.2s to go
on time step 1693 (time=16.93), 0.474659 s/step
Meep progress: 17.02/20.0 = 85.1% done in 848.9s, 148.6s to go
on time step 1702 (time=17.02), 0.474141 s/step
Meep progress: 17.11/20.0 = 85.5% done in 853.2s, 144.1s to go
on time step 1711 (time=17.11), 0.474254 s/step
Meep progress: 17.2/20.0 = 86.0% done in 857.4s, 139.6s to go
on time step 1720 (time=17.2), 0.474634 s/step
Meep progress: 17.29/20.0 = 86.4% done in 861.7s, 135.1s to go
on time step 1729 (time=17.29), 0.473213 s/step
Meep progress: 17.38/20.0 = 86.9% done in 866.0s, 130.5s to go
on time step 1738 (time=17.38), 0.475329 s/step
Meep progress: 17.47/20.0 = 87.3% done in 870.2s, 126.0s to go
on time step 1747 (time=17.47), 0.473989 s/step
Meep progress: 17.56/20.0 = 87.8% done in 874.5s, 121.5s to go
on time step 1756 (time=17.56), 0.475681 s/step
Meep progress: 17.650000000000002/20.0 = 88.2% done in 878.8s, 117.0s to go
on time step 1765 (time=17.65), 0.473759 s/step
Meep progress: 17.740000000000002/20.0 = 88.7% done in 883.0s, 112.5s to go
on time step 1774 (time=17.74), 0.473471 s/step
Meep progress: 17.830000000000002/20.0 = 89.2% done in 887.3s, 108.0s to go
on time step 1783 (time=17.83), 0.474917 s/step
Meep progress: 17.92/20.0 = 89.6% done in 891.6s, 103.5s to go
on time step 1792 (time=17.92), 0.473907 s/step
Meep progress: 18.01/20.0 = 90.0% done in 895.9s, 99.0s to go
on time step 1801 (time=18.01), 0.475395 s/step
Meep progress: 18.1/20.0 = 90.5% done in 900.1s, 94.5s to go
on time step 1810 (time=18.1), 0.473366 s/step
Meep progress: 18.19/20.0 = 91.0% done in 904.4s, 90.0s to go
on time step 1819 (time=18.19), 0.474266 s/step
Meep progress: 18.28/20.0 = 91.4% done in 908.7s, 85.5s to go
on time step 1828 (time=18.28), 0.474141 s/step
Meep progress: 18.37/20.0 = 91.8% done in 912.9s, 81.0s to go
on time step 1837 (time=18.37), 0.474129 s/step
Meep progress: 18.46/20.0 = 92.3% done in 917.2s, 76.5s to go
on time step 1846 (time=18.46), 0.474835 s/step
Meep progress: 18.55/20.0 = 92.8% done in 921.5s, 72.0s to go
on time step 1855 (time=18.55), 0.473611 s/step
Meep progress: 18.64/20.0 = 93.2% done in 925.7s, 67.5s to go
on time step 1864 (time=18.64), 0.474321 s/step
Meep progress: 18.73/20.0 = 93.6% done in 930.0s, 63.1s to go
on time step 1873 (time=18.73), 0.474001 s/step
Meep progress: 18.82/20.0 = 94.1% done in 934.3s, 58.6s to go
on time step 1882 (time=18.82), 0.474923 s/step
Meep progress: 18.91/20.0 = 94.5% done in 938.5s, 54.1s to go
on time step 1891 (time=18.91), 0.474479 s/step
Meep progress: 19.0/20.0 = 95.0% done in 942.8s, 49.6s to go
on time step 1900 (time=19), 0.473365 s/step
Meep progress: 19.09/20.0 = 95.4% done in 947.1s, 45.1s to go
on time step 1909 (time=19.09), 0.473613 s/step
Meep progress: 19.18/20.0 = 95.9% done in 951.4s, 40.7s to go
on time step 1918 (time=19.18), 0.479033 s/step
Meep progress: 19.27/20.0 = 96.3% done in 955.6s, 36.2s to go
on time step 1927 (time=19.27), 0.474998 s/step
Meep progress: 19.36/20.0 = 96.8% done in 959.9s, 31.7s to go
on time step 1936 (time=19.36), 0.474481 s/step
Meep progress: 19.45/20.0 = 97.2% done in 964.2s, 27.3s to go
on time step 1945 (time=19.45), 0.474271 s/step
Meep progress: 19.54/20.0 = 97.7% done in 968.5s, 22.8s to go
on time step 1954 (time=19.54), 0.474341 s/step
Meep progress: 19.63/20.0 = 98.1% done in 972.7s, 18.3s to go
on time step 1963 (time=19.63), 0.474153 s/step
Meep progress: 19.72/20.0 = 98.6% done in 977.0s, 13.9s to go
on time step 1972 (time=19.72), 0.475288 s/step
Meep progress: 19.81/20.0 = 99.0% done in 981.3s, 9.4s to go
on time step 1981 (time=19.81), 0.473897 s/step
Meep progress: 19.900000000000002/20.0 = 99.5% done in 985.5s, 5.0s to go
on time step 1990 (time=19.9), 0.474802 s/step
Meep progress: 19.990000000000002/20.0 = 100.0% done in 989.8s, 0.5s to go
on time step 1999 (time=19.99), 0.472874 s/step
run 0 finished at t = 20.0 (2000 timesteps)


**********


Flux: 3.8463924299356784
Transmittance: 0.253868
Reflectance: -0.001199
Absorption: 0.7461317927761186 over 7.8999999999999995 um
lambda = 0.005762469479945897 mm
Saved Sim8a_Eps_B.png
Saved Sim8a_Ez_B.png
Saved Sim8a_Pwr0_B.png
Saved Sim8a_Pwr1_B.png
Saved Sim8a_Pwr2_B.png
Saved Sim8a_Ez_CS_B.png


**********


Program finished.

Elapsed run time = 2384.7754 s
