Using MPI version 3.1, 14 processes
File prefix: Sim7a
Duration: 12
Resolution: 100
Dimensions: 6 um, 4 um, 4 um
Wavelength: 1.55 um
Fiber thickness: 1 um
Absorber dimensions: 3.9000000000000004 um, 0.05 um
Absorber center: 0.05 um, 0.025 um, 0 um
Absorber n: 1.4772, k: 7.55
Absorber compensation for thickness: 5


**********


-----------
Initializing structure...
Halving computational cell along direction z
Splitting into 12 chunks evenly
time for choose_chunkdivision = 0.0581859 s
Working in 3D dimensions.
Computational cell is 6 x 4 x 4 with resolution 100
     cylinder, center = (0,-0.025,0)
          radius 0.5, height 1e+20, axis (1, 0, 0)
          dielectric constant epsilon diagonal = (1.444,1.444,1.444)
subpixel-averaging is 4.44879% done, 90.0254 s remaining
subpixel-averaging is 8.39213% done, 43.8231 s remaining
subpixel-averaging is 13.1444% done, 26.4442 s remaining
subpixel-averaging is 17.9977% done, 18.7944 s remaining
subpixel-averaging is 22.1433% done, 14.1435 s remaining
subpixel-averaging is 26.8955% done, 11.1656 s remaining
subpixel-averaging is 31.6477% done, 8.66866 s remaining
subpixel-averaging is 36.501% done, 7.16775 s remaining
subpixel-averaging is 40.6466% done, 5.92502 s remaining
subpixel-averaging is 45.3988% done, 4.94723 s remaining
subpixel-averaging is 50.2522% done, 4.1712 s remaining
subpixel-averaging is 55.1055% done, 3.41585 s remaining
subpixel-averaging is 59.9588% done, 2.76389 s remaining
subpixel-averaging is 64.1044% done, 2.28284 s remaining
subpixel-averaging is 68.8566% done, 1.86744 s remaining
subpixel-averaging is 73.6089% done, 1.43653 s remaining
subpixel-averaging is 78.4622% done, 1.1448 s remaining
subpixel-averaging is 82.6078% done, 0.866888 s remaining
subpixel-averaging is 87.2589% done, 0.584099 s remaining
subpixel-averaging is 92.1122% done, 0.359301 s remaining
subpixel-averaging is 96.9656% done, 0.12834 s remaining
subpixel-averaging is 4.65101% done, 85.2904 s remaining
subpixel-averaging is 9.40324% done, 39.6089 s remaining
subpixel-averaging is 14.2566% done, 25.1685 s remaining
subpixel-averaging is 18.301% done, 18.2182 s remaining
subpixel-averaging is 23.0533% done, 13.7329 s remaining
subpixel-averaging is 27.9066% done, 10.9262 s remaining
subpixel-averaging is 32.0522% done, 8.50699 s remaining
subpixel-averaging is 36.7033% done, 7.02013 s remaining
subpixel-averaging is 41.4555% done, 5.67796 s remaining
subpixel-averaging is 45.6011% done, 4.88502 s remaining
subpixel-averaging is 50.2522% done, 3.98676 s remaining
subpixel-averaging is 55.0044% done, 3.27554 s remaining
subpixel-averaging is 59.0488% done, 2.78962 s remaining
subpixel-averaging is 63.8011% done, 2.3497 s remaining
subpixel-averaging is 68.6544% done, 1.93947 s remaining
subpixel-averaging is 73.5078% done, 1.49492 s remaining
subpixel-averaging is 77.5522% done, 1.1862 s remaining
subpixel-averaging is 82.3044% done, 0.885524 s remaining
subpixel-averaging is 87.1578% done, 0.628696 s remaining
subpixel-averaging is 91.3033% done, 0.383087 s remaining
subpixel-averaging is 95.9544% done, 0.171501 s remaining
subpixel-averaging is 4.75213% done, 81.5084 s remaining
subpixel-averaging is 9.60546% done, 38.4158 s remaining
subpixel-averaging is 14.4588% done, 24.0005 s remaining
subpixel-averaging is 19.3121% done, 16.8903 s remaining
subpixel-averaging is 24.2666% done, 13.1519 s remaining
subpixel-averaging is 29.221% done, 10.2088 s remaining
subpixel-averaging is 34.0744% done, 7.76495 s remaining
subpixel-averaging is 39.0288% done, 6.58682 s remaining
subpixel-averaging is 43.9833% done, 5.40336 s remaining
subpixel-averaging is 48.9377% done, 4.40285 s remaining
subpixel-averaging is 53.8922% done, 3.62936 s remaining
subpixel-averaging is 58.8466% done, 2.94877 s remaining
subpixel-averaging is 63.8011% done, 2.40369 s remaining
subpixel-averaging is 68.7555% done, 1.91623 s remaining
subpixel-averaging is 73.71% done, 1.50166 s remaining
subpixel-averaging is 78.5633% done, 1.10063 s remaining
subpixel-averaging is 83.5178% done, 0.832681 s remaining
subpixel-averaging is 88.4722% done, 0.552689 s remaining
subpixel-averaging is 93.4267% done, 0.296762 s remaining
subpixel-averaging is 98.28% done, 0.070249 s remaining
time for set_epsilon = 269.749 s
-----------
MPB solved for omega_1(0.775268,0,0) = 0.734355 after 18 iters
MPB solved for omega_1(0.674838,0,0) = 0.643928 after 9 iters
MPB solved for omega_1(0.676189,0,0) = 0.645161 after 6 iters
MPB solved for omega_1(0.676189,0,0) = 0.645161 after 1 iters
creating output file "./main-eps-000000000.h5"...
creating output file "./main-ez_z0.h5"...
Meep progress: 0.005/12.0 = 0.0% done in 51.2s, 122846.8s to go
on time step 1 (time=0.005), 47.5006 s/step
Meep progress: 0.04/12.0 = 0.3% done in 55.4s, 16575.6s to go
on time step 8 (time=0.04), 0.604178 s/step
Meep progress: 0.075/12.0 = 0.6% done in 59.7s, 9490.8s to go
on time step 15 (time=0.075), 0.607646 s/step
Meep progress: 0.11/12.0 = 0.9% done in 63.9s, 6910.5s to go
on time step 22 (time=0.11), 0.605933 s/step
Meep progress: 0.145/12.0 = 1.2% done in 68.2s, 5573.3s to go
on time step 29 (time=0.145), 0.605076 s/step
Meep progress: 0.18/12.0 = 1.5% done in 72.4s, 4754.5s to go
on time step 36 (time=0.18), 0.604935 s/step
Meep progress: 0.215/12.0 = 1.8% done in 76.6s, 4201.1s to go
on time step 43 (time=0.215), 0.60563 s/step
Meep progress: 0.25/12.0 = 2.1% done in 80.9s, 3801.7s to go
on time step 50 (time=0.25), 0.606171 s/step
Meep progress: 0.28500000000000003/12.0 = 2.4% done in 85.1s, 3498.2s to go
on time step 57 (time=0.285), 0.602471 s/step
Meep progress: 0.32/12.0 = 2.7% done in 89.3s, 3260.8s to go
on time step 64 (time=0.32), 0.604943 s/step
Meep progress: 0.355/12.0 = 3.0% done in 93.6s, 3069.5s to go
on time step 71 (time=0.355), 0.605084 s/step
Meep progress: 0.39/12.0 = 3.3% done in 97.8s, 2911.4s to go
on time step 78 (time=0.39), 0.603765 s/step
Meep progress: 0.425/12.0 = 3.5% done in 102.0s, 2779.2s to go
on time step 85 (time=0.425), 0.606137 s/step
Meep progress: 0.46/12.0 = 3.8% done in 106.3s, 2666.1s to go
on time step 92 (time=0.46), 0.604487 s/step
Meep progress: 0.495/12.0 = 4.1% done in 110.5s, 2568.5s to go
on time step 99 (time=0.495), 0.604803 s/step
Meep progress: 0.53/12.0 = 4.4% done in 114.7s, 2483.2s to go
on time step 106 (time=0.53), 0.604467 s/step
Meep progress: 0.5650000000000001/12.0 = 4.7% done in 119.0s, 2408.2s to go
on time step 113 (time=0.565), 0.606704 s/step
Meep progress: 0.6/12.0 = 5.0% done in 123.2s, 2341.4s to go
on time step 120 (time=0.6), 0.606101 s/step
Meep progress: 0.635/12.0 = 5.3% done in 127.4s, 2281.0s to go
on time step 127 (time=0.635), 0.602474 s/step
Meep progress: 0.67/12.0 = 5.6% done in 131.7s, 2226.9s to go
on time step 134 (time=0.67), 0.605518 s/step
Meep progress: 0.705/12.0 = 5.9% done in 135.9s, 2177.8s to go
on time step 141 (time=0.705), 0.605896 s/step
Meep progress: 0.74/12.0 = 6.2% done in 140.2s, 2132.8s to go
on time step 148 (time=0.74), 0.605239 s/step
Meep progress: 0.775/12.0 = 6.5% done in 144.4s, 2091.5s to go
on time step 155 (time=0.775), 0.604882 s/step
Meep progress: 0.81/12.0 = 6.8% done in 148.6s, 2053.3s to go
on time step 162 (time=0.81), 0.603892 s/step
Meep progress: 0.845/12.0 = 7.0% done in 152.9s, 2018.0s to go
on time step 169 (time=0.845), 0.605745 s/step
Meep progress: 0.88/12.0 = 7.3% done in 157.1s, 1985.2s to go
on time step 176 (time=0.88), 0.604539 s/step
Meep progress: 0.915/12.0 = 7.6% done in 161.3s, 1954.5s to go
on time step 183 (time=0.915), 0.604331 s/step
Meep progress: 0.9500000000000001/12.0 = 7.9% done in 165.6s, 1925.9s to go
on time step 190 (time=0.95), 0.606758 s/step
Meep progress: 0.985/12.0 = 8.2% done in 169.8s, 1898.8s to go
on time step 197 (time=0.985), 0.60333 s/step
Meep progress: 1.02/12.0 = 8.5% done in 174.0s, 1873.5s to go
on time step 204 (time=1.02), 0.605295 s/step
Meep progress: 1.055/12.0 = 8.8% done in 178.3s, 1849.5s to go
on time step 211 (time=1.055), 0.604768 s/step
Meep progress: 1.09/12.0 = 9.1% done in 182.5s, 1826.8s to go
on time step 218 (time=1.09), 0.605474 s/step
Meep progress: 1.125/12.0 = 9.4% done in 186.7s, 1805.2s to go
on time step 225 (time=1.125), 0.60485 s/step
Meep progress: 1.16/12.0 = 9.7% done in 191.0s, 1784.8s to go
on time step 232 (time=1.16), 0.60636 s/step
Meep progress: 1.195/12.0 = 10.0% done in 195.2s, 1765.2s to go
on time step 239 (time=1.195), 0.605703 s/step
Meep progress: 1.23/12.0 = 10.2% done in 199.5s, 1746.5s to go
on time step 246 (time=1.23), 0.604544 s/step
Meep progress: 1.2650000000000001/12.0 = 10.5% done in 203.7s, 1728.7s to go
on time step 253 (time=1.265), 0.605842 s/step
Meep progress: 1.3/12.0 = 10.8% done in 207.9s, 1711.6s to go
on time step 260 (time=1.3), 0.606308 s/step
Meep progress: 1.335/12.0 = 11.1% done in 212.2s, 1695.0s to go
on time step 267 (time=1.335), 0.603906 s/step
Meep progress: 1.37/12.0 = 11.4% done in 216.4s, 1679.1s to go
on time step 274 (time=1.37), 0.60419 s/step
Meep progress: 1.405/12.0 = 11.7% done in 220.6s, 1663.8s to go
on time step 281 (time=1.405), 0.604361 s/step
Meep progress: 1.44/12.0 = 12.0% done in 224.9s, 1649.2s to go
on time step 288 (time=1.44), 0.608094 s/step
Meep progress: 1.475/12.0 = 12.3% done in 229.2s, 1635.3s to go
on time step 295 (time=1.475), 0.612702 s/step
Meep progress: 1.51/12.0 = 12.6% done in 233.4s, 1621.5s to go
on time step 302 (time=1.51), 0.60499 s/step
Meep progress: 1.545/12.0 = 12.9% done in 237.6s, 1608.2s to go
on time step 309 (time=1.545), 0.604057 s/step
Meep progress: 1.58/12.0 = 13.2% done in 241.9s, 1595.2s to go
on time step 316 (time=1.58), 0.604595 s/step
Meep progress: 1.615/12.0 = 13.5% done in 246.1s, 1582.7s to go
on time step 323 (time=1.615), 0.606407 s/step
Meep progress: 1.6500000000000001/12.0 = 13.8% done in 250.4s, 1570.5s to go
on time step 330 (time=1.65), 0.606729 s/step
Meep progress: 1.685/12.0 = 14.0% done in 254.6s, 1558.6s to go
on time step 337 (time=1.685), 0.604824 s/step
Meep progress: 1.72/12.0 = 14.3% done in 258.9s, 1547.1s to go
on time step 344 (time=1.72), 0.606385 s/step
Meep progress: 1.7550000000000001/12.0 = 14.6% done in 263.1s, 1535.8s to go
on time step 351 (time=1.755), 0.604081 s/step
Meep progress: 1.79/12.0 = 14.9% done in 267.3s, 1524.8s to go
on time step 358 (time=1.79), 0.605623 s/step
Meep progress: 1.825/12.0 = 15.2% done in 271.6s, 1514.0s to go
on time step 365 (time=1.825), 0.605545 s/step
Meep progress: 1.86/12.0 = 15.5% done in 275.8s, 1503.5s to go
on time step 372 (time=1.86), 0.604849 s/step
Meep progress: 1.895/12.0 = 15.8% done in 280.0s, 1493.2s to go
on time step 379 (time=1.895), 0.603397 s/step
Meep progress: 1.93/12.0 = 16.1% done in 284.2s, 1483.0s to go
on time step 386 (time=1.93), 0.60291 s/step
Meep progress: 1.965/12.0 = 16.4% done in 288.5s, 1473.2s to go
on time step 393 (time=1.965), 0.604142 s/step
Meep progress: 2.0/12.0 = 16.7% done in 292.7s, 1463.5s to go
on time step 400 (time=2), 0.604179 s/step
Meep progress: 2.035/12.0 = 17.0% done in 296.9s, 1454.0s to go
on time step 407 (time=2.035), 0.60355 s/step
Meep progress: 2.07/12.0 = 17.2% done in 301.2s, 1444.6s to go
on time step 414 (time=2.07), 0.604129 s/step
Meep progress: 2.105/12.0 = 17.5% done in 305.4s, 1435.5s to go
on time step 421 (time=2.105), 0.604385 s/step
Meep progress: 2.14/12.0 = 17.8% done in 309.6s, 1426.6s to go
on time step 428 (time=2.14), 0.605 s/step
Meep progress: 2.1750000000000003/12.0 = 18.1% done in 313.8s, 1417.7s to go
on time step 435 (time=2.175), 0.604287 s/step
Meep progress: 2.21/12.0 = 18.4% done in 318.1s, 1409.1s to go
on time step 442 (time=2.21), 0.604972 s/step
Meep progress: 2.245/12.0 = 18.7% done in 322.3s, 1400.5s to go
on time step 449 (time=2.245), 0.604053 s/step
Meep progress: 2.2800000000000002/12.0 = 19.0% done in 326.5s, 1392.1s to go
on time step 456 (time=2.28), 0.604982 s/step
Meep progress: 2.315/12.0 = 19.3% done in 330.8s, 1383.8s to go
on time step 463 (time=2.315), 0.605 s/step
Meep progress: 2.35/12.0 = 19.6% done in 335.0s, 1375.7s to go
on time step 470 (time=2.35), 0.605142 s/step
Meep progress: 2.3850000000000002/12.0 = 19.9% done in 339.2s, 1367.6s to go
on time step 477 (time=2.385), 0.603837 s/step
Meep progress: 2.42/12.0 = 20.2% done in 343.5s, 1359.7s to go
on time step 484 (time=2.42), 0.603655 s/step
Meep progress: 2.455/12.0 = 20.5% done in 347.7s, 1351.9s to go
on time step 491 (time=2.455), 0.604513 s/step
Meep progress: 2.49/12.0 = 20.8% done in 351.9s, 1344.1s to go
on time step 498 (time=2.49), 0.602907 s/step
Meep progress: 2.525/12.0 = 21.0% done in 356.2s, 1336.5s to go
on time step 505 (time=2.525), 0.605301 s/step
Meep progress: 2.56/12.0 = 21.3% done in 360.4s, 1329.0s to go
on time step 512 (time=2.56), 0.60572 s/step
Meep progress: 2.595/12.0 = 21.6% done in 364.6s, 1321.5s to go
on time step 519 (time=2.595), 0.603686 s/step
Meep progress: 2.63/12.0 = 21.9% done in 368.9s, 1314.2s to go
on time step 526 (time=2.63), 0.605567 s/step
Meep progress: 2.665/12.0 = 22.2% done in 373.1s, 1306.9s to go
on time step 533 (time=2.665), 0.603865 s/step
Meep progress: 2.7/12.0 = 22.5% done in 377.3s, 1299.7s to go
on time step 540 (time=2.7), 0.60572 s/step
Meep progress: 2.735/12.0 = 22.8% done in 381.6s, 1292.6s to go
on time step 547 (time=2.735), 0.604194 s/step
Meep progress: 2.77/12.0 = 23.1% done in 385.8s, 1285.5s to go
on time step 554 (time=2.77), 0.604401 s/step
Meep progress: 2.805/12.0 = 23.4% done in 390.0s, 1278.5s to go
on time step 561 (time=2.805), 0.604742 s/step
Meep progress: 2.84/12.0 = 23.7% done in 394.2s, 1271.6s to go
on time step 568 (time=2.84), 0.603192 s/step
Meep progress: 2.875/12.0 = 24.0% done in 398.5s, 1264.7s to go
on time step 575 (time=2.875), 0.604417 s/step
Meep progress: 2.91/12.0 = 24.3% done in 402.7s, 1258.0s to go
on time step 582 (time=2.91), 0.604836 s/step
Meep progress: 2.945/12.0 = 24.5% done in 406.9s, 1251.2s to go
on time step 589 (time=2.945), 0.60362 s/step
Meep progress: 2.98/12.0 = 24.8% done in 411.2s, 1244.6s to go
on time step 596 (time=2.98), 0.606252 s/step
Meep progress: 3.015/12.0 = 25.1% done in 415.5s, 1238.1s to go
on time step 603 (time=3.015), 0.610964 s/step
Meep progress: 3.0500000000000003/12.0 = 25.4% done in 419.7s, 1231.6s to go
on time step 610 (time=3.05), 0.605419 s/step
Meep progress: 3.085/12.0 = 25.7% done in 423.9s, 1225.1s to go
on time step 617 (time=3.085), 0.60372 s/step
Meep progress: 3.12/12.0 = 26.0% done in 428.2s, 1218.6s to go
on time step 624 (time=3.12), 0.605095 s/step
Meep progress: 3.1550000000000002/12.0 = 26.3% done in 432.4s, 1212.2s to go
on time step 631 (time=3.155), 0.604384 s/step
Meep progress: 3.19/12.0 = 26.6% done in 436.6s, 1205.9s to go
on time step 638 (time=3.19), 0.604599 s/step
Meep progress: 3.225/12.0 = 26.9% done in 440.9s, 1199.6s to go
on time step 645 (time=3.225), 0.605289 s/step
Meep progress: 3.2600000000000002/12.0 = 27.2% done in 445.1s, 1193.3s to go
on time step 652 (time=3.26), 0.603822 s/step
Meep progress: 3.295/12.0 = 27.5% done in 449.3s, 1187.0s to go
on time step 659 (time=3.295), 0.604003 s/step
Meep progress: 3.33/12.0 = 27.8% done in 453.6s, 1180.9s to go
on time step 666 (time=3.33), 0.605584 s/step
Meep progress: 3.365/12.0 = 28.0% done in 457.8s, 1174.7s to go
on time step 673 (time=3.365), 0.604859 s/step
Meep progress: 3.4/12.0 = 28.3% done in 462.0s, 1168.7s to go
on time step 680 (time=3.4), 0.60634 s/step
Meep progress: 3.435/12.0 = 28.6% done in 466.2s, 1162.6s to go
on time step 687 (time=3.435), 0.601855 s/step
Meep progress: 3.47/12.0 = 28.9% done in 470.5s, 1156.6s to go
on time step 694 (time=3.47), 0.605738 s/step
Meep progress: 3.505/12.0 = 29.2% done in 474.7s, 1150.6s to go
on time step 701 (time=3.505), 0.605501 s/step
Meep progress: 3.54/12.0 = 29.5% done in 479.0s, 1144.6s to go
on time step 708 (time=3.54), 0.60388 s/step
Meep progress: 3.575/12.0 = 29.8% done in 483.2s, 1138.7s to go
on time step 715 (time=3.575), 0.605774 s/step
Meep progress: 3.61/12.0 = 30.1% done in 487.4s, 1132.8s to go
on time step 722 (time=3.61), 0.603655 s/step
Meep progress: 3.645/12.0 = 30.4% done in 491.7s, 1127.0s to go
on time step 729 (time=3.645), 0.604287 s/step
Meep progress: 3.68/12.0 = 30.7% done in 495.9s, 1121.1s to go
on time step 736 (time=3.68), 0.604818 s/step
Meep progress: 3.715/12.0 = 31.0% done in 500.1s, 1115.3s to go
on time step 743 (time=3.715), 0.605038 s/step
Meep progress: 3.75/12.0 = 31.2% done in 504.4s, 1109.6s to go
on time step 750 (time=3.75), 0.606276 s/step
Meep progress: 3.785/12.0 = 31.5% done in 508.6s, 1103.8s to go
on time step 757 (time=3.785), 0.601826 s/step
Meep progress: 3.8200000000000003/12.0 = 31.8% done in 512.8s, 1098.1s to go
on time step 764 (time=3.82), 0.605556 s/step
Meep progress: 3.855/12.0 = 32.1% done in 517.0s, 1092.4s to go
on time step 771 (time=3.855), 0.603867 s/step
Meep progress: 3.89/12.0 = 32.4% done in 521.3s, 1086.8s to go
on time step 778 (time=3.89), 0.60479 s/step
Meep progress: 3.9250000000000003/12.0 = 32.7% done in 525.5s, 1081.1s to go
on time step 785 (time=3.925), 0.604467 s/step
Meep progress: 3.96/12.0 = 33.0% done in 529.7s, 1075.5s to go
on time step 792 (time=3.96), 0.604024 s/step
Meep progress: 3.995/12.0 = 33.3% done in 534.0s, 1070.0s to go
on time step 799 (time=3.995), 0.605518 s/step
Meep progress: 4.03/12.0 = 33.6% done in 538.2s, 1064.4s to go
on time step 806 (time=4.03), 0.604491 s/step
Meep progress: 4.065/12.0 = 33.9% done in 542.4s, 1058.9s to go
on time step 813 (time=4.065), 0.604728 s/step
Meep progress: 4.1/12.0 = 34.2% done in 546.7s, 1053.4s to go
on time step 820 (time=4.1), 0.60512 s/step
Meep progress: 4.135/12.0 = 34.5% done in 550.9s, 1047.8s to go
on time step 827 (time=4.135), 0.603108 s/step
Meep progress: 4.17/12.0 = 34.8% done in 555.1s, 1042.4s to go
on time step 834 (time=4.17), 0.606489 s/step
Meep progress: 4.205/12.0 = 35.0% done in 559.4s, 1036.9s to go
on time step 841 (time=4.205), 0.603416 s/step
Meep progress: 4.24/12.0 = 35.3% done in 563.6s, 1031.5s to go
on time step 848 (time=4.24), 0.604423 s/step
Meep progress: 4.275/12.0 = 35.6% done in 567.8s, 1026.1s to go
on time step 855 (time=4.275), 0.603326 s/step
Meep progress: 4.3100000000000005/12.0 = 35.9% done in 572.1s, 1020.7s to go
on time step 862 (time=4.31), 0.604522 s/step
Meep progress: 4.345/12.0 = 36.2% done in 576.3s, 1015.3s to go
on time step 869 (time=4.345), 0.604383 s/step
Meep progress: 4.38/12.0 = 36.5% done in 580.5s, 1009.9s to go
on time step 876 (time=4.38), 0.604482 s/step
Meep progress: 4.415/12.0 = 36.8% done in 584.8s, 1004.6s to go
on time step 883 (time=4.415), 0.604347 s/step
Meep progress: 4.45/12.0 = 37.1% done in 589.0s, 999.3s to go
on time step 890 (time=4.45), 0.605955 s/step
Meep progress: 4.485/12.0 = 37.4% done in 593.2s, 994.0s to go
on time step 897 (time=4.485), 0.602259 s/step
Meep progress: 4.5200000000000005/12.0 = 37.7% done in 597.4s, 988.7s to go
on time step 904 (time=4.52), 0.605465 s/step
Meep progress: 4.555/12.0 = 38.0% done in 601.7s, 983.4s to go
on time step 911 (time=4.555), 0.604416 s/step
Meep progress: 4.59/12.0 = 38.2% done in 605.9s, 978.2s to go
on time step 918 (time=4.59), 0.603994 s/step
Meep progress: 4.625/12.0 = 38.5% done in 610.1s, 972.9s to go
on time step 925 (time=4.625), 0.604751 s/step
Meep progress: 4.66/12.0 = 38.8% done in 614.4s, 967.7s to go
on time step 932 (time=4.66), 0.605121 s/step
Meep progress: 4.695/12.0 = 39.1% done in 618.6s, 962.5s to go
on time step 939 (time=4.695), 0.605135 s/step
Meep progress: 4.73/12.0 = 39.4% done in 622.8s, 957.3s to go
on time step 946 (time=4.73), 0.604281 s/step
Meep progress: 4.765/12.0 = 39.7% done in 627.1s, 952.1s to go
on time step 953 (time=4.765), 0.605121 s/step
Meep progress: 4.8/12.0 = 40.0% done in 631.3s, 947.0s to go
on time step 960 (time=4.8), 0.605998 s/step
Meep progress: 4.835/12.0 = 40.3% done in 635.6s, 941.8s to go
on time step 967 (time=4.835), 0.604415 s/step
Meep progress: 4.87/12.0 = 40.6% done in 639.8s, 936.7s to go
on time step 974 (time=4.87), 0.604433 s/step
Meep progress: 4.905/12.0 = 40.9% done in 644.0s, 931.6s to go
on time step 981 (time=4.905), 0.604506 s/step
Meep progress: 4.94/12.0 = 41.2% done in 648.3s, 926.5s to go
on time step 988 (time=4.94), 0.605567 s/step
Meep progress: 4.9750000000000005/12.0 = 41.5% done in 652.5s, 921.3s to go
on time step 995 (time=4.975), 0.60387 s/step
Meep progress: 5.01/12.0 = 41.8% done in 656.7s, 916.3s to go
on time step 1002 (time=5.01), 0.605793 s/step
Meep progress: 5.045/12.0 = 42.0% done in 661.0s, 911.2s to go
on time step 1009 (time=5.045), 0.604551 s/step
Meep progress: 5.08/12.0 = 42.3% done in 665.2s, 906.1s to go
on time step 1016 (time=5.08), 0.604489 s/step
Meep progress: 5.115/12.0 = 42.6% done in 669.4s, 901.1s to go
on time step 1023 (time=5.115), 0.604854 s/step
Meep progress: 5.15/12.0 = 42.9% done in 673.7s, 896.0s to go
on time step 1030 (time=5.15), 0.605271 s/step
Meep progress: 5.1850000000000005/12.0 = 43.2% done in 677.9s, 891.0s to go
on time step 1037 (time=5.185), 0.603703 s/step
Meep progress: 5.22/12.0 = 43.5% done in 682.1s, 886.0s to go
on time step 1044 (time=5.22), 0.604033 s/step
Meep progress: 5.255/12.0 = 43.8% done in 686.3s, 880.9s to go
on time step 1051 (time=5.255), 0.603266 s/step
Meep progress: 5.29/12.0 = 44.1% done in 690.6s, 875.9s to go
on time step 1058 (time=5.29), 0.604344 s/step
Meep progress: 5.325/12.0 = 44.4% done in 694.8s, 870.9s to go
on time step 1065 (time=5.325), 0.605006 s/step
Meep progress: 5.36/12.0 = 44.7% done in 699.0s, 866.0s to go
on time step 1072 (time=5.36), 0.606452 s/step
Meep progress: 5.3950000000000005/12.0 = 45.0% done in 703.3s, 861.0s to go
on time step 1079 (time=5.395), 0.603568 s/step
Meep progress: 5.43/12.0 = 45.2% done in 707.5s, 856.0s to go
on time step 1086 (time=5.43), 0.605382 s/step
Meep progress: 5.465/12.0 = 45.5% done in 711.7s, 851.1s to go
on time step 1093 (time=5.465), 0.604004 s/step
Meep progress: 5.5/12.0 = 45.8% done in 716.0s, 846.2s to go
on time step 1100 (time=5.5), 0.605999 s/step
Meep progress: 5.535/12.0 = 46.1% done in 720.2s, 841.2s to go
on time step 1107 (time=5.535), 0.60313 s/step
Meep progress: 5.57/12.0 = 46.4% done in 724.4s, 836.3s to go
on time step 1114 (time=5.57), 0.604167 s/step
Meep progress: 5.605/12.0 = 46.7% done in 728.7s, 831.4s to go
on time step 1121 (time=5.605), 0.604753 s/step
Meep progress: 5.64/12.0 = 47.0% done in 732.9s, 826.5s to go
on time step 1128 (time=5.64), 0.605257 s/step
Meep progress: 5.675/12.0 = 47.3% done in 737.1s, 821.6s to go
on time step 1135 (time=5.675), 0.603991 s/step
Meep progress: 5.71/12.0 = 47.6% done in 741.4s, 816.7s to go
on time step 1142 (time=5.71), 0.60563 s/step
Meep progress: 5.745/12.0 = 47.9% done in 745.6s, 811.8s to go
on time step 1149 (time=5.745), 0.605061 s/step
Meep progress: 5.78/12.0 = 48.2% done in 749.8s, 806.9s to go
on time step 1156 (time=5.78), 0.605543 s/step
Meep progress: 5.815/12.0 = 48.5% done in 754.1s, 802.0s to go
on time step 1163 (time=5.815), 0.603171 s/step
Meep progress: 5.8500000000000005/12.0 = 48.8% done in 758.3s, 797.2s to go
on time step 1170 (time=5.85), 0.604189 s/step
Meep progress: 5.885/12.0 = 49.0% done in 762.5s, 792.3s to go
on time step 1177 (time=5.885), 0.602973 s/step
Meep progress: 5.92/12.0 = 49.3% done in 766.8s, 787.5s to go
on time step 1184 (time=5.92), 0.604949 s/step
Meep progress: 5.955/12.0 = 49.6% done in 771.0s, 782.6s to go
on time step 1191 (time=5.955), 0.604599 s/step
Meep progress: 5.99/12.0 = 49.9% done in 775.2s, 777.8s to go
on time step 1198 (time=5.99), 0.603665 s/step
Meep progress: 6.025/12.0 = 50.2% done in 779.4s, 773.0s to go
on time step 1205 (time=6.025), 0.604883 s/step
Meep progress: 6.0600000000000005/12.0 = 50.5% done in 783.7s, 768.2s to go
on time step 1212 (time=6.06), 0.604306 s/step
Meep progress: 6.095/12.0 = 50.8% done in 787.9s, 763.3s to go
on time step 1219 (time=6.095), 0.603255 s/step
Meep progress: 6.13/12.0 = 51.1% done in 792.1s, 758.5s to go
on time step 1226 (time=6.13), 0.605803 s/step
Meep progress: 6.165/12.0 = 51.4% done in 796.4s, 753.7s to go
on time step 1233 (time=6.165), 0.603554 s/step
Meep progress: 6.2/12.0 = 51.7% done in 800.6s, 748.9s to go
on time step 1240 (time=6.2), 0.604854 s/step
Meep progress: 6.235/12.0 = 52.0% done in 804.8s, 744.2s to go
on time step 1247 (time=6.235), 0.603693 s/step
Meep progress: 6.2700000000000005/12.0 = 52.3% done in 809.1s, 739.4s to go
on time step 1254 (time=6.27), 0.604388 s/step
Meep progress: 6.305/12.0 = 52.5% done in 813.3s, 734.6s to go
on time step 1261 (time=6.305), 0.604935 s/step
Meep progress: 6.34/12.0 = 52.8% done in 817.5s, 729.8s to go
on time step 1268 (time=6.34), 0.605513 s/step
Meep progress: 6.375/12.0 = 53.1% done in 821.8s, 725.1s to go
on time step 1275 (time=6.375), 0.605921 s/step
Meep progress: 6.41/12.0 = 53.4% done in 826.0s, 720.3s to go
on time step 1282 (time=6.41), 0.604043 s/step
Meep progress: 6.445/12.0 = 53.7% done in 830.2s, 715.6s to go
on time step 1289 (time=6.445), 0.604215 s/step
Meep progress: 6.48/12.0 = 54.0% done in 834.5s, 710.8s to go
on time step 1296 (time=6.48), 0.605948 s/step
Meep progress: 6.515000000000001/12.0 = 54.3% done in 838.7s, 706.1s to go
on time step 1303 (time=6.515), 0.604678 s/step
Meep progress: 6.55/12.0 = 54.6% done in 842.9s, 701.4s to go
on time step 1310 (time=6.55), 0.606174 s/step
Meep progress: 6.585/12.0 = 54.9% done in 847.2s, 696.6s to go
on time step 1317 (time=6.585), 0.602846 s/step
Meep progress: 6.62/12.0 = 55.2% done in 851.4s, 691.9s to go
on time step 1324 (time=6.62), 0.605856 s/step
Meep progress: 6.655/12.0 = 55.5% done in 855.6s, 687.2s to go
on time step 1331 (time=6.655), 0.603451 s/step
Meep progress: 6.69/12.0 = 55.8% done in 859.9s, 682.5s to go
on time step 1338 (time=6.69), 0.604599 s/step
Meep progress: 6.7250000000000005/12.0 = 56.0% done in 864.1s, 677.8s to go
on time step 1345 (time=6.725), 0.605804 s/step
Meep progress: 6.76/12.0 = 56.3% done in 868.3s, 673.1s to go
on time step 1352 (time=6.76), 0.603655 s/step
Meep progress: 6.795/12.0 = 56.6% done in 872.6s, 668.4s to go
on time step 1359 (time=6.795), 0.604457 s/step
Meep progress: 6.83/12.0 = 56.9% done in 876.8s, 663.7s to go
on time step 1366 (time=6.83), 0.604759 s/step
Meep progress: 6.865/12.0 = 57.2% done in 881.0s, 659.0s to go
on time step 1373 (time=6.865), 0.604335 s/step
Meep progress: 6.9/12.0 = 57.5% done in 885.3s, 654.3s to go
on time step 1380 (time=6.9), 0.608305 s/step
Meep progress: 6.9350000000000005/12.0 = 57.8% done in 889.5s, 649.7s to go
on time step 1387 (time=6.935), 0.602946 s/step
Meep progress: 6.97/12.0 = 58.1% done in 893.8s, 645.0s to go
on time step 1394 (time=6.97), 0.605843 s/step
Meep progress: 7.005/12.0 = 58.4% done in 898.0s, 640.3s to go
on time step 1401 (time=7.005), 0.603738 s/step
Meep progress: 7.04/12.0 = 58.7% done in 902.2s, 635.6s to go
on time step 1408 (time=7.04), 0.603598 s/step
Meep progress: 7.075/12.0 = 59.0% done in 906.4s, 631.0s to go
on time step 1415 (time=7.075), 0.605297 s/step
Meep progress: 7.11/12.0 = 59.3% done in 910.7s, 626.3s to go
on time step 1422 (time=7.11), 0.604806 s/step
Meep progress: 7.1450000000000005/12.0 = 59.5% done in 914.9s, 621.7s to go
on time step 1429 (time=7.145), 0.605565 s/step
Meep progress: 7.18/12.0 = 59.8% done in 919.1s, 617.0s to go
on time step 1436 (time=7.18), 0.602723 s/step
Meep progress: 7.215/12.0 = 60.1% done in 923.4s, 612.4s to go
on time step 1443 (time=7.215), 0.603678 s/step
Meep progress: 7.25/12.0 = 60.4% done in 927.6s, 607.7s to go
on time step 1450 (time=7.25), 0.605497 s/step
Meep progress: 7.285/12.0 = 60.7% done in 931.8s, 603.1s to go
on time step 1457 (time=7.285), 0.604181 s/step
Meep progress: 7.32/12.0 = 61.0% done in 936.1s, 598.5s to go
on time step 1464 (time=7.32), 0.605922 s/step
Meep progress: 7.355/12.0 = 61.3% done in 940.3s, 593.8s to go
on time step 1471 (time=7.355), 0.604342 s/step
Meep progress: 7.390000000000001/12.0 = 61.6% done in 944.5s, 589.2s to go
on time step 1478 (time=7.39), 0.604851 s/step
Meep progress: 7.425/12.0 = 61.9% done in 948.8s, 584.6s to go
on time step 1485 (time=7.425), 0.603391 s/step
Meep progress: 7.46/12.0 = 62.2% done in 953.0s, 580.0s to go
on time step 1492 (time=7.46), 0.6051 s/step
Meep progress: 7.495/12.0 = 62.5% done in 957.2s, 575.4s to go
on time step 1499 (time=7.495), 0.605198 s/step
Meep progress: 7.53/12.0 = 62.8% done in 961.5s, 570.8s to go
on time step 1506 (time=7.53), 0.605189 s/step
Meep progress: 7.565/12.0 = 63.0% done in 965.7s, 566.1s to go
on time step 1513 (time=7.565), 0.60501 s/step
Meep progress: 7.6000000000000005/12.0 = 63.3% done in 969.9s, 561.5s to go
on time step 1520 (time=7.6), 0.605437 s/step
Meep progress: 7.635/12.0 = 63.6% done in 974.2s, 556.9s to go
on time step 1527 (time=7.635), 0.603493 s/step
Meep progress: 7.67/12.0 = 63.9% done in 978.4s, 552.3s to go
on time step 1534 (time=7.67), 0.604109 s/step
Meep progress: 7.705/12.0 = 64.2% done in 982.6s, 547.7s to go
on time step 1541 (time=7.705), 0.604061 s/step
Meep progress: 7.74/12.0 = 64.5% done in 986.9s, 543.2s to go
on time step 1548 (time=7.74), 0.604008 s/step
Meep progress: 7.775/12.0 = 64.8% done in 991.1s, 538.6s to go
on time step 1555 (time=7.775), 0.603215 s/step
Meep progress: 7.8100000000000005/12.0 = 65.1% done in 995.3s, 534.0s to go
on time step 1562 (time=7.81), 0.604421 s/step
Meep progress: 7.845/12.0 = 65.4% done in 999.5s, 529.4s to go
on time step 1569 (time=7.845), 0.604864 s/step
Meep progress: 7.88/12.0 = 65.7% done in 1003.8s, 524.8s to go
on time step 1576 (time=7.88), 0.604498 s/step
Meep progress: 7.915/12.0 = 66.0% done in 1008.0s, 520.2s to go
on time step 1583 (time=7.915), 0.604102 s/step
Meep progress: 7.95/12.0 = 66.2% done in 1012.3s, 515.7s to go
on time step 1590 (time=7.95), 0.610049 s/step
Meep progress: 7.985/12.0 = 66.5% done in 1016.5s, 511.1s to go
on time step 1597 (time=7.985), 0.607926 s/step
Meep progress: 8.02/12.0 = 66.8% done in 1020.8s, 506.6s to go
on time step 1604 (time=8.02), 0.605125 s/step
Meep progress: 8.055/12.0 = 67.1% done in 1025.0s, 502.0s to go
on time step 1611 (time=8.055), 0.603924 s/step
Meep progress: 8.09/12.0 = 67.4% done in 1029.2s, 497.4s to go
on time step 1618 (time=8.09), 0.60399 s/step
Meep progress: 8.125/12.0 = 67.7% done in 1033.5s, 492.9s to go
on time step 1625 (time=8.125), 0.60475 s/step
Meep progress: 8.16/12.0 = 68.0% done in 1037.7s, 488.3s to go
on time step 1632 (time=8.16), 0.606333 s/step
Meep progress: 8.195/12.0 = 68.3% done in 1041.9s, 483.8s to go
on time step 1639 (time=8.195), 0.603968 s/step
Meep progress: 8.23/12.0 = 68.6% done in 1046.2s, 479.2s to go
on time step 1646 (time=8.23), 0.604671 s/step
Meep progress: 8.265/12.0 = 68.9% done in 1050.4s, 474.7s to go
on time step 1653 (time=8.265), 0.60413 s/step
Meep progress: 8.3/12.0 = 69.2% done in 1054.6s, 470.1s to go
on time step 1660 (time=8.3), 0.606812 s/step
Meep progress: 8.335/12.0 = 69.5% done in 1058.9s, 465.6s to go
on time step 1667 (time=8.335), 0.604343 s/step
Meep progress: 8.370000000000001/12.0 = 69.8% done in 1063.1s, 461.1s to go
on time step 1674 (time=8.37), 0.603833 s/step
Meep progress: 8.405/12.0 = 70.0% done in 1067.3s, 456.5s to go
on time step 1681 (time=8.405), 0.604623 s/step
Meep progress: 8.44/12.0 = 70.3% done in 1071.6s, 452.0s to go
on time step 1688 (time=8.44), 0.605558 s/step
Meep progress: 8.475/12.0 = 70.6% done in 1075.8s, 447.5s to go
on time step 1695 (time=8.475), 0.60339 s/step
Meep progress: 8.51/12.0 = 70.9% done in 1080.0s, 442.9s to go
on time step 1702 (time=8.51), 0.605601 s/step
Meep progress: 8.545/12.0 = 71.2% done in 1084.2s, 438.4s to go
on time step 1709 (time=8.545), 0.602613 s/step
Meep progress: 8.58/12.0 = 71.5% done in 1088.5s, 433.9s to go
on time step 1716 (time=8.58), 0.605124 s/step
Meep progress: 8.615/12.0 = 71.8% done in 1092.7s, 429.4s to go
on time step 1723 (time=8.615), 0.605614 s/step
Meep progress: 8.65/12.0 = 72.1% done in 1097.0s, 424.8s to go
on time step 1730 (time=8.65), 0.607591 s/step
Meep progress: 8.685/12.0 = 72.4% done in 1101.2s, 420.3s to go
on time step 1737 (time=8.685), 0.604579 s/step
Meep progress: 8.72/12.0 = 72.7% done in 1105.4s, 415.8s to go
on time step 1744 (time=8.72), 0.605294 s/step
Meep progress: 8.755/12.0 = 73.0% done in 1109.7s, 411.3s to go
on time step 1751 (time=8.755), 0.605786 s/step
Meep progress: 8.790000000000001/12.0 = 73.3% done in 1113.9s, 406.8s to go
on time step 1758 (time=8.79), 0.605446 s/step
Meep progress: 8.825000000000001/12.0 = 73.5% done in 1118.2s, 402.3s to go
on time step 1765 (time=8.825), 0.605958 s/step
Meep progress: 8.86/12.0 = 73.8% done in 1122.4s, 397.8s to go
on time step 1772 (time=8.86), 0.606876 s/step
Meep progress: 8.895/12.0 = 74.1% done in 1126.6s, 393.3s to go
on time step 1779 (time=8.895), 0.604675 s/step
Meep progress: 8.93/12.0 = 74.4% done in 1130.9s, 388.8s to go
on time step 1786 (time=8.93), 0.605922 s/step
Meep progress: 8.965/12.0 = 74.7% done in 1135.1s, 384.3s to go
on time step 1793 (time=8.965), 0.606172 s/step
Meep progress: 9.0/12.0 = 75.0% done in 1139.4s, 379.8s to go
on time step 1800 (time=9), 0.60801 s/step
Meep progress: 9.035/12.0 = 75.3% done in 1143.6s, 375.3s to go
on time step 1807 (time=9.035), 0.604407 s/step
Meep progress: 9.07/12.0 = 75.6% done in 1147.9s, 370.8s to go
on time step 1814 (time=9.07), 0.605327 s/step
Meep progress: 9.105/12.0 = 75.9% done in 1152.1s, 366.3s to go
on time step 1821 (time=9.105), 0.605443 s/step
Meep progress: 9.14/12.0 = 76.2% done in 1156.3s, 361.8s to go
on time step 1828 (time=9.14), 0.606396 s/step
Meep progress: 9.175/12.0 = 76.5% done in 1160.6s, 357.3s to go
on time step 1835 (time=9.175), 0.605505 s/step
Meep progress: 9.21/12.0 = 76.8% done in 1164.8s, 352.9s to go
on time step 1842 (time=9.21), 0.605755 s/step
Meep progress: 9.245000000000001/12.0 = 77.0% done in 1169.1s, 348.4s to go
on time step 1849 (time=9.245), 0.60476 s/step
Meep progress: 9.28/12.0 = 77.3% done in 1173.3s, 343.9s to go
on time step 1856 (time=9.28), 0.606117 s/step
Meep progress: 9.315/12.0 = 77.6% done in 1177.5s, 339.4s to go
on time step 1863 (time=9.315), 0.605332 s/step
Meep progress: 9.35/12.0 = 77.9% done in 1181.8s, 334.9s to go
on time step 1870 (time=9.35), 0.606622 s/step
Meep progress: 9.385/12.0 = 78.2% done in 1186.0s, 330.5s to go
on time step 1877 (time=9.385), 0.603625 s/step
Meep progress: 9.42/12.0 = 78.5% done in 1190.2s, 326.0s to go
on time step 1884 (time=9.42), 0.605317 s/step
Meep progress: 9.455/12.0 = 78.8% done in 1194.5s, 321.5s to go
on time step 1891 (time=9.455), 0.606791 s/step
Meep progress: 9.49/12.0 = 79.1% done in 1198.7s, 317.1s to go
on time step 1898 (time=9.49), 0.605303 s/step
Meep progress: 9.525/12.0 = 79.4% done in 1203.0s, 312.6s to go
on time step 1905 (time=9.525), 0.606124 s/step
Meep progress: 9.56/12.0 = 79.7% done in 1207.2s, 308.1s to go
on time step 1912 (time=9.56), 0.606025 s/step
Meep progress: 9.595/12.0 = 80.0% done in 1211.5s, 303.7s to go
on time step 1919 (time=9.595), 0.605385 s/step
Meep progress: 9.63/12.0 = 80.3% done in 1215.7s, 299.2s to go
on time step 1926 (time=9.63), 0.605214 s/step
Meep progress: 9.665000000000001/12.0 = 80.5% done in 1219.9s, 294.7s to go
on time step 1933 (time=9.665), 0.605425 s/step
Meep progress: 9.700000000000001/12.0 = 80.8% done in 1224.2s, 290.3s to go
on time step 1940 (time=9.7), 0.607492 s/step
Meep progress: 9.735/12.0 = 81.1% done in 1228.4s, 285.8s to go
on time step 1947 (time=9.735), 0.604906 s/step
Meep progress: 9.77/12.0 = 81.4% done in 1232.7s, 281.4s to go
on time step 1954 (time=9.77), 0.605777 s/step
Meep progress: 9.805/12.0 = 81.7% done in 1236.9s, 276.9s to go
on time step 1961 (time=9.805), 0.604933 s/step
Meep progress: 9.84/12.0 = 82.0% done in 1241.1s, 272.4s to go
on time step 1968 (time=9.84), 0.605041 s/step
Meep progress: 9.875/12.0 = 82.3% done in 1245.4s, 268.0s to go
on time step 1975 (time=9.875), 0.606433 s/step
Meep progress: 9.91/12.0 = 82.6% done in 1249.6s, 263.5s to go
on time step 1982 (time=9.91), 0.605562 s/step
Meep progress: 9.945/12.0 = 82.9% done in 1253.9s, 259.1s to go
on time step 1989 (time=9.945), 0.606596 s/step
Meep progress: 9.98/12.0 = 83.2% done in 1258.1s, 254.6s to go
on time step 1996 (time=9.98), 0.606389 s/step
Meep progress: 10.015/12.0 = 83.5% done in 1262.3s, 250.2s to go
on time step 2003 (time=10.015), 0.606266 s/step
Meep progress: 10.05/12.0 = 83.8% done in 1266.6s, 245.8s to go
on time step 2010 (time=10.05), 0.608585 s/step
Meep progress: 10.085/12.0 = 84.0% done in 1270.8s, 241.3s to go
on time step 2017 (time=10.085), 0.604523 s/step
Meep progress: 10.120000000000001/12.0 = 84.3% done in 1275.1s, 236.9s to go
on time step 2024 (time=10.12), 0.607869 s/step
Meep progress: 10.155/12.0 = 84.6% done in 1279.3s, 232.4s to go
on time step 2031 (time=10.155), 0.605284 s/step
Meep progress: 10.19/12.0 = 84.9% done in 1283.6s, 228.0s to go
on time step 2038 (time=10.19), 0.607086 s/step
Meep progress: 10.225/12.0 = 85.2% done in 1287.8s, 223.6s to go
on time step 2045 (time=10.225), 0.604272 s/step
Meep progress: 10.26/12.0 = 85.5% done in 1292.0s, 219.1s to go
on time step 2052 (time=10.26), 0.605529 s/step
Meep progress: 10.295/12.0 = 85.8% done in 1296.3s, 214.7s to go
on time step 2059 (time=10.295), 0.605835 s/step
Meep progress: 10.33/12.0 = 86.1% done in 1300.5s, 210.3s to go
on time step 2066 (time=10.33), 0.60594 s/step
Meep progress: 10.365/12.0 = 86.4% done in 1304.8s, 205.8s to go
on time step 2073 (time=10.365), 0.605701 s/step
Meep progress: 10.4/12.0 = 86.7% done in 1309.0s, 201.4s to go
on time step 2080 (time=10.4), 0.606046 s/step
Meep progress: 10.435/12.0 = 87.0% done in 1313.2s, 197.0s to go
on time step 2087 (time=10.435), 0.603423 s/step
Meep progress: 10.47/12.0 = 87.3% done in 1317.5s, 192.5s to go
on time step 2094 (time=10.47), 0.606778 s/step
Meep progress: 10.505/12.0 = 87.5% done in 1321.7s, 188.1s to go
on time step 2101 (time=10.505), 0.604729 s/step
Meep progress: 10.540000000000001/12.0 = 87.8% done in 1326.0s, 183.7s to go
on time step 2108 (time=10.54), 0.606078 s/step
Meep progress: 10.575000000000001/12.0 = 88.1% done in 1330.2s, 179.2s to go
on time step 2115 (time=10.575), 0.604856 s/step
Meep progress: 10.61/12.0 = 88.4% done in 1334.4s, 174.8s to go
on time step 2122 (time=10.61), 0.606242 s/step
Meep progress: 10.645/12.0 = 88.7% done in 1338.7s, 170.4s to go
on time step 2129 (time=10.645), 0.604599 s/step
Meep progress: 10.68/12.0 = 89.0% done in 1342.9s, 166.0s to go
on time step 2136 (time=10.68), 0.606782 s/step
Meep progress: 10.715/12.0 = 89.3% done in 1347.2s, 161.6s to go
on time step 2143 (time=10.715), 0.60681 s/step
Meep progress: 10.75/12.0 = 89.6% done in 1351.4s, 157.1s to go
on time step 2150 (time=10.75), 0.606654 s/step
Meep progress: 10.785/12.0 = 89.9% done in 1355.6s, 152.7s to go
on time step 2157 (time=10.785), 0.604426 s/step
Meep progress: 10.82/12.0 = 90.2% done in 1359.9s, 148.3s to go
on time step 2164 (time=10.82), 0.605248 s/step
Meep progress: 10.855/12.0 = 90.5% done in 1364.1s, 143.9s to go
on time step 2171 (time=10.855), 0.605396 s/step
Meep progress: 10.89/12.0 = 90.8% done in 1368.4s, 139.5s to go
on time step 2178 (time=10.89), 0.607213 s/step
Meep progress: 10.925/12.0 = 91.0% done in 1372.6s, 135.1s to go
on time step 2185 (time=10.925), 0.604913 s/step
Meep progress: 10.96/12.0 = 91.3% done in 1376.8s, 130.6s to go
on time step 2192 (time=10.96), 0.605742 s/step
Meep progress: 10.995000000000001/12.0 = 91.6% done in 1381.1s, 126.2s to go
on time step 2199 (time=10.995), 0.604272 s/step
Meep progress: 11.03/12.0 = 91.9% done in 1385.3s, 121.8s to go
on time step 2206 (time=11.03), 0.60599 s/step
Meep progress: 11.065/12.0 = 92.2% done in 1389.6s, 117.4s to go
on time step 2213 (time=11.065), 0.606008 s/step
Meep progress: 11.1/12.0 = 92.5% done in 1393.8s, 113.0s to go
on time step 2220 (time=11.1), 0.606807 s/step
Meep progress: 11.135/12.0 = 92.8% done in 1398.0s, 108.6s to go
on time step 2227 (time=11.135), 0.60452 s/step
Meep progress: 11.17/12.0 = 93.1% done in 1402.3s, 104.2s to go
on time step 2234 (time=11.17), 0.606201 s/step
Meep progress: 11.205/12.0 = 93.4% done in 1406.5s, 99.8s to go
on time step 2241 (time=11.205), 0.607358 s/step
Meep progress: 11.24/12.0 = 93.7% done in 1410.8s, 95.4s to go
on time step 2248 (time=11.24), 0.606318 s/step
Meep progress: 11.275/12.0 = 94.0% done in 1415.0s, 91.0s to go
on time step 2255 (time=11.275), 0.606217 s/step
Meep progress: 11.31/12.0 = 94.3% done in 1419.3s, 86.6s to go
on time step 2262 (time=11.31), 0.607213 s/step
Meep progress: 11.345/12.0 = 94.5% done in 1423.5s, 82.2s to go
on time step 2269 (time=11.345), 0.605599 s/step
Meep progress: 11.38/12.0 = 94.8% done in 1427.8s, 77.8s to go
on time step 2276 (time=11.38), 0.607303 s/step
Meep progress: 11.415000000000001/12.0 = 95.1% done in 1432.0s, 73.4s to go
on time step 2283 (time=11.415), 0.60616 s/step
Meep progress: 11.450000000000001/12.0 = 95.4% done in 1436.3s, 69.0s to go
on time step 2290 (time=11.45), 0.607134 s/step
Meep progress: 11.485/12.0 = 95.7% done in 1440.5s, 64.6s to go
on time step 2297 (time=11.485), 0.605394 s/step
Meep progress: 11.52/12.0 = 96.0% done in 1444.7s, 60.2s to go
on time step 2304 (time=11.52), 0.606895 s/step
Meep progress: 11.555/12.0 = 96.3% done in 1449.0s, 55.8s to go
on time step 2311 (time=11.555), 0.606625 s/step
Meep progress: 11.59/12.0 = 96.6% done in 1453.2s, 51.4s to go
on time step 2318 (time=11.59), 0.605765 s/step
Meep progress: 11.625/12.0 = 96.9% done in 1457.5s, 47.0s to go
on time step 2325 (time=11.625), 0.606682 s/step
Meep progress: 11.66/12.0 = 97.2% done in 1461.7s, 42.6s to go
on time step 2332 (time=11.66), 0.606015 s/step
Meep progress: 11.695/12.0 = 97.5% done in 1466.0s, 38.2s to go
on time step 2339 (time=11.695), 0.605392 s/step
Meep progress: 11.73/12.0 = 97.8% done in 1470.2s, 33.8s to go
on time step 2346 (time=11.73), 0.606415 s/step
Meep progress: 11.765/12.0 = 98.0% done in 1474.4s, 29.5s to go
on time step 2353 (time=11.765), 0.605635 s/step
Meep progress: 11.8/12.0 = 98.3% done in 1478.7s, 25.1s to go
on time step 2360 (time=11.8), 0.607581 s/step
Meep progress: 11.835/12.0 = 98.6% done in 1482.9s, 20.7s to go
on time step 2367 (time=11.835), 0.604022 s/step
Meep progress: 11.870000000000001/12.0 = 98.9% done in 1487.2s, 16.3s to go
on time step 2374 (time=11.87), 0.605258 s/step
Meep progress: 11.905/12.0 = 99.2% done in 1491.4s, 11.9s to go
on time step 2381 (time=11.905), 0.60805 s/step
Meep progress: 11.94/12.0 = 99.5% done in 1495.7s, 7.5s to go
on time step 2388 (time=11.94), 0.60412 s/step
Meep progress: 11.975/12.0 = 99.8% done in 1499.9s, 3.1s to go
on time step 2395 (time=11.975), 0.606312 s/step
run 0 finished at t = 12.0 (2400 timesteps)


**********


Flux: 5.9248771183014135
Saved Sim7a_Eps_A.png
Saved Sim7a_Ez_A.png
Saved Sim7a_Pwr0_A.png
Saved Sim7a_Pwr1_A.png
Saved Sim7a_Pwr2_A.png
Saved Sim7a_Ez_CS_A.png


**********


-----------
Initializing structure...
Halving computational cell along direction z
Splitting into 12 chunks evenly
time for choose_chunkdivision = 0.0601487 s
Working in 3D dimensions.
Computational cell is 6 x 4 x 4 with resolution 100
     cylinder, center = (0.05,0.025,0)
          radius 0.5, height 3.9, axis (1, 0, 0)
          dielectric constant epsilon diagonal = (1.4772,1.4772,1.4772)
     cylinder, center = (0,-0.025,0)
          radius 0.5, height 1e+20, axis (1, 0, 0)
          dielectric constant epsilon diagonal = (1.444,1.444,1.444)
time for set_epsilon = 1.62967 s
time for set_conductivity = 0.143323 s
time for set_conductivity = 0.139354 s
time for set_conductivity = 0.140758 s
-----------
MPB solved for omega_1(0.775268,0,0) = 0.734343 after 17 iters
MPB solved for omega_1(0.67485,0,0) = 0.643929 after 9 iters
MPB solved for omega_1(0.676201,0,0) = 0.645161 after 6 iters
MPB solved for omega_1(0.676201,0,0) = 0.645161 after 1 iters
creating output file "./main-eps-000000000.h5"...
creating output file "./main-ez_z0.h5"...
Meep progress: 0.005/12.0 = 0.0% done in 51.2s, 122804.2s to go
on time step 1 (time=0.005), 47.9434 s/step
Meep progress: 0.04/12.0 = 0.3% done in 55.3s, 16548.5s to go
on time step 8 (time=0.04), 0.593724 s/step
Meep progress: 0.075/12.0 = 0.6% done in 59.6s, 9470.0s to go
on time step 15 (time=0.075), 0.601925 s/step
Meep progress: 0.11/12.0 = 0.9% done in 63.7s, 6890.1s to go
on time step 22 (time=0.11), 0.597596 s/step
Meep progress: 0.145/12.0 = 1.2% done in 67.9s, 5553.8s to go
on time step 29 (time=0.145), 0.598018 s/step
Meep progress: 0.18/12.0 = 1.5% done in 72.1s, 4735.2s to go
on time step 36 (time=0.18), 0.597058 s/step
Meep progress: 0.215/12.0 = 1.8% done in 76.3s, 4182.0s to go
on time step 43 (time=0.215), 0.597888 s/step
Meep progress: 0.25/12.0 = 2.1% done in 80.5s, 3782.2s to go
on time step 50 (time=0.25), 0.59665 s/step
Meep progress: 0.28500000000000003/12.0 = 2.4% done in 84.6s, 3479.5s to go
on time step 57 (time=0.285), 0.596641 s/step
Meep progress: 0.32/12.0 = 2.7% done in 88.9s, 3244.4s to go
on time step 64 (time=0.32), 0.605605 s/step
Meep progress: 0.355/12.0 = 3.0% done in 93.1s, 3052.5s to go
on time step 71 (time=0.355), 0.595496 s/step
Meep progress: 0.39/12.0 = 3.3% done in 97.2s, 2894.5s to go
on time step 78 (time=0.39), 0.596489 s/step
Meep progress: 0.425/12.0 = 3.5% done in 101.4s, 2762.1s to go
on time step 85 (time=0.425), 0.597591 s/step
Meep progress: 0.46/12.0 = 3.8% done in 105.6s, 2649.3s to go
on time step 92 (time=0.46), 0.598232 s/step
Meep progress: 0.495/12.0 = 4.1% done in 109.8s, 2551.6s to go
on time step 99 (time=0.495), 0.596817 s/step
Meep progress: 0.53/12.0 = 4.4% done in 114.0s, 2466.4s to go
on time step 106 (time=0.53), 0.598024 s/step
Meep progress: 0.5650000000000001/12.0 = 4.7% done in 118.2s, 2391.3s to go
on time step 113 (time=0.565), 0.59773 s/step
Meep progress: 0.6/12.0 = 5.0% done in 122.3s, 2324.5s to go
on time step 120 (time=0.6), 0.598767 s/step
Meep progress: 0.635/12.0 = 5.3% done in 126.5s, 2264.8s to go
on time step 127 (time=0.635), 0.59951 s/step
Meep progress: 0.67/12.0 = 5.6% done in 130.7s, 2210.6s to go
on time step 134 (time=0.67), 0.597385 s/step
Meep progress: 0.705/12.0 = 5.9% done in 134.9s, 2161.3s to go
on time step 141 (time=0.705), 0.59666 s/step
Meep progress: 0.74/12.0 = 6.2% done in 139.1s, 2116.3s to go
on time step 148 (time=0.74), 0.597744 s/step
Meep progress: 0.775/12.0 = 6.5% done in 143.3s, 2075.0s to go
on time step 155 (time=0.775), 0.597419 s/step
Meep progress: 0.81/12.0 = 6.8% done in 147.5s, 2037.1s to go
on time step 162 (time=0.81), 0.598587 s/step
Meep progress: 0.845/12.0 = 7.0% done in 151.6s, 2001.7s to go
on time step 169 (time=0.845), 0.596325 s/step
Meep progress: 0.88/12.0 = 7.3% done in 155.8s, 1968.8s to go
on time step 176 (time=0.88), 0.596459 s/step
Meep progress: 0.915/12.0 = 7.6% done in 160.0s, 1938.4s to go
on time step 183 (time=0.915), 0.599496 s/step
Meep progress: 0.9500000000000001/12.0 = 7.9% done in 164.2s, 1909.9s to go
on time step 190 (time=0.95), 0.599709 s/step
Meep progress: 0.985/12.0 = 8.2% done in 168.4s, 1883.0s to go
on time step 197 (time=0.985), 0.597165 s/step
Meep progress: 1.02/12.0 = 8.5% done in 172.6s, 1857.7s to go
on time step 204 (time=1.02), 0.598448 s/step
Meep progress: 1.055/12.0 = 8.8% done in 176.7s, 1833.7s to go
on time step 211 (time=1.055), 0.596685 s/step
Meep progress: 1.09/12.0 = 9.1% done in 180.9s, 1811.0s to go
on time step 218 (time=1.09), 0.598416 s/step
Meep progress: 1.125/12.0 = 9.4% done in 185.1s, 1789.4s to go
on time step 225 (time=1.125), 0.596625 s/step
Meep progress: 1.16/12.0 = 9.7% done in 189.3s, 1768.9s to go
on time step 232 (time=1.16), 0.597225 s/step
Meep progress: 1.195/12.0 = 10.0% done in 193.5s, 1749.4s to go
on time step 239 (time=1.195), 0.597024 s/step
Meep progress: 1.23/12.0 = 10.2% done in 197.6s, 1730.6s to go
on time step 246 (time=1.23), 0.596219 s/step
Meep progress: 1.2650000000000001/12.0 = 10.5% done in 201.8s, 1712.8s to go
on time step 253 (time=1.265), 0.597464 s/step
Meep progress: 1.3/12.0 = 10.8% done in 206.0s, 1695.7s to go
on time step 260 (time=1.3), 0.598854 s/step
Meep progress: 1.335/12.0 = 11.1% done in 210.2s, 1679.2s to go
on time step 267 (time=1.335), 0.595801 s/step
Meep progress: 1.37/12.0 = 11.4% done in 214.4s, 1663.4s to go
on time step 274 (time=1.37), 0.598059 s/step
Meep progress: 1.405/12.0 = 11.7% done in 218.6s, 1648.2s to go
on time step 281 (time=1.405), 0.597785 s/step
Meep progress: 1.44/12.0 = 12.0% done in 222.8s, 1633.5s to go
on time step 288 (time=1.44), 0.598098 s/step
Meep progress: 1.475/12.0 = 12.3% done in 226.9s, 1619.4s to go
on time step 295 (time=1.475), 0.598348 s/step
Meep progress: 1.51/12.0 = 12.6% done in 231.1s, 1605.6s to go
on time step 302 (time=1.51), 0.597456 s/step
Meep progress: 1.545/12.0 = 12.9% done in 235.3s, 1592.3s to go
on time step 309 (time=1.545), 0.596963 s/step
Meep progress: 1.58/12.0 = 13.2% done in 239.5s, 1579.4s to go
on time step 316 (time=1.58), 0.597605 s/step
Meep progress: 1.615/12.0 = 13.5% done in 243.7s, 1566.9s to go
on time step 323 (time=1.615), 0.597353 s/step
Meep progress: 1.6500000000000001/12.0 = 13.8% done in 247.9s, 1554.8s to go
on time step 330 (time=1.65), 0.598936 s/step
Meep progress: 1.685/12.0 = 14.0% done in 252.0s, 1542.9s to go
on time step 337 (time=1.685), 0.597402 s/step
Meep progress: 1.72/12.0 = 14.3% done in 256.2s, 1531.4s to go
on time step 344 (time=1.72), 0.596805 s/step
Meep progress: 1.7550000000000001/12.0 = 14.6% done in 260.4s, 1520.1s to go
on time step 351 (time=1.755), 0.597292 s/step
Meep progress: 1.79/12.0 = 14.9% done in 264.6s, 1509.2s to go
on time step 358 (time=1.79), 0.598507 s/step
Meep progress: 1.825/12.0 = 15.2% done in 268.8s, 1498.5s to go
on time step 365 (time=1.825), 0.598167 s/step
Meep progress: 1.86/12.0 = 15.5% done in 273.0s, 1488.1s to go
on time step 372 (time=1.86), 0.597296 s/step
Meep progress: 1.895/12.0 = 15.8% done in 277.1s, 1477.9s to go
on time step 379 (time=1.895), 0.598188 s/step
Meep progress: 1.93/12.0 = 16.1% done in 281.3s, 1467.9s to go
on time step 386 (time=1.93), 0.598384 s/step
Meep progress: 1.965/12.0 = 16.4% done in 285.5s, 1458.1s to go
on time step 393 (time=1.965), 0.597204 s/step
Meep progress: 2.0/12.0 = 16.7% done in 289.7s, 1448.6s to go
on time step 400 (time=2), 0.599525 s/step
Meep progress: 2.035/12.0 = 17.0% done in 293.9s, 1439.1s to go
on time step 407 (time=2.035), 0.597073 s/step
Meep progress: 2.07/12.0 = 17.2% done in 298.1s, 1430.0s to go
on time step 414 (time=2.07), 0.599955 s/step
Meep progress: 2.105/12.0 = 17.5% done in 302.3s, 1420.9s to go
on time step 421 (time=2.105), 0.597458 s/step
Meep progress: 2.14/12.0 = 17.8% done in 306.5s, 1412.0s to go
on time step 428 (time=2.14), 0.596523 s/step
Meep progress: 2.1750000000000003/12.0 = 18.1% done in 310.6s, 1403.2s to go
on time step 435 (time=2.175), 0.595754 s/step
Meep progress: 2.21/12.0 = 18.4% done in 314.8s, 1394.5s to go
on time step 442 (time=2.21), 0.597241 s/step
Meep progress: 2.245/12.0 = 18.7% done in 319.0s, 1386.1s to go
on time step 449 (time=2.245), 0.598702 s/step
Meep progress: 2.2800000000000002/12.0 = 19.0% done in 323.2s, 1377.8s to go
on time step 456 (time=2.28), 0.597954 s/step
Meep progress: 2.315/12.0 = 19.3% done in 327.4s, 1369.6s to go
on time step 463 (time=2.315), 0.598089 s/step
Meep progress: 2.35/12.0 = 19.6% done in 331.6s, 1361.5s to go
on time step 470 (time=2.35), 0.599799 s/step
Meep progress: 2.3850000000000002/12.0 = 19.9% done in 335.7s, 1353.5s to go
on time step 477 (time=2.385), 0.597362 s/step
Meep progress: 2.42/12.0 = 20.2% done in 339.9s, 1345.7s to go
on time step 484 (time=2.42), 0.597098 s/step
Meep progress: 2.455/12.0 = 20.5% done in 344.1s, 1337.9s to go
on time step 491 (time=2.455), 0.597266 s/step
Meep progress: 2.49/12.0 = 20.8% done in 348.3s, 1330.3s to go
on time step 498 (time=2.49), 0.599401 s/step
Meep progress: 2.525/12.0 = 21.0% done in 352.5s, 1322.7s to go
on time step 505 (time=2.525), 0.595543 s/step
Meep progress: 2.56/12.0 = 21.3% done in 356.7s, 1315.2s to go
on time step 512 (time=2.56), 0.597286 s/step
Meep progress: 2.595/12.0 = 21.6% done in 360.8s, 1307.8s to go
on time step 519 (time=2.595), 0.599117 s/step
Meep progress: 2.63/12.0 = 21.9% done in 365.0s, 1300.5s to go
on time step 526 (time=2.63), 0.598409 s/step
Meep progress: 2.665/12.0 = 22.2% done in 369.2s, 1293.3s to go
on time step 533 (time=2.665), 0.597588 s/step
Meep progress: 2.7/12.0 = 22.5% done in 373.4s, 1286.2s to go
on time step 540 (time=2.7), 0.598639 s/step
Meep progress: 2.735/12.0 = 22.8% done in 377.6s, 1279.1s to go
on time step 547 (time=2.735), 0.596094 s/step
Meep progress: 2.77/12.0 = 23.1% done in 381.8s, 1272.2s to go
on time step 554 (time=2.77), 0.59961 s/step
Meep progress: 2.805/12.0 = 23.4% done in 386.0s, 1265.2s to go
on time step 561 (time=2.805), 0.597521 s/step
Meep progress: 2.84/12.0 = 23.7% done in 390.1s, 1258.4s to go
on time step 568 (time=2.84), 0.597321 s/step
Meep progress: 2.875/12.0 = 24.0% done in 394.3s, 1251.6s to go
on time step 575 (time=2.875), 0.598564 s/step
Meep progress: 2.91/12.0 = 24.3% done in 398.5s, 1244.9s to go
on time step 582 (time=2.91), 0.597457 s/step
Meep progress: 2.945/12.0 = 24.5% done in 402.7s, 1238.2s to go
on time step 589 (time=2.945), 0.597871 s/step
Meep progress: 2.98/12.0 = 24.8% done in 406.9s, 1231.6s to go
on time step 596 (time=2.98), 0.597557 s/step
Meep progress: 3.015/12.0 = 25.1% done in 411.1s, 1225.1s to go
on time step 603 (time=3.015), 0.598252 s/step
Meep progress: 3.0500000000000003/12.0 = 25.4% done in 415.3s, 1218.6s to go
on time step 610 (time=3.05), 0.600446 s/step
Meep progress: 3.085/12.0 = 25.7% done in 419.5s, 1212.1s to go
on time step 617 (time=3.085), 0.596551 s/step
Meep progress: 3.12/12.0 = 26.0% done in 423.6s, 1205.8s to go
on time step 624 (time=3.12), 0.598648 s/step
Meep progress: 3.1550000000000002/12.0 = 26.3% done in 427.8s, 1199.4s to go
on time step 631 (time=3.155), 0.597867 s/step
Meep progress: 3.19/12.0 = 26.6% done in 432.0s, 1193.1s to go
on time step 638 (time=3.19), 0.597936 s/step
Meep progress: 3.225/12.0 = 26.9% done in 436.2s, 1186.9s to go
on time step 645 (time=3.225), 0.598881 s/step
Meep progress: 3.2600000000000002/12.0 = 27.2% done in 440.4s, 1180.7s to go
on time step 652 (time=3.26), 0.597655 s/step
Meep progress: 3.295/12.0 = 27.5% done in 444.6s, 1174.5s to go
on time step 659 (time=3.295), 0.598956 s/step
Meep progress: 3.33/12.0 = 27.8% done in 448.8s, 1168.4s to go
on time step 666 (time=3.33), 0.598478 s/step
Meep progress: 3.365/12.0 = 28.0% done in 453.0s, 1162.4s to go
on time step 673 (time=3.365), 0.598313 s/step
Meep progress: 3.4/12.0 = 28.3% done in 457.2s, 1156.4s to go
on time step 680 (time=3.4), 0.599639 s/step
Meep progress: 3.435/12.0 = 28.6% done in 461.3s, 1150.3s to go
on time step 687 (time=3.435), 0.596932 s/step
Meep progress: 3.47/12.0 = 28.9% done in 465.5s, 1144.4s to go
on time step 694 (time=3.47), 0.599358 s/step
Meep progress: 3.505/12.0 = 29.2% done in 469.7s, 1138.5s to go
on time step 701 (time=3.505), 0.597637 s/step
Meep progress: 3.54/12.0 = 29.5% done in 473.9s, 1132.5s to go
on time step 708 (time=3.54), 0.597413 s/step
Meep progress: 3.575/12.0 = 29.8% done in 478.1s, 1126.7s to go
on time step 715 (time=3.575), 0.597529 s/step
Meep progress: 3.61/12.0 = 30.1% done in 482.3s, 1120.8s to go
on time step 722 (time=3.61), 0.597743 s/step
Meep progress: 3.645/12.0 = 30.4% done in 486.4s, 1115.0s to go
on time step 729 (time=3.645), 0.595778 s/step
Meep progress: 3.68/12.0 = 30.7% done in 490.6s, 1109.2s to go
on time step 736 (time=3.68), 0.597441 s/step
Meep progress: 3.715/12.0 = 31.0% done in 494.8s, 1103.5s to go
on time step 743 (time=3.715), 0.598916 s/step
Meep progress: 3.75/12.0 = 31.2% done in 499.0s, 1097.8s to go
on time step 750 (time=3.75), 0.599518 s/step
Meep progress: 3.785/12.0 = 31.5% done in 503.2s, 1092.1s to go
on time step 757 (time=3.785), 0.597031 s/step
Meep progress: 3.8200000000000003/12.0 = 31.8% done in 507.4s, 1086.5s to go
on time step 764 (time=3.82), 0.598576 s/step
Meep progress: 3.855/12.0 = 32.1% done in 511.6s, 1080.9s to go
on time step 771 (time=3.855), 0.597522 s/step
Meep progress: 3.89/12.0 = 32.4% done in 515.8s, 1075.3s to go
on time step 778 (time=3.89), 0.599119 s/step
Meep progress: 3.9250000000000003/12.0 = 32.7% done in 519.9s, 1069.7s to go
on time step 785 (time=3.925), 0.598375 s/step
Meep progress: 3.96/12.0 = 33.0% done in 524.1s, 1064.2s to go
on time step 792 (time=3.96), 0.597769 s/step
Meep progress: 3.995/12.0 = 33.3% done in 528.3s, 1058.6s to go
on time step 799 (time=3.995), 0.599373 s/step
Meep progress: 4.03/12.0 = 33.6% done in 532.5s, 1053.1s to go
on time step 806 (time=4.03), 0.597298 s/step
Meep progress: 4.065/12.0 = 33.9% done in 536.7s, 1047.7s to go
on time step 813 (time=4.065), 0.598116 s/step
Meep progress: 4.1/12.0 = 34.2% done in 540.9s, 1042.2s to go
on time step 820 (time=4.1), 0.599386 s/step
Meep progress: 4.135/12.0 = 34.5% done in 545.1s, 1036.7s to go
on time step 827 (time=4.135), 0.596157 s/step
Meep progress: 4.17/12.0 = 34.8% done in 549.3s, 1031.3s to go
on time step 834 (time=4.17), 0.598394 s/step
Meep progress: 4.205/12.0 = 35.0% done in 553.4s, 1025.9s to go
on time step 841 (time=4.205), 0.596986 s/step
Meep progress: 4.24/12.0 = 35.3% done in 557.6s, 1020.6s to go
on time step 848 (time=4.24), 0.598003 s/step
Meep progress: 4.275/12.0 = 35.6% done in 561.8s, 1015.2s to go
on time step 855 (time=4.275), 0.597653 s/step
Meep progress: 4.3100000000000005/12.0 = 35.9% done in 566.0s, 1009.9s to go
on time step 862 (time=4.31), 0.598511 s/step
Meep progress: 4.345/12.0 = 36.2% done in 570.2s, 1004.5s to go
on time step 869 (time=4.345), 0.597597 s/step
Meep progress: 4.38/12.0 = 36.5% done in 574.4s, 999.3s to go
on time step 876 (time=4.38), 0.599057 s/step
Meep progress: 4.415/12.0 = 36.8% done in 578.6s, 994.0s to go
on time step 883 (time=4.415), 0.597478 s/step
Meep progress: 4.45/12.0 = 37.1% done in 582.8s, 988.7s to go
on time step 890 (time=4.45), 0.599239 s/step
Meep progress: 4.485/12.0 = 37.4% done in 586.9s, 983.5s to go
on time step 897 (time=4.485), 0.596739 s/step
Meep progress: 4.5200000000000005/12.0 = 37.7% done in 591.1s, 978.2s to go
on time step 904 (time=4.52), 0.599192 s/step
Meep progress: 4.555/12.0 = 38.0% done in 595.3s, 973.0s to go
on time step 911 (time=4.555), 0.598176 s/step
Meep progress: 4.59/12.0 = 38.2% done in 599.5s, 967.8s to go
on time step 918 (time=4.59), 0.597623 s/step
Meep progress: 4.625/12.0 = 38.5% done in 603.7s, 962.6s to go
on time step 925 (time=4.625), 0.598268 s/step
Meep progress: 4.66/12.0 = 38.8% done in 607.9s, 957.5s to go
on time step 932 (time=4.66), 0.59789 s/step
Meep progress: 4.695/12.0 = 39.1% done in 612.0s, 952.3s to go
on time step 939 (time=4.695), 0.596301 s/step
Meep progress: 4.73/12.0 = 39.4% done in 616.2s, 947.2s to go
on time step 946 (time=4.73), 0.598817 s/step
Meep progress: 4.765/12.0 = 39.7% done in 620.4s, 942.0s to go
on time step 953 (time=4.765), 0.598145 s/step
Meep progress: 4.8/12.0 = 40.0% done in 624.6s, 936.9s to go
on time step 960 (time=4.8), 0.599586 s/step
Meep progress: 4.835/12.0 = 40.3% done in 628.8s, 931.8s to go
on time step 967 (time=4.835), 0.596578 s/step
Meep progress: 4.87/12.0 = 40.6% done in 633.0s, 926.7s to go
on time step 974 (time=4.87), 0.599068 s/step
Meep progress: 4.905/12.0 = 40.9% done in 637.2s, 921.7s to go
on time step 981 (time=4.905), 0.600761 s/step
Meep progress: 4.94/12.0 = 41.2% done in 641.4s, 916.7s to go
on time step 988 (time=4.94), 0.601398 s/step
Meep progress: 4.9750000000000005/12.0 = 41.5% done in 645.6s, 911.6s to go
on time step 995 (time=4.975), 0.598598 s/step
Meep progress: 5.01/12.0 = 41.8% done in 649.8s, 906.6s to go
on time step 1002 (time=5.01), 0.597794 s/step
Meep progress: 5.045/12.0 = 42.0% done in 654.0s, 901.5s to go
on time step 1009 (time=5.045), 0.59665 s/step
Meep progress: 5.08/12.0 = 42.3% done in 658.2s, 896.6s to go
on time step 1016 (time=5.08), 0.600196 s/step
Meep progress: 5.115/12.0 = 42.6% done in 662.3s, 891.5s to go
on time step 1023 (time=5.115), 0.59767 s/step
Meep progress: 5.15/12.0 = 42.9% done in 666.5s, 886.6s to go
on time step 1030 (time=5.15), 0.599778 s/step
Meep progress: 5.1850000000000005/12.0 = 43.2% done in 670.7s, 881.6s to go
on time step 1037 (time=5.185), 0.596237 s/step
Meep progress: 5.22/12.0 = 43.5% done in 674.9s, 876.6s to go
on time step 1044 (time=5.22), 0.597678 s/step
Meep progress: 5.255/12.0 = 43.8% done in 679.1s, 871.6s to go
on time step 1051 (time=5.255), 0.599006 s/step
Meep progress: 5.29/12.0 = 44.1% done in 683.3s, 866.7s to go
on time step 1058 (time=5.29), 0.597413 s/step
Meep progress: 5.325/12.0 = 44.4% done in 687.5s, 861.8s to go
on time step 1065 (time=5.325), 0.60603 s/step
Meep progress: 5.36/12.0 = 44.7% done in 691.7s, 856.9s to go
on time step 1072 (time=5.36), 0.59947 s/step
Meep progress: 5.3950000000000005/12.0 = 45.0% done in 695.9s, 852.0s to go
on time step 1079 (time=5.395), 0.597992 s/step
Meep progress: 5.43/12.0 = 45.2% done in 700.1s, 847.1s to go
on time step 1086 (time=5.43), 0.598194 s/step
Meep progress: 5.465/12.0 = 45.5% done in 704.3s, 842.2s to go
on time step 1093 (time=5.465), 0.600186 s/step
Meep progress: 5.5/12.0 = 45.8% done in 708.5s, 837.3s to go
on time step 1100 (time=5.5), 0.599379 s/step
Meep progress: 5.535/12.0 = 46.1% done in 712.7s, 832.4s to go
on time step 1107 (time=5.535), 0.596928 s/step
Meep progress: 5.57/12.0 = 46.4% done in 716.9s, 827.5s to go
on time step 1114 (time=5.57), 0.598228 s/step
Meep progress: 5.605/12.0 = 46.7% done in 721.0s, 822.7s to go
on time step 1121 (time=5.605), 0.597167 s/step
Meep progress: 5.64/12.0 = 47.0% done in 725.2s, 817.8s to go
on time step 1128 (time=5.64), 0.596662 s/step
Meep progress: 5.675/12.0 = 47.3% done in 729.4s, 812.9s to go
on time step 1135 (time=5.675), 0.598257 s/step
Meep progress: 5.71/12.0 = 47.6% done in 733.6s, 808.1s to go
on time step 1142 (time=5.71), 0.597774 s/step
Meep progress: 5.745/12.0 = 47.9% done in 737.8s, 803.3s to go
on time step 1149 (time=5.745), 0.598105 s/step
Meep progress: 5.78/12.0 = 48.2% done in 742.0s, 798.5s to go
on time step 1156 (time=5.78), 0.599413 s/step
Meep progress: 5.815/12.0 = 48.5% done in 746.2s, 793.6s to go
on time step 1163 (time=5.815), 0.59744 s/step
Meep progress: 5.8500000000000005/12.0 = 48.8% done in 750.4s, 788.8s to go
on time step 1170 (time=5.85), 0.601535 s/step
Meep progress: 5.885/12.0 = 49.0% done in 754.5s, 784.0s to go
on time step 1177 (time=5.885), 0.596845 s/step
Meep progress: 5.92/12.0 = 49.3% done in 758.7s, 779.2s to go
on time step 1184 (time=5.92), 0.598379 s/step
Meep progress: 5.955/12.0 = 49.6% done in 762.9s, 774.4s to go
on time step 1191 (time=5.955), 0.598424 s/step
Meep progress: 5.99/12.0 = 49.9% done in 767.1s, 769.7s to go
on time step 1198 (time=5.99), 0.596697 s/step
Meep progress: 6.025/12.0 = 50.2% done in 771.3s, 764.9s to go
on time step 1205 (time=6.025), 0.596344 s/step
Meep progress: 6.0600000000000005/12.0 = 50.5% done in 775.5s, 760.1s to go
on time step 1212 (time=6.06), 0.59895 s/step
Meep progress: 6.095/12.0 = 50.8% done in 779.6s, 755.3s to go
on time step 1219 (time=6.095), 0.597725 s/step
Meep progress: 6.13/12.0 = 51.1% done in 783.8s, 750.6s to go
on time step 1226 (time=6.13), 0.600129 s/step
Meep progress: 6.165/12.0 = 51.4% done in 788.0s, 745.9s to go
on time step 1233 (time=6.165), 0.597929 s/step
Meep progress: 6.2/12.0 = 51.7% done in 792.2s, 741.1s to go
on time step 1240 (time=6.2), 0.598247 s/step
Meep progress: 6.235/12.0 = 52.0% done in 796.4s, 736.4s to go
on time step 1247 (time=6.235), 0.598041 s/step
Meep progress: 6.2700000000000005/12.0 = 52.3% done in 800.6s, 731.6s to go
on time step 1254 (time=6.27), 0.598274 s/step
Meep progress: 6.305/12.0 = 52.5% done in 804.8s, 726.9s to go
on time step 1261 (time=6.305), 0.599341 s/step
Meep progress: 6.34/12.0 = 52.8% done in 809.0s, 722.2s to go
on time step 1268 (time=6.34), 0.597087 s/step
Meep progress: 6.375/12.0 = 53.1% done in 813.2s, 717.5s to go
on time step 1275 (time=6.375), 0.597989 s/step
Meep progress: 6.41/12.0 = 53.4% done in 817.3s, 712.8s to go
on time step 1282 (time=6.41), 0.597953 s/step
Meep progress: 6.445/12.0 = 53.7% done in 821.5s, 708.1s to go
on time step 1289 (time=6.445), 0.596469 s/step
Meep progress: 6.48/12.0 = 54.0% done in 825.7s, 703.4s to go
on time step 1296 (time=6.48), 0.599049 s/step
Meep progress: 6.515000000000001/12.0 = 54.3% done in 829.9s, 698.7s to go
on time step 1303 (time=6.515), 0.598095 s/step
Meep progress: 6.55/12.0 = 54.6% done in 834.1s, 694.0s to go
on time step 1310 (time=6.55), 0.599378 s/step
Meep progress: 6.585/12.0 = 54.9% done in 838.3s, 689.3s to go
on time step 1317 (time=6.585), 0.596981 s/step
Meep progress: 6.62/12.0 = 55.2% done in 842.5s, 684.7s to go
on time step 1324 (time=6.62), 0.598184 s/step
Meep progress: 6.655/12.0 = 55.5% done in 846.7s, 680.0s to go
on time step 1331 (time=6.655), 0.599392 s/step
Meep progress: 6.69/12.0 = 55.8% done in 850.8s, 675.3s to go
on time step 1338 (time=6.69), 0.596848 s/step
Meep progress: 6.7250000000000005/12.0 = 56.0% done in 855.0s, 670.7s to go
on time step 1345 (time=6.725), 0.597351 s/step
Meep progress: 6.76/12.0 = 56.3% done in 859.2s, 666.0s to go
on time step 1352 (time=6.76), 0.598879 s/step
Meep progress: 6.795/12.0 = 56.6% done in 863.4s, 661.4s to go
on time step 1359 (time=6.795), 0.596633 s/step
Meep progress: 6.83/12.0 = 56.9% done in 867.6s, 656.7s to go
on time step 1366 (time=6.83), 0.599156 s/step
Meep progress: 6.865/12.0 = 57.2% done in 871.8s, 652.1s to go
on time step 1373 (time=6.865), 0.59833 s/step
Meep progress: 6.9/12.0 = 57.5% done in 876.0s, 647.5s to go
on time step 1380 (time=6.9), 0.599055 s/step
Meep progress: 6.9350000000000005/12.0 = 57.8% done in 880.1s, 642.8s to go
on time step 1387 (time=6.935), 0.597198 s/step
Meep progress: 6.97/12.0 = 58.1% done in 884.3s, 638.2s to go
on time step 1394 (time=6.97), 0.59908 s/step
Meep progress: 7.005/12.0 = 58.4% done in 888.5s, 633.6s to go
on time step 1401 (time=7.005), 0.598218 s/step
Meep progress: 7.04/12.0 = 58.7% done in 892.7s, 629.0s to go
on time step 1408 (time=7.04), 0.596807 s/step
Meep progress: 7.075/12.0 = 59.0% done in 896.9s, 624.3s to go
on time step 1415 (time=7.075), 0.597597 s/step
Meep progress: 7.11/12.0 = 59.3% done in 901.1s, 619.7s to go
on time step 1422 (time=7.11), 0.599461 s/step
Meep progress: 7.1450000000000005/12.0 = 59.5% done in 905.3s, 615.1s to go
on time step 1429 (time=7.145), 0.596666 s/step
Meep progress: 7.18/12.0 = 59.8% done in 909.5s, 610.5s to go
on time step 1436 (time=7.18), 0.598716 s/step
Meep progress: 7.215/12.0 = 60.1% done in 913.6s, 605.9s to go
on time step 1443 (time=7.215), 0.597765 s/step
Meep progress: 7.25/12.0 = 60.4% done in 917.8s, 601.3s to go
on time step 1450 (time=7.25), 0.599077 s/step
Meep progress: 7.285/12.0 = 60.7% done in 922.0s, 596.7s to go
on time step 1457 (time=7.285), 0.597562 s/step
Meep progress: 7.32/12.0 = 61.0% done in 926.2s, 592.2s to go
on time step 1464 (time=7.32), 0.598629 s/step
Meep progress: 7.355/12.0 = 61.3% done in 930.4s, 587.6s to go
on time step 1471 (time=7.355), 0.599283 s/step
Meep progress: 7.390000000000001/12.0 = 61.6% done in 934.6s, 583.0s to go
on time step 1478 (time=7.39), 0.597905 s/step
Meep progress: 7.425/12.0 = 61.9% done in 938.8s, 578.4s to go
on time step 1485 (time=7.425), 0.598491 s/step
Meep progress: 7.46/12.0 = 62.2% done in 943.0s, 573.9s to go
on time step 1492 (time=7.46), 0.603702 s/step
Meep progress: 7.495/12.0 = 62.5% done in 947.2s, 569.3s to go
on time step 1499 (time=7.495), 0.602275 s/step
Meep progress: 7.53/12.0 = 62.8% done in 951.4s, 564.8s to go
on time step 1506 (time=7.53), 0.598629 s/step
Meep progress: 7.565/12.0 = 63.0% done in 955.6s, 560.2s to go
on time step 1513 (time=7.565), 0.598008 s/step
Meep progress: 7.6000000000000005/12.0 = 63.3% done in 959.8s, 555.7s to go
on time step 1520 (time=7.6), 0.599973 s/step
Meep progress: 7.635/12.0 = 63.6% done in 964.0s, 551.1s to go
on time step 1527 (time=7.635), 0.597367 s/step
Meep progress: 7.67/12.0 = 63.9% done in 968.2s, 546.6s to go
on time step 1534 (time=7.67), 0.597771 s/step
Meep progress: 7.705/12.0 = 64.2% done in 972.4s, 542.0s to go
on time step 1541 (time=7.705), 0.599427 s/step
Meep progress: 7.74/12.0 = 64.5% done in 976.5s, 537.5s to go
on time step 1548 (time=7.74), 0.598041 s/step
Meep progress: 7.775/12.0 = 64.8% done in 980.7s, 532.9s to go
on time step 1555 (time=7.775), 0.598626 s/step
Meep progress: 7.8100000000000005/12.0 = 65.1% done in 984.9s, 528.4s to go
on time step 1562 (time=7.81), 0.599289 s/step
Meep progress: 7.845/12.0 = 65.4% done in 989.1s, 523.9s to go
on time step 1569 (time=7.845), 0.597426 s/step
Meep progress: 7.88/12.0 = 65.7% done in 993.3s, 519.3s to go
on time step 1576 (time=7.88), 0.598315 s/step
Meep progress: 7.915/12.0 = 66.0% done in 997.5s, 514.8s to go
on time step 1583 (time=7.915), 0.596933 s/step
Meep progress: 7.95/12.0 = 66.2% done in 1001.7s, 510.3s to go
on time step 1590 (time=7.95), 0.598719 s/step
Meep progress: 7.985/12.0 = 66.5% done in 1005.9s, 505.8s to go
on time step 1597 (time=7.985), 0.596903 s/step
Meep progress: 8.02/12.0 = 66.8% done in 1010.0s, 501.2s to go
on time step 1604 (time=8.02), 0.598249 s/step
Meep progress: 8.055/12.0 = 67.1% done in 1014.2s, 496.7s to go
on time step 1611 (time=8.055), 0.597601 s/step
Meep progress: 8.09/12.0 = 67.4% done in 1018.4s, 492.2s to go
on time step 1618 (time=8.09), 0.597758 s/step
Meep progress: 8.125/12.0 = 67.7% done in 1022.6s, 487.7s to go
on time step 1625 (time=8.125), 0.598895 s/step
Meep progress: 8.16/12.0 = 68.0% done in 1026.8s, 483.2s to go
on time step 1632 (time=8.16), 0.600141 s/step
Meep progress: 8.195/12.0 = 68.3% done in 1031.0s, 478.7s to go
on time step 1639 (time=8.195), 0.597827 s/step
Meep progress: 8.23/12.0 = 68.6% done in 1035.2s, 474.2s to go
on time step 1646 (time=8.23), 0.597906 s/step
Meep progress: 8.265/12.0 = 68.9% done in 1039.4s, 469.7s to go
on time step 1653 (time=8.265), 0.599323 s/step
Meep progress: 8.3/12.0 = 69.2% done in 1043.6s, 465.2s to go
on time step 1660 (time=8.3), 0.598915 s/step
Meep progress: 8.335/12.0 = 69.5% done in 1047.7s, 460.7s to go
on time step 1667 (time=8.335), 0.597762 s/step
Meep progress: 8.370000000000001/12.0 = 69.8% done in 1051.9s, 456.2s to go
on time step 1674 (time=8.37), 0.599061 s/step
Meep progress: 8.405/12.0 = 70.0% done in 1056.1s, 451.7s to go
on time step 1681 (time=8.405), 0.598077 s/step
Meep progress: 8.44/12.0 = 70.3% done in 1060.3s, 447.2s to go
on time step 1688 (time=8.44), 0.59815 s/step
Meep progress: 8.475/12.0 = 70.6% done in 1064.5s, 442.8s to go
on time step 1695 (time=8.475), 0.598084 s/step
Meep progress: 8.51/12.0 = 70.9% done in 1068.7s, 438.3s to go
on time step 1702 (time=8.51), 0.599951 s/step
Meep progress: 8.545/12.0 = 71.2% done in 1072.9s, 433.8s to go
on time step 1709 (time=8.545), 0.596345 s/step
Meep progress: 8.58/12.0 = 71.5% done in 1077.1s, 429.3s to go
on time step 1716 (time=8.58), 0.59821 s/step
Meep progress: 8.615/12.0 = 71.8% done in 1081.3s, 424.8s to go
on time step 1723 (time=8.615), 0.598777 s/step
Meep progress: 8.65/12.0 = 72.1% done in 1085.5s, 420.4s to go
on time step 1730 (time=8.65), 0.599573 s/step
Meep progress: 8.685/12.0 = 72.4% done in 1089.6s, 415.9s to go
on time step 1737 (time=8.685), 0.5973 s/step
Meep progress: 8.72/12.0 = 72.7% done in 1093.8s, 411.4s to go
on time step 1744 (time=8.72), 0.596933 s/step
Meep progress: 8.755/12.0 = 73.0% done in 1098.0s, 407.0s to go
on time step 1751 (time=8.755), 0.597219 s/step
Meep progress: 8.790000000000001/12.0 = 73.3% done in 1102.2s, 402.5s to go
on time step 1758 (time=8.79), 0.598986 s/step
Meep progress: 8.825000000000001/12.0 = 73.5% done in 1106.4s, 398.0s to go
on time step 1765 (time=8.825), 0.599145 s/step
Meep progress: 8.86/12.0 = 73.8% done in 1110.6s, 393.6s to go
on time step 1772 (time=8.86), 0.599829 s/step
Meep progress: 8.895/12.0 = 74.1% done in 1114.8s, 389.1s to go
on time step 1779 (time=8.895), 0.597548 s/step
Meep progress: 8.93/12.0 = 74.4% done in 1119.0s, 384.7s to go
on time step 1786 (time=8.93), 0.599364 s/step
Meep progress: 8.965/12.0 = 74.7% done in 1123.2s, 380.2s to go
on time step 1793 (time=8.965), 0.600236 s/step
Meep progress: 9.0/12.0 = 75.0% done in 1127.4s, 375.8s to go
on time step 1800 (time=9), 0.598879 s/step
Meep progress: 9.035/12.0 = 75.3% done in 1131.5s, 371.3s to go
on time step 1807 (time=9.035), 0.597675 s/step
Meep progress: 9.07/12.0 = 75.6% done in 1135.7s, 366.9s to go
on time step 1814 (time=9.07), 0.599879 s/step
Meep progress: 9.105/12.0 = 75.9% done in 1139.9s, 362.4s to go
on time step 1821 (time=9.105), 0.598871 s/step
Meep progress: 9.14/12.0 = 76.2% done in 1144.1s, 358.0s to go
on time step 1828 (time=9.14), 0.59848 s/step
Meep progress: 9.175/12.0 = 76.5% done in 1148.3s, 353.6s to go
on time step 1835 (time=9.175), 0.598267 s/step
Meep progress: 9.21/12.0 = 76.8% done in 1152.5s, 349.1s to go
on time step 1842 (time=9.21), 0.598393 s/step
Meep progress: 9.245000000000001/12.0 = 77.0% done in 1156.7s, 344.7s to go
on time step 1849 (time=9.245), 0.597262 s/step
Meep progress: 9.28/12.0 = 77.3% done in 1160.9s, 340.3s to go
on time step 1856 (time=9.28), 0.597416 s/step
Meep progress: 9.315/12.0 = 77.6% done in 1165.1s, 335.8s to go
on time step 1863 (time=9.315), 0.599116 s/step
Meep progress: 9.35/12.0 = 77.9% done in 1169.3s, 331.4s to go
on time step 1870 (time=9.35), 0.59953 s/step
Meep progress: 9.385/12.0 = 78.2% done in 1173.4s, 327.0s to go
on time step 1877 (time=9.385), 0.596437 s/step
Meep progress: 9.42/12.0 = 78.5% done in 1177.6s, 322.5s to go
on time step 1884 (time=9.42), 0.59885 s/step
Meep progress: 9.455/12.0 = 78.8% done in 1181.8s, 318.1s to go
on time step 1891 (time=9.455), 0.597657 s/step
Meep progress: 9.49/12.0 = 79.1% done in 1186.0s, 313.7s to go
on time step 1898 (time=9.49), 0.598458 s/step
Meep progress: 9.525/12.0 = 79.4% done in 1190.2s, 309.3s to go
on time step 1905 (time=9.525), 0.598205 s/step
Meep progress: 9.56/12.0 = 79.7% done in 1194.4s, 304.8s to go
on time step 1912 (time=9.56), 0.600836 s/step
Meep progress: 9.595/12.0 = 80.0% done in 1198.6s, 300.4s to go
on time step 1919 (time=9.595), 0.596937 s/step
Meep progress: 9.63/12.0 = 80.3% done in 1202.7s, 296.0s to go
on time step 1926 (time=9.63), 0.597818 s/step
Meep progress: 9.665000000000001/12.0 = 80.5% done in 1206.9s, 291.6s to go
on time step 1933 (time=9.665), 0.59912 s/step
Meep progress: 9.700000000000001/12.0 = 80.8% done in 1211.1s, 287.2s to go
on time step 1940 (time=9.7), 0.598623 s/step
Meep progress: 9.735/12.0 = 81.1% done in 1215.3s, 282.8s to go
on time step 1947 (time=9.735), 0.597455 s/step
Meep progress: 9.77/12.0 = 81.4% done in 1219.5s, 278.4s to go
on time step 1954 (time=9.77), 0.597914 s/step
Meep progress: 9.805/12.0 = 81.7% done in 1223.7s, 273.9s to go
on time step 1961 (time=9.805), 0.59738 s/step
Meep progress: 9.84/12.0 = 82.0% done in 1227.9s, 269.5s to go
on time step 1968 (time=9.84), 0.598643 s/step
Meep progress: 9.875/12.0 = 82.3% done in 1232.1s, 265.1s to go
on time step 1975 (time=9.875), 0.597438 s/step
Meep progress: 9.91/12.0 = 82.6% done in 1236.2s, 260.7s to go
on time step 1982 (time=9.91), 0.59878 s/step
Meep progress: 9.945/12.0 = 82.9% done in 1240.4s, 256.3s to go
on time step 1989 (time=9.945), 0.59805 s/step
Meep progress: 9.98/12.0 = 83.2% done in 1244.6s, 251.9s to go
on time step 1996 (time=9.98), 0.597807 s/step
Meep progress: 10.015/12.0 = 83.5% done in 1248.8s, 247.5s to go
on time step 2003 (time=10.015), 0.599475 s/step
Meep progress: 10.05/12.0 = 83.8% done in 1253.0s, 243.1s to go
on time step 2010 (time=10.05), 0.599596 s/step
Meep progress: 10.085/12.0 = 84.0% done in 1257.2s, 238.7s to go
on time step 2017 (time=10.085), 0.59686 s/step
Meep progress: 10.120000000000001/12.0 = 84.3% done in 1261.4s, 234.3s to go
on time step 2024 (time=10.12), 0.599694 s/step
Meep progress: 10.155/12.0 = 84.6% done in 1265.6s, 229.9s to go
on time step 2031 (time=10.155), 0.598666 s/step
Meep progress: 10.19/12.0 = 84.9% done in 1269.8s, 225.5s to go
on time step 2038 (time=10.19), 0.598646 s/step
Meep progress: 10.225/12.0 = 85.2% done in 1274.0s, 221.2s to go
on time step 2045 (time=10.225), 0.59846 s/step
Meep progress: 10.26/12.0 = 85.5% done in 1278.2s, 216.8s to go
on time step 2052 (time=10.26), 0.599112 s/step
Meep progress: 10.295/12.0 = 85.8% done in 1282.3s, 212.4s to go
on time step 2059 (time=10.295), 0.598808 s/step
Meep progress: 10.33/12.0 = 86.1% done in 1286.6s, 208.0s to go
on time step 2066 (time=10.33), 0.604978 s/step
Meep progress: 10.365/12.0 = 86.4% done in 1290.8s, 203.6s to go
on time step 2073 (time=10.365), 0.605114 s/step
Meep progress: 10.4/12.0 = 86.7% done in 1295.0s, 199.2s to go
on time step 2080 (time=10.4), 0.599341 s/step
Meep progress: 10.435/12.0 = 87.0% done in 1299.2s, 194.8s to go
on time step 2087 (time=10.435), 0.596354 s/step
Meep progress: 10.47/12.0 = 87.3% done in 1303.4s, 190.5s to go
on time step 2094 (time=10.47), 0.599773 s/step
Meep progress: 10.505/12.0 = 87.5% done in 1307.6s, 186.1s to go
on time step 2101 (time=10.505), 0.598545 s/step
Meep progress: 10.540000000000001/12.0 = 87.8% done in 1311.8s, 181.7s to go
on time step 2108 (time=10.54), 0.599628 s/step
Meep progress: 10.575000000000001/12.0 = 88.1% done in 1316.0s, 177.3s to go
on time step 2115 (time=10.575), 0.597726 s/step
Meep progress: 10.61/12.0 = 88.4% done in 1320.2s, 173.0s to go
on time step 2122 (time=10.61), 0.598905 s/step
Meep progress: 10.645/12.0 = 88.7% done in 1324.3s, 168.6s to go
on time step 2129 (time=10.645), 0.598178 s/step
Meep progress: 10.68/12.0 = 89.0% done in 1328.5s, 164.2s to go
on time step 2136 (time=10.68), 0.598797 s/step
Meep progress: 10.715/12.0 = 89.3% done in 1332.7s, 159.8s to go
on time step 2143 (time=10.715), 0.599194 s/step
Meep progress: 10.75/12.0 = 89.6% done in 1336.9s, 155.5s to go
on time step 2150 (time=10.75), 0.599524 s/step
Meep progress: 10.785/12.0 = 89.9% done in 1341.1s, 151.1s to go
on time step 2157 (time=10.785), 0.596091 s/step
Meep progress: 10.82/12.0 = 90.2% done in 1345.3s, 146.7s to go
on time step 2164 (time=10.82), 0.598261 s/step
Meep progress: 10.855/12.0 = 90.5% done in 1349.5s, 142.3s to go
on time step 2171 (time=10.855), 0.598268 s/step
Meep progress: 10.89/12.0 = 90.8% done in 1353.7s, 138.0s to go
on time step 2178 (time=10.89), 0.599145 s/step
Meep progress: 10.925/12.0 = 91.0% done in 1357.9s, 133.6s to go
on time step 2185 (time=10.925), 0.597702 s/step
Meep progress: 10.96/12.0 = 91.3% done in 1362.0s, 129.2s to go
on time step 2192 (time=10.96), 0.596955 s/step
Meep progress: 10.995000000000001/12.0 = 91.6% done in 1366.2s, 124.9s to go
on time step 2199 (time=10.995), 0.596955 s/step
Meep progress: 11.03/12.0 = 91.9% done in 1370.4s, 120.5s to go
on time step 2206 (time=11.03), 0.599171 s/step
Meep progress: 11.065/12.0 = 92.2% done in 1374.6s, 116.2s to go
on time step 2213 (time=11.065), 0.598754 s/step
Meep progress: 11.1/12.0 = 92.5% done in 1378.8s, 111.8s to go
on time step 2220 (time=11.1), 0.599604 s/step
Meep progress: 11.135/12.0 = 92.8% done in 1383.0s, 107.4s to go
on time step 2227 (time=11.135), 0.597944 s/step
Meep progress: 11.17/12.0 = 93.1% done in 1387.2s, 103.1s to go
on time step 2234 (time=11.17), 0.59957 s/step
Meep progress: 11.205/12.0 = 93.4% done in 1391.4s, 98.7s to go
on time step 2241 (time=11.205), 0.598258 s/step
Meep progress: 11.24/12.0 = 93.7% done in 1395.6s, 94.4s to go
on time step 2248 (time=11.24), 0.599629 s/step
Meep progress: 11.275/12.0 = 94.0% done in 1399.8s, 90.0s to go
on time step 2255 (time=11.275), 0.599168 s/step
Meep progress: 11.31/12.0 = 94.3% done in 1403.9s, 85.7s to go
on time step 2262 (time=11.31), 0.597403 s/step
Meep progress: 11.345/12.0 = 94.5% done in 1408.1s, 81.3s to go
on time step 2269 (time=11.345), 0.598712 s/step
Meep progress: 11.38/12.0 = 94.8% done in 1412.3s, 76.9s to go
on time step 2276 (time=11.38), 0.598155 s/step
Meep progress: 11.415000000000001/12.0 = 95.1% done in 1416.5s, 72.6s to go
on time step 2283 (time=11.415), 0.599079 s/step
Meep progress: 11.450000000000001/12.0 = 95.4% done in 1420.7s, 68.2s to go
on time step 2290 (time=11.45), 0.599318 s/step
Meep progress: 11.485/12.0 = 95.7% done in 1424.9s, 63.9s to go
on time step 2297 (time=11.485), 0.596766 s/step
Meep progress: 11.52/12.0 = 96.0% done in 1429.1s, 59.5s to go
on time step 2304 (time=11.52), 0.598823 s/step
Meep progress: 11.555/12.0 = 96.3% done in 1433.3s, 55.2s to go
on time step 2311 (time=11.555), 0.598173 s/step
Meep progress: 11.59/12.0 = 96.6% done in 1437.5s, 50.9s to go
on time step 2318 (time=11.59), 0.598766 s/step
Meep progress: 11.625/12.0 = 96.9% done in 1441.6s, 46.5s to go
on time step 2325 (time=11.625), 0.598334 s/step
Meep progress: 11.66/12.0 = 97.2% done in 1445.8s, 42.2s to go
on time step 2332 (time=11.66), 0.597628 s/step
Meep progress: 11.695/12.0 = 97.5% done in 1450.0s, 37.8s to go
on time step 2339 (time=11.695), 0.596864 s/step
Meep progress: 11.73/12.0 = 97.8% done in 1454.2s, 33.5s to go
on time step 2346 (time=11.73), 0.598149 s/step
Meep progress: 11.765/12.0 = 98.0% done in 1458.4s, 29.1s to go
on time step 2353 (time=11.765), 0.598569 s/step
Meep progress: 11.8/12.0 = 98.3% done in 1462.6s, 24.8s to go
on time step 2360 (time=11.8), 0.599638 s/step
Meep progress: 11.835/12.0 = 98.6% done in 1466.8s, 20.4s to go
on time step 2367 (time=11.835), 0.597804 s/step
Meep progress: 11.870000000000001/12.0 = 98.9% done in 1471.0s, 16.1s to go
on time step 2374 (time=11.87), 0.59956 s/step
Meep progress: 11.905/12.0 = 99.2% done in 1475.1s, 11.8s to go
on time step 2381 (time=11.905), 0.597418 s/step
Meep progress: 11.94/12.0 = 99.5% done in 1479.3s, 7.4s to go
on time step 2388 (time=11.94), 0.598337 s/step
Meep progress: 11.975/12.0 = 99.8% done in 1483.5s, 3.1s to go
on time step 2395 (time=11.975), 0.598117 s/step
run 0 finished at t = 12.0 (2400 timesteps)


**********


Flux: 3.498984600784913
Transmittance: 0.590558
Reflectance: -0.001943
Absorption: 0.4094418279196266 over 3.9000000000000004 um
lambda = 0.007404775513402366 mm
Saved Sim7a_Eps_B.png
Saved Sim7a_Ez_B.png
Saved Sim7a_Pwr0_B.png
Saved Sim7a_Pwr1_B.png
Saved Sim7a_Pwr2_B.png
Saved Sim7a_Ez_CS_B.png


**********


Program finished.

Elapsed run time = 3699.4864 s
