Using MPI version 3.1, 12 processes
File prefix: Sim8b
Duration: 20
Resolution: 50
Dimensions: 10 um, 8 um, 8 um
Wavelength: 1.55 um
Fiber thickness: 1 um
Absorber dimensions: 7.8999999999999995 um, 0.04 um
Absorber center: 0.05 um, 0 um, 0 um
Absorber n: 1.4606, k: 7.55
Absorber compensation for thickness: 10


**********


-----------
Initializing structure...
Halving computational cell along direction z
Splitting into 12 chunks evenly
time for choose_chunkdivision = 0.0522577 s
Working in 3D dimensions.
Computational cell is 10 x 8 x 8 with resolution 50
     cylinder, center = (0,0,0)
          radius 0.5, height 1e+20, axis (1, 0, 0)
          dielectric constant epsilon diagonal = (1.444,1.444,1.444)
subpixel-averaging is 12.6708% done, 28.1443 s remaining
subpixel-averaging is 25.4298% done, 12.0241 s remaining
subpixel-averaging is 38.1887% done, 6.6284 s remaining
subpixel-averaging is 50.9476% done, 3.93227 s remaining
subpixel-averaging is 63.7065% done, 2.34175 s remaining
subpixel-averaging is 76.3774% done, 1.24616 s remaining
subpixel-averaging is 89.1364% done, 0.497621 s remaining
subpixel-averaging is 27.0695% done, 10.8873 s remaining
subpixel-averaging is 54.3272% done, 3.44691 s remaining
subpixel-averaging is 81.5849% done, 0.92999 s remaining
subpixel-averaging is 14.6067% done, 23.7815 s remaining
subpixel-averaging is 27.5416% done, 10.7843 s remaining
subpixel-averaging is 42.2363% done, 5.56996 s remaining
subpixel-averaging is 55.1712% done, 3.37272 s remaining
subpixel-averaging is 69.954% done, 1.82864 s remaining
subpixel-averaging is 82.8889% done, 0.841201 s remaining
subpixel-averaging is 97.5836% done, 0.102234 s remaining
subpixel-averaging is 31.2052% done, 8.9597 s remaining
subpixel-averaging is 58.8388% done, 2.86835 s remaining
subpixel-averaging is 90.2322% done, 0.44126 s remaining
subpixel-averaging is 14.6067% done, 23.8823 s remaining
subpixel-averaging is 27.4536% done, 10.5805 s remaining
subpixel-averaging is 40.3885% done, 5.99718 s remaining
subpixel-averaging is 55.0832% done, 3.41402 s remaining
subpixel-averaging is 68.0181% done, 1.9324 s remaining
subpixel-averaging is 82.7129% done, 0.869585 s remaining
subpixel-averaging is 95.6478% done, 0.187702 s remaining
subpixel-averaging is 31.2052% done, 8.99 s remaining
subpixel-averaging is 58.8388% done, 2.88477 s remaining
subpixel-averaging is 90.2322% done, 0.441054 s remaining
time for set_epsilon = 138.475 s
-----------
    iteration   13: trace = 0.553724199567497 (0.0169604% change)
    iteration   27: trace = 0.5537017754719076 (7.21091e-10% change)
MPB solved for omega_1(0.775268,0,0) = 0.744111 after 29 iters
    iteration   13: trace = 0.4137069329757299 (2.43727e-07% change)
MPB solved for omega_1(0.659269,0,0) = 0.643201 after 19 iters
    iteration   13: trace = 0.4162317352838226 (1.25071e-10% change)
MPB solved for omega_1(0.66147,0,0) = 0.64516 after 14 iters
MPB solved for omega_1(0.661471,0,0) = 0.645161 after 1 iters
creating output file "./main-eps-000000.00.h5"...
creating output file "./main-pwr.h5"...
Meep progress: 0.01/20.0 = 0.0% done in 43.2s, 86395.5s to go
on time step 1 (time=0.01), 39.7681 s/step
Meep progress: 0.09/20.0 = 0.4% done in 47.7s, 10544.0s to go
on time step 9 (time=0.09), 0.555185 s/step
Meep progress: 0.16/20.0 = 0.8% done in 52.0s, 6450.2s to go
on time step 16 (time=0.16), 0.622132 s/step
Meep progress: 0.24/20.0 = 1.2% done in 56.4s, 4642.4s to go
on time step 24 (time=0.24), 0.54589 s/step
Meep progress: 0.31/20.0 = 1.5% done in 60.7s, 3857.2s to go
on time step 31 (time=0.31), 0.62035 s/step
Meep progress: 0.39/20.0 = 1.9% done in 65.1s, 3273.4s to go
on time step 39 (time=0.39), 0.546777 s/step
Meep progress: 0.46/20.0 = 2.3% done in 69.5s, 2950.1s to go
on time step 46 (time=0.46), 0.621403 s/step
Meep progress: 0.54/20.0 = 2.7% done in 73.8s, 2660.1s to go
on time step 54 (time=0.54), 0.545769 s/step
Meep progress: 0.61/20.0 = 3.0% done in 78.2s, 2484.4s to go
on time step 61 (time=0.61), 0.620062 s/step
Meep progress: 0.6900000000000001/20.0 = 3.5% done in 82.6s, 2311.9s to go
on time step 69 (time=0.69), 0.555934 s/step
Meep progress: 0.76/20.0 = 3.8% done in 87.0s, 2203.0s to go
on time step 76 (time=0.76), 0.62966 s/step
Meep progress: 0.84/20.0 = 4.2% done in 91.4s, 2085.6s to go
on time step 84 (time=0.84), 0.551835 s/step
Meep progress: 0.91/20.0 = 4.5% done in 95.9s, 2011.0s to go
on time step 91 (time=0.91), 0.632439 s/step
Meep progress: 0.99/20.0 = 4.9% done in 100.2s, 1924.5s to go
on time step 99 (time=0.99), 0.545021 s/step
Meep progress: 1.06/20.0 = 5.3% done in 104.6s, 1868.6s to go
on time step 106 (time=1.06), 0.62186 s/step
Meep progress: 1.1400000000000001/20.0 = 5.7% done in 108.9s, 1802.2s to go
on time step 114 (time=1.14), 0.545246 s/step
Meep progress: 1.21/20.0 = 6.0% done in 113.3s, 1759.3s to go
on time step 121 (time=1.21), 0.621944 s/step
Meep progress: 1.29/20.0 = 6.5% done in 117.7s, 1706.7s to go
on time step 129 (time=1.29), 0.54751 s/step
Meep progress: 1.36/20.0 = 6.8% done in 122.0s, 1672.4s to go
on time step 136 (time=1.36), 0.621153 s/step
Meep progress: 1.44/20.0 = 7.2% done in 126.4s, 1629.1s to go
on time step 144 (time=1.44), 0.546291 s/step
Meep progress: 1.51/20.0 = 7.5% done in 130.7s, 1601.0s to go
on time step 151 (time=1.51), 0.622117 s/step
Meep progress: 1.59/20.0 = 8.0% done in 135.1s, 1564.5s to go
on time step 159 (time=1.59), 0.546023 s/step
Meep progress: 1.6600000000000001/20.0 = 8.3% done in 139.5s, 1541.0s to go
on time step 166 (time=1.66), 0.623376 s/step
Meep progress: 1.74/20.0 = 8.7% done in 143.8s, 1509.5s to go
on time step 174 (time=1.74), 0.545524 s/step
Meep progress: 1.81/20.0 = 9.0% done in 148.2s, 1489.0s to go
on time step 181 (time=1.81), 0.617376 s/step
Meep progress: 1.8900000000000001/20.0 = 9.4% done in 152.4s, 1460.0s to go
on time step 189 (time=1.89), 0.525423 s/step
Meep progress: 1.96/20.0 = 9.8% done in 156.6s, 1441.0s to go
on time step 196 (time=1.96), 0.59806 s/step
Meep progress: 2.04/20.0 = 10.2% done in 160.8s, 1415.3s to go
on time step 204 (time=2.04), 0.524684 s/step
Meep progress: 2.11/20.0 = 10.5% done in 164.9s, 1398.4s to go
on time step 211 (time=2.11), 0.597078 s/step
Meep progress: 2.19/20.0 = 10.9% done in 169.1s, 1375.3s to go
on time step 219 (time=2.19), 0.522632 s/step
Meep progress: 2.2600000000000002/20.0 = 11.3% done in 173.3s, 1360.3s to go
on time step 226 (time=2.26), 0.597172 s/step
Meep progress: 2.34/20.0 = 11.7% done in 177.5s, 1339.5s to go
on time step 234 (time=2.34), 0.523527 s/step
Meep progress: 2.41/20.0 = 12.1% done in 181.7s, 1326.0s to go
on time step 241 (time=2.41), 0.59827 s/step
Meep progress: 2.49/20.0 = 12.5% done in 185.9s, 1307.0s to go
on time step 249 (time=2.49), 0.523081 s/step
Meep progress: 2.56/20.0 = 12.8% done in 190.0s, 1294.6s to go
on time step 256 (time=2.56), 0.596103 s/step
Meep progress: 2.64/20.0 = 13.2% done in 194.2s, 1277.2s to go
on time step 264 (time=2.64), 0.525171 s/step
Meep progress: 2.71/20.0 = 13.5% done in 198.4s, 1265.9s to go
on time step 271 (time=2.71), 0.59706 s/step
Meep progress: 2.79/20.0 = 13.9% done in 202.6s, 1249.8s to go
on time step 279 (time=2.79), 0.524254 s/step
Meep progress: 2.86/20.0 = 14.3% done in 206.8s, 1239.2s to go
on time step 286 (time=2.86), 0.596143 s/step
Meep progress: 2.94/20.0 = 14.7% done in 211.0s, 1224.2s to go
on time step 294 (time=2.94), 0.523854 s/step
Meep progress: 3.0100000000000002/20.0 = 15.1% done in 215.2s, 1214.4s to go
on time step 301 (time=3.01), 0.597284 s/step
Meep progress: 3.09/20.0 = 15.4% done in 219.3s, 1200.3s to go
on time step 309 (time=3.09), 0.523054 s/step
Meep progress: 3.16/20.0 = 15.8% done in 223.5s, 1191.2s to go
on time step 316 (time=3.16), 0.598025 s/step
Meep progress: 3.24/20.0 = 16.2% done in 227.7s, 1177.9s to go
on time step 324 (time=3.24), 0.523569 s/step
Meep progress: 3.31/20.0 = 16.6% done in 231.9s, 1169.3s to go
on time step 331 (time=3.31), 0.596881 s/step
Meep progress: 3.39/20.0 = 16.9% done in 236.1s, 1156.8s to go
on time step 339 (time=3.39), 0.52512 s/step
Meep progress: 3.46/20.0 = 17.3% done in 240.3s, 1148.6s to go
on time step 346 (time=3.46), 0.596664 s/step
Meep progress: 3.54/20.0 = 17.7% done in 244.5s, 1136.7s to go
on time step 354 (time=3.54), 0.525042 s/step
Meep progress: 3.61/20.0 = 18.0% done in 248.6s, 1128.9s to go
on time step 361 (time=3.61), 0.596968 s/step
Meep progress: 3.69/20.0 = 18.4% done in 252.8s, 1117.5s to go
on time step 369 (time=3.69), 0.523238 s/step
Meep progress: 3.7600000000000002/20.0 = 18.8% done in 257.0s, 1110.1s to go
on time step 376 (time=3.76), 0.596825 s/step
Meep progress: 3.84/20.0 = 19.2% done in 261.2s, 1099.2s to go
on time step 384 (time=3.84), 0.52443 s/step
Meep progress: 3.91/20.0 = 19.6% done in 265.4s, 1092.1s to go
on time step 391 (time=3.91), 0.598307 s/step
Meep progress: 3.99/20.0 = 19.9% done in 269.6s, 1081.7s to go
on time step 399 (time=3.99), 0.523996 s/step
Meep progress: 4.0600000000000005/20.0 = 20.3% done in 273.8s, 1074.8s to go
on time step 406 (time=4.06), 0.596823 s/step
Meep progress: 4.14/20.0 = 20.7% done in 278.0s, 1064.9s to go
on time step 414 (time=4.14), 0.527199 s/step
Meep progress: 4.21/20.0 = 21.0% done in 282.2s, 1058.3s to go
on time step 421 (time=4.21), 0.597243 s/step
Meep progress: 4.29/20.0 = 21.4% done in 286.5s, 1049.0s to go
on time step 429 (time=4.29), 0.537002 s/step
Meep progress: 4.36/20.0 = 21.8% done in 290.6s, 1042.6s to go
on time step 436 (time=4.36), 0.598163 s/step
Meep progress: 4.44/20.0 = 22.2% done in 294.8s, 1033.3s to go
on time step 444 (time=4.44), 0.523684 s/step
Meep progress: 4.51/20.0 = 22.5% done in 299.0s, 1027.0s to go
on time step 451 (time=4.51), 0.597575 s/step
Meep progress: 4.59/20.0 = 22.9% done in 303.2s, 1018.0s to go
on time step 459 (time=4.59), 0.523112 s/step
Meep progress: 4.66/20.0 = 23.3% done in 307.4s, 1011.9s to go
on time step 466 (time=4.66), 0.597263 s/step
Meep progress: 4.74/20.0 = 23.7% done in 311.6s, 1003.1s to go
on time step 474 (time=4.74), 0.521929 s/step
Meep progress: 4.8100000000000005/20.0 = 24.1% done in 315.7s, 997.1s to go
on time step 481 (time=4.81), 0.596443 s/step
Meep progress: 4.89/20.0 = 24.4% done in 319.9s, 988.6s to go
on time step 489 (time=4.89), 0.523962 s/step
Meep progress: 4.96/20.0 = 24.8% done in 324.1s, 982.8s to go
on time step 496 (time=4.96), 0.596004 s/step
Meep progress: 5.04/20.0 = 25.2% done in 328.3s, 974.5s to go
on time step 504 (time=5.04), 0.523299 s/step
Meep progress: 5.11/20.0 = 25.6% done in 332.5s, 968.8s to go
on time step 511 (time=5.11), 0.59731 s/step
Meep progress: 5.19/20.0 = 25.9% done in 336.7s, 960.7s to go
on time step 519 (time=5.19), 0.523876 s/step
Meep progress: 5.26/20.0 = 26.3% done in 340.8s, 955.1s to go
on time step 526 (time=5.26), 0.597101 s/step
Meep progress: 5.34/20.0 = 26.7% done in 345.0s, 947.2s to go
on time step 534 (time=5.34), 0.522961 s/step
Meep progress: 5.41/20.0 = 27.1% done in 349.2s, 941.8s to go
on time step 541 (time=5.41), 0.596922 s/step
Meep progress: 5.49/20.0 = 27.4% done in 353.4s, 934.0s to go
on time step 549 (time=5.49), 0.523844 s/step
Meep progress: 5.5600000000000005/20.0 = 27.8% done in 357.6s, 928.7s to go
on time step 556 (time=5.56), 0.596823 s/step
Meep progress: 5.64/20.0 = 28.2% done in 361.8s, 921.1s to go
on time step 564 (time=5.64), 0.523711 s/step
Meep progress: 5.71/20.0 = 28.5% done in 365.9s, 915.8s to go
on time step 571 (time=5.71), 0.596926 s/step
Meep progress: 5.79/20.0 = 28.9% done in 370.1s, 908.4s to go
on time step 579 (time=5.79), 0.52362 s/step
Meep progress: 5.86/20.0 = 29.3% done in 374.3s, 903.2s to go
on time step 586 (time=5.86), 0.596297 s/step
Meep progress: 5.94/20.0 = 29.7% done in 378.5s, 895.9s to go
on time step 594 (time=5.94), 0.523039 s/step
Meep progress: 6.01/20.0 = 30.0% done in 382.7s, 890.8s to go
on time step 601 (time=6.01), 0.599465 s/step
Meep progress: 6.09/20.0 = 30.4% done in 386.9s, 883.6s to go
on time step 609 (time=6.09), 0.522963 s/step
Meep progress: 6.16/20.0 = 30.8% done in 391.0s, 878.6s to go
on time step 616 (time=6.16), 0.595849 s/step
Meep progress: 6.24/20.0 = 31.2% done in 395.2s, 871.5s to go
on time step 624 (time=6.24), 0.523714 s/step
Meep progress: 6.3100000000000005/20.0 = 31.6% done in 399.4s, 866.5s to go
on time step 631 (time=6.31), 0.59654 s/step
Meep progress: 6.390000000000001/20.0 = 32.0% done in 403.6s, 859.6s to go
on time step 639 (time=6.39), 0.52388 s/step
Meep progress: 6.46/20.0 = 32.3% done in 407.8s, 854.7s to go
on time step 646 (time=6.46), 0.595764 s/step
Meep progress: 6.54/20.0 = 32.7% done in 412.0s, 847.9s to go
on time step 654 (time=6.54), 0.523235 s/step
Meep progress: 6.61/20.0 = 33.0% done in 416.1s, 843.0s to go
on time step 661 (time=6.61), 0.596993 s/step
Meep progress: 6.69/20.0 = 33.5% done in 420.3s, 836.2s to go
on time step 669 (time=6.69), 0.523186 s/step
Meep progress: 6.76/20.0 = 33.8% done in 424.5s, 831.4s to go
on time step 676 (time=6.76), 0.596848 s/step
Meep progress: 6.84/20.0 = 34.2% done in 428.7s, 824.8s to go
on time step 684 (time=6.84), 0.522906 s/step
Meep progress: 6.91/20.0 = 34.5% done in 432.9s, 820.1s to go
on time step 691 (time=6.91), 0.603419 s/step
Meep progress: 6.99/20.0 = 34.9% done in 437.1s, 813.6s to go
on time step 699 (time=6.99), 0.526546 s/step
Meep progress: 7.0600000000000005/20.0 = 35.3% done in 441.5s, 809.3s to go
on time step 706 (time=7.06), 0.629557 s/step
Meep progress: 7.140000000000001/20.0 = 35.7% done in 445.7s, 802.8s to go
on time step 714 (time=7.14), 0.525139 s/step
Meep progress: 7.21/20.0 = 36.0% done in 450.0s, 798.2s to go
on time step 721 (time=7.21), 0.60558 s/step
Meep progress: 7.29/20.0 = 36.4% done in 454.2s, 791.8s to go
on time step 729 (time=7.29), 0.523631 s/step
Meep progress: 7.36/20.0 = 36.8% done in 458.3s, 787.2s to go
on time step 736 (time=7.36), 0.597934 s/step
Meep progress: 7.44/20.0 = 37.2% done in 462.6s, 781.0s to go
on time step 744 (time=7.44), 0.533687 s/step
Meep progress: 7.51/20.0 = 37.5% done in 466.9s, 776.5s to go
on time step 751 (time=7.51), 0.609476 s/step
Meep progress: 7.59/20.0 = 37.9% done in 471.2s, 770.4s to go
on time step 759 (time=7.59), 0.534779 s/step
Meep progress: 7.65/20.0 = 38.2% done in 475.2s, 767.1s to go
on time step 765 (time=7.65), 0.671991 s/step
Meep progress: 7.72/20.0 = 38.6% done in 479.2s, 762.3s to go
on time step 772 (time=7.72), 0.572902 s/step
Meep progress: 7.79/20.0 = 38.9% done in 483.2s, 757.4s to go
on time step 779 (time=7.79), 0.573895 s/step
Meep progress: 7.86/20.0 = 39.3% done in 487.6s, 753.2s to go
on time step 786 (time=7.86), 0.629207 s/step
Meep progress: 7.94/20.0 = 39.7% done in 492.0s, 747.3s to go
on time step 794 (time=7.94), 0.546549 s/step
Meep progress: 8.01/20.0 = 40.0% done in 496.4s, 743.0s to go
on time step 801 (time=8.01), 0.622975 s/step
Meep progress: 8.09/20.0 = 40.4% done in 500.7s, 737.2s to go
on time step 809 (time=8.09), 0.548188 s/step
Meep progress: 8.16/20.0 = 40.8% done in 505.2s, 733.0s to go
on time step 816 (time=8.16), 0.630765 s/step
Meep progress: 8.24/20.0 = 41.2% done in 509.5s, 727.1s to go
on time step 824 (time=8.24), 0.540633 s/step
Meep progress: 8.31/20.0 = 41.5% done in 513.8s, 722.8s to go
on time step 831 (time=8.31), 0.615703 s/step
Meep progress: 8.39/20.0 = 42.0% done in 518.1s, 717.0s to go
on time step 839 (time=8.39), 0.540979 s/step
Meep progress: 8.46/20.0 = 42.3% done in 522.3s, 712.5s to go
on time step 846 (time=8.46), 0.600467 s/step
Meep progress: 8.540000000000001/20.0 = 42.7% done in 526.6s, 706.6s to go
on time step 854 (time=8.54), 0.529264 s/step
Meep progress: 8.61/20.0 = 43.0% done in 530.9s, 702.3s to go
on time step 861 (time=8.61), 0.61545 s/step
Meep progress: 8.69/20.0 = 43.4% done in 535.2s, 696.5s to go
on time step 869 (time=8.69), 0.537225 s/step
Meep progress: 8.76/20.0 = 43.8% done in 539.5s, 692.3s to go
on time step 876 (time=8.76), 0.622127 s/step
Meep progress: 8.84/20.0 = 44.2% done in 543.8s, 686.5s to go
on time step 884 (time=8.84), 0.528716 s/step
Meep progress: 8.91/20.0 = 44.5% done in 548.0s, 682.1s to go
on time step 891 (time=8.91), 0.611763 s/step
Meep progress: 8.99/20.0 = 44.9% done in 552.3s, 676.4s to go
on time step 899 (time=8.99), 0.530415 s/step
Meep progress: 9.06/20.0 = 45.3% done in 556.5s, 672.0s to go
on time step 906 (time=9.06), 0.603189 s/step
Meep progress: 9.14/20.0 = 45.7% done in 560.8s, 666.3s to go
on time step 914 (time=9.14), 0.535928 s/step
Meep progress: 9.21/20.0 = 46.1% done in 565.1s, 662.0s to go
on time step 921 (time=9.21), 0.613574 s/step
Meep progress: 9.290000000000001/20.0 = 46.5% done in 569.4s, 656.4s to go
on time step 929 (time=9.29), 0.534629 s/step
Meep progress: 9.36/20.0 = 46.8% done in 573.7s, 652.2s to go
on time step 936 (time=9.36), 0.61937 s/step
Meep progress: 9.44/20.0 = 47.2% done in 578.0s, 646.6s to go
on time step 944 (time=9.44), 0.534683 s/step
Meep progress: 9.51/20.0 = 47.5% done in 582.2s, 642.2s to go
on time step 951 (time=9.51), 0.604261 s/step
Meep progress: 9.59/20.0 = 47.9% done in 586.4s, 636.6s to go
on time step 959 (time=9.59), 0.528037 s/step
Meep progress: 9.66/20.0 = 48.3% done in 590.8s, 632.4s to go
on time step 966 (time=9.66), 0.619791 s/step
Meep progress: 9.74/20.0 = 48.7% done in 595.1s, 626.9s to go
on time step 974 (time=9.74), 0.545026 s/step
Meep progress: 9.81/20.0 = 49.0% done in 599.6s, 622.8s to go
on time step 981 (time=9.81), 0.636127 s/step
Meep progress: 9.89/20.0 = 49.5% done in 603.8s, 617.3s to go
on time step 989 (time=9.89), 0.532123 s/step
Meep progress: 9.96/20.0 = 49.8% done in 608.2s, 613.0s to go
on time step 996 (time=9.96), 0.615772 s/step
Meep progress: 10.040000000000001/20.0 = 50.2% done in 612.5s, 607.6s to go
on time step 1004 (time=10.04), 0.539516 s/step
Meep progress: 10.11/20.0 = 50.5% done in 616.7s, 603.3s to go
on time step 1011 (time=10.11), 0.606309 s/step
Meep progress: 10.19/20.0 = 50.9% done in 621.0s, 597.8s to go
on time step 1019 (time=10.19), 0.531767 s/step
Meep progress: 10.26/20.0 = 51.3% done in 625.2s, 593.5s to go
on time step 1026 (time=10.26), 0.605805 s/step
Meep progress: 10.34/20.0 = 51.7% done in 629.5s, 588.1s to go
on time step 1034 (time=10.34), 0.531659 s/step
Meep progress: 10.41/20.0 = 52.0% done in 633.7s, 583.8s to go
on time step 1041 (time=10.41), 0.60409 s/step
Meep progress: 10.49/20.0 = 52.4% done in 638.1s, 578.5s to go
on time step 1049 (time=10.49), 0.54925 s/step
Meep progress: 10.56/20.0 = 52.8% done in 642.4s, 574.2s to go
on time step 1056 (time=10.56), 0.608546 s/step
Meep progress: 10.64/20.0 = 53.2% done in 646.6s, 568.8s to go
on time step 1064 (time=10.64), 0.526017 s/step
Meep progress: 10.71/20.0 = 53.6% done in 650.9s, 564.6s to go
on time step 1071 (time=10.71), 0.612924 s/step
Meep progress: 10.790000000000001/20.0 = 54.0% done in 655.3s, 559.3s to go
on time step 1079 (time=10.79), 0.550393 s/step
Meep progress: 10.86/20.0 = 54.3% done in 659.5s, 555.1s to go
on time step 1086 (time=10.86), 0.608913 s/step
Meep progress: 10.94/20.0 = 54.7% done in 663.8s, 549.7s to go
on time step 1094 (time=10.94), 0.528923 s/step
Meep progress: 11.01/20.0 = 55.0% done in 668.0s, 545.4s to go
on time step 1101 (time=11.01), 0.601526 s/step
Meep progress: 11.09/20.0 = 55.4% done in 672.2s, 540.1s to go
on time step 1109 (time=11.09), 0.528042 s/step
Meep progress: 11.16/20.0 = 55.8% done in 676.4s, 535.8s to go
on time step 1116 (time=11.16), 0.602546 s/step
Meep progress: 11.24/20.0 = 56.2% done in 680.6s, 530.5s to go
on time step 1124 (time=11.24), 0.527646 s/step
Meep progress: 11.31/20.0 = 56.5% done in 684.9s, 526.2s to go
on time step 1131 (time=11.31), 0.602227 s/step
Meep progress: 11.39/20.0 = 57.0% done in 689.1s, 520.9s to go
on time step 1139 (time=11.39), 0.527654 s/step
Meep progress: 11.46/20.0 = 57.3% done in 693.3s, 516.6s to go
on time step 1146 (time=11.46), 0.602247 s/step
Meep progress: 11.540000000000001/20.0 = 57.7% done in 697.5s, 511.4s to go
on time step 1154 (time=11.54), 0.529334 s/step
Meep progress: 11.61/20.0 = 58.0% done in 701.9s, 507.2s to go
on time step 1161 (time=11.61), 0.628281 s/step
Meep progress: 11.69/20.0 = 58.4% done in 706.2s, 502.0s to go
on time step 1169 (time=11.69), 0.529224 s/step
Meep progress: 11.76/20.0 = 58.8% done in 710.4s, 497.8s to go
on time step 1176 (time=11.76), 0.607464 s/step
Meep progress: 11.84/20.0 = 59.2% done in 714.8s, 492.7s to go
on time step 1184 (time=11.84), 0.553633 s/step
Meep progress: 11.91/20.0 = 59.5% done in 719.2s, 488.5s to go
on time step 1191 (time=11.91), 0.626303 s/step
Meep progress: 11.99/20.0 = 59.9% done in 723.5s, 483.3s to go
on time step 1199 (time=11.99), 0.534189 s/step
Meep progress: 12.06/20.0 = 60.3% done in 727.7s, 479.1s to go
on time step 1206 (time=12.06), 0.600646 s/step
Meep progress: 12.14/20.0 = 60.7% done in 731.9s, 473.9s to go
on time step 1214 (time=12.14), 0.524789 s/step
Meep progress: 12.21/20.0 = 61.1% done in 736.1s, 469.6s to go
on time step 1221 (time=12.21), 0.59754 s/step
Meep progress: 12.290000000000001/20.0 = 61.5% done in 740.3s, 464.4s to go
on time step 1229 (time=12.29), 0.525581 s/step
Meep progress: 12.36/20.0 = 61.8% done in 744.5s, 460.2s to go
on time step 1236 (time=12.36), 0.598712 s/step
Meep progress: 12.44/20.0 = 62.2% done in 748.7s, 455.0s to go
on time step 1244 (time=12.44), 0.525409 s/step
Meep progress: 12.51/20.0 = 62.5% done in 752.9s, 450.8s to go
on time step 1251 (time=12.51), 0.59794 s/step
Meep progress: 12.59/20.0 = 62.9% done in 757.1s, 445.6s to go
on time step 1259 (time=12.59), 0.525251 s/step
Meep progress: 12.66/20.0 = 63.3% done in 761.3s, 441.4s to go
on time step 1266 (time=12.66), 0.599974 s/step
Meep progress: 12.74/20.0 = 63.7% done in 765.5s, 436.2s to go
on time step 1274 (time=12.74), 0.524862 s/step
Meep progress: 12.81/20.0 = 64.0% done in 769.7s, 432.0s to go
on time step 1281 (time=12.81), 0.600056 s/step
Meep progress: 12.89/20.0 = 64.5% done in 773.9s, 426.9s to go
on time step 1289 (time=12.89), 0.526783 s/step
Meep progress: 12.96/20.0 = 64.8% done in 778.1s, 422.7s to go
on time step 1296 (time=12.96), 0.598614 s/step
Meep progress: 13.040000000000001/20.0 = 65.2% done in 782.3s, 417.5s to go
on time step 1304 (time=13.04), 0.525856 s/step
Meep progress: 13.11/20.0 = 65.5% done in 786.5s, 413.3s to go
on time step 1311 (time=13.11), 0.598012 s/step
Meep progress: 13.19/20.0 = 65.9% done in 790.7s, 408.2s to go
on time step 1319 (time=13.19), 0.525695 s/step
Meep progress: 13.26/20.0 = 66.3% done in 794.9s, 404.0s to go
on time step 1326 (time=13.26), 0.598518 s/step
Meep progress: 13.34/20.0 = 66.7% done in 799.1s, 398.9s to go
on time step 1334 (time=13.34), 0.52546 s/step
Meep progress: 13.41/20.0 = 67.0% done in 803.3s, 394.7s to go
on time step 1341 (time=13.41), 0.598614 s/step
Meep progress: 13.49/20.0 = 67.5% done in 807.5s, 389.7s to go
on time step 1349 (time=13.49), 0.524862 s/step
Meep progress: 13.56/20.0 = 67.8% done in 811.7s, 385.5s to go
on time step 1356 (time=13.56), 0.59967 s/step
Meep progress: 13.64/20.0 = 68.2% done in 815.9s, 380.4s to go
on time step 1364 (time=13.64), 0.524634 s/step
Meep progress: 13.71/20.0 = 68.5% done in 820.0s, 376.2s to go
on time step 1371 (time=13.71), 0.597712 s/step
Meep progress: 13.790000000000001/20.0 = 69.0% done in 824.2s, 371.2s to go
on time step 1379 (time=13.79), 0.525443 s/step
Meep progress: 13.86/20.0 = 69.3% done in 828.4s, 367.0s to go
on time step 1386 (time=13.86), 0.598826 s/step
Meep progress: 13.94/20.0 = 69.7% done in 832.7s, 362.0s to go
on time step 1394 (time=13.94), 0.527664 s/step
Meep progress: 14.01/20.0 = 70.0% done in 836.8s, 357.8s to go
on time step 1401 (time=14.01), 0.597882 s/step
Meep progress: 14.09/20.0 = 70.4% done in 841.0s, 352.8s to go
on time step 1409 (time=14.09), 0.524916 s/step
Meep progress: 14.16/20.0 = 70.8% done in 845.2s, 348.6s to go
on time step 1416 (time=14.16), 0.600161 s/step
Meep progress: 14.24/20.0 = 71.2% done in 849.4s, 343.6s to go
on time step 1424 (time=14.24), 0.524874 s/step
Meep progress: 14.31/20.0 = 71.5% done in 853.6s, 339.4s to go
on time step 1431 (time=14.31), 0.598473 s/step
Meep progress: 14.39/20.0 = 72.0% done in 857.8s, 334.4s to go
on time step 1439 (time=14.39), 0.524727 s/step
Meep progress: 14.46/20.0 = 72.3% done in 862.0s, 330.3s to go
on time step 1446 (time=14.46), 0.600329 s/step
Meep progress: 14.540000000000001/20.0 = 72.7% done in 866.2s, 325.3s to go
on time step 1454 (time=14.54), 0.525973 s/step
Meep progress: 14.61/20.0 = 73.0% done in 870.4s, 321.1s to go
on time step 1461 (time=14.61), 0.598376 s/step
Meep progress: 14.69/20.0 = 73.4% done in 874.6s, 316.2s to go
on time step 1469 (time=14.69), 0.525602 s/step
Meep progress: 14.76/20.0 = 73.8% done in 878.8s, 312.0s to go
on time step 1476 (time=14.76), 0.598589 s/step
Meep progress: 14.84/20.0 = 74.2% done in 883.0s, 307.0s to go
on time step 1484 (time=14.84), 0.524981 s/step
Meep progress: 14.91/20.0 = 74.5% done in 887.2s, 302.9s to go
on time step 1491 (time=14.91), 0.598523 s/step
Meep progress: 14.99/20.0 = 75.0% done in 891.4s, 297.9s to go
on time step 1499 (time=14.99), 0.524875 s/step
Meep progress: 15.06/20.0 = 75.3% done in 895.6s, 293.8s to go
on time step 1506 (time=15.06), 0.600537 s/step
Meep progress: 15.14/20.0 = 75.7% done in 899.8s, 288.8s to go
on time step 1514 (time=15.14), 0.525355 s/step
Meep progress: 15.21/20.0 = 76.0% done in 904.0s, 284.7s to go
on time step 1521 (time=15.21), 0.597884 s/step
Meep progress: 15.290000000000001/20.0 = 76.5% done in 908.2s, 279.8s to go
on time step 1529 (time=15.29), 0.525385 s/step
Meep progress: 15.36/20.0 = 76.8% done in 912.4s, 275.6s to go
on time step 1536 (time=15.36), 0.598888 s/step
Meep progress: 15.44/20.0 = 77.2% done in 916.6s, 270.7s to go
on time step 1544 (time=15.44), 0.525217 s/step
Meep progress: 15.51/20.0 = 77.5% done in 920.8s, 266.6s to go
on time step 1551 (time=15.51), 0.599028 s/step
Meep progress: 15.59/20.0 = 77.9% done in 925.0s, 261.7s to go
on time step 1559 (time=15.59), 0.525636 s/step
Meep progress: 15.66/20.0 = 78.3% done in 929.2s, 257.5s to go
on time step 1566 (time=15.66), 0.598825 s/step
Meep progress: 15.74/20.0 = 78.7% done in 933.4s, 252.6s to go
on time step 1574 (time=15.74), 0.524658 s/step
Meep progress: 15.81/20.0 = 79.0% done in 937.6s, 248.5s to go
on time step 1581 (time=15.81), 0.598468 s/step
Meep progress: 15.89/20.0 = 79.5% done in 941.8s, 243.6s to go
on time step 1589 (time=15.89), 0.524873 s/step
Meep progress: 15.96/20.0 = 79.8% done in 946.0s, 239.5s to go
on time step 1596 (time=15.96), 0.598437 s/step
Meep progress: 16.04/20.0 = 80.2% done in 950.2s, 234.6s to go
on time step 1604 (time=16.04), 0.525523 s/step
Meep progress: 16.11/20.0 = 80.5% done in 954.4s, 230.4s to go
on time step 1611 (time=16.11), 0.598294 s/step
Meep progress: 16.19/20.0 = 81.0% done in 958.6s, 225.6s to go
on time step 1619 (time=16.19), 0.526146 s/step
Meep progress: 16.26/20.0 = 81.3% done in 962.8s, 221.4s to go
on time step 1626 (time=16.26), 0.598533 s/step
Meep progress: 16.34/20.0 = 81.7% done in 967.0s, 216.6s to go
on time step 1634 (time=16.34), 0.52477 s/step
Meep progress: 16.41/20.0 = 82.0% done in 971.2s, 212.5s to go
on time step 1641 (time=16.41), 0.59935 s/step
Meep progress: 16.490000000000002/20.0 = 82.5% done in 975.4s, 207.6s to go
on time step 1649 (time=16.49), 0.524894 s/step
Meep progress: 16.56/20.0 = 82.8% done in 979.6s, 203.5s to go
on time step 1656 (time=16.56), 0.59994 s/step
Meep progress: 16.64/20.0 = 83.2% done in 983.8s, 198.6s to go
on time step 1664 (time=16.64), 0.525166 s/step
Meep progress: 16.71/20.0 = 83.5% done in 987.9s, 194.5s to go
on time step 1671 (time=16.71), 0.597696 s/step
Meep progress: 16.79/20.0 = 83.9% done in 992.1s, 189.7s to go
on time step 1679 (time=16.79), 0.525437 s/step
Meep progress: 16.86/20.0 = 84.3% done in 996.3s, 185.6s to go
on time step 1686 (time=16.86), 0.598373 s/step
Meep progress: 16.94/20.0 = 84.7% done in 1000.5s, 180.7s to go
on time step 1694 (time=16.94), 0.525469 s/step
Meep progress: 17.01/20.0 = 85.0% done in 1004.7s, 176.6s to go
on time step 1701 (time=17.01), 0.597285 s/step
Meep progress: 17.09/20.0 = 85.4% done in 1008.9s, 171.8s to go
on time step 1709 (time=17.09), 0.52568 s/step
Meep progress: 17.16/20.0 = 85.8% done in 1013.1s, 167.7s to go
on time step 1716 (time=17.16), 0.599298 s/step
Meep progress: 17.240000000000002/20.0 = 86.2% done in 1017.3s, 162.9s to go
on time step 1724 (time=17.24), 0.524912 s/step
Meep progress: 17.31/20.0 = 86.5% done in 1021.5s, 158.7s to go
on time step 1731 (time=17.31), 0.598419 s/step
Meep progress: 17.39/20.0 = 87.0% done in 1025.8s, 154.0s to go
on time step 1739 (time=17.39), 0.536228 s/step
Meep progress: 17.46/20.0 = 87.3% done in 1030.0s, 149.8s to go
on time step 1746 (time=17.46), 0.60028 s/step
Meep progress: 17.54/20.0 = 87.7% done in 1034.2s, 145.0s to go
on time step 1754 (time=17.54), 0.5247 s/step
Meep progress: 17.61/20.0 = 88.0% done in 1038.4s, 140.9s to go
on time step 1761 (time=17.61), 0.597637 s/step
Meep progress: 17.69/20.0 = 88.5% done in 1042.6s, 136.1s to go
on time step 1769 (time=17.69), 0.525901 s/step
Meep progress: 17.76/20.0 = 88.8% done in 1046.8s, 132.0s to go
on time step 1776 (time=17.76), 0.598566 s/step
Meep progress: 17.84/20.0 = 89.2% done in 1051.0s, 127.2s to go
on time step 1784 (time=17.84), 0.525572 s/step
Meep progress: 17.91/20.0 = 89.5% done in 1055.2s, 123.1s to go
on time step 1791 (time=17.91), 0.598735 s/step
Meep progress: 17.990000000000002/20.0 = 90.0% done in 1059.4s, 118.4s to go
on time step 1799 (time=17.99), 0.524892 s/step
Meep progress: 18.06/20.0 = 90.3% done in 1063.6s, 114.2s to go
on time step 1806 (time=18.06), 0.599334 s/step
Meep progress: 18.14/20.0 = 90.7% done in 1067.8s, 109.5s to go
on time step 1814 (time=18.14), 0.524693 s/step
Meep progress: 18.21/20.0 = 91.0% done in 1072.0s, 105.4s to go
on time step 1821 (time=18.21), 0.599287 s/step
Meep progress: 18.29/20.0 = 91.4% done in 1076.2s, 100.6s to go
on time step 1829 (time=18.29), 0.52498 s/step
Meep progress: 18.36/20.0 = 91.8% done in 1080.4s, 96.5s to go
on time step 1836 (time=18.36), 0.598703 s/step
Meep progress: 18.44/20.0 = 92.2% done in 1084.6s, 91.8s to go
on time step 1844 (time=18.44), 0.525182 s/step
Meep progress: 18.51/20.0 = 92.5% done in 1088.7s, 87.6s to go
on time step 1851 (time=18.51), 0.598197 s/step
Meep progress: 18.59/20.0 = 92.9% done in 1092.9s, 82.9s to go
on time step 1859 (time=18.59), 0.525536 s/step
Meep progress: 18.66/20.0 = 93.3% done in 1097.1s, 78.8s to go
on time step 1866 (time=18.66), 0.598659 s/step
Meep progress: 18.740000000000002/20.0 = 93.7% done in 1101.4s, 74.1s to go
on time step 1874 (time=18.74), 0.527179 s/step
Meep progress: 18.81/20.0 = 94.0% done in 1105.6s, 69.9s to go
on time step 1881 (time=18.81), 0.603196 s/step
Meep progress: 18.89/20.0 = 94.5% done in 1109.8s, 65.2s to go
on time step 1889 (time=18.89), 0.526421 s/step
Meep progress: 18.96/20.0 = 94.8% done in 1114.0s, 61.1s to go
on time step 1896 (time=18.96), 0.60523 s/step
Meep progress: 19.04/20.0 = 95.2% done in 1118.3s, 56.4s to go
on time step 1904 (time=19.04), 0.533146 s/step
Meep progress: 19.11/20.0 = 95.5% done in 1122.5s, 52.3s to go
on time step 1911 (time=19.11), 0.600899 s/step
Meep progress: 19.19/20.0 = 96.0% done in 1126.7s, 47.6s to go
on time step 1919 (time=19.19), 0.528273 s/step
Meep progress: 19.26/20.0 = 96.3% done in 1131.0s, 43.5s to go
on time step 1926 (time=19.26), 0.608098 s/step
Meep progress: 19.34/20.0 = 96.7% done in 1135.3s, 38.7s to go
on time step 1934 (time=19.34), 0.534423 s/step
Meep progress: 19.41/20.0 = 97.0% done in 1139.6s, 34.6s to go
on time step 1941 (time=19.41), 0.627323 s/step
Meep progress: 19.490000000000002/20.0 = 97.5% done in 1144.0s, 29.9s to go
on time step 1949 (time=19.49), 0.547736 s/step
Meep progress: 19.56/20.0 = 97.8% done in 1148.3s, 25.8s to go
on time step 1956 (time=19.56), 0.613441 s/step
Meep progress: 19.64/20.0 = 98.2% done in 1152.6s, 21.1s to go
on time step 1964 (time=19.64), 0.531506 s/step
Meep progress: 19.71/20.0 = 98.5% done in 1156.8s, 17.0s to go
on time step 1971 (time=19.71), 0.607777 s/step
Meep progress: 19.79/20.0 = 98.9% done in 1161.1s, 12.3s to go
on time step 1979 (time=19.79), 0.532272 s/step
Meep progress: 19.86/20.0 = 99.3% done in 1165.4s, 8.2s to go
on time step 1986 (time=19.86), 0.612278 s/step
Meep progress: 19.94/20.0 = 99.7% done in 1169.6s, 3.5s to go
on time step 1994 (time=19.94), 0.529451 s/step
run 0 finished at t = 20.0 (2000 timesteps)


**********


Flux: 15.151138742409053
Icon theme "gnome" not found.
Saved Sim8b_Eps_A.png
Saved Sim8b_Ez_A.png
Saved Sim8b_Pwr0_A.png
Saved Sim8b_Pwr1_A.png
Icon theme "gnome" not found.
Icon theme "gnome" not found.
Icon theme "gnome" not found.
Icon theme "gnome" not found.
Icon theme "gnome" not found.
Icon theme "gnome" not found.
Icon theme "gnome" not found.
Icon theme "gnome" not found.
Icon theme "gnome" not found.
Icon theme "gnome" not found.
Icon theme "gnome" not found.
Saved Sim8b_Pwr2_A.png
Saved Sim8b_Ez_CS_A.png


**********


-----------
Initializing structure...
Halving computational cell along direction z
Splitting into 12 chunks evenly
time for choose_chunkdivision = 0.0525682 s
Working in 3D dimensions.
Computational cell is 10 x 8 x 8 with resolution 50
     cylinder, center = (0.05,0,0)
          radius 0.54, height 7.9, axis (1, 0, 0)
          dielectric constant epsilon diagonal = (1.4606,1.4606,1.4606)
     cylinder, center = (0,0,0)
          radius 0.5, height 1e+20, axis (1, 0, 0)
          dielectric constant epsilon diagonal = (1.444,1.444,1.444)
time for set_epsilon = 1.35235 s
time for set_conductivity = 0.116071 s
time for set_conductivity = 0.116084 s
time for set_conductivity = 0.116031 s
-----------
    iteration   13: trace = 0.554080714298806 (0.041662% change)
    iteration   26: trace = 0.5539962078622571 (1.0461e-08% change)
MPB solved for omega_1(0.775268,0,0) = 0.744309 after 31 iters
    iteration   13: trace = 0.4136827418141465 (6.23534e-07% change)
MPB solved for omega_1(0.659091,0,0) = 0.643182 after 20 iters
    iteration   13: trace = 0.4162317038227958 (1.90033e-10% change)
MPB solved for omega_1(0.661312,0,0) = 0.64516 after 14 iters
MPB solved for omega_1(0.661313,0,0) = 0.645161 after 1 iters
creating output file "./main-eps-000000.00.h5"...
creating output file "./main-pwr.h5"...
Meep progress: 0.01/20.0 = 0.0% done in 43.2s, 86349.4s to go
on time step 1 (time=0.01), 40.1176 s/step
Meep progress: 0.09/20.0 = 0.4% done in 47.5s, 10515.9s to go
on time step 9 (time=0.09), 0.542378 s/step
Meep progress: 0.16/20.0 = 0.8% done in 51.8s, 6423.3s to go
on time step 16 (time=0.16), 0.609304 s/step
Meep progress: 0.24/20.0 = 1.2% done in 56.1s, 4616.5s to go
on time step 24 (time=0.24), 0.534059 s/step
Meep progress: 0.31/20.0 = 1.5% done in 60.3s, 3831.1s to go
on time step 31 (time=0.31), 0.605807 s/step
Meep progress: 0.39/20.0 = 1.9% done in 64.6s, 3246.6s to go
on time step 39 (time=0.39), 0.53118 s/step
Meep progress: 0.46/20.0 = 2.3% done in 68.8s, 2923.2s to go
on time step 46 (time=0.46), 0.606919 s/step
Meep progress: 0.54/20.0 = 2.7% done in 73.1s, 2636.0s to go
on time step 54 (time=0.54), 0.541448 s/step
Meep progress: 0.61/20.0 = 3.0% done in 77.5s, 2462.4s to go
on time step 61 (time=0.61), 0.616948 s/step
Meep progress: 0.6900000000000001/20.0 = 3.5% done in 81.8s, 2288.6s to go
on time step 69 (time=0.69), 0.538803 s/step
Meep progress: 0.76/20.0 = 3.8% done in 86.1s, 2180.4s to go
on time step 76 (time=0.76), 0.621401 s/step
Meep progress: 0.84/20.0 = 4.2% done in 90.4s, 2062.6s to go
on time step 84 (time=0.84), 0.537434 s/step
Meep progress: 0.91/20.0 = 4.5% done in 94.7s, 1986.3s to go
on time step 91 (time=0.91), 0.607903 s/step
Meep progress: 0.99/20.0 = 4.9% done in 99.0s, 1900.8s to go
on time step 99 (time=0.99), 0.538413 s/step
Meep progress: 1.06/20.0 = 5.3% done in 103.2s, 1844.8s to go
on time step 106 (time=1.06), 0.608194 s/step
Meep progress: 1.1400000000000001/20.0 = 5.7% done in 107.5s, 1778.4s to go
on time step 114 (time=1.14), 0.531025 s/step
Meep progress: 1.21/20.0 = 6.0% done in 111.8s, 1736.2s to go
on time step 121 (time=1.21), 0.615797 s/step
Meep progress: 1.29/20.0 = 6.5% done in 116.2s, 1685.3s to go
on time step 129 (time=1.29), 0.549035 s/step
Meep progress: 1.36/20.0 = 6.8% done in 120.6s, 1653.2s to go
on time step 136 (time=1.36), 0.63225 s/step
Meep progress: 1.44/20.0 = 7.2% done in 124.9s, 1609.5s to go
on time step 144 (time=1.44), 0.531096 s/step
Meep progress: 1.51/20.0 = 7.5% done in 129.1s, 1580.8s to go
on time step 151 (time=1.51), 0.603551 s/step
Meep progress: 1.59/20.0 = 8.0% done in 133.4s, 1544.1s to go
on time step 159 (time=1.59), 0.532054 s/step
Meep progress: 1.6600000000000001/20.0 = 8.3% done in 137.6s, 1520.4s to go
on time step 166 (time=1.66), 0.60723 s/step
Meep progress: 1.74/20.0 = 8.7% done in 141.9s, 1489.4s to go
on time step 174 (time=1.74), 0.538495 s/step
Meep progress: 1.81/20.0 = 9.0% done in 146.2s, 1469.0s to go
on time step 181 (time=1.81), 0.607399 s/step
Meep progress: 1.8900000000000001/20.0 = 9.4% done in 150.5s, 1441.8s to go
on time step 189 (time=1.89), 0.537226 s/step
Meep progress: 1.96/20.0 = 9.8% done in 154.8s, 1425.1s to go
on time step 196 (time=1.96), 0.623637 s/step
Meep progress: 2.04/20.0 = 10.2% done in 159.1s, 1400.6s to go
on time step 204 (time=2.04), 0.533444 s/step
Meep progress: 2.11/20.0 = 10.5% done in 163.4s, 1385.1s to go
on time step 211 (time=2.11), 0.60842 s/step
Meep progress: 2.19/20.0 = 10.9% done in 167.6s, 1363.3s to go
on time step 219 (time=2.19), 0.533465 s/step
Meep progress: 2.2600000000000002/20.0 = 11.3% done in 171.9s, 1349.5s to go
on time step 226 (time=2.26), 0.611529 s/step
Meep progress: 2.34/20.0 = 11.7% done in 176.2s, 1329.6s to go
on time step 234 (time=2.34), 0.53287 s/step
Meep progress: 2.41/20.0 = 12.1% done in 180.4s, 1316.9s to go
on time step 241 (time=2.41), 0.607262 s/step
Meep progress: 2.49/20.0 = 12.5% done in 184.7s, 1298.6s to go
on time step 249 (time=2.49), 0.530077 s/step
Meep progress: 2.56/20.0 = 12.8% done in 188.9s, 1286.9s to go
on time step 256 (time=2.56), 0.6049 s/step
Meep progress: 2.64/20.0 = 13.2% done in 193.1s, 1270.0s to go
on time step 264 (time=2.64), 0.529341 s/step
Meep progress: 2.71/20.0 = 13.5% done in 197.4s, 1259.2s to go
on time step 271 (time=2.71), 0.603821 s/step
Meep progress: 2.79/20.0 = 13.9% done in 201.6s, 1243.7s to go
on time step 279 (time=2.79), 0.531992 s/step
Meep progress: 2.86/20.0 = 14.3% done in 205.9s, 1233.7s to go
on time step 286 (time=2.86), 0.604886 s/step
Meep progress: 2.94/20.0 = 14.7% done in 210.1s, 1219.2s to go
on time step 294 (time=2.94), 0.530312 s/step
Meep progress: 3.0100000000000002/20.0 = 15.1% done in 214.4s, 1209.9s to go
on time step 301 (time=3.01), 0.607861 s/step
Meep progress: 3.09/20.0 = 15.4% done in 218.6s, 1196.5s to go
on time step 309 (time=3.09), 0.536064 s/step
Meep progress: 3.16/20.0 = 15.8% done in 222.9s, 1187.7s to go
on time step 316 (time=3.16), 0.604795 s/step
Meep progress: 3.24/20.0 = 16.2% done in 227.1s, 1174.9s to go
on time step 324 (time=3.24), 0.531264 s/step
Meep progress: 3.31/20.0 = 16.6% done in 231.4s, 1166.6s to go
on time step 331 (time=3.31), 0.605037 s/step
Meep progress: 3.39/20.0 = 16.9% done in 235.6s, 1154.4s to go
on time step 339 (time=3.39), 0.530294 s/step
Meep progress: 3.46/20.0 = 17.3% done in 239.8s, 1146.5s to go
on time step 346 (time=3.46), 0.60469 s/step
Meep progress: 3.54/20.0 = 17.7% done in 244.1s, 1134.9s to go
on time step 354 (time=3.54), 0.529536 s/step
Meep progress: 3.61/20.0 = 18.0% done in 248.3s, 1127.5s to go
on time step 361 (time=3.61), 0.607787 s/step
Meep progress: 3.69/20.0 = 18.4% done in 252.6s, 1116.5s to go
on time step 369 (time=3.69), 0.533458 s/step
Meep progress: 3.7600000000000002/20.0 = 18.8% done in 256.8s, 1109.4s to go
on time step 376 (time=3.76), 0.606617 s/step
Meep progress: 3.84/20.0 = 19.2% done in 261.1s, 1098.9s to go
on time step 384 (time=3.84), 0.535196 s/step
Meep progress: 3.91/20.0 = 19.6% done in 265.4s, 1091.9s to go
on time step 391 (time=3.91), 0.603295 s/step
Meep progress: 3.99/20.0 = 19.9% done in 269.6s, 1081.8s to go
on time step 399 (time=3.99), 0.532877 s/step
Meep progress: 4.0600000000000005/20.0 = 20.3% done in 273.9s, 1075.2s to go
on time step 406 (time=4.06), 0.606701 s/step
Meep progress: 4.14/20.0 = 20.7% done in 278.1s, 1065.4s to go
on time step 414 (time=4.14), 0.531108 s/step
Meep progress: 4.21/20.0 = 21.0% done in 282.3s, 1058.9s to go
on time step 421 (time=4.21), 0.603953 s/step
Meep progress: 4.29/20.0 = 21.4% done in 286.6s, 1049.5s to go
on time step 429 (time=4.29), 0.531346 s/step
Meep progress: 4.36/20.0 = 21.8% done in 290.8s, 1043.2s to go
on time step 436 (time=4.36), 0.605321 s/step
Meep progress: 4.44/20.0 = 22.2% done in 295.1s, 1034.1s to go
on time step 444 (time=4.44), 0.532495 s/step
Meep progress: 4.51/20.0 = 22.5% done in 299.3s, 1028.1s to go
on time step 451 (time=4.51), 0.607892 s/step
Meep progress: 4.59/20.0 = 22.9% done in 303.6s, 1019.4s to go
on time step 459 (time=4.59), 0.535746 s/step
Meep progress: 4.66/20.0 = 23.3% done in 307.9s, 1013.4s to go
on time step 466 (time=4.66), 0.603717 s/step
Meep progress: 4.74/20.0 = 23.7% done in 312.1s, 1004.8s to go
on time step 474 (time=4.74), 0.531485 s/step
Meep progress: 4.8100000000000005/20.0 = 24.1% done in 316.4s, 999.0s to go
on time step 481 (time=4.81), 0.606076 s/step
Meep progress: 4.89/20.0 = 24.4% done in 320.6s, 990.8s to go
on time step 489 (time=4.89), 0.536042 s/step
Meep progress: 4.96/20.0 = 24.8% done in 324.9s, 985.2s to go
on time step 496 (time=4.96), 0.609501 s/step
Meep progress: 5.04/20.0 = 25.2% done in 329.2s, 977.2s to go
on time step 504 (time=5.04), 0.537163 s/step
Meep progress: 5.11/20.0 = 25.6% done in 333.4s, 971.6s to go
on time step 511 (time=5.11), 0.605108 s/step
Meep progress: 5.19/20.0 = 25.9% done in 337.7s, 963.7s to go
on time step 519 (time=5.19), 0.532941 s/step
Meep progress: 5.26/20.0 = 26.3% done in 342.0s, 958.3s to go
on time step 526 (time=5.26), 0.608647 s/step
Meep progress: 5.34/20.0 = 26.7% done in 346.2s, 950.5s to go
on time step 534 (time=5.34), 0.53358 s/step
Meep progress: 5.41/20.0 = 27.1% done in 350.5s, 945.3s to go
on time step 541 (time=5.41), 0.610947 s/step
Meep progress: 5.49/20.0 = 27.4% done in 354.8s, 937.7s to go
on time step 549 (time=5.49), 0.534631 s/step
Meep progress: 5.5600000000000005/20.0 = 27.8% done in 359.0s, 932.4s to go
on time step 556 (time=5.56), 0.605904 s/step
Meep progress: 5.64/20.0 = 28.2% done in 363.3s, 925.0s to go
on time step 564 (time=5.64), 0.533704 s/step
Meep progress: 5.71/20.0 = 28.5% done in 367.6s, 919.9s to go
on time step 571 (time=5.71), 0.610939 s/step
Meep progress: 5.79/20.0 = 28.9% done in 371.8s, 912.6s to go
on time step 579 (time=5.79), 0.533091 s/step
Meep progress: 5.86/20.0 = 29.3% done in 376.1s, 907.5s to go
on time step 586 (time=5.86), 0.607593 s/step
Meep progress: 5.94/20.0 = 29.7% done in 380.4s, 900.4s to go
on time step 594 (time=5.94), 0.535327 s/step
Meep progress: 6.01/20.0 = 30.0% done in 384.6s, 895.4s to go
on time step 601 (time=6.01), 0.608279 s/step
Meep progress: 6.09/20.0 = 30.4% done in 388.9s, 888.3s to go
on time step 609 (time=6.09), 0.533687 s/step
Meep progress: 6.16/20.0 = 30.8% done in 393.2s, 883.3s to go
on time step 616 (time=6.16), 0.608364 s/step
Meep progress: 6.24/20.0 = 31.2% done in 397.5s, 876.4s to go
on time step 624 (time=6.24), 0.535572 s/step
Meep progress: 6.3100000000000005/20.0 = 31.6% done in 401.7s, 871.6s to go
on time step 631 (time=6.31), 0.610176 s/step
Meep progress: 6.390000000000001/20.0 = 32.0% done in 406.0s, 864.7s to go
on time step 639 (time=6.39), 0.535021 s/step
Meep progress: 6.46/20.0 = 32.3% done in 410.3s, 859.9s to go
on time step 646 (time=6.46), 0.60767 s/step
Meep progress: 6.54/20.0 = 32.7% done in 414.5s, 853.2s to go
on time step 654 (time=6.54), 0.534731 s/step
Meep progress: 6.61/20.0 = 33.0% done in 418.8s, 848.4s to go
on time step 661 (time=6.61), 0.60772 s/step
Meep progress: 6.69/20.0 = 33.5% done in 423.1s, 841.8s to go
on time step 669 (time=6.69), 0.537457 s/step
Meep progress: 6.76/20.0 = 33.8% done in 427.3s, 837.0s to go
on time step 676 (time=6.76), 0.606312 s/step
Meep progress: 6.84/20.0 = 34.2% done in 431.6s, 830.4s to go
on time step 684 (time=6.84), 0.53342 s/step
Meep progress: 6.91/20.0 = 34.5% done in 435.9s, 825.7s to go
on time step 691 (time=6.91), 0.608941 s/step
Meep progress: 6.99/20.0 = 34.9% done in 440.2s, 819.2s to go
on time step 699 (time=6.99), 0.536229 s/step
Meep progress: 7.0600000000000005/20.0 = 35.3% done in 444.4s, 814.5s to go
on time step 706 (time=7.06), 0.608172 s/step
Meep progress: 7.140000000000001/20.0 = 35.7% done in 448.7s, 808.1s to go
on time step 714 (time=7.14), 0.533678 s/step
Meep progress: 7.21/20.0 = 36.0% done in 452.9s, 803.5s to go
on time step 721 (time=7.21), 0.60897 s/step
Meep progress: 7.29/20.0 = 36.4% done in 457.2s, 797.2s to go
on time step 729 (time=7.29), 0.534854 s/step
Meep progress: 7.36/20.0 = 36.8% done in 461.5s, 792.6s to go
on time step 736 (time=7.36), 0.610529 s/step
Meep progress: 7.44/20.0 = 37.2% done in 465.8s, 786.3s to go
on time step 744 (time=7.44), 0.535694 s/step
Meep progress: 7.51/20.0 = 37.5% done in 470.1s, 781.8s to go
on time step 751 (time=7.51), 0.611102 s/step
Meep progress: 7.59/20.0 = 37.9% done in 474.3s, 775.6s to go
on time step 759 (time=7.59), 0.535668 s/step
Meep progress: 7.66/20.0 = 38.3% done in 478.6s, 771.0s to go
on time step 766 (time=7.66), 0.607658 s/step
Meep progress: 7.74/20.0 = 38.7% done in 482.9s, 764.9s to go
on time step 774 (time=7.74), 0.53544 s/step
Meep progress: 7.8100000000000005/20.0 = 39.0% done in 487.1s, 760.3s to go
on time step 781 (time=7.81), 0.607801 s/step
Meep progress: 7.890000000000001/20.0 = 39.5% done in 491.4s, 754.3s to go
on time step 789 (time=7.89), 0.537538 s/step
Meep progress: 7.96/20.0 = 39.8% done in 495.7s, 749.8s to go
on time step 796 (time=7.96), 0.607393 s/step
Meep progress: 8.040000000000001/20.0 = 40.2% done in 500.0s, 743.7s to go
on time step 804 (time=8.04), 0.534848 s/step
Meep progress: 8.11/20.0 = 40.5% done in 504.2s, 739.2s to go
on time step 811 (time=8.11), 0.606615 s/step
Meep progress: 8.19/20.0 = 40.9% done in 508.5s, 733.2s to go
on time step 819 (time=8.19), 0.531921 s/step
Meep progress: 8.26/20.0 = 41.3% done in 512.7s, 728.8s to go
on time step 826 (time=8.26), 0.609206 s/step
Meep progress: 8.34/20.0 = 41.7% done in 517.0s, 722.8s to go
on time step 834 (time=8.34), 0.535997 s/step
Meep progress: 8.41/20.0 = 42.0% done in 521.3s, 718.4s to go
on time step 841 (time=8.41), 0.60821 s/step
Meep progress: 8.49/20.0 = 42.4% done in 525.6s, 712.5s to go
on time step 849 (time=8.49), 0.536176 s/step
Meep progress: 8.56/20.0 = 42.8% done in 529.8s, 708.1s to go
on time step 856 (time=8.56), 0.604027 s/step
Meep progress: 8.64/20.0 = 43.2% done in 534.1s, 702.2s to go
on time step 864 (time=8.64), 0.533986 s/step
Meep progress: 8.71/20.0 = 43.6% done in 538.4s, 697.8s to go
on time step 871 (time=8.71), 0.612425 s/step
Meep progress: 8.790000000000001/20.0 = 44.0% done in 542.6s, 692.0s to go
on time step 879 (time=8.79), 0.535252 s/step
Meep progress: 8.86/20.0 = 44.3% done in 546.9s, 687.6s to go
on time step 886 (time=8.86), 0.607096 s/step
Meep progress: 8.94/20.0 = 44.7% done in 551.1s, 681.8s to go
on time step 894 (time=8.94), 0.53164 s/step
Meep progress: 9.01/20.0 = 45.0% done in 555.4s, 677.5s to go
on time step 901 (time=9.01), 0.607856 s/step
Meep progress: 9.09/20.0 = 45.4% done in 559.6s, 671.7s to go
on time step 909 (time=9.09), 0.530467 s/step
Meep progress: 9.16/20.0 = 45.8% done in 563.9s, 667.3s to go
on time step 916 (time=9.16), 0.607235 s/step
Meep progress: 9.24/20.0 = 46.2% done in 568.2s, 661.6s to go
on time step 924 (time=9.24), 0.534315 s/step
Meep progress: 9.31/20.0 = 46.5% done in 572.4s, 657.3s to go
on time step 931 (time=9.31), 0.609826 s/step
Meep progress: 9.39/20.0 = 47.0% done in 576.7s, 651.7s to go
on time step 939 (time=9.39), 0.535017 s/step
Meep progress: 9.46/20.0 = 47.3% done in 581.0s, 647.3s to go
on time step 946 (time=9.46), 0.607749 s/step
Meep progress: 9.540000000000001/20.0 = 47.7% done in 585.3s, 641.7s to go
on time step 954 (time=9.54), 0.536025 s/step
Meep progress: 9.61/20.0 = 48.0% done in 589.5s, 637.4s to go
on time step 961 (time=9.61), 0.609478 s/step
Meep progress: 9.69/20.0 = 48.4% done in 593.8s, 631.8s to go
on time step 969 (time=9.69), 0.535533 s/step
Meep progress: 9.76/20.0 = 48.8% done in 598.1s, 627.5s to go
on time step 976 (time=9.76), 0.606845 s/step
Meep progress: 9.84/20.0 = 49.2% done in 602.3s, 621.9s to go
on time step 984 (time=9.84), 0.53182 s/step
Meep progress: 9.91/20.0 = 49.5% done in 606.6s, 617.6s to go
on time step 991 (time=9.91), 0.611661 s/step
Meep progress: 9.99/20.0 = 49.9% done in 610.9s, 612.1s to go
on time step 999 (time=9.99), 0.539948 s/step
Meep progress: 10.06/20.0 = 50.3% done in 615.3s, 607.9s to go
on time step 1006 (time=10.06), 0.618139 s/step
Meep progress: 10.14/20.0 = 50.7% done in 619.5s, 602.4s to go
on time step 1014 (time=10.14), 0.535866 s/step
Meep progress: 10.21/20.0 = 51.1% done in 623.8s, 598.1s to go
on time step 1021 (time=10.21), 0.608331 s/step
Meep progress: 10.290000000000001/20.0 = 51.5% done in 628.1s, 592.7s to go
on time step 1029 (time=10.29), 0.532832 s/step
Meep progress: 10.36/20.0 = 51.8% done in 632.3s, 588.4s to go
on time step 1036 (time=10.36), 0.606968 s/step
Meep progress: 10.44/20.0 = 52.2% done in 636.6s, 582.9s to go
on time step 1044 (time=10.44), 0.533563 s/step
Meep progress: 10.51/20.0 = 52.5% done in 640.9s, 578.7s to go
on time step 1051 (time=10.51), 0.612869 s/step
Meep progress: 10.59/20.0 = 52.9% done in 645.1s, 573.3s to go
on time step 1059 (time=10.59), 0.535062 s/step
Meep progress: 10.66/20.0 = 53.3% done in 649.4s, 569.0s to go
on time step 1066 (time=10.66), 0.606377 s/step
Meep progress: 10.74/20.0 = 53.7% done in 653.7s, 563.6s to go
on time step 1074 (time=10.74), 0.536378 s/step
Meep progress: 10.81/20.0 = 54.0% done in 658.0s, 559.4s to go
on time step 1081 (time=10.81), 0.616768 s/step
Meep progress: 10.89/20.0 = 54.5% done in 662.3s, 554.0s to go
on time step 1089 (time=10.89), 0.535644 s/step
Meep progress: 10.96/20.0 = 54.8% done in 666.6s, 549.8s to go
on time step 1096 (time=10.96), 0.613014 s/step
Meep progress: 11.040000000000001/20.0 = 55.2% done in 670.9s, 544.5s to go
on time step 1104 (time=11.04), 0.535261 s/step
Meep progress: 11.11/20.0 = 55.5% done in 675.1s, 540.2s to go
on time step 1111 (time=11.11), 0.611482 s/step
Meep progress: 11.19/20.0 = 55.9% done in 679.4s, 534.9s to go
on time step 1119 (time=11.19), 0.535537 s/step
Meep progress: 11.26/20.0 = 56.3% done in 683.7s, 530.7s to go
on time step 1126 (time=11.26), 0.608643 s/step
Meep progress: 11.34/20.0 = 56.7% done in 688.0s, 525.4s to go
on time step 1134 (time=11.34), 0.53492 s/step
Meep progress: 11.41/20.0 = 57.0% done in 692.3s, 521.2s to go
on time step 1141 (time=11.41), 0.614863 s/step
Meep progress: 11.49/20.0 = 57.4% done in 696.5s, 515.9s to go
on time step 1149 (time=11.49), 0.533193 s/step
Meep progress: 11.56/20.0 = 57.8% done in 700.8s, 511.6s to go
on time step 1156 (time=11.56), 0.603647 s/step
Meep progress: 11.64/20.0 = 58.2% done in 705.0s, 506.4s to go
on time step 1164 (time=11.64), 0.531251 s/step
Meep progress: 11.71/20.0 = 58.6% done in 709.3s, 502.1s to go
on time step 1171 (time=11.71), 0.612104 s/step
Meep progress: 11.790000000000001/20.0 = 59.0% done in 713.6s, 496.9s to go
on time step 1179 (time=11.79), 0.536532 s/step
Meep progress: 11.86/20.0 = 59.3% done in 717.9s, 492.7s to go
on time step 1186 (time=11.86), 0.60886 s/step
Meep progress: 11.94/20.0 = 59.7% done in 722.1s, 487.4s to go
on time step 1194 (time=11.94), 0.529938 s/step
Meep progress: 12.01/20.0 = 60.0% done in 726.3s, 483.2s to go
on time step 1201 (time=12.01), 0.605716 s/step
Meep progress: 12.09/20.0 = 60.4% done in 730.6s, 478.0s to go
on time step 1209 (time=12.09), 0.52915 s/step
Meep progress: 12.16/20.0 = 60.8% done in 734.8s, 473.7s to go
on time step 1216 (time=12.16), 0.603489 s/step
Meep progress: 12.24/20.0 = 61.2% done in 739.1s, 468.5s to go
on time step 1224 (time=12.24), 0.532091 s/step
Meep progress: 12.31/20.0 = 61.5% done in 743.3s, 464.3s to go
on time step 1231 (time=12.31), 0.609087 s/step
Meep progress: 12.39/20.0 = 62.0% done in 747.6s, 459.2s to go
on time step 1239 (time=12.39), 0.535018 s/step
Meep progress: 12.46/20.0 = 62.3% done in 751.8s, 454.9s to go
on time step 1246 (time=12.46), 0.602115 s/step
Meep progress: 12.540000000000001/20.0 = 62.7% done in 756.0s, 449.8s to go
on time step 1254 (time=12.54), 0.529948 s/step
Meep progress: 12.61/20.0 = 63.0% done in 760.3s, 445.6s to go
on time step 1261 (time=12.61), 0.608146 s/step
Meep progress: 12.69/20.0 = 63.4% done in 764.6s, 440.4s to go
on time step 1269 (time=12.69), 0.536505 s/step
Meep progress: 12.76/20.0 = 63.8% done in 768.8s, 436.2s to go
on time step 1276 (time=12.76), 0.606793 s/step
Meep progress: 12.84/20.0 = 64.2% done in 773.1s, 431.1s to go
on time step 1284 (time=12.84), 0.535096 s/step
Meep progress: 12.91/20.0 = 64.5% done in 777.4s, 426.9s to go
on time step 1291 (time=12.91), 0.610946 s/step
Meep progress: 12.99/20.0 = 65.0% done in 781.7s, 421.8s to go
on time step 1299 (time=12.99), 0.534095 s/step
Meep progress: 13.06/20.0 = 65.3% done in 785.9s, 417.6s to go
on time step 1306 (time=13.06), 0.609802 s/step
Meep progress: 13.14/20.0 = 65.7% done in 790.2s, 412.6s to go
on time step 1314 (time=13.14), 0.535053 s/step
Meep progress: 13.21/20.0 = 66.0% done in 794.5s, 408.4s to go
on time step 1321 (time=13.21), 0.609269 s/step
Meep progress: 13.290000000000001/20.0 = 66.5% done in 798.8s, 403.3s to go
on time step 1329 (time=13.29), 0.532581 s/step
Meep progress: 13.36/20.0 = 66.8% done in 803.0s, 399.1s to go
on time step 1336 (time=13.36), 0.60953 s/step
Meep progress: 13.44/20.0 = 67.2% done in 807.3s, 394.0s to go
on time step 1344 (time=13.44), 0.535854 s/step
Meep progress: 13.51/20.0 = 67.5% done in 811.5s, 389.9s to go
on time step 1351 (time=13.51), 0.605646 s/step
Meep progress: 13.59/20.0 = 67.9% done in 815.8s, 384.8s to go
on time step 1359 (time=13.59), 0.535129 s/step
Meep progress: 13.66/20.0 = 68.3% done in 820.1s, 380.6s to go
on time step 1366 (time=13.66), 0.610433 s/step
Meep progress: 13.74/20.0 = 68.7% done in 824.4s, 375.6s to go
on time step 1374 (time=13.74), 0.535391 s/step
Meep progress: 13.81/20.0 = 69.0% done in 828.7s, 371.4s to go
on time step 1381 (time=13.81), 0.610842 s/step
Meep progress: 13.89/20.0 = 69.5% done in 833.0s, 366.4s to go
on time step 1389 (time=13.89), 0.537526 s/step
Meep progress: 13.96/20.0 = 69.8% done in 837.2s, 362.2s to go
on time step 1396 (time=13.96), 0.61111 s/step
Meep progress: 14.040000000000001/20.0 = 70.2% done in 841.5s, 357.2s to go
on time step 1404 (time=14.04), 0.536291 s/step
Meep progress: 14.11/20.0 = 70.5% done in 845.8s, 353.1s to go
on time step 1411 (time=14.11), 0.609204 s/step
Meep progress: 14.19/20.0 = 70.9% done in 850.1s, 348.1s to go
on time step 1419 (time=14.19), 0.53233 s/step
Meep progress: 14.26/20.0 = 71.3% done in 854.3s, 343.9s to go
on time step 1426 (time=14.26), 0.61041 s/step
Meep progress: 14.34/20.0 = 71.7% done in 858.6s, 338.9s to go
on time step 1434 (time=14.34), 0.5353 s/step
Meep progress: 14.41/20.0 = 72.0% done in 862.9s, 334.7s to go
on time step 1441 (time=14.41), 0.609806 s/step
Meep progress: 14.49/20.0 = 72.5% done in 867.2s, 329.7s to go
on time step 1449 (time=14.49), 0.534252 s/step
Meep progress: 14.56/20.0 = 72.8% done in 871.4s, 325.6s to go
on time step 1456 (time=14.56), 0.607821 s/step
Meep progress: 14.64/20.0 = 73.2% done in 875.7s, 320.6s to go
on time step 1464 (time=14.64), 0.534828 s/step
Meep progress: 14.71/20.0 = 73.5% done in 879.9s, 316.4s to go
on time step 1471 (time=14.71), 0.60834 s/step
Meep progress: 14.790000000000001/20.0 = 74.0% done in 884.2s, 311.5s to go
on time step 1479 (time=14.79), 0.535573 s/step
Meep progress: 14.86/20.0 = 74.3% done in 888.5s, 307.3s to go
on time step 1486 (time=14.86), 0.605787 s/step
Meep progress: 14.94/20.0 = 74.7% done in 892.8s, 302.4s to go
on time step 1494 (time=14.94), 0.536109 s/step
Meep progress: 15.01/20.0 = 75.0% done in 897.0s, 298.2s to go
on time step 1501 (time=15.01), 0.610182 s/step
Meep progress: 15.09/20.0 = 75.4% done in 901.3s, 293.3s to go
on time step 1509 (time=15.09), 0.531646 s/step
Meep progress: 15.16/20.0 = 75.8% done in 905.5s, 289.1s to go
on time step 1516 (time=15.16), 0.603786 s/step
Meep progress: 15.24/20.0 = 76.2% done in 909.8s, 284.2s to go
on time step 1524 (time=15.24), 0.53373 s/step
Meep progress: 15.31/20.0 = 76.5% done in 914.0s, 280.0s to go
on time step 1531 (time=15.31), 0.607758 s/step
Meep progress: 15.39/20.0 = 77.0% done in 918.3s, 275.1s to go
on time step 1539 (time=15.39), 0.536326 s/step
Meep progress: 15.46/20.0 = 77.3% done in 922.6s, 270.9s to go
on time step 1546 (time=15.46), 0.604484 s/step
Meep progress: 15.540000000000001/20.0 = 77.7% done in 926.8s, 266.0s to go
on time step 1554 (time=15.54), 0.530527 s/step
Meep progress: 15.610000000000001/20.0 = 78.0% done in 931.0s, 261.8s to go
on time step 1561 (time=15.61), 0.60295 s/step
Meep progress: 15.69/20.0 = 78.4% done in 935.3s, 256.9s to go
on time step 1569 (time=15.69), 0.530236 s/step
Meep progress: 15.76/20.0 = 78.8% done in 939.5s, 252.8s to go
on time step 1576 (time=15.76), 0.607242 s/step
Meep progress: 15.84/20.0 = 79.2% done in 943.8s, 247.9s to go
on time step 1584 (time=15.84), 0.535089 s/step
Meep progress: 15.91/20.0 = 79.5% done in 948.1s, 243.7s to go
on time step 1591 (time=15.91), 0.609026 s/step
Meep progress: 15.99/20.0 = 80.0% done in 952.3s, 238.8s to go
on time step 1599 (time=15.99), 0.533742 s/step
Meep progress: 16.06/20.0 = 80.3% done in 956.6s, 234.7s to go
on time step 1606 (time=16.06), 0.611065 s/step
Meep progress: 16.14/20.0 = 80.7% done in 960.9s, 229.8s to go
on time step 1614 (time=16.14), 0.538041 s/step
Meep progress: 16.21/20.0 = 81.0% done in 965.2s, 225.7s to go
on time step 1621 (time=16.21), 0.614391 s/step
Meep progress: 16.29/20.0 = 81.4% done in 969.5s, 220.8s to go
on time step 1629 (time=16.29), 0.535464 s/step
Meep progress: 16.36/20.0 = 81.8% done in 973.8s, 216.7s to go
on time step 1636 (time=16.36), 0.609595 s/step
Meep progress: 16.44/20.0 = 82.2% done in 978.1s, 211.8s to go
on time step 1644 (time=16.44), 0.536367 s/step
Meep progress: 16.51/20.0 = 82.5% done in 982.3s, 207.6s to go
on time step 1651 (time=16.51), 0.606991 s/step
Meep progress: 16.59/20.0 = 82.9% done in 986.6s, 202.8s to go
on time step 1659 (time=16.59), 0.530879 s/step
Meep progress: 16.66/20.0 = 83.3% done in 990.8s, 198.6s to go
on time step 1666 (time=16.66), 0.606655 s/step
Meep progress: 16.740000000000002/20.0 = 83.7% done in 995.0s, 193.8s to go
on time step 1674 (time=16.74), 0.529364 s/step
Meep progress: 16.81/20.0 = 84.0% done in 999.3s, 189.6s to go
on time step 1681 (time=16.81), 0.606336 s/step
Meep progress: 16.89/20.0 = 84.5% done in 1003.5s, 184.8s to go
on time step 1689 (time=16.89), 0.531446 s/step
Meep progress: 16.96/20.0 = 84.8% done in 1007.8s, 180.6s to go
on time step 1696 (time=16.96), 0.612061 s/step
Meep progress: 17.04/20.0 = 85.2% done in 1012.1s, 175.8s to go
on time step 1704 (time=17.04), 0.534093 s/step
Meep progress: 17.11/20.0 = 85.5% done in 1016.4s, 171.7s to go
on time step 1711 (time=17.11), 0.609405 s/step
Meep progress: 17.19/20.0 = 86.0% done in 1020.6s, 166.8s to go
on time step 1719 (time=17.19), 0.535673 s/step
Meep progress: 17.26/20.0 = 86.3% done in 1025.0s, 162.7s to go
on time step 1726 (time=17.26), 0.61614 s/step
Meep progress: 17.34/20.0 = 86.7% done in 1029.3s, 157.9s to go
on time step 1734 (time=17.34), 0.542955 s/step
Meep progress: 17.41/20.0 = 87.0% done in 1033.6s, 153.8s to go
on time step 1741 (time=17.41), 0.614751 s/step
Meep progress: 17.490000000000002/20.0 = 87.5% done in 1037.9s, 148.9s to go
on time step 1749 (time=17.49), 0.535628 s/step
Meep progress: 17.56/20.0 = 87.8% done in 1042.1s, 144.8s to go
on time step 1756 (time=17.56), 0.607542 s/step
Meep progress: 17.64/20.0 = 88.2% done in 1046.4s, 140.0s to go
on time step 1764 (time=17.64), 0.534425 s/step
Meep progress: 17.71/20.0 = 88.5% done in 1050.7s, 135.9s to go
on time step 1771 (time=17.71), 0.608439 s/step
Meep progress: 17.79/20.0 = 88.9% done in 1055.0s, 131.1s to go
on time step 1779 (time=17.79), 0.535863 s/step
Meep progress: 17.86/20.0 = 89.3% done in 1059.2s, 126.9s to go
on time step 1786 (time=17.86), 0.608773 s/step
Meep progress: 17.94/20.0 = 89.7% done in 1063.5s, 122.1s to go
on time step 1794 (time=17.94), 0.535054 s/step
Meep progress: 18.01/20.0 = 90.0% done in 1067.8s, 118.0s to go
on time step 1801 (time=18.01), 0.609454 s/step
Meep progress: 18.09/20.0 = 90.4% done in 1072.0s, 113.2s to go
on time step 1809 (time=18.09), 0.532336 s/step
Meep progress: 18.16/20.0 = 90.8% done in 1076.3s, 109.1s to go
on time step 1816 (time=18.16), 0.611154 s/step
Meep progress: 18.240000000000002/20.0 = 91.2% done in 1080.6s, 104.3s to go
on time step 1824 (time=18.24), 0.533548 s/step
Meep progress: 18.31/20.0 = 91.5% done in 1084.8s, 100.1s to go
on time step 1831 (time=18.31), 0.608221 s/step
Meep progress: 18.39/20.0 = 92.0% done in 1089.1s, 95.3s to go
on time step 1839 (time=18.39), 0.529796 s/step
Meep progress: 18.46/20.0 = 92.3% done in 1093.3s, 91.2s to go
on time step 1846 (time=18.46), 0.603828 s/step
Meep progress: 18.54/20.0 = 92.7% done in 1097.5s, 86.4s to go
on time step 1854 (time=18.54), 0.5304 s/step
Meep progress: 18.61/20.0 = 93.0% done in 1101.8s, 82.3s to go
on time step 1861 (time=18.61), 0.602993 s/step
Meep progress: 18.69/20.0 = 93.5% done in 1106.0s, 77.5s to go
on time step 1869 (time=18.69), 0.533852 s/step
Meep progress: 18.76/20.0 = 93.8% done in 1110.3s, 73.4s to go
on time step 1876 (time=18.76), 0.61512 s/step
Meep progress: 18.84/20.0 = 94.2% done in 1114.6s, 68.6s to go
on time step 1884 (time=18.84), 0.534116 s/step
Meep progress: 18.91/20.0 = 94.5% done in 1118.9s, 64.5s to go
on time step 1891 (time=18.91), 0.609994 s/step
Meep progress: 18.990000000000002/20.0 = 95.0% done in 1123.2s, 59.7s to go
on time step 1899 (time=18.99), 0.533234 s/step
Meep progress: 19.06/20.0 = 95.3% done in 1127.4s, 55.6s to go
on time step 1906 (time=19.06), 0.609309 s/step
Meep progress: 19.14/20.0 = 95.7% done in 1131.7s, 50.8s to go
on time step 1914 (time=19.14), 0.534056 s/step
Meep progress: 19.21/20.0 = 96.0% done in 1135.9s, 46.7s to go
on time step 1921 (time=19.21), 0.607251 s/step
Meep progress: 19.29/20.0 = 96.4% done in 1140.2s, 42.0s to go
on time step 1929 (time=19.29), 0.531495 s/step
Meep progress: 19.36/20.0 = 96.8% done in 1144.5s, 37.8s to go
on time step 1936 (time=19.36), 0.607605 s/step
Meep progress: 19.44/20.0 = 97.2% done in 1148.8s, 33.1s to go
on time step 1944 (time=19.44), 0.538027 s/step
Meep progress: 19.51/20.0 = 97.5% done in 1153.0s, 29.0s to go
on time step 1951 (time=19.51), 0.609883 s/step
Meep progress: 19.59/20.0 = 97.9% done in 1157.3s, 24.2s to go
on time step 1959 (time=19.59), 0.532313 s/step
Meep progress: 19.66/20.0 = 98.3% done in 1161.5s, 20.1s to go
on time step 1966 (time=19.66), 0.608671 s/step
Meep progress: 19.740000000000002/20.0 = 98.7% done in 1165.8s, 15.4s to go
on time step 1974 (time=19.74), 0.535101 s/step
Meep progress: 19.81/20.0 = 99.0% done in 1170.1s, 11.2s to go
on time step 1981 (time=19.81), 0.604457 s/step
Meep progress: 19.89/20.0 = 99.5% done in 1174.3s, 6.5s to go
on time step 1989 (time=19.89), 0.534838 s/step
Meep progress: 19.96/20.0 = 99.8% done in 1178.6s, 2.4s to go
on time step 1996 (time=19.96), 0.612788 s/step
run 0 finished at t = 20.0 (2000 timesteps)


**********


Flux: 3.8463924299356784
Transmittance: 0.253868
Reflectance: -0.001199
Absorption: 0.7461317927761186 over 7.8999999999999995 um
lambda = 0.005762469479945897 mm
Saved Sim8b_Eps_B.png
Saved Sim8b_Ez_B.png
Saved Sim8b_Pwr0_B.png
Saved Sim8b_Pwr1_B.png
Saved Sim8b_Pwr2_B.png
Saved Sim8b_Ez_CS_B.png


**********


Program finished.

Elapsed run time = 2774.5110 s
