Using MPI version 3.1, 14 processes
ABSORBING RUN
File prefix: Sim6g
Duration: 9
Resolution: 100
Dimensions: 4.8 um, 4 um, 5 um
Wavelength: 1.55 um
Si thickness: 0.14 um
NbN thickness: 0.02 um
Si index: 3.6; SiO2 index: 1.444
Absorber dimensions: 3.1 um, 0.02 um, 0.1 um
Absorber n (base value): 4.252000000000001 (5.23), k: 2.3280000000000003 (5.82)
Absorber compensation for thickness: 2.5
Flux length: 2.9999999999999996 um


**********


-----------
Initializing structure...
Halving computational cell along direction z
Splitting into 12 chunks evenly
time for choose_chunkdivision = 0.0531768 s
Working in 3D dimensions.
Computational cell is 4.8 x 4 x 5 with resolution 100
     block, center = (0,-1.5,0)
          size (1e+20,4,1e+20)
          axes (1,0,0), (0,1,0), (0,0,1)
          dielectric constant epsilon diagonal = (1.444,1.444,1.444)
     block, center = (0,0.57,0)
          size (1e+20,0.14,0.75)
          axes (1,0,0), (0,1,0), (0,0,1)
          dielectric constant epsilon diagonal = (3.6,3.6,3.6)
     block, center = (0.05,0.644,0.06)
          size (3.1,0.02,0.1)
          axes (1,0,0), (0,1,0), (0,0,1)
          dielectric constant epsilon diagonal = (4.252,4.252,4.252)
     block, center = (0.05,0.644,-0.06)
          size (3.1,0.02,0.1)
          axes (1,0,0), (0,1,0), (0,0,1)
          dielectric constant epsilon diagonal = (4.252,4.252,4.252)
time for set_epsilon = 16.0412 s
time for set_conductivity = 0.23514 s
time for set_conductivity = 0.233507 s
time for set_conductivity = 0.233414 s
-----------
MPB solved for omega_1(0.988404,0,0) = 0.820181 after 24 iters
MPB solved for omega_1(0.728892,0,0) = 0.629159 after 17 iters
MPB solved for omega_1(0.749043,0,0) = 0.645084 after 13 iters
MPB solved for omega_1(0.749141,0,0) = 0.645161 after 8 iters
MPB solved for omega_1(0.749141,0,0) = 0.645161 after 1 iters
creating output file "./main-eps-000000000.h5"...
creating output file "./main-ez_z0.h5"...
Meep progress: 0.0/9.0 = 0.0% done in 4.2s, 0.0s to go
Meep progress: 0.005/9.0 = 0.1% done in 51.3s, 92213.8s to go
on time step 1 (time=0.005), 47.0686 s/step
Meep progress: 0.04/9.0 = 0.4% done in 55.7s, 12473.8s to go
on time step 8 (time=0.04), 0.632622 s/step
Meep progress: 0.075/9.0 = 0.8% done in 60.0s, 7141.7s to go
on time step 15 (time=0.075), 0.618382 s/step
Meep progress: 0.11/9.0 = 1.2% done in 64.4s, 5203.0s to go
on time step 22 (time=0.11), 0.62323 s/step
Meep progress: 0.145/9.0 = 1.6% done in 68.7s, 4196.9s to go
on time step 29 (time=0.145), 0.62065 s/step
Meep progress: 0.18/9.0 = 2.0% done in 73.0s, 3579.3s to go
on time step 36 (time=0.18), 0.617439 s/step
Meep progress: 0.215/9.0 = 2.4% done in 77.4s, 3163.8s to go
on time step 43 (time=0.215), 0.626336 s/step
Meep progress: 0.25/9.0 = 2.8% done in 81.8s, 2863.6s to go
on time step 50 (time=0.25), 0.626602 s/step
Meep progress: 0.28500000000000003/9.0 = 3.2% done in 86.2s, 2634.5s to go
on time step 57 (time=0.285), 0.619125 s/step
Meep progress: 0.32/9.0 = 3.6% done in 90.5s, 2455.5s to go
on time step 64 (time=0.32), 0.624874 s/step
Meep progress: 0.355/9.0 = 3.9% done in 94.9s, 2311.1s to go
on time step 71 (time=0.355), 0.625301 s/step
Meep progress: 0.39/9.0 = 4.3% done in 99.3s, 2191.7s to go
on time step 78 (time=0.39), 0.624368 s/step
Meep progress: 0.425/9.0 = 4.7% done in 103.7s, 2091.9s to go
on time step 85 (time=0.425), 0.629597 s/step
Meep progress: 0.46/9.0 = 5.1% done in 108.0s, 2005.1s to go
on time step 92 (time=0.46), 0.617493 s/step
Meep progress: 0.495/9.0 = 5.5% done in 112.4s, 1930.5s to go
on time step 99 (time=0.495), 0.62152 s/step
Meep progress: 0.53/9.0 = 5.9% done in 116.7s, 1864.5s to go
on time step 106 (time=0.53), 0.616026 s/step
Meep progress: 0.5650000000000001/9.0 = 6.3% done in 121.0s, 1806.5s to go
on time step 113 (time=0.565), 0.619031 s/step
Meep progress: 0.6/9.0 = 6.7% done in 125.3s, 1754.7s to go
on time step 120 (time=0.6), 0.618836 s/step
Meep progress: 0.635/9.0 = 7.1% done in 129.7s, 1708.3s to go
on time step 127 (time=0.635), 0.62104 s/step
Meep progress: 0.67/9.0 = 7.4% done in 134.0s, 1665.8s to go
on time step 134 (time=0.67), 0.614392 s/step
Meep progress: 0.705/9.0 = 7.8% done in 138.3s, 1627.0s to go
on time step 141 (time=0.705), 0.613798 s/step
Meep progress: 0.74/9.0 = 8.2% done in 142.6s, 1591.6s to go
on time step 148 (time=0.74), 0.615132 s/step
Meep progress: 0.775/9.0 = 8.6% done in 146.9s, 1559.5s to go
on time step 155 (time=0.775), 0.622454 s/step
Meep progress: 0.81/9.0 = 9.0% done in 151.3s, 1529.3s to go
on time step 162 (time=0.81), 0.615685 s/step
Meep progress: 0.845/9.0 = 9.4% done in 155.6s, 1501.2s to go
on time step 169 (time=0.845), 0.617555 s/step
Meep progress: 0.88/9.0 = 9.8% done in 159.9s, 1475.5s to go
on time step 176 (time=0.88), 0.617865 s/step
Meep progress: 0.915/9.0 = 10.2% done in 164.3s, 1451.4s to go
on time step 183 (time=0.915), 0.621876 s/step
Meep progress: 0.9500000000000001/9.0 = 10.6% done in 168.6s, 1428.8s to go
on time step 190 (time=0.95), 0.623664 s/step
Meep progress: 0.985/9.0 = 10.9% done in 172.9s, 1407.2s to go
on time step 197 (time=0.985), 0.615425 s/step
Meep progress: 1.02/9.0 = 11.3% done in 177.3s, 1387.0s to go
on time step 204 (time=1.02), 0.621364 s/step
Meep progress: 1.055/9.0 = 11.7% done in 181.6s, 1367.8s to go
on time step 211 (time=1.055), 0.620204 s/step
Meep progress: 1.09/9.0 = 12.1% done in 186.0s, 1349.5s to go
on time step 218 (time=1.09), 0.619769 s/step
Meep progress: 1.125/9.0 = 12.5% done in 190.3s, 1332.4s to go
on time step 225 (time=1.125), 0.625032 s/step
Meep progress: 1.16/9.0 = 12.9% done in 194.6s, 1315.6s to go
on time step 232 (time=1.16), 0.615963 s/step
Meep progress: 1.195/9.0 = 13.3% done in 199.0s, 1299.5s to go
on time step 239 (time=1.195), 0.616818 s/step
Meep progress: 1.23/9.0 = 13.7% done in 203.3s, 1284.0s to go
on time step 246 (time=1.23), 0.61374 s/step
Meep progress: 1.2650000000000001/9.0 = 14.1% done in 207.6s, 1269.4s to go
on time step 253 (time=1.265), 0.618873 s/step
Meep progress: 1.3/9.0 = 14.4% done in 211.9s, 1255.1s to go
on time step 260 (time=1.3), 0.615256 s/step
Meep progress: 1.335/9.0 = 14.8% done in 216.2s, 1241.6s to go
on time step 267 (time=1.335), 0.620289 s/step
Meep progress: 1.37/9.0 = 15.2% done in 220.6s, 1228.5s to go
on time step 274 (time=1.37), 0.619286 s/step
Meep progress: 1.405/9.0 = 15.6% done in 224.9s, 1215.6s to go
on time step 281 (time=1.405), 0.614583 s/step
Meep progress: 1.44/9.0 = 16.0% done in 229.2s, 1203.3s to go
on time step 288 (time=1.44), 0.615443 s/step
Meep progress: 1.475/9.0 = 16.4% done in 233.5s, 1191.2s to go
on time step 295 (time=1.475), 0.614952 s/step
Meep progress: 1.51/9.0 = 16.8% done in 237.8s, 1179.8s to go
on time step 302 (time=1.51), 0.620572 s/step
Meep progress: 1.545/9.0 = 17.2% done in 242.2s, 1168.5s to go
on time step 309 (time=1.545), 0.617034 s/step
Meep progress: 1.58/9.0 = 17.6% done in 246.5s, 1157.6s to go
on time step 316 (time=1.58), 0.619316 s/step
Meep progress: 1.615/9.0 = 17.9% done in 250.8s, 1146.8s to go
on time step 323 (time=1.615), 0.614955 s/step
Meep progress: 1.6500000000000001/9.0 = 18.3% done in 255.1s, 1136.4s to go
on time step 330 (time=1.65), 0.614816 s/step
Meep progress: 1.685/9.0 = 18.7% done in 259.4s, 1126.2s to go
on time step 337 (time=1.685), 0.614464 s/step
Meep progress: 1.72/9.0 = 19.1% done in 263.7s, 1116.1s to go
on time step 344 (time=1.72), 0.613351 s/step
Meep progress: 1.7550000000000001/9.0 = 19.5% done in 268.0s, 1106.3s to go
on time step 351 (time=1.755), 0.613526 s/step
Meep progress: 1.79/9.0 = 19.9% done in 272.3s, 1096.8s to go
on time step 358 (time=1.79), 0.614616 s/step
Meep progress: 1.825/9.0 = 20.3% done in 276.6s, 1087.4s to go
on time step 365 (time=1.825), 0.614046 s/step
Meep progress: 1.86/9.0 = 20.7% done in 280.9s, 1078.3s to go
on time step 372 (time=1.86), 0.613636 s/step
Meep progress: 1.895/9.0 = 21.1% done in 285.2s, 1069.2s to go
on time step 379 (time=1.895), 0.612816 s/step
Meep progress: 1.93/9.0 = 21.4% done in 289.5s, 1060.4s to go
on time step 386 (time=1.93), 0.614667 s/step
Meep progress: 1.965/9.0 = 21.8% done in 293.8s, 1051.8s to go
on time step 393 (time=1.965), 0.616079 s/step
Meep progress: 2.0/9.0 = 22.2% done in 298.2s, 1043.6s to go
on time step 400 (time=2), 0.622957 s/step
Meep progress: 2.035/9.0 = 22.6% done in 302.5s, 1035.2s to go
on time step 407 (time=2.035), 0.61355 s/step
Meep progress: 2.07/9.0 = 23.0% done in 306.8s, 1027.0s to go
on time step 414 (time=2.07), 0.618014 s/step
Meep progress: 2.105/9.0 = 23.4% done in 311.1s, 1019.1s to go
on time step 421 (time=2.105), 0.619181 s/step
Meep progress: 2.14/9.0 = 23.8% done in 315.5s, 1011.3s to go
on time step 428 (time=2.14), 0.622932 s/step
Meep progress: 2.1750000000000003/9.0 = 24.2% done in 319.8s, 1003.6s to go
on time step 435 (time=2.175), 0.621728 s/step
Meep progress: 2.21/9.0 = 24.6% done in 324.1s, 995.9s to go
on time step 442 (time=2.21), 0.614831 s/step
Meep progress: 2.245/9.0 = 24.9% done in 328.5s, 988.3s to go
on time step 449 (time=2.245), 0.618318 s/step
Meep progress: 2.2800000000000002/9.0 = 25.3% done in 332.8s, 980.8s to go
on time step 456 (time=2.28), 0.613831 s/step
Meep progress: 2.315/9.0 = 25.7% done in 337.1s, 973.3s to go
on time step 463 (time=2.315), 0.6144 s/step
Meep progress: 2.35/9.0 = 26.1% done in 341.4s, 966.0s to go
on time step 470 (time=2.35), 0.613719 s/step
Meep progress: 2.3850000000000002/9.0 = 26.5% done in 345.7s, 958.7s to go
on time step 477 (time=2.385), 0.616273 s/step
Meep progress: 2.42/9.0 = 26.9% done in 350.0s, 951.6s to go
on time step 484 (time=2.42), 0.616935 s/step
Meep progress: 2.455/9.0 = 27.3% done in 354.4s, 944.8s to go
on time step 491 (time=2.455), 0.627386 s/step
Meep progress: 2.49/9.0 = 27.7% done in 358.7s, 937.9s to go
on time step 498 (time=2.49), 0.62285 s/step
Meep progress: 2.525/9.0 = 28.1% done in 363.1s, 931.1s to go
on time step 505 (time=2.525), 0.620923 s/step
Meep progress: 2.56/9.0 = 28.4% done in 367.5s, 924.4s to go
on time step 512 (time=2.56), 0.625423 s/step
Meep progress: 2.595/9.0 = 28.8% done in 371.8s, 917.6s to go
on time step 519 (time=2.595), 0.615939 s/step
Meep progress: 2.63/9.0 = 29.2% done in 376.1s, 911.0s to go
on time step 526 (time=2.63), 0.623799 s/step
Meep progress: 2.665/9.0 = 29.6% done in 380.5s, 904.6s to go
on time step 533 (time=2.665), 0.62715 s/step
Meep progress: 2.7/9.0 = 30.0% done in 384.9s, 898.1s to go
on time step 540 (time=2.7), 0.62524 s/step
Meep progress: 2.735/9.0 = 30.4% done in 389.2s, 891.6s to go
on time step 547 (time=2.735), 0.619034 s/step
Meep progress: 2.77/9.0 = 30.8% done in 393.6s, 885.2s to go
on time step 554 (time=2.77), 0.619679 s/step
Meep progress: 2.805/9.0 = 31.2% done in 397.9s, 878.8s to go
on time step 561 (time=2.805), 0.61878 s/step
Meep progress: 2.84/9.0 = 31.6% done in 402.3s, 872.5s to go
on time step 568 (time=2.84), 0.620794 s/step
Meep progress: 2.875/9.0 = 31.9% done in 406.6s, 866.2s to go
on time step 575 (time=2.875), 0.620042 s/step
Meep progress: 2.91/9.0 = 32.3% done in 411.0s, 860.1s to go
on time step 582 (time=2.91), 0.62284 s/step
Meep progress: 2.945/9.0 = 32.7% done in 415.4s, 854.0s to go
on time step 589 (time=2.945), 0.629878 s/step
Meep progress: 2.98/9.0 = 33.1% done in 419.7s, 847.9s to go
on time step 596 (time=2.98), 0.617903 s/step
Meep progress: 3.015/9.0 = 33.5% done in 424.0s, 841.7s to go
on time step 603 (time=3.015), 0.615561 s/step
Meep progress: 3.0500000000000003/9.0 = 33.9% done in 428.4s, 835.6s to go
on time step 610 (time=3.05), 0.620647 s/step
Meep progress: 3.085/9.0 = 34.3% done in 432.7s, 829.7s to go
on time step 617 (time=3.085), 0.622875 s/step
Meep progress: 3.12/9.0 = 34.7% done in 437.1s, 823.7s to go
on time step 624 (time=3.12), 0.623018 s/step
Meep progress: 3.1550000000000002/9.0 = 35.1% done in 441.4s, 817.8s to go
on time step 631 (time=3.155), 0.622815 s/step
Meep progress: 3.19/9.0 = 35.4% done in 445.8s, 811.9s to go
on time step 638 (time=3.19), 0.620105 s/step
Meep progress: 3.225/9.0 = 35.8% done in 450.1s, 806.0s to go
on time step 645 (time=3.225), 0.621302 s/step
Meep progress: 3.2600000000000002/9.0 = 36.2% done in 454.6s, 800.4s to go
on time step 652 (time=3.26), 0.633618 s/step
Meep progress: 3.295/9.0 = 36.6% done in 458.9s, 794.6s to go
on time step 659 (time=3.295), 0.625283 s/step
Meep progress: 3.33/9.0 = 37.0% done in 463.3s, 788.9s to go
on time step 666 (time=3.33), 0.623478 s/step
Meep progress: 3.365/9.0 = 37.4% done in 467.6s, 783.1s to go
on time step 673 (time=3.365), 0.614095 s/step
Meep progress: 3.4/9.0 = 37.8% done in 472.0s, 777.4s to go
on time step 680 (time=3.4), 0.62263 s/step
Meep progress: 3.435/9.0 = 38.2% done in 476.4s, 771.8s to go
on time step 687 (time=3.435), 0.628542 s/step
Meep progress: 3.47/9.0 = 38.6% done in 480.7s, 766.1s to go
on time step 694 (time=3.47), 0.623567 s/step
Meep progress: 3.505/9.0 = 38.9% done in 485.1s, 760.5s to go
on time step 701 (time=3.505), 0.623784 s/step
Meep progress: 3.54/9.0 = 39.3% done in 489.5s, 754.9s to go
on time step 708 (time=3.54), 0.622089 s/step
Meep progress: 3.575/9.0 = 39.7% done in 493.8s, 749.3s to go
on time step 715 (time=3.575), 0.618256 s/step
Meep progress: 3.61/9.0 = 40.1% done in 498.1s, 743.7s to go
on time step 722 (time=3.61), 0.61773 s/step
Meep progress: 3.645/9.0 = 40.5% done in 502.5s, 738.2s to go
on time step 729 (time=3.645), 0.626039 s/step
Meep progress: 3.68/9.0 = 40.9% done in 506.8s, 732.7s to go
on time step 736 (time=3.68), 0.617849 s/step
Meep progress: 3.715/9.0 = 41.3% done in 511.1s, 727.2s to go
on time step 743 (time=3.715), 0.617139 s/step
Meep progress: 3.75/9.0 = 41.7% done in 515.5s, 721.7s to go
on time step 750 (time=3.75), 0.624525 s/step
Meep progress: 3.785/9.0 = 42.1% done in 519.9s, 716.3s to go
on time step 757 (time=3.785), 0.622205 s/step
Meep progress: 3.8200000000000003/9.0 = 42.4% done in 524.3s, 710.9s to go
on time step 764 (time=3.82), 0.62652 s/step
Meep progress: 3.855/9.0 = 42.8% done in 528.6s, 705.5s to go
on time step 771 (time=3.855), 0.617269 s/step
Meep progress: 3.89/9.0 = 43.2% done in 532.9s, 700.0s to go
on time step 778 (time=3.89), 0.616994 s/step
Meep progress: 3.9250000000000003/9.0 = 43.6% done in 537.2s, 694.7s to go
on time step 785 (time=3.925), 0.620729 s/step
Meep progress: 3.96/9.0 = 44.0% done in 541.6s, 689.3s to go
on time step 792 (time=3.96), 0.621797 s/step
Meep progress: 3.995/9.0 = 44.4% done in 545.9s, 684.0s to go
on time step 799 (time=3.995), 0.619339 s/step
Meep progress: 4.03/9.0 = 44.8% done in 550.3s, 678.7s to go
on time step 806 (time=4.03), 0.624877 s/step
Meep progress: 4.065/9.0 = 45.2% done in 554.6s, 673.4s to go
on time step 813 (time=4.065), 0.619905 s/step
Meep progress: 4.1/9.0 = 45.6% done in 559.0s, 668.1s to go
on time step 820 (time=4.1), 0.625519 s/step
Meep progress: 4.135/9.0 = 45.9% done in 563.4s, 662.9s to go
on time step 827 (time=4.135), 0.629779 s/step
Meep progress: 4.17/9.0 = 46.3% done in 567.8s, 657.6s to go
on time step 834 (time=4.17), 0.618609 s/step
Meep progress: 4.205/9.0 = 46.7% done in 572.1s, 652.4s to go
on time step 841 (time=4.205), 0.620472 s/step
Meep progress: 4.24/9.0 = 47.1% done in 576.5s, 647.2s to go
on time step 848 (time=4.24), 0.620968 s/step
Meep progress: 4.275/9.0 = 47.5% done in 580.8s, 641.9s to go
on time step 855 (time=4.275), 0.62133 s/step
Meep progress: 4.3100000000000005/9.0 = 47.9% done in 585.2s, 636.8s to go
on time step 862 (time=4.31), 0.625559 s/step
Meep progress: 4.345/9.0 = 48.3% done in 589.5s, 631.6s to go
on time step 869 (time=4.345), 0.617326 s/step
Meep progress: 4.38/9.0 = 48.7% done in 593.9s, 626.4s to go
on time step 876 (time=4.38), 0.625405 s/step
Meep progress: 4.415/9.0 = 49.1% done in 598.2s, 621.2s to go
on time step 883 (time=4.415), 0.615436 s/step
Meep progress: 4.45/9.0 = 49.4% done in 602.5s, 616.0s to go
on time step 890 (time=4.45), 0.613986 s/step
Meep progress: 4.485/9.0 = 49.8% done in 606.8s, 610.9s to go
on time step 897 (time=4.485), 0.615795 s/step
Meep progress: 4.5200000000000005/9.0 = 50.2% done in 611.1s, 605.7s to go
on time step 904 (time=4.52), 0.613493 s/step
Meep progress: 4.555/9.0 = 50.6% done in 615.4s, 600.5s to go
on time step 911 (time=4.555), 0.615407 s/step
Meep progress: 4.59/9.0 = 51.0% done in 619.7s, 595.4s to go
on time step 918 (time=4.59), 0.616922 s/step
Meep progress: 4.625/9.0 = 51.4% done in 624.0s, 590.3s to go
on time step 925 (time=4.625), 0.61612 s/step
Meep progress: 4.66/9.0 = 51.8% done in 628.4s, 585.2s to go
on time step 932 (time=4.66), 0.61854 s/step
Meep progress: 4.695/9.0 = 52.2% done in 632.7s, 580.1s to go
on time step 939 (time=4.695), 0.614732 s/step
Meep progress: 4.73/9.0 = 52.6% done in 637.0s, 575.1s to go
on time step 946 (time=4.73), 0.61805 s/step
Meep progress: 4.765/9.0 = 52.9% done in 641.3s, 570.0s to go
on time step 953 (time=4.765), 0.615493 s/step
Meep progress: 4.8/9.0 = 53.3% done in 645.6s, 564.9s to go
on time step 960 (time=4.8), 0.61458 s/step
Meep progress: 4.835/9.0 = 53.7% done in 649.9s, 559.8s to go
on time step 967 (time=4.835), 0.61389 s/step
Meep progress: 4.87/9.0 = 54.1% done in 654.2s, 554.8s to go
on time step 974 (time=4.87), 0.614694 s/step
Meep progress: 4.905/9.0 = 54.5% done in 658.5s, 549.8s to go
on time step 981 (time=4.905), 0.615179 s/step
Meep progress: 4.94/9.0 = 54.9% done in 662.8s, 544.7s to go
on time step 988 (time=4.94), 0.61429 s/step
Meep progress: 4.9750000000000005/9.0 = 55.3% done in 667.1s, 539.7s to go
on time step 995 (time=4.975), 0.615395 s/step
Meep progress: 5.01/9.0 = 55.7% done in 671.4s, 534.7s to go
on time step 1002 (time=5.01), 0.614562 s/step
Meep progress: 5.045/9.0 = 56.1% done in 675.7s, 529.7s to go
on time step 1009 (time=5.045), 0.614755 s/step
Meep progress: 5.08/9.0 = 56.4% done in 680.0s, 524.7s to go
on time step 1016 (time=5.08), 0.613689 s/step
Meep progress: 5.115/9.0 = 56.8% done in 684.3s, 519.8s to go
on time step 1023 (time=5.115), 0.612958 s/step
Meep progress: 5.15/9.0 = 57.2% done in 688.6s, 514.8s to go
on time step 1030 (time=5.15), 0.614673 s/step
Meep progress: 5.1850000000000005/9.0 = 57.6% done in 692.9s, 509.8s to go
on time step 1037 (time=5.185), 0.613864 s/step
Meep progress: 5.22/9.0 = 58.0% done in 697.2s, 504.9s to go
on time step 1044 (time=5.22), 0.616094 s/step
Meep progress: 5.255/9.0 = 58.4% done in 701.5s, 499.9s to go
on time step 1051 (time=5.255), 0.613219 s/step
Meep progress: 5.29/9.0 = 58.8% done in 705.9s, 495.0s to go
on time step 1058 (time=5.29), 0.621386 s/step
Meep progress: 5.325/9.0 = 59.2% done in 710.2s, 490.1s to go
on time step 1065 (time=5.325), 0.61402 s/step
Meep progress: 5.36/9.0 = 59.6% done in 714.5s, 485.2s to go
on time step 1072 (time=5.36), 0.615036 s/step
Meep progress: 5.3950000000000005/9.0 = 59.9% done in 718.8s, 480.3s to go
on time step 1079 (time=5.395), 0.615869 s/step
Meep progress: 5.43/9.0 = 60.3% done in 723.1s, 475.4s to go
on time step 1086 (time=5.43), 0.615143 s/step
Meep progress: 5.465/9.0 = 60.7% done in 727.4s, 470.5s to go
on time step 1093 (time=5.465), 0.609661 s/step
Meep progress: 5.5/9.0 = 61.1% done in 731.7s, 465.6s to go
on time step 1100 (time=5.5), 0.614025 s/step
Meep progress: 5.535/9.0 = 61.5% done in 736.0s, 460.7s to go
on time step 1107 (time=5.535), 0.614659 s/step
Meep progress: 5.57/9.0 = 61.9% done in 740.3s, 455.9s to go
on time step 1114 (time=5.57), 0.613484 s/step
Meep progress: 5.605/9.0 = 62.3% done in 744.6s, 451.0s to go
on time step 1121 (time=5.605), 0.615025 s/step
Meep progress: 5.64/9.0 = 62.7% done in 748.9s, 446.1s to go
on time step 1128 (time=5.64), 0.613926 s/step
Meep progress: 5.675/9.0 = 63.1% done in 753.2s, 441.3s to go
on time step 1135 (time=5.675), 0.61321 s/step
Meep progress: 5.71/9.0 = 63.4% done in 757.5s, 436.4s to go
on time step 1142 (time=5.71), 0.615299 s/step
Meep progress: 5.745/9.0 = 63.8% done in 761.8s, 431.6s to go
on time step 1149 (time=5.745), 0.614281 s/step
Meep progress: 5.78/9.0 = 64.2% done in 766.1s, 426.8s to go
on time step 1156 (time=5.78), 0.614414 s/step
Meep progress: 5.815/9.0 = 64.6% done in 770.4s, 422.0s to go
on time step 1163 (time=5.815), 0.613112 s/step
Meep progress: 5.8500000000000005/9.0 = 65.0% done in 774.7s, 417.1s to go
on time step 1170 (time=5.85), 0.616214 s/step
Meep progress: 5.885/9.0 = 65.4% done in 779.0s, 412.3s to go
on time step 1177 (time=5.885), 0.613883 s/step
Meep progress: 5.92/9.0 = 65.8% done in 783.3s, 407.5s to go
on time step 1184 (time=5.92), 0.616804 s/step
Meep progress: 5.955/9.0 = 66.2% done in 787.6s, 402.7s to go
on time step 1191 (time=5.955), 0.614024 s/step
Meep progress: 5.99/9.0 = 66.6% done in 791.9s, 397.9s to go
on time step 1198 (time=5.99), 0.613583 s/step
Meep progress: 6.025/9.0 = 66.9% done in 796.2s, 393.1s to go
on time step 1205 (time=6.025), 0.615152 s/step
Meep progress: 6.0600000000000005/9.0 = 67.3% done in 800.5s, 388.4s to go
on time step 1212 (time=6.06), 0.613567 s/step
Meep progress: 6.095/9.0 = 67.7% done in 804.8s, 383.6s to go
on time step 1219 (time=6.095), 0.613551 s/step
Meep progress: 6.13/9.0 = 68.1% done in 809.1s, 378.8s to go
on time step 1226 (time=6.13), 0.613134 s/step
Meep progress: 6.165/9.0 = 68.5% done in 813.4s, 374.0s to go
on time step 1233 (time=6.165), 0.61379 s/step
Meep progress: 6.2/9.0 = 68.9% done in 817.7s, 369.3s to go
on time step 1240 (time=6.2), 0.614713 s/step
Meep progress: 6.235/9.0 = 69.3% done in 822.0s, 364.5s to go
on time step 1247 (time=6.235), 0.612804 s/step
Meep progress: 6.2700000000000005/9.0 = 69.7% done in 826.3s, 359.8s to go
on time step 1254 (time=6.27), 0.61579 s/step
Meep progress: 6.305/9.0 = 70.1% done in 830.6s, 355.0s to go
on time step 1261 (time=6.305), 0.612771 s/step
Meep progress: 6.34/9.0 = 70.4% done in 834.9s, 350.3s to go
on time step 1268 (time=6.34), 0.615025 s/step
Meep progress: 6.375/9.0 = 70.8% done in 839.2s, 345.5s to go
on time step 1275 (time=6.375), 0.6125 s/step
Meep progress: 6.41/9.0 = 71.2% done in 843.5s, 340.8s to go
on time step 1282 (time=6.41), 0.613408 s/step
Meep progress: 6.445/9.0 = 71.6% done in 847.8s, 336.1s to go
on time step 1289 (time=6.445), 0.614952 s/step
Meep progress: 6.48/9.0 = 72.0% done in 852.1s, 331.4s to go
on time step 1296 (time=6.48), 0.61481 s/step
Meep progress: 6.515000000000001/9.0 = 72.4% done in 856.4s, 326.6s to go
on time step 1303 (time=6.515), 0.615466 s/step
Meep progress: 6.55/9.0 = 72.8% done in 860.7s, 321.9s to go
on time step 1310 (time=6.55), 0.614295 s/step
Meep progress: 6.585/9.0 = 73.2% done in 865.0s, 317.2s to go
on time step 1317 (time=6.585), 0.615362 s/step
Meep progress: 6.62/9.0 = 73.6% done in 869.3s, 312.5s to go
on time step 1324 (time=6.62), 0.613968 s/step
Meep progress: 6.655/9.0 = 73.9% done in 873.6s, 307.8s to go
on time step 1331 (time=6.655), 0.613488 s/step
Meep progress: 6.69/9.0 = 74.3% done in 877.9s, 303.1s to go
on time step 1338 (time=6.69), 0.614031 s/step
Meep progress: 6.7250000000000005/9.0 = 74.7% done in 882.2s, 298.4s to go
on time step 1345 (time=6.725), 0.612424 s/step
Meep progress: 6.76/9.0 = 75.1% done in 886.5s, 293.7s to go
on time step 1352 (time=6.76), 0.616684 s/step
Meep progress: 6.795/9.0 = 75.5% done in 890.8s, 289.1s to go
on time step 1359 (time=6.795), 0.613966 s/step
Meep progress: 6.83/9.0 = 75.9% done in 895.1s, 284.4s to go
on time step 1366 (time=6.83), 0.618887 s/step
Meep progress: 6.865/9.0 = 76.3% done in 899.5s, 279.7s to go
on time step 1373 (time=6.865), 0.621363 s/step
Meep progress: 6.9/9.0 = 76.7% done in 903.8s, 275.1s to go
on time step 1380 (time=6.9), 0.620951 s/step
Meep progress: 6.9350000000000005/9.0 = 77.1% done in 908.1s, 270.4s to go
on time step 1387 (time=6.935), 0.614732 s/step
Meep progress: 6.97/9.0 = 77.4% done in 912.4s, 265.7s to go
on time step 1394 (time=6.97), 0.613967 s/step
Meep progress: 7.005/9.0 = 77.8% done in 916.7s, 261.1s to go
on time step 1401 (time=7.005), 0.615515 s/step
Meep progress: 7.04/9.0 = 78.2% done in 921.0s, 256.4s to go
on time step 1408 (time=7.04), 0.613575 s/step
Meep progress: 7.075/9.0 = 78.6% done in 925.3s, 251.8s to go
on time step 1415 (time=7.075), 0.616521 s/step
Meep progress: 7.11/9.0 = 79.0% done in 929.6s, 247.1s to go
on time step 1422 (time=7.11), 0.613755 s/step
Meep progress: 7.1450000000000005/9.0 = 79.4% done in 933.9s, 242.5s to go
on time step 1429 (time=7.145), 0.61603 s/step
Meep progress: 7.18/9.0 = 79.8% done in 938.2s, 237.8s to go
on time step 1436 (time=7.18), 0.613762 s/step
Meep progress: 7.215/9.0 = 80.2% done in 942.5s, 233.2s to go
on time step 1443 (time=7.215), 0.615448 s/step
Meep progress: 7.25/9.0 = 80.6% done in 946.8s, 228.5s to go
on time step 1450 (time=7.25), 0.610586 s/step
Meep progress: 7.285/9.0 = 80.9% done in 951.1s, 223.9s to go
on time step 1457 (time=7.285), 0.6142 s/step
Meep progress: 7.32/9.0 = 81.3% done in 955.4s, 219.3s to go
on time step 1464 (time=7.32), 0.614106 s/step
Meep progress: 7.355/9.0 = 81.7% done in 959.7s, 214.6s to go
on time step 1471 (time=7.355), 0.612946 s/step
Meep progress: 7.390000000000001/9.0 = 82.1% done in 964.1s, 210.0s to go
on time step 1478 (time=7.39), 0.619241 s/step
Meep progress: 7.425/9.0 = 82.5% done in 968.4s, 205.4s to go
on time step 1485 (time=7.425), 0.616574 s/step
Meep progress: 7.46/9.0 = 82.9% done in 972.7s, 200.8s to go
on time step 1492 (time=7.46), 0.615367 s/step
Meep progress: 7.495/9.0 = 83.3% done in 977.0s, 196.2s to go
on time step 1499 (time=7.495), 0.613437 s/step
Meep progress: 7.53/9.0 = 83.7% done in 981.3s, 191.6s to go
on time step 1506 (time=7.53), 0.616 s/step
Meep progress: 7.565/9.0 = 84.1% done in 985.6s, 187.0s to go
on time step 1513 (time=7.565), 0.614868 s/step
Meep progress: 7.6000000000000005/9.0 = 84.4% done in 989.9s, 182.3s to go
on time step 1520 (time=7.6), 0.613065 s/step
Meep progress: 7.635/9.0 = 84.8% done in 994.2s, 177.7s to go
on time step 1527 (time=7.635), 0.614094 s/step
Meep progress: 7.67/9.0 = 85.2% done in 998.5s, 173.1s to go
on time step 1534 (time=7.67), 0.613957 s/step
Meep progress: 7.705/9.0 = 85.6% done in 1002.8s, 168.5s to go
on time step 1541 (time=7.705), 0.615032 s/step
Meep progress: 7.74/9.0 = 86.0% done in 1007.1s, 163.9s to go
on time step 1548 (time=7.74), 0.613914 s/step
Meep progress: 7.775/9.0 = 86.4% done in 1011.4s, 159.3s to go
on time step 1555 (time=7.775), 0.612431 s/step
Meep progress: 7.8100000000000005/9.0 = 86.8% done in 1015.7s, 154.8s to go
on time step 1562 (time=7.81), 0.61492 s/step
Meep progress: 7.845/9.0 = 87.2% done in 1020.0s, 150.2s to go
on time step 1569 (time=7.845), 0.612813 s/step
Meep progress: 7.88/9.0 = 87.6% done in 1024.3s, 145.6s to go
on time step 1576 (time=7.88), 0.615855 s/step
Meep progress: 7.915/9.0 = 87.9% done in 1028.6s, 141.0s to go
on time step 1583 (time=7.915), 0.613562 s/step
Meep progress: 7.95/9.0 = 88.3% done in 1032.9s, 136.4s to go
on time step 1590 (time=7.95), 0.614869 s/step
Meep progress: 7.985/9.0 = 88.7% done in 1037.2s, 131.8s to go
on time step 1597 (time=7.985), 0.614515 s/step
Meep progress: 8.02/9.0 = 89.1% done in 1041.5s, 127.3s to go
on time step 1604 (time=8.02), 0.614677 s/step
Meep progress: 8.055/9.0 = 89.5% done in 1045.8s, 122.7s to go
on time step 1611 (time=8.055), 0.613024 s/step
Meep progress: 8.09/9.0 = 89.9% done in 1050.1s, 118.1s to go
on time step 1618 (time=8.09), 0.614283 s/step
Meep progress: 8.125/9.0 = 90.3% done in 1054.4s, 113.5s to go
on time step 1625 (time=8.125), 0.614152 s/step
Meep progress: 8.16/9.0 = 90.7% done in 1058.8s, 109.0s to go
on time step 1632 (time=8.16), 0.62707 s/step
Meep progress: 8.195/9.0 = 91.1% done in 1063.0s, 104.4s to go
on time step 1639 (time=8.195), 0.612521 s/step
Meep progress: 8.23/9.0 = 91.4% done in 1067.4s, 99.9s to go
on time step 1646 (time=8.23), 0.614794 s/step
Meep progress: 8.265/9.0 = 91.8% done in 1071.7s, 95.3s to go
on time step 1653 (time=8.265), 0.616 s/step
Meep progress: 8.3/9.0 = 92.2% done in 1076.0s, 90.7s to go
on time step 1660 (time=8.3), 0.614066 s/step
Meep progress: 8.335/9.0 = 92.6% done in 1080.2s, 86.2s to go
on time step 1667 (time=8.335), 0.61221 s/step
Meep progress: 8.370000000000001/9.0 = 93.0% done in 1084.6s, 81.6s to go
on time step 1674 (time=8.37), 0.615745 s/step
Meep progress: 8.405/9.0 = 93.4% done in 1088.9s, 77.1s to go
on time step 1681 (time=8.405), 0.613273 s/step
Meep progress: 8.44/9.0 = 93.8% done in 1093.2s, 72.5s to go
on time step 1688 (time=8.44), 0.614568 s/step
Meep progress: 8.475/9.0 = 94.2% done in 1097.5s, 68.0s to go
on time step 1695 (time=8.475), 0.614257 s/step
Meep progress: 8.51/9.0 = 94.6% done in 1101.8s, 63.4s to go
on time step 1702 (time=8.51), 0.614581 s/step
Meep progress: 8.545/9.0 = 94.9% done in 1106.1s, 58.9s to go
on time step 1709 (time=8.545), 0.614374 s/step
Meep progress: 8.58/9.0 = 95.3% done in 1110.4s, 54.4s to go
on time step 1716 (time=8.58), 0.613877 s/step
Meep progress: 8.615/9.0 = 95.7% done in 1114.7s, 49.8s to go
on time step 1723 (time=8.615), 0.615841 s/step
Meep progress: 8.65/9.0 = 96.1% done in 1119.0s, 45.3s to go
on time step 1730 (time=8.65), 0.613117 s/step
Meep progress: 8.685/9.0 = 96.5% done in 1123.3s, 40.7s to go
on time step 1737 (time=8.685), 0.615906 s/step
Meep progress: 8.72/9.0 = 96.9% done in 1127.6s, 36.2s to go
on time step 1744 (time=8.72), 0.613198 s/step
Meep progress: 8.755/9.0 = 97.3% done in 1131.9s, 31.7s to go
on time step 1751 (time=8.755), 0.613924 s/step
Meep progress: 8.790000000000001/9.0 = 97.7% done in 1136.2s, 27.1s to go
on time step 1758 (time=8.79), 0.614172 s/step
Meep progress: 8.825000000000001/9.0 = 98.1% done in 1140.5s, 22.6s to go
on time step 1765 (time=8.825), 0.613993 s/step
Meep progress: 8.86/9.0 = 98.4% done in 1144.8s, 18.1s to go
on time step 1772 (time=8.86), 0.615306 s/step
Meep progress: 8.895/9.0 = 98.8% done in 1149.1s, 13.6s to go
on time step 1779 (time=8.895), 0.612475 s/step
Meep progress: 8.93/9.0 = 99.2% done in 1153.4s, 9.0s to go
on time step 1786 (time=8.93), 0.61656 s/step
Meep progress: 8.965/9.0 = 99.6% done in 1157.7s, 4.5s to go
on time step 1793 (time=8.965), 0.614708 s/step
Meep progress: 9.0/9.0 = 100.0% done in 1162.0s, 0.0s to go
run 0 finished at t = 9.0 (1800 timesteps)


**********


Flux: 2.7016813556426302
Saved Sim6g_Eps_A.png
Saved Sim6g_Ez_A.png
Saved Sim6g_Pwr0_A.png
Saved Sim6g_Pwr1_A.png
Saved Sim6g_Pwr2_A.png
Saved Sim6g_Ez_CS_A.png
Saved Sim6g_Pwr_CS_A.png


**********


Program finished.

Elapsed run time = 1219.0756 s
