Using MPI version 3.1, 14 processes
NON-ABSORBING RUN
File prefix: Sim6e
Duration: 9
Resolution: 125
Dimensions: 4.8 um, 5 um, 5.5 um
Wavelength: 1.55 um
Si thickness: 0.11 um
NbN thickness: 0.016 um
Si index: 3.65; SiO2 index: 1.444
Absorber dimensions: 3.1 um, 0.016 um, 0.1 um
Absorber n (base value): 4.44 (5.23), k: 2.91 (5.82)
Absorber compensation for thickness: 2
Flux length: 2.9999999999999996 um


**********


-----------
Initializing structure...
Halving computational cell along direction z
Splitting into 12 chunks evenly
time for choose_chunkdivision = 0.075669 s
Working in 3D dimensions.
Computational cell is 4.8 x 5 x 5.504 with resolution 125
     block, center = (0,-1.75,0)
          size (1e+20,5,1e+20)
          axes (1,0,0), (0,1,0), (0,0,1)
          dielectric constant epsilon diagonal = (1.444,1.444,1.444)
     block, center = (0,0.805,0)
          size (1e+20,0.11,0.75)
          axes (1,0,0), (0,1,0), (0,0,1)
          dielectric constant epsilon diagonal = (3.65,3.65,3.65)
time for set_epsilon = 5.95463 s
-----------
    iteration    8: trace = 0.4326296660179255 (0.597846% change)
    iteration   16: trace = 0.4300203215034459 (0.000150221% change)
    iteration   24: trace = 0.4300199452554503 (3.83874e-08% change)
MPB solved for omega_1(0.775268,0,0) = 0.655759 after 31 iters
    iteration    8: trace = 0.4162280458773554 (6.43117e-07% change)
    iteration   16: trace = 0.4162280446717166 (1.60387e-10% change)
MPB solved for omega_1(0.762395,0,0) = 0.645157 after 17 iters
MPB solved for omega_1(0.7624,0,0) = 0.645161 after 2 iters
creating output file "./main-eps-000000000.h5"...
creating output file "./main-ez_z0.h5"...
Meep progress: 0.0/9.0 = 0.0% done in 8.7s, 0.0s to go
Meep progress: 0.004/9.0 = 0.0% done in 102.1s, 229552.0s to go
on time step 1 (time=0.004), 93.3697 s/step
Meep progress: 0.016/9.0 = 0.2% done in 106.7s, 59932.8s to go
on time step 4 (time=0.016), 1.55602 s/step
Meep progress: 0.028/9.0 = 0.3% done in 111.3s, 35659.1s to go
on time step 7 (time=0.028), 1.51697 s/step
Meep progress: 0.04/9.0 = 0.4% done in 115.8s, 25947.3s to go
on time step 10 (time=0.04), 1.51596 s/step
Meep progress: 0.052000000000000005/9.0 = 0.6% done in 120.4s, 20717.1s to go
on time step 13 (time=0.052), 1.51934 s/step
Meep progress: 0.064/9.0 = 0.7% done in 125.0s, 17448.9s to go
on time step 16 (time=0.064), 1.52507 s/step
Meep progress: 0.076/9.0 = 0.8% done in 129.5s, 15208.1s to go
on time step 19 (time=0.076), 1.5159 s/step
Meep progress: 0.088/9.0 = 1.0% done in 134.1s, 13579.4s to go
on time step 22 (time=0.088), 1.52323 s/step
Meep progress: 0.1/9.0 = 1.1% done in 138.7s, 12340.1s to go
on time step 25 (time=0.1), 1.52187 s/step
Meep progress: 0.112/9.0 = 1.2% done in 143.2s, 11366.5s to go
on time step 28 (time=0.112), 1.52612 s/step
Meep progress: 0.124/9.0 = 1.4% done in 147.8s, 10577.2s to go
on time step 31 (time=0.124), 1.5117 s/step
Meep progress: 0.136/9.0 = 1.5% done in 152.3s, 9928.9s to go
on time step 34 (time=0.136), 1.5242 s/step
Meep progress: 0.148/9.0 = 1.6% done in 156.9s, 9385.0s to go
on time step 37 (time=0.148), 1.52828 s/step
Meep progress: 0.16/9.0 = 1.8% done in 161.5s, 8921.0s to go
on time step 40 (time=0.16), 1.51301 s/step
Meep progress: 0.17200000000000001/9.0 = 1.9% done in 166.0s, 8520.5s to go
on time step 43 (time=0.172), 1.51414 s/step
Meep progress: 0.184/9.0 = 2.0% done in 170.6s, 8173.3s to go
on time step 46 (time=0.184), 1.52555 s/step
Meep progress: 0.196/9.0 = 2.2% done in 175.1s, 7867.2s to go
on time step 49 (time=0.196), 1.51928 s/step
Meep progress: 0.20800000000000002/9.0 = 2.3% done in 179.7s, 7596.4s to go
on time step 52 (time=0.208), 1.52349 s/step
Meep progress: 0.22/9.0 = 2.4% done in 184.3s, 7353.5s to go
on time step 55 (time=0.22), 1.51399 s/step
Meep progress: 0.232/9.0 = 2.6% done in 188.8s, 7136.7s to go
on time step 58 (time=0.232), 1.52664 s/step
Meep progress: 0.244/9.0 = 2.7% done in 193.4s, 6940.3s to go
on time step 61 (time=0.244), 1.52203 s/step
Meep progress: 0.256/9.0 = 2.8% done in 198.0s, 6761.7s to go
on time step 64 (time=0.256), 1.5203 s/step
Meep progress: 0.268/9.0 = 3.0% done in 202.5s, 6598.4s to go
on time step 67 (time=0.268), 1.51743 s/step
Meep progress: 0.28/9.0 = 3.1% done in 207.1s, 6448.7s to go
on time step 70 (time=0.28), 1.51724 s/step
Meep progress: 0.292/9.0 = 3.2% done in 211.6s, 6311.3s to go
on time step 73 (time=0.292), 1.52186 s/step
Meep progress: 0.304/9.0 = 3.4% done in 216.2s, 6184.3s to go
on time step 76 (time=0.304), 1.52002 s/step
Meep progress: 0.316/9.0 = 3.5% done in 220.7s, 6066.4s to go
on time step 79 (time=0.316), 1.51798 s/step
Meep progress: 0.328/9.0 = 3.6% done in 225.3s, 5956.9s to go
on time step 82 (time=0.328), 1.51981 s/step
Meep progress: 0.34/9.0 = 3.8% done in 229.9s, 5855.2s to go
on time step 85 (time=0.34), 1.52403 s/step
Meep progress: 0.352/9.0 = 3.9% done in 234.5s, 5760.1s to go
on time step 88 (time=0.352), 1.5245 s/step
Meep progress: 0.364/9.0 = 4.0% done in 239.0s, 5670.7s to go
on time step 91 (time=0.364), 1.52103 s/step
Meep progress: 0.376/9.0 = 4.2% done in 243.6s, 5586.7s to go
on time step 94 (time=0.376), 1.52011 s/step
Meep progress: 0.388/9.0 = 4.3% done in 248.2s, 5508.1s to go
on time step 97 (time=0.388), 1.52794 s/step
Meep progress: 0.4/9.0 = 4.4% done in 252.7s, 5434.0s to go
on time step 100 (time=0.4), 1.52823 s/step
Meep progress: 0.41200000000000003/9.0 = 4.6% done in 257.3s, 5363.7s to go
on time step 103 (time=0.412), 1.52456 s/step
Meep progress: 0.424/9.0 = 4.7% done in 261.9s, 5296.7s to go
on time step 106 (time=0.424), 1.51762 s/step
Meep progress: 0.436/9.0 = 4.8% done in 266.4s, 5233.3s to go
on time step 109 (time=0.436), 1.52042 s/step
Meep progress: 0.448/9.0 = 5.0% done in 271.0s, 5173.2s to go
on time step 112 (time=0.448), 1.52231 s/step
Meep progress: 0.46/9.0 = 5.1% done in 275.6s, 5115.7s to go
on time step 115 (time=0.46), 1.51746 s/step
Meep progress: 0.47200000000000003/9.0 = 5.2% done in 280.1s, 5061.6s to go
on time step 118 (time=0.472), 1.52977 s/step
Meep progress: 0.484/9.0 = 5.4% done in 284.7s, 5009.6s to go
on time step 121 (time=0.484), 1.52452 s/step
Meep progress: 0.496/9.0 = 5.5% done in 289.3s, 4959.9s to go
on time step 124 (time=0.496), 1.5248 s/step
Meep progress: 0.508/9.0 = 5.6% done in 293.8s, 4912.0s to go
on time step 127 (time=0.508), 1.51593 s/step
Meep progress: 0.52/9.0 = 5.8% done in 298.4s, 4866.2s to go
on time step 130 (time=0.52), 1.52021 s/step
Meep progress: 0.532/9.0 = 5.9% done in 303.0s, 4822.4s to go
on time step 133 (time=0.532), 1.5213 s/step
Meep progress: 0.544/9.0 = 6.0% done in 307.6s, 4781.1s to go
on time step 136 (time=0.544), 1.53942 s/step
Meep progress: 0.556/9.0 = 6.2% done in 312.1s, 4740.2s to go
on time step 139 (time=0.556), 1.5131 s/step
Meep progress: 0.5680000000000001/9.0 = 6.3% done in 316.7s, 4701.4s to go
on time step 142 (time=0.568), 1.52525 s/step
Meep progress: 0.58/9.0 = 6.4% done in 321.3s, 4663.9s to go
on time step 145 (time=0.58), 1.52303 s/step
Meep progress: 0.592/9.0 = 6.6% done in 325.9s, 4628.7s to go
on time step 148 (time=0.592), 1.54503 s/step
Meep progress: 0.604/9.0 = 6.7% done in 330.5s, 4593.7s to go
on time step 151 (time=0.604), 1.52156 s/step
Meep progress: 0.616/9.0 = 6.8% done in 335.1s, 4560.2s to go
on time step 154 (time=0.616), 1.52915 s/step
Meep progress: 0.628/9.0 = 7.0% done in 339.6s, 4527.5s to go
on time step 157 (time=0.628), 1.52103 s/step
Meep progress: 0.64/9.0 = 7.1% done in 344.2s, 4496.4s to go
on time step 160 (time=0.64), 1.53422 s/step
Meep progress: 0.652/9.0 = 7.2% done in 348.8s, 4465.6s to go
on time step 163 (time=0.652), 1.51848 s/step
Meep progress: 0.664/9.0 = 7.4% done in 353.4s, 4436.9s to go
on time step 166 (time=0.664), 1.54976 s/step
Meep progress: 0.676/9.0 = 7.5% done in 358.0s, 4408.6s to go
on time step 169 (time=0.676), 1.53136 s/step
Meep progress: 0.6880000000000001/9.0 = 7.6% done in 362.7s, 4381.6s to go
on time step 172 (time=0.688), 1.54803 s/step
Meep progress: 0.7000000000000001/9.0 = 7.8% done in 367.2s, 4354.4s to go
on time step 175 (time=0.7), 1.52171 s/step
Meep progress: 0.712/9.0 = 7.9% done in 371.9s, 4328.7s to go
on time step 178 (time=0.712), 1.54278 s/step
Meep progress: 0.724/9.0 = 8.0% done in 376.5s, 4303.3s to go
on time step 181 (time=0.724), 1.53093 s/step
Meep progress: 0.736/9.0 = 8.2% done in 381.1s, 4278.7s to go
on time step 184 (time=0.736), 1.53445 s/step
Meep progress: 0.748/9.0 = 8.3% done in 385.7s, 4255.4s to go
on time step 187 (time=0.748), 1.55496 s/step
Meep progress: 0.76/9.0 = 8.4% done in 390.3s, 4232.0s to go
on time step 190 (time=0.76), 1.53364 s/step
Meep progress: 0.772/9.0 = 8.6% done in 395.0s, 4209.5s to go
on time step 193 (time=0.772), 1.54416 s/step
Meep progress: 0.784/9.0 = 8.7% done in 399.6s, 4187.8s to go
on time step 196 (time=0.784), 1.55211 s/step
Meep progress: 0.796/9.0 = 8.8% done in 404.2s, 4166.4s to go
on time step 199 (time=0.796), 1.54258 s/step
Meep progress: 0.808/9.0 = 9.0% done in 408.9s, 4145.5s to go
on time step 202 (time=0.808), 1.54591 s/step
Meep progress: 0.8200000000000001/9.0 = 9.1% done in 413.5s, 4124.8s to go
on time step 205 (time=0.82), 1.53417 s/step
Meep progress: 0.8320000000000001/9.0 = 9.2% done in 418.1s, 4104.2s to go
on time step 208 (time=0.832), 1.52566 s/step
Meep progress: 0.844/9.0 = 9.4% done in 422.6s, 4084.1s to go
on time step 211 (time=0.844), 1.52392 s/step
Meep progress: 0.856/9.0 = 9.5% done in 427.2s, 4064.7s to go
on time step 214 (time=0.856), 1.53167 s/step
Meep progress: 0.868/9.0 = 9.6% done in 431.9s, 4046.0s to go
on time step 217 (time=0.868), 1.54577 s/step
Meep progress: 0.88/9.0 = 9.8% done in 436.5s, 4027.7s to go
on time step 220 (time=0.88), 1.54347 s/step
Meep progress: 0.892/9.0 = 9.9% done in 441.1s, 4009.4s to go
on time step 223 (time=0.892), 1.53323 s/step
Meep progress: 0.904/9.0 = 10.0% done in 445.7s, 3991.7s to go
on time step 226 (time=0.904), 1.53977 s/step
Meep progress: 0.916/9.0 = 10.2% done in 450.3s, 3974.2s to go
on time step 229 (time=0.916), 1.53217 s/step
Meep progress: 0.928/9.0 = 10.3% done in 454.9s, 3957.0s to go
on time step 232 (time=0.928), 1.53607 s/step
Meep progress: 0.9400000000000001/9.0 = 10.4% done in 459.5s, 3940.2s to go
on time step 235 (time=0.94), 1.53422 s/step
Meep progress: 0.9520000000000001/9.0 = 10.6% done in 464.1s, 3923.5s to go
on time step 238 (time=0.952), 1.53093 s/step
Meep progress: 0.964/9.0 = 10.7% done in 468.8s, 3907.8s to go
on time step 241 (time=0.964), 1.55861 s/step
Meep progress: 0.976/9.0 = 10.8% done in 473.4s, 3892.1s to go
on time step 244 (time=0.976), 1.53856 s/step
Meep progress: 0.988/9.0 = 11.0% done in 478.0s, 3876.2s to go
on time step 247 (time=0.988), 1.52805 s/step
Meep progress: 1.0/9.0 = 11.1% done in 482.6s, 3860.8s to go
on time step 250 (time=1), 1.53654 s/step
Meep progress: 1.012/9.0 = 11.2% done in 487.2s, 3845.7s to go
on time step 253 (time=1.012), 1.53454 s/step
Meep progress: 1.024/9.0 = 11.4% done in 491.9s, 3831.3s to go
on time step 256 (time=1.024), 1.5581 s/step
Meep progress: 1.036/9.0 = 11.5% done in 496.5s, 3816.5s to go
on time step 259 (time=1.036), 1.52858 s/step
Meep progress: 1.048/9.0 = 11.6% done in 501.0s, 3801.8s to go
on time step 262 (time=1.048), 1.52427 s/step
Meep progress: 1.06/9.0 = 11.8% done in 505.7s, 3787.7s to go
on time step 265 (time=1.06), 1.54058 s/step
Meep progress: 1.072/9.0 = 11.9% done in 510.3s, 3774.1s to go
on time step 268 (time=1.072), 1.55231 s/step
Meep progress: 1.084/9.0 = 12.0% done in 515.0s, 3760.5s to go
on time step 271 (time=1.084), 1.54384 s/step
Meep progress: 1.096/9.0 = 12.2% done in 519.6s, 3747.0s to go
on time step 274 (time=1.096), 1.53997 s/step
Meep progress: 1.108/9.0 = 12.3% done in 524.2s, 3733.9s to go
on time step 277 (time=1.108), 1.55037 s/step
Meep progress: 1.12/9.0 = 12.4% done in 528.8s, 3720.6s to go
on time step 280 (time=1.12), 1.53085 s/step
Meep progress: 1.1320000000000001/9.0 = 12.6% done in 533.4s, 3707.5s to go
on time step 283 (time=1.132), 1.53033 s/step
Meep progress: 1.1440000000000001/9.0 = 12.7% done in 538.0s, 3694.5s to go
on time step 286 (time=1.144), 1.52946 s/step
Meep progress: 1.156/9.0 = 12.8% done in 542.6s, 3682.0s to go
on time step 289 (time=1.156), 1.54401 s/step
Meep progress: 1.168/9.0 = 13.0% done in 547.2s, 3669.5s to go
on time step 292 (time=1.168), 1.53696 s/step
Meep progress: 1.18/9.0 = 13.1% done in 551.8s, 3657.0s to go
on time step 295 (time=1.18), 1.52632 s/step
Meep progress: 1.192/9.0 = 13.2% done in 556.4s, 3644.8s to go
on time step 298 (time=1.192), 1.53598 s/step
Meep progress: 1.204/9.0 = 13.4% done in 561.0s, 3632.8s to go
on time step 301 (time=1.204), 1.53606 s/step
Meep progress: 1.216/9.0 = 13.5% done in 565.7s, 3621.0s to go
on time step 304 (time=1.216), 1.54156 s/step
Meep progress: 1.228/9.0 = 13.6% done in 570.3s, 3609.2s to go
on time step 307 (time=1.228), 1.53712 s/step
Meep progress: 1.24/9.0 = 13.8% done in 574.9s, 3597.8s to go
on time step 310 (time=1.24), 1.54372 s/step
Meep progress: 1.252/9.0 = 13.9% done in 579.5s, 3586.2s to go
on time step 313 (time=1.252), 1.52819 s/step
Meep progress: 1.264/9.0 = 14.0% done in 584.1s, 3574.9s to go
on time step 316 (time=1.264), 1.53962 s/step
Meep progress: 1.276/9.0 = 14.2% done in 588.7s, 3563.6s to go
on time step 319 (time=1.276), 1.53168 s/step
Meep progress: 1.288/9.0 = 14.3% done in 593.3s, 3552.6s to go
on time step 322 (time=1.288), 1.54125 s/step
Meep progress: 1.3/9.0 = 14.4% done in 597.9s, 3541.4s to go
on time step 325 (time=1.3), 1.52337 s/step
Meep progress: 1.312/9.0 = 14.6% done in 602.5s, 3530.4s to go
on time step 328 (time=1.312), 1.52631 s/step
Meep progress: 1.324/9.0 = 14.7% done in 607.1s, 3519.5s to go
on time step 331 (time=1.324), 1.52705 s/step
Meep progress: 1.336/9.0 = 14.8% done in 611.7s, 3509.1s to go
on time step 334 (time=1.336), 1.54904 s/step
Meep progress: 1.348/9.0 = 15.0% done in 616.3s, 3498.5s to go
on time step 337 (time=1.348), 1.53734 s/step
Meep progress: 1.36/9.0 = 15.1% done in 620.9s, 3488.1s to go
on time step 340 (time=1.36), 1.53399 s/step
Meep progress: 1.372/9.0 = 15.2% done in 625.5s, 3477.7s to go
on time step 343 (time=1.372), 1.52793 s/step
Meep progress: 1.3840000000000001/9.0 = 15.4% done in 630.1s, 3467.5s to go
on time step 346 (time=1.384), 1.53869 s/step
Meep progress: 1.3960000000000001/9.0 = 15.5% done in 634.7s, 3457.4s to go
on time step 349 (time=1.396), 1.54101 s/step
Meep progress: 1.408/9.0 = 15.6% done in 639.4s, 3447.4s to go
on time step 352 (time=1.408), 1.5381 s/step
Meep progress: 1.42/9.0 = 15.8% done in 644.0s, 3437.6s to go
on time step 355 (time=1.42), 1.54309 s/step
Meep progress: 1.432/9.0 = 15.9% done in 648.6s, 3427.8s to go
on time step 358 (time=1.432), 1.5399 s/step
Meep progress: 1.444/9.0 = 16.0% done in 653.3s, 3418.3s to go
on time step 361 (time=1.444), 1.55551 s/step
Meep progress: 1.456/9.0 = 16.2% done in 657.9s, 3408.6s to go
on time step 364 (time=1.456), 1.52882 s/step
Meep progress: 1.468/9.0 = 16.3% done in 662.5s, 3399.0s to go
on time step 367 (time=1.468), 1.53765 s/step
Meep progress: 1.48/9.0 = 16.4% done in 667.1s, 3389.7s to go
on time step 370 (time=1.48), 1.5455 s/step
Meep progress: 1.492/9.0 = 16.6% done in 671.7s, 3380.3s to go
on time step 373 (time=1.492), 1.54169 s/step
Meep progress: 1.504/9.0 = 16.7% done in 676.4s, 3371.0s to go
on time step 376 (time=1.504), 1.53908 s/step
Meep progress: 1.516/9.0 = 16.8% done in 680.9s, 3361.4s to go
on time step 379 (time=1.516), 1.51938 s/step
Meep progress: 1.528/9.0 = 17.0% done in 685.5s, 3352.3s to go
on time step 382 (time=1.528), 1.54371 s/step
Meep progress: 1.54/9.0 = 17.1% done in 690.1s, 3343.1s to go
on time step 385 (time=1.54), 1.52743 s/step
Meep progress: 1.552/9.0 = 17.2% done in 694.7s, 3334.1s to go
on time step 388 (time=1.552), 1.54034 s/step
Meep progress: 1.564/9.0 = 17.4% done in 699.3s, 3325.0s to go
on time step 391 (time=1.564), 1.5294 s/step
Meep progress: 1.576/9.0 = 17.5% done in 704.0s, 3316.2s to go
on time step 394 (time=1.576), 1.54495 s/step
Meep progress: 1.588/9.0 = 17.6% done in 708.6s, 3307.3s to go
on time step 397 (time=1.588), 1.53579 s/step
Meep progress: 1.6/9.0 = 17.8% done in 713.2s, 3298.6s to go
on time step 400 (time=1.6), 1.54426 s/step
Meep progress: 1.612/9.0 = 17.9% done in 717.8s, 3289.9s to go
on time step 403 (time=1.612), 1.53585 s/step
Meep progress: 1.624/9.0 = 18.0% done in 722.4s, 3281.1s to go
on time step 406 (time=1.624), 1.52931 s/step
Meep progress: 1.6360000000000001/9.0 = 18.2% done in 727.0s, 3272.4s to go
on time step 409 (time=1.636), 1.52836 s/step
Meep progress: 1.6480000000000001/9.0 = 18.3% done in 731.6s, 3263.9s to go
on time step 412 (time=1.648), 1.53974 s/step
Meep progress: 1.6600000000000001/9.0 = 18.4% done in 736.2s, 3255.2s to go
on time step 415 (time=1.66), 1.52499 s/step
Meep progress: 1.672/9.0 = 18.6% done in 740.8s, 3246.8s to go
on time step 418 (time=1.672), 1.53983 s/step
Meep progress: 1.684/9.0 = 18.7% done in 745.4s, 3238.3s to go
on time step 421 (time=1.684), 1.5287 s/step
Meep progress: 1.696/9.0 = 18.8% done in 750.0s, 3229.8s to go
on time step 424 (time=1.696), 1.52418 s/step
Meep progress: 1.708/9.0 = 19.0% done in 754.5s, 3221.3s to go
on time step 427 (time=1.708), 1.51819 s/step
Meep progress: 1.72/9.0 = 19.1% done in 759.1s, 3212.9s to go
on time step 430 (time=1.72), 1.52343 s/step
Meep progress: 1.732/9.0 = 19.2% done in 763.7s, 3204.6s to go
on time step 433 (time=1.732), 1.52576 s/step
Meep progress: 1.744/9.0 = 19.4% done in 768.2s, 3196.3s to go
on time step 436 (time=1.744), 1.52463 s/step
Meep progress: 1.756/9.0 = 19.5% done in 772.8s, 3188.0s to go
on time step 439 (time=1.756), 1.5195 s/step
Meep progress: 1.768/9.0 = 19.6% done in 777.4s, 3179.8s to go
on time step 442 (time=1.768), 1.52182 s/step
Meep progress: 1.78/9.0 = 19.8% done in 782.0s, 3171.9s to go
on time step 445 (time=1.78), 1.54234 s/step
Meep progress: 1.792/9.0 = 19.9% done in 786.6s, 3164.1s to go
on time step 448 (time=1.792), 1.54225 s/step
Meep progress: 1.804/9.0 = 20.0% done in 791.3s, 3156.3s to go
on time step 451 (time=1.804), 1.55029 s/step
Meep progress: 1.816/9.0 = 20.2% done in 795.9s, 3148.4s to go
on time step 454 (time=1.816), 1.53113 s/step
Meep progress: 1.828/9.0 = 20.3% done in 800.5s, 3140.6s to go
on time step 457 (time=1.828), 1.5354 s/step
Meep progress: 1.84/9.0 = 20.4% done in 805.1s, 3132.8s to go
on time step 460 (time=1.84), 1.5367 s/step
Meep progress: 1.852/9.0 = 20.6% done in 809.7s, 3125.1s to go
on time step 463 (time=1.852), 1.53821 s/step
Meep progress: 1.864/9.0 = 20.7% done in 814.3s, 3117.4s to go
on time step 466 (time=1.864), 1.52951 s/step
Meep progress: 1.8760000000000001/9.0 = 20.8% done in 818.9s, 3109.8s to go
on time step 469 (time=1.876), 1.54574 s/step
Meep progress: 1.8880000000000001/9.0 = 21.0% done in 823.6s, 3102.3s to go
on time step 472 (time=1.888), 1.54386 s/step
Meep progress: 1.9000000000000001/9.0 = 21.1% done in 828.2s, 3094.7s to go
on time step 475 (time=1.9), 1.53648 s/step
Meep progress: 1.9120000000000001/9.0 = 21.2% done in 832.8s, 3087.2s to go
on time step 478 (time=1.912), 1.53558 s/step
Meep progress: 1.924/9.0 = 21.4% done in 837.4s, 3079.7s to go
on time step 481 (time=1.924), 1.53684 s/step
Meep progress: 1.936/9.0 = 21.5% done in 842.0s, 3072.3s to go
on time step 484 (time=1.936), 1.53889 s/step
Meep progress: 1.948/9.0 = 21.6% done in 846.6s, 3064.7s to go
on time step 487 (time=1.948), 1.52571 s/step
Meep progress: 1.96/9.0 = 21.8% done in 851.2s, 3057.4s to go
on time step 490 (time=1.96), 1.54299 s/step
Meep progress: 1.972/9.0 = 21.9% done in 855.8s, 3050.1s to go
on time step 493 (time=1.972), 1.5413 s/step
Meep progress: 1.984/9.0 = 22.0% done in 860.5s, 3042.9s to go
on time step 496 (time=1.984), 1.54623 s/step
Meep progress: 1.996/9.0 = 22.2% done in 865.0s, 3035.5s to go
on time step 499 (time=1.996), 1.52578 s/step
Meep progress: 2.008/9.0 = 22.3% done in 869.6s, 3028.1s to go
on time step 502 (time=2.008), 1.52544 s/step
Meep progress: 2.02/9.0 = 22.4% done in 874.3s, 3020.9s to go
on time step 505 (time=2.02), 1.54123 s/step
Meep progress: 2.032/9.0 = 22.6% done in 878.9s, 3013.7s to go
on time step 508 (time=2.032), 1.53603 s/step
Meep progress: 2.044/9.0 = 22.7% done in 883.4s, 3006.4s to go
on time step 511 (time=2.044), 1.52199 s/step
Meep progress: 2.056/9.0 = 22.8% done in 888.0s, 2999.3s to go
on time step 514 (time=2.056), 1.53484 s/step
Meep progress: 2.068/9.0 = 23.0% done in 892.6s, 2992.2s to go
on time step 517 (time=2.068), 1.53812 s/step
Meep progress: 2.08/9.0 = 23.1% done in 897.3s, 2985.1s to go
on time step 520 (time=2.08), 1.53494 s/step
Meep progress: 2.092/9.0 = 23.2% done in 901.8s, 2977.8s to go
on time step 523 (time=2.092), 1.51785 s/step
Meep progress: 2.104/9.0 = 23.4% done in 906.4s, 2970.8s to go
on time step 526 (time=2.104), 1.53229 s/step
Meep progress: 2.116/9.0 = 23.5% done in 911.0s, 2963.8s to go
on time step 529 (time=2.116), 1.54078 s/step
Meep progress: 2.128/9.0 = 23.6% done in 915.6s, 2956.8s to go
on time step 532 (time=2.128), 1.53243 s/step
Meep progress: 2.14/9.0 = 23.8% done in 920.2s, 2949.9s to go
on time step 535 (time=2.14), 1.53196 s/step
Meep progress: 2.152/9.0 = 23.9% done in 924.8s, 2943.0s to go
on time step 538 (time=2.152), 1.53728 s/step
Meep progress: 2.164/9.0 = 24.0% done in 929.4s, 2936.1s to go
on time step 541 (time=2.164), 1.53846 s/step
Meep progress: 2.176/9.0 = 24.2% done in 934.1s, 2929.3s to go
on time step 544 (time=2.176), 1.54488 s/step
Meep progress: 2.188/9.0 = 24.3% done in 938.7s, 2922.6s to go
on time step 547 (time=2.188), 1.55102 s/step
Meep progress: 2.2/9.0 = 24.4% done in 943.3s, 2915.7s to go
on time step 550 (time=2.2), 1.53158 s/step
Meep progress: 2.212/9.0 = 24.6% done in 947.9s, 2908.8s to go
on time step 553 (time=2.212), 1.5238 s/step
Meep progress: 2.224/9.0 = 24.7% done in 952.6s, 2902.2s to go
on time step 556 (time=2.224), 1.55093 s/step
Meep progress: 2.236/9.0 = 24.8% done in 957.1s, 2895.4s to go
on time step 559 (time=2.236), 1.52957 s/step
Meep progress: 2.248/9.0 = 25.0% done in 961.7s, 2888.7s to go
on time step 562 (time=2.248), 1.53599 s/step
Meep progress: 2.2600000000000002/9.0 = 25.1% done in 966.4s, 2882.0s to go
on time step 565 (time=2.26), 1.54193 s/step
Meep progress: 2.2720000000000002/9.0 = 25.2% done in 971.0s, 2875.4s to go
on time step 568 (time=2.272), 1.54461 s/step
Meep progress: 2.2840000000000003/9.0 = 25.4% done in 975.6s, 2868.6s to go
on time step 571 (time=2.284), 1.51801 s/step
Meep progress: 2.2960000000000003/9.0 = 25.5% done in 980.2s, 2861.9s to go
on time step 574 (time=2.296), 1.53112 s/step
Meep progress: 2.308/9.0 = 25.6% done in 984.8s, 2855.3s to go
on time step 577 (time=2.308), 1.53895 s/step
Meep progress: 2.32/9.0 = 25.8% done in 989.4s, 2848.8s to go
on time step 580 (time=2.32), 1.54568 s/step
Meep progress: 2.332/9.0 = 25.9% done in 994.0s, 2842.2s to go
on time step 583 (time=2.332), 1.53486 s/step
Meep progress: 2.344/9.0 = 26.0% done in 998.6s, 2835.7s to go
on time step 586 (time=2.344), 1.53922 s/step
Meep progress: 2.356/9.0 = 26.2% done in 1003.2s, 2829.2s to go
on time step 589 (time=2.356), 1.5381 s/step
Meep progress: 2.368/9.0 = 26.3% done in 1007.9s, 2822.8s to go
on time step 592 (time=2.368), 1.5455 s/step
Meep progress: 2.38/9.0 = 26.4% done in 1012.4s, 2816.1s to go
on time step 595 (time=2.38), 1.52103 s/step
Meep progress: 2.392/9.0 = 26.6% done in 1017.0s, 2809.6s to go
on time step 598 (time=2.392), 1.52414 s/step
Meep progress: 2.404/9.0 = 26.7% done in 1021.6s, 2803.1s to go
on time step 601 (time=2.404), 1.53972 s/step
Meep progress: 2.416/9.0 = 26.8% done in 1026.2s, 2796.7s to go
on time step 604 (time=2.416), 1.53642 s/step
Meep progress: 2.428/9.0 = 27.0% done in 1030.9s, 2790.3s to go
on time step 607 (time=2.428), 1.53863 s/step
Meep progress: 2.44/9.0 = 27.1% done in 1035.5s, 2783.9s to go
on time step 610 (time=2.44), 1.53309 s/step
Meep progress: 2.452/9.0 = 27.2% done in 1040.1s, 2777.5s to go
on time step 613 (time=2.452), 1.54241 s/step
Meep progress: 2.464/9.0 = 27.4% done in 1044.7s, 2771.1s to go
on time step 616 (time=2.464), 1.52601 s/step
Meep progress: 2.476/9.0 = 27.5% done in 1049.2s, 2764.6s to go
on time step 619 (time=2.476), 1.52118 s/step
Meep progress: 2.488/9.0 = 27.6% done in 1053.8s, 2758.2s to go
on time step 622 (time=2.488), 1.52488 s/step
Meep progress: 2.5/9.0 = 27.8% done in 1058.4s, 2751.8s to go
on time step 625 (time=2.5), 1.52629 s/step
Meep progress: 2.512/9.0 = 27.9% done in 1063.0s, 2745.4s to go
on time step 628 (time=2.512), 1.52122 s/step
Meep progress: 2.524/9.0 = 28.0% done in 1067.5s, 2739.0s to go
on time step 631 (time=2.524), 1.52106 s/step
Meep progress: 2.536/9.0 = 28.2% done in 1072.1s, 2732.7s to go
on time step 634 (time=2.536), 1.53639 s/step
Meep progress: 2.548/9.0 = 28.3% done in 1076.7s, 2726.5s to go
on time step 637 (time=2.548), 1.53799 s/step
Meep progress: 2.56/9.0 = 28.4% done in 1081.4s, 2720.3s to go
on time step 640 (time=2.56), 1.54592 s/step
Meep progress: 2.572/9.0 = 28.6% done in 1086.0s, 2714.1s to go
on time step 643 (time=2.572), 1.52845 s/step
Meep progress: 2.584/9.0 = 28.7% done in 1090.6s, 2707.9s to go
on time step 646 (time=2.584), 1.5401 s/step
Meep progress: 2.596/9.0 = 28.8% done in 1095.3s, 2701.9s to go
on time step 649 (time=2.596), 1.56779 s/step
Meep progress: 2.608/9.0 = 29.0% done in 1100.0s, 2695.9s to go
on time step 652 (time=2.608), 1.55405 s/step
Meep progress: 2.62/9.0 = 29.1% done in 1104.6s, 2689.9s to go
on time step 655 (time=2.62), 1.5557 s/step
Meep progress: 2.632/9.0 = 29.2% done in 1109.3s, 2683.9s to go
on time step 658 (time=2.632), 1.566 s/step
Meep progress: 2.644/9.0 = 29.4% done in 1114.0s, 2678.0s to go
on time step 661 (time=2.644), 1.56154 s/step
Meep progress: 2.656/9.0 = 29.5% done in 1118.7s, 2672.0s to go
on time step 664 (time=2.656), 1.55125 s/step
Meep progress: 2.668/9.0 = 29.6% done in 1123.3s, 2665.9s to go
on time step 667 (time=2.668), 1.54205 s/step
Meep progress: 2.68/9.0 = 29.8% done in 1127.9s, 2659.8s to go
on time step 670 (time=2.68), 1.53943 s/step
Meep progress: 2.692/9.0 = 29.9% done in 1132.5s, 2653.7s to go
on time step 673 (time=2.692), 1.52711 s/step
Meep progress: 2.704/9.0 = 30.0% done in 1137.0s, 2647.5s to go
on time step 676 (time=2.704), 1.52211 s/step
Meep progress: 2.716/9.0 = 30.2% done in 1141.7s, 2641.5s to go
on time step 679 (time=2.716), 1.54274 s/step
Meep progress: 2.728/9.0 = 30.3% done in 1146.3s, 2635.4s to go
on time step 682 (time=2.728), 1.52689 s/step
Meep progress: 2.74/9.0 = 30.4% done in 1150.9s, 2629.3s to go
on time step 685 (time=2.74), 1.53319 s/step
Meep progress: 2.7520000000000002/9.0 = 30.6% done in 1155.5s, 2623.3s to go
on time step 688 (time=2.752), 1.5336 s/step
Meep progress: 2.7640000000000002/9.0 = 30.7% done in 1160.1s, 2617.3s to go
on time step 691 (time=2.764), 1.53804 s/step
Meep progress: 2.7760000000000002/9.0 = 30.8% done in 1164.7s, 2611.4s to go
on time step 694 (time=2.776), 1.54748 s/step
Meep progress: 2.7880000000000003/9.0 = 31.0% done in 1169.4s, 2605.5s to go
on time step 697 (time=2.788), 1.54942 s/step
Meep progress: 2.8000000000000003/9.0 = 31.1% done in 1174.0s, 2599.6s to go
on time step 700 (time=2.8), 1.5428 s/step
Meep progress: 2.8120000000000003/9.0 = 31.2% done in 1178.6s, 2593.6s to go
on time step 703 (time=2.812), 1.53821 s/step
Meep progress: 2.824/9.0 = 31.4% done in 1183.2s, 2587.7s to go
on time step 706 (time=2.824), 1.54052 s/step
Meep progress: 2.836/9.0 = 31.5% done in 1187.8s, 2581.7s to go
on time step 709 (time=2.836), 1.53323 s/step
Meep progress: 2.848/9.0 = 31.6% done in 1192.5s, 2575.8s to go
on time step 712 (time=2.848), 1.54239 s/step
Meep progress: 2.86/9.0 = 31.8% done in 1197.0s, 2569.9s to go
on time step 715 (time=2.86), 1.52696 s/step
Meep progress: 2.872/9.0 = 31.9% done in 1201.6s, 2563.9s to go
on time step 718 (time=2.872), 1.53318 s/step
Meep progress: 2.884/9.0 = 32.0% done in 1206.2s, 2558.0s to go
on time step 721 (time=2.884), 1.52501 s/step
Meep progress: 2.896/9.0 = 32.2% done in 1210.8s, 2552.1s to go
on time step 724 (time=2.896), 1.53405 s/step
Meep progress: 2.908/9.0 = 32.3% done in 1215.4s, 2546.2s to go
on time step 727 (time=2.908), 1.53038 s/step
Meep progress: 2.92/9.0 = 32.4% done in 1220.0s, 2540.3s to go
on time step 730 (time=2.92), 1.53978 s/step
Meep progress: 2.932/9.0 = 32.6% done in 1224.6s, 2534.5s to go
on time step 733 (time=2.932), 1.54044 s/step
Meep progress: 2.944/9.0 = 32.7% done in 1229.3s, 2528.8s to go
on time step 736 (time=2.944), 1.55284 s/step
Meep progress: 2.956/9.0 = 32.8% done in 1233.9s, 2522.9s to go
on time step 739 (time=2.956), 1.53301 s/step
Meep progress: 2.968/9.0 = 33.0% done in 1238.5s, 2517.1s to go
on time step 742 (time=2.968), 1.53359 s/step
Meep progress: 2.98/9.0 = 33.1% done in 1243.1s, 2511.2s to go
on time step 745 (time=2.98), 1.53143 s/step
Meep progress: 2.992/9.0 = 33.2% done in 1247.7s, 2505.4s to go
on time step 748 (time=2.992), 1.53323 s/step
Meep progress: 3.004/9.0 = 33.4% done in 1252.4s, 2499.7s to go
on time step 751 (time=3.004), 1.55186 s/step
Meep progress: 3.016/9.0 = 33.5% done in 1256.9s, 2493.9s to go
on time step 754 (time=3.016), 1.52501 s/step
Meep progress: 3.028/9.0 = 33.6% done in 1261.5s, 2488.1s to go
on time step 757 (time=3.028), 1.53549 s/step
Meep progress: 3.04/9.0 = 33.8% done in 1266.2s, 2482.4s to go
on time step 760 (time=3.04), 1.55402 s/step
Meep progress: 3.052/9.0 = 33.9% done in 1270.9s, 2476.8s to go
on time step 763 (time=3.052), 1.56478 s/step
Meep progress: 3.064/9.0 = 34.0% done in 1275.5s, 2471.1s to go
on time step 766 (time=3.064), 1.53628 s/step
Meep progress: 3.076/9.0 = 34.2% done in 1280.1s, 2465.4s to go
on time step 769 (time=3.076), 1.54519 s/step
Meep progress: 3.088/9.0 = 34.3% done in 1284.8s, 2459.7s to go
on time step 772 (time=3.088), 1.54106 s/step
Meep progress: 3.1/9.0 = 34.4% done in 1289.4s, 2453.9s to go
on time step 775 (time=3.1), 1.52958 s/step
Meep progress: 3.112/9.0 = 34.6% done in 1293.9s, 2448.2s to go
on time step 778 (time=3.112), 1.52743 s/step
Meep progress: 3.124/9.0 = 34.7% done in 1298.5s, 2442.5s to go
on time step 781 (time=3.124), 1.53379 s/step
Meep progress: 3.136/9.0 = 34.8% done in 1303.1s, 2436.7s to go
on time step 784 (time=3.136), 1.52875 s/step
Meep progress: 3.148/9.0 = 35.0% done in 1307.7s, 2431.0s to go
on time step 787 (time=3.148), 1.54068 s/step
Meep progress: 3.16/9.0 = 35.1% done in 1312.4s, 2425.4s to go
on time step 790 (time=3.16), 1.53824 s/step
Meep progress: 3.172/9.0 = 35.2% done in 1316.9s, 2419.7s to go
on time step 793 (time=3.172), 1.5264 s/step
Meep progress: 3.184/9.0 = 35.4% done in 1321.5s, 2414.0s to go
on time step 796 (time=3.184), 1.53273 s/step
Meep progress: 3.196/9.0 = 35.5% done in 1326.1s, 2408.3s to go
on time step 799 (time=3.196), 1.53225 s/step
Meep progress: 3.208/9.0 = 35.6% done in 1330.8s, 2402.7s to go
on time step 802 (time=3.208), 1.54474 s/step
Meep progress: 3.22/9.0 = 35.8% done in 1335.4s, 2397.1s to go
on time step 805 (time=3.22), 1.54035 s/step
Meep progress: 3.232/9.0 = 35.9% done in 1340.0s, 2391.5s to go
on time step 808 (time=3.232), 1.54737 s/step
Meep progress: 3.244/9.0 = 36.0% done in 1344.6s, 2385.9s to go
on time step 811 (time=3.244), 1.53374 s/step
Meep progress: 3.2560000000000002/9.0 = 36.2% done in 1349.3s, 2380.3s to go
on time step 814 (time=3.256), 1.53796 s/step
Meep progress: 3.2680000000000002/9.0 = 36.3% done in 1353.9s, 2374.7s to go
on time step 817 (time=3.268), 1.54014 s/step
Meep progress: 3.2800000000000002/9.0 = 36.4% done in 1358.5s, 2369.0s to go
on time step 820 (time=3.28), 1.53312 s/step
Meep progress: 3.2920000000000003/9.0 = 36.6% done in 1363.1s, 2363.4s to go
on time step 823 (time=3.292), 1.53591 s/step
Meep progress: 3.3040000000000003/9.0 = 36.7% done in 1367.7s, 2357.9s to go
on time step 826 (time=3.304), 1.54307 s/step
Meep progress: 3.3160000000000003/9.0 = 36.8% done in 1372.3s, 2352.4s to go
on time step 829 (time=3.316), 1.5465 s/step
Meep progress: 3.3280000000000003/9.0 = 37.0% done in 1377.0s, 2346.8s to go
on time step 832 (time=3.328), 1.53701 s/step
Meep progress: 3.34/9.0 = 37.1% done in 1381.6s, 2341.2s to go
on time step 835 (time=3.34), 1.53381 s/step
Meep progress: 3.352/9.0 = 37.2% done in 1386.2s, 2335.7s to go
on time step 838 (time=3.352), 1.54125 s/step
Meep progress: 3.364/9.0 = 37.4% done in 1390.8s, 2330.2s to go
on time step 841 (time=3.364), 1.54887 s/step
Meep progress: 3.376/9.0 = 37.5% done in 1395.5s, 2324.7s to go
on time step 844 (time=3.376), 1.5407 s/step
Meep progress: 3.388/9.0 = 37.6% done in 1400.1s, 2319.1s to go
on time step 847 (time=3.388), 1.53691 s/step
Meep progress: 3.4/9.0 = 37.8% done in 1404.7s, 2313.6s to go
on time step 850 (time=3.4), 1.52886 s/step
Meep progress: 3.412/9.0 = 37.9% done in 1409.2s, 2308.0s to go
on time step 853 (time=3.412), 1.52455 s/step
Meep progress: 3.424/9.0 = 38.0% done in 1413.8s, 2302.4s to go
on time step 856 (time=3.424), 1.53024 s/step
Meep progress: 3.436/9.0 = 38.2% done in 1418.4s, 2296.9s to go
on time step 859 (time=3.436), 1.53381 s/step
Meep progress: 3.448/9.0 = 38.3% done in 1423.1s, 2291.4s to go
on time step 862 (time=3.448), 1.5471 s/step
Meep progress: 3.46/9.0 = 38.4% done in 1427.7s, 2286.0s to go
on time step 865 (time=3.46), 1.5457 s/step
Meep progress: 3.472/9.0 = 38.6% done in 1432.4s, 2280.6s to go
on time step 868 (time=3.472), 1.55029 s/step
Meep progress: 3.484/9.0 = 38.7% done in 1436.9s, 2275.0s to go
on time step 871 (time=3.484), 1.52659 s/step
Meep progress: 3.496/9.0 = 38.8% done in 1441.5s, 2269.5s to go
on time step 874 (time=3.496), 1.53293 s/step
Meep progress: 3.508/9.0 = 39.0% done in 1446.1s, 2264.0s to go
on time step 877 (time=3.508), 1.53122 s/step
Meep progress: 3.52/9.0 = 39.1% done in 1450.9s, 2258.8s to go
on time step 880 (time=3.52), 1.58376 s/step
Meep progress: 3.532/9.0 = 39.2% done in 1455.5s, 2253.3s to go
on time step 883 (time=3.532), 1.53939 s/step
Meep progress: 3.544/9.0 = 39.4% done in 1460.2s, 2247.9s to go
on time step 886 (time=3.544), 1.5554 s/step
Meep progress: 3.556/9.0 = 39.5% done in 1464.8s, 2242.5s to go
on time step 889 (time=3.556), 1.5463 s/step
Meep progress: 3.568/9.0 = 39.6% done in 1469.4s, 2237.1s to go
on time step 892 (time=3.568), 1.53523 s/step
Meep progress: 3.58/9.0 = 39.8% done in 1474.0s, 2231.6s to go
on time step 895 (time=3.58), 1.53888 s/step
Meep progress: 3.592/9.0 = 39.9% done in 1478.7s, 2226.3s to go
on time step 898 (time=3.592), 1.55642 s/step
Meep progress: 3.604/9.0 = 40.0% done in 1483.3s, 2220.9s to go
on time step 901 (time=3.604), 1.54318 s/step
Meep progress: 3.616/9.0 = 40.2% done in 1487.9s, 2215.4s to go
on time step 904 (time=3.616), 1.52465 s/step
Meep progress: 3.628/9.0 = 40.3% done in 1492.5s, 2209.9s to go
on time step 907 (time=3.628), 1.52864 s/step
Meep progress: 3.64/9.0 = 40.4% done in 1497.1s, 2204.6s to go
on time step 910 (time=3.64), 1.54704 s/step
Meep progress: 3.652/9.0 = 40.6% done in 1501.8s, 2199.2s to go
on time step 913 (time=3.652), 1.54781 s/step
Meep progress: 3.664/9.0 = 40.7% done in 1506.4s, 2193.8s to go
on time step 916 (time=3.664), 1.54043 s/step
Meep progress: 3.676/9.0 = 40.8% done in 1511.0s, 2188.4s to go
on time step 919 (time=3.676), 1.53066 s/step
Meep progress: 3.688/9.0 = 41.0% done in 1515.6s, 2183.0s to go
on time step 922 (time=3.688), 1.52856 s/step
Meep progress: 3.7/9.0 = 41.1% done in 1520.2s, 2177.6s to go
on time step 925 (time=3.7), 1.54609 s/step
Meep progress: 3.712/9.0 = 41.2% done in 1524.8s, 2172.2s to go
on time step 928 (time=3.712), 1.54078 s/step
Meep progress: 3.724/9.0 = 41.4% done in 1529.5s, 2166.9s to go
on time step 931 (time=3.724), 1.54601 s/step
Meep progress: 3.736/9.0 = 41.5% done in 1534.1s, 2161.5s to go
on time step 934 (time=3.736), 1.53962 s/step
Meep progress: 3.748/9.0 = 41.6% done in 1538.7s, 2156.2s to go
on time step 937 (time=3.748), 1.54575 s/step
Meep progress: 3.7600000000000002/9.0 = 41.8% done in 1543.4s, 2150.9s to go
on time step 940 (time=3.76), 1.54597 s/step
Meep progress: 3.7720000000000002/9.0 = 41.9% done in 1548.0s, 2145.5s to go
on time step 943 (time=3.772), 1.53014 s/step
Meep progress: 3.7840000000000003/9.0 = 42.0% done in 1552.6s, 2140.1s to go
on time step 946 (time=3.784), 1.53589 s/step
Meep progress: 3.7960000000000003/9.0 = 42.2% done in 1557.2s, 2134.8s to go
on time step 949 (time=3.796), 1.54054 s/step
Meep progress: 3.8080000000000003/9.0 = 42.3% done in 1561.8s, 2129.5s to go
on time step 952 (time=3.808), 1.542 s/step
Meep progress: 3.8200000000000003/9.0 = 42.4% done in 1566.4s, 2124.1s to go
on time step 955 (time=3.82), 1.5296 s/step
Meep progress: 3.8320000000000003/9.0 = 42.6% done in 1571.0s, 2118.7s to go
on time step 958 (time=3.832), 1.53676 s/step
Meep progress: 3.844/9.0 = 42.7% done in 1575.6s, 2113.4s to go
on time step 961 (time=3.844), 1.53019 s/step
Meep progress: 3.856/9.0 = 42.8% done in 1580.2s, 2108.0s to go
on time step 964 (time=3.856), 1.53553 s/step
Meep progress: 3.868/9.0 = 43.0% done in 1584.8s, 2102.7s to go
on time step 967 (time=3.868), 1.52431 s/step
Meep progress: 3.88/9.0 = 43.1% done in 1589.4s, 2097.4s to go
on time step 970 (time=3.88), 1.54403 s/step
Meep progress: 3.892/9.0 = 43.2% done in 1594.0s, 2092.1s to go
on time step 973 (time=3.892), 1.53644 s/step
Meep progress: 3.904/9.0 = 43.4% done in 1598.6s, 2086.8s to go
on time step 976 (time=3.904), 1.53634 s/step
Meep progress: 3.916/9.0 = 43.5% done in 1603.2s, 2081.4s to go
on time step 979 (time=3.916), 1.52338 s/step
Meep progress: 3.928/9.0 = 43.6% done in 1607.8s, 2076.1s to go
on time step 982 (time=3.928), 1.54433 s/step
Meep progress: 3.94/9.0 = 43.8% done in 1612.5s, 2070.8s to go
on time step 985 (time=3.94), 1.54275 s/step
Meep progress: 3.952/9.0 = 43.9% done in 1617.1s, 2065.5s to go
on time step 988 (time=3.952), 1.53734 s/step
Meep progress: 3.964/9.0 = 44.0% done in 1621.7s, 2060.3s to go
on time step 991 (time=3.964), 1.53635 s/step
Meep progress: 3.976/9.0 = 44.2% done in 1626.3s, 2055.0s to go
on time step 994 (time=3.976), 1.54774 s/step
Meep progress: 3.988/9.0 = 44.3% done in 1631.0s, 2049.7s to go
on time step 997 (time=3.988), 1.54068 s/step
Meep progress: 4.0/9.0 = 44.4% done in 1635.6s, 2044.5s to go
on time step 1000 (time=4), 1.53484 s/step
Meep progress: 4.0120000000000005/9.0 = 44.6% done in 1640.2s, 2039.2s to go
on time step 1003 (time=4.012), 1.53567 s/step
Meep progress: 4.024/9.0 = 44.7% done in 1644.7s, 2033.9s to go
on time step 1006 (time=4.024), 1.52417 s/step
Meep progress: 4.0360000000000005/9.0 = 44.8% done in 1649.3s, 2028.6s to go
on time step 1009 (time=4.036), 1.52753 s/step
Meep progress: 4.048/9.0 = 45.0% done in 1653.9s, 2023.2s to go
on time step 1012 (time=4.048), 1.52248 s/step
Meep progress: 4.0600000000000005/9.0 = 45.1% done in 1658.4s, 2017.9s to go
on time step 1015 (time=4.06), 1.51789 s/step
Meep progress: 4.072/9.0 = 45.2% done in 1663.0s, 2012.6s to go
on time step 1018 (time=4.072), 1.52269 s/step
Meep progress: 4.0840000000000005/9.0 = 45.4% done in 1667.6s, 2007.4s to go
on time step 1021 (time=4.084), 1.53554 s/step
Meep progress: 4.096/9.0 = 45.5% done in 1672.3s, 2002.2s to go
on time step 1024 (time=4.096), 1.55221 s/step
Meep progress: 4.108/9.0 = 45.6% done in 1676.9s, 1996.9s to go
on time step 1027 (time=4.108), 1.54102 s/step
Meep progress: 4.12/9.0 = 45.8% done in 1681.5s, 1991.7s to go
on time step 1030 (time=4.12), 1.52578 s/step
Meep progress: 4.132/9.0 = 45.9% done in 1686.1s, 1986.4s to go
on time step 1033 (time=4.132), 1.52313 s/step
Meep progress: 4.144/9.0 = 46.0% done in 1690.6s, 1981.1s to go
on time step 1036 (time=4.144), 1.52731 s/step
Meep progress: 4.156/9.0 = 46.2% done in 1695.2s, 1975.8s to go
on time step 1039 (time=4.156), 1.51579 s/step
Meep progress: 4.168/9.0 = 46.3% done in 1699.8s, 1970.5s to go
on time step 1042 (time=4.168), 1.52495 s/step
Meep progress: 4.18/9.0 = 46.4% done in 1704.3s, 1965.3s to go
on time step 1045 (time=4.18), 1.52205 s/step
Meep progress: 4.192/9.0 = 46.6% done in 1708.9s, 1960.0s to go
on time step 1048 (time=4.192), 1.52451 s/step
Meep progress: 4.204/9.0 = 46.7% done in 1713.5s, 1954.8s to go
on time step 1051 (time=4.204), 1.53828 s/step
Meep progress: 4.216/9.0 = 46.8% done in 1718.1s, 1949.6s to go
on time step 1054 (time=4.216), 1.5251 s/step
Meep progress: 4.228/9.0 = 47.0% done in 1722.7s, 1944.3s to go
on time step 1057 (time=4.228), 1.52328 s/step
Meep progress: 4.24/9.0 = 47.1% done in 1727.2s, 1939.1s to go
on time step 1060 (time=4.24), 1.52505 s/step
Meep progress: 4.252/9.0 = 47.2% done in 1731.8s, 1933.8s to go
on time step 1063 (time=4.252), 1.52082 s/step
Meep progress: 4.264/9.0 = 47.4% done in 1736.4s, 1928.6s to go
on time step 1066 (time=4.264), 1.53138 s/step
Meep progress: 4.276/9.0 = 47.5% done in 1741.0s, 1923.4s to go
on time step 1069 (time=4.276), 1.52079 s/step
Meep progress: 4.288/9.0 = 47.6% done in 1745.5s, 1918.1s to go
on time step 1072 (time=4.288), 1.52765 s/step
Meep progress: 4.3/9.0 = 47.8% done in 1750.1s, 1912.9s to go
on time step 1075 (time=4.3), 1.51732 s/step
Meep progress: 4.312/9.0 = 47.9% done in 1754.7s, 1907.7s to go
on time step 1078 (time=4.312), 1.52696 s/step
Meep progress: 4.324/9.0 = 48.0% done in 1759.2s, 1902.4s to go
on time step 1081 (time=4.324), 1.51931 s/step
Meep progress: 4.336/9.0 = 48.2% done in 1763.8s, 1897.2s to go
on time step 1084 (time=4.336), 1.52833 s/step
Meep progress: 4.348/9.0 = 48.3% done in 1768.4s, 1892.0s to go
on time step 1087 (time=4.348), 1.5212 s/step
Meep progress: 4.36/9.0 = 48.4% done in 1772.9s, 1886.8s to go
on time step 1090 (time=4.36), 1.51905 s/step
Meep progress: 4.372/9.0 = 48.6% done in 1777.5s, 1881.6s to go
on time step 1093 (time=4.372), 1.52325 s/step
Meep progress: 4.384/9.0 = 48.7% done in 1782.1s, 1876.4s to go
on time step 1096 (time=4.384), 1.52456 s/step
Meep progress: 4.396/9.0 = 48.8% done in 1786.6s, 1871.2s to go
on time step 1099 (time=4.396), 1.52115 s/step
Meep progress: 4.408/9.0 = 49.0% done in 1791.2s, 1866.0s to go
on time step 1102 (time=4.408), 1.5204 s/step
Meep progress: 4.42/9.0 = 49.1% done in 1795.8s, 1860.8s to go
on time step 1105 (time=4.42), 1.52564 s/step
Meep progress: 4.432/9.0 = 49.2% done in 1800.3s, 1855.6s to go
on time step 1108 (time=4.432), 1.52137 s/step
Meep progress: 4.444/9.0 = 49.4% done in 1804.9s, 1850.4s to go
on time step 1111 (time=4.444), 1.5192 s/step
Meep progress: 4.456/9.0 = 49.5% done in 1809.5s, 1845.2s to go
on time step 1114 (time=4.456), 1.52366 s/step
Meep progress: 4.468/9.0 = 49.6% done in 1814.0s, 1840.0s to go
on time step 1117 (time=4.468), 1.52498 s/step
Meep progress: 4.48/9.0 = 49.8% done in 1818.6s, 1834.9s to go
on time step 1120 (time=4.48), 1.52565 s/step
Meep progress: 4.492/9.0 = 49.9% done in 1823.2s, 1829.7s to go
on time step 1123 (time=4.492), 1.52089 s/step
Meep progress: 4.5040000000000004/9.0 = 50.0% done in 1827.7s, 1824.5s to go
on time step 1126 (time=4.504), 1.5184 s/step
Meep progress: 4.516/9.0 = 50.2% done in 1832.3s, 1819.3s to go
on time step 1129 (time=4.516), 1.52755 s/step
Meep progress: 4.5280000000000005/9.0 = 50.3% done in 1836.9s, 1814.2s to go
on time step 1132 (time=4.528), 1.52365 s/step
Meep progress: 4.54/9.0 = 50.4% done in 1841.4s, 1809.0s to go
on time step 1135 (time=4.54), 1.51827 s/step
Meep progress: 4.5520000000000005/9.0 = 50.6% done in 1846.0s, 1803.8s to go
on time step 1138 (time=4.552), 1.51951 s/step
Meep progress: 4.564/9.0 = 50.7% done in 1850.6s, 1798.7s to go
on time step 1141 (time=4.564), 1.52372 s/step
Meep progress: 4.5760000000000005/9.0 = 50.8% done in 1855.1s, 1793.5s to go
on time step 1144 (time=4.576), 1.52263 s/step
Meep progress: 4.588/9.0 = 51.0% done in 1859.7s, 1788.4s to go
on time step 1147 (time=4.588), 1.51883 s/step
Meep progress: 4.6000000000000005/9.0 = 51.1% done in 1864.3s, 1783.2s to go
on time step 1150 (time=4.6), 1.51956 s/step
Meep progress: 4.612/9.0 = 51.2% done in 1868.8s, 1778.1s to go
on time step 1153 (time=4.612), 1.52644 s/step
Meep progress: 4.624/9.0 = 51.4% done in 1873.4s, 1772.9s to go
on time step 1156 (time=4.624), 1.52456 s/step
Meep progress: 4.636/9.0 = 51.5% done in 1878.0s, 1767.8s to go
on time step 1159 (time=4.636), 1.519 s/step
Meep progress: 4.648/9.0 = 51.6% done in 1882.6s, 1762.7s to go
on time step 1162 (time=4.648), 1.53603 s/step
Meep progress: 4.66/9.0 = 51.8% done in 1887.2s, 1757.6s to go
on time step 1165 (time=4.66), 1.52405 s/step
Meep progress: 4.672/9.0 = 51.9% done in 1891.8s, 1752.5s to go
on time step 1168 (time=4.672), 1.5368 s/step
Meep progress: 4.684/9.0 = 52.0% done in 1896.3s, 1747.3s to go
on time step 1171 (time=4.684), 1.52002 s/step
Meep progress: 4.696/9.0 = 52.2% done in 1900.9s, 1742.3s to go
on time step 1174 (time=4.696), 1.52895 s/step
Meep progress: 4.708/9.0 = 52.3% done in 1905.5s, 1737.2s to go
on time step 1177 (time=4.708), 1.53754 s/step
Meep progress: 4.72/9.0 = 52.4% done in 1910.1s, 1732.1s to go
on time step 1180 (time=4.72), 1.53141 s/step
Meep progress: 4.732/9.0 = 52.6% done in 1914.7s, 1727.0s to go
on time step 1183 (time=4.732), 1.52685 s/step
Meep progress: 4.744/9.0 = 52.7% done in 1919.4s, 1721.9s to go
on time step 1186 (time=4.744), 1.54407 s/step
Meep progress: 4.756/9.0 = 52.8% done in 1924.0s, 1716.8s to go
on time step 1189 (time=4.756), 1.53346 s/step
Meep progress: 4.768/9.0 = 53.0% done in 1928.6s, 1711.8s to go
on time step 1192 (time=4.768), 1.53413 s/step
Meep progress: 4.78/9.0 = 53.1% done in 1933.1s, 1706.6s to go
on time step 1195 (time=4.78), 1.51802 s/step
Meep progress: 4.792/9.0 = 53.2% done in 1937.7s, 1701.6s to go
on time step 1198 (time=4.792), 1.52841 s/step
Meep progress: 4.804/9.0 = 53.4% done in 1942.3s, 1696.5s to go
on time step 1201 (time=4.804), 1.52468 s/step
Meep progress: 4.816/9.0 = 53.5% done in 1946.9s, 1691.4s to go
on time step 1204 (time=4.816), 1.52741 s/step
Meep progress: 4.828/9.0 = 53.6% done in 1951.4s, 1686.3s to go
on time step 1207 (time=4.828), 1.52098 s/step
Meep progress: 4.84/9.0 = 53.8% done in 1956.0s, 1681.2s to go
on time step 1210 (time=4.84), 1.52228 s/step
Meep progress: 4.852/9.0 = 53.9% done in 1960.6s, 1676.1s to go
on time step 1213 (time=4.852), 1.53373 s/step
Meep progress: 4.864/9.0 = 54.0% done in 1965.2s, 1671.0s to go
on time step 1216 (time=4.864), 1.52991 s/step
Meep progress: 4.876/9.0 = 54.2% done in 1969.7s, 1666.0s to go
on time step 1219 (time=4.876), 1.52443 s/step
Meep progress: 4.888/9.0 = 54.3% done in 1974.4s, 1660.9s to go
on time step 1222 (time=4.888), 1.54385 s/step
Meep progress: 4.9/9.0 = 54.4% done in 1979.0s, 1655.9s to go
on time step 1225 (time=4.9), 1.54067 s/step
Meep progress: 4.912/9.0 = 54.6% done in 1983.7s, 1650.9s to go
on time step 1228 (time=4.912), 1.55549 s/step
Meep progress: 4.924/9.0 = 54.7% done in 1988.3s, 1645.9s to go
on time step 1231 (time=4.924), 1.54125 s/step
Meep progress: 4.936/9.0 = 54.8% done in 1992.9s, 1640.8s to go
on time step 1234 (time=4.936), 1.5311 s/step
Meep progress: 4.948/9.0 = 55.0% done in 1997.5s, 1635.8s to go
on time step 1237 (time=4.948), 1.54419 s/step
Meep progress: 4.96/9.0 = 55.1% done in 2002.1s, 1630.8s to go
on time step 1240 (time=4.96), 1.53527 s/step
Meep progress: 4.972/9.0 = 55.2% done in 2006.7s, 1625.7s to go
on time step 1243 (time=4.972), 1.52467 s/step
Meep progress: 4.984/9.0 = 55.4% done in 2011.4s, 1620.7s to go
on time step 1246 (time=4.984), 1.54836 s/step
Meep progress: 4.996/9.0 = 55.5% done in 2016.0s, 1615.7s to go
on time step 1249 (time=4.996), 1.53676 s/step
Meep progress: 5.008/9.0 = 55.6% done in 2020.6s, 1610.7s to go
on time step 1252 (time=5.008), 1.54872 s/step
Meep progress: 5.0200000000000005/9.0 = 55.8% done in 2025.2s, 1605.7s to go
on time step 1255 (time=5.02), 1.5416 s/step
Meep progress: 5.032/9.0 = 55.9% done in 2029.9s, 1600.7s to go
on time step 1258 (time=5.032), 1.56082 s/step
Meep progress: 5.0440000000000005/9.0 = 56.0% done in 2034.6s, 1595.7s to go
on time step 1261 (time=5.044), 1.54878 s/step
Meep progress: 5.056/9.0 = 56.2% done in 2039.2s, 1590.7s to go
on time step 1264 (time=5.056), 1.54329 s/step
Meep progress: 5.0680000000000005/9.0 = 56.3% done in 2043.8s, 1585.7s to go
on time step 1267 (time=5.068), 1.52401 s/step
Meep progress: 5.08/9.0 = 56.4% done in 2048.4s, 1580.7s to go
on time step 1270 (time=5.08), 1.54534 s/step
Meep progress: 5.0920000000000005/9.0 = 56.6% done in 2053.0s, 1575.7s to go
on time step 1273 (time=5.092), 1.5472 s/step
Meep progress: 5.104/9.0 = 56.7% done in 2057.7s, 1570.7s to go
on time step 1276 (time=5.104), 1.54436 s/step
Meep progress: 5.1160000000000005/9.0 = 56.8% done in 2062.3s, 1565.7s to go
on time step 1279 (time=5.116), 1.54338 s/step
Meep progress: 5.128/9.0 = 57.0% done in 2066.9s, 1560.7s to go
on time step 1282 (time=5.128), 1.5406 s/step
Meep progress: 5.14/9.0 = 57.1% done in 2071.6s, 1555.7s to go
on time step 1285 (time=5.14), 1.54465 s/step
Meep progress: 5.152/9.0 = 57.2% done in 2076.2s, 1550.7s to go
on time step 1288 (time=5.152), 1.54655 s/step
Meep progress: 5.164/9.0 = 57.4% done in 2080.8s, 1545.7s to go
on time step 1291 (time=5.164), 1.54192 s/step
Meep progress: 5.176/9.0 = 57.5% done in 2085.5s, 1540.7s to go
on time step 1294 (time=5.176), 1.54264 s/step
Meep progress: 5.188/9.0 = 57.6% done in 2090.1s, 1535.7s to go
on time step 1297 (time=5.188), 1.54424 s/step
Meep progress: 5.2/9.0 = 57.8% done in 2094.7s, 1530.8s to go
on time step 1300 (time=5.2), 1.54455 s/step
Meep progress: 5.212/9.0 = 57.9% done in 2099.4s, 1525.8s to go
on time step 1303 (time=5.212), 1.54366 s/step
Meep progress: 5.224/9.0 = 58.0% done in 2104.0s, 1520.8s to go
on time step 1306 (time=5.224), 1.53689 s/step
Meep progress: 5.236/9.0 = 58.2% done in 2108.6s, 1515.8s to go
on time step 1309 (time=5.236), 1.53972 s/step
Meep progress: 5.248/9.0 = 58.3% done in 2113.2s, 1510.8s to go
on time step 1312 (time=5.248), 1.5342 s/step
Meep progress: 5.26/9.0 = 58.4% done in 2117.8s, 1505.8s to go
on time step 1315 (time=5.26), 1.54213 s/step
Meep progress: 5.272/9.0 = 58.6% done in 2122.5s, 1500.9s to go
on time step 1318 (time=5.272), 1.55204 s/step
Meep progress: 5.284/9.0 = 58.7% done in 2127.1s, 1495.9s to go
on time step 1321 (time=5.284), 1.53731 s/step
Meep progress: 5.296/9.0 = 58.8% done in 2131.7s, 1490.9s to go
on time step 1324 (time=5.296), 1.55297 s/step
Meep progress: 5.308/9.0 = 59.0% done in 2136.3s, 1485.9s to go
on time step 1327 (time=5.308), 1.52946 s/step
Meep progress: 5.32/9.0 = 59.1% done in 2141.0s, 1481.0s to go
on time step 1330 (time=5.32), 1.55462 s/step
Meep progress: 5.332/9.0 = 59.2% done in 2145.6s, 1476.0s to go
on time step 1333 (time=5.332), 1.53209 s/step
Meep progress: 5.344/9.0 = 59.4% done in 2150.2s, 1471.0s to go
on time step 1336 (time=5.344), 1.54011 s/step
Meep progress: 5.356/9.0 = 59.5% done in 2154.8s, 1466.0s to go
on time step 1339 (time=5.356), 1.52503 s/step
Meep progress: 5.368/9.0 = 59.6% done in 2159.4s, 1461.0s to go
on time step 1342 (time=5.368), 1.52944 s/step
Meep progress: 5.38/9.0 = 59.8% done in 2163.9s, 1456.0s to go
on time step 1345 (time=5.38), 1.52101 s/step
Meep progress: 5.392/9.0 = 59.9% done in 2168.5s, 1451.0s to go
on time step 1348 (time=5.392), 1.52679 s/step
Meep progress: 5.404/9.0 = 60.0% done in 2173.1s, 1446.0s to go
on time step 1351 (time=5.404), 1.51733 s/step
Meep progress: 5.416/9.0 = 60.2% done in 2177.7s, 1441.0s to go
on time step 1354 (time=5.416), 1.52798 s/step
Meep progress: 5.428/9.0 = 60.3% done in 2182.2s, 1436.1s to go
on time step 1357 (time=5.428), 1.52584 s/step
Meep progress: 5.44/9.0 = 60.4% done in 2186.8s, 1431.1s to go
on time step 1360 (time=5.44), 1.53226 s/step
Meep progress: 5.452/9.0 = 60.6% done in 2191.4s, 1426.1s to go
on time step 1363 (time=5.452), 1.5184 s/step
Meep progress: 5.464/9.0 = 60.7% done in 2196.0s, 1421.1s to go
on time step 1366 (time=5.464), 1.52131 s/step
Meep progress: 5.476/9.0 = 60.8% done in 2200.5s, 1416.1s to go
on time step 1369 (time=5.476), 1.52592 s/step
Meep progress: 5.488/9.0 = 61.0% done in 2205.1s, 1411.1s to go
on time step 1372 (time=5.488), 1.52316 s/step
Meep progress: 5.5/9.0 = 61.1% done in 2209.7s, 1406.1s to go
on time step 1375 (time=5.5), 1.52125 s/step
Meep progress: 5.5120000000000005/9.0 = 61.2% done in 2214.2s, 1401.2s to go
on time step 1378 (time=5.512), 1.52575 s/step
Meep progress: 5.524/9.0 = 61.4% done in 2218.8s, 1396.2s to go
on time step 1381 (time=5.524), 1.52834 s/step
Meep progress: 5.5360000000000005/9.0 = 61.5% done in 2223.4s, 1391.2s to go
on time step 1384 (time=5.536), 1.52196 s/step
Meep progress: 5.548/9.0 = 61.6% done in 2228.0s, 1386.2s to go
on time step 1387 (time=5.548), 1.52013 s/step
Meep progress: 5.5600000000000005/9.0 = 61.8% done in 2232.5s, 1381.3s to go
on time step 1390 (time=5.56), 1.52383 s/step
Meep progress: 5.572/9.0 = 61.9% done in 2237.1s, 1376.3s to go
on time step 1393 (time=5.572), 1.52878 s/step
Meep progress: 5.5840000000000005/9.0 = 62.0% done in 2241.7s, 1371.3s to go
on time step 1396 (time=5.584), 1.52452 s/step
Meep progress: 5.596/9.0 = 62.2% done in 2246.3s, 1366.4s to go
on time step 1399 (time=5.596), 1.52313 s/step
Meep progress: 5.6080000000000005/9.0 = 62.3% done in 2250.8s, 1361.4s to go
on time step 1402 (time=5.608), 1.53159 s/step
Meep progress: 5.62/9.0 = 62.4% done in 2255.4s, 1356.5s to go
on time step 1405 (time=5.62), 1.52495 s/step
Meep progress: 5.632/9.0 = 62.6% done in 2260.0s, 1351.5s to go
on time step 1408 (time=5.632), 1.52432 s/step
Meep progress: 5.644/9.0 = 62.7% done in 2264.6s, 1346.5s to go
on time step 1411 (time=5.644), 1.52095 s/step
Meep progress: 5.656/9.0 = 62.8% done in 2269.1s, 1341.6s to go
on time step 1414 (time=5.656), 1.52336 s/step
Meep progress: 5.668/9.0 = 63.0% done in 2273.7s, 1336.6s to go
on time step 1417 (time=5.668), 1.52807 s/step
Meep progress: 5.68/9.0 = 63.1% done in 2278.3s, 1331.7s to go
on time step 1420 (time=5.68), 1.52791 s/step
Meep progress: 5.692/9.0 = 63.2% done in 2282.9s, 1326.7s to go
on time step 1423 (time=5.692), 1.51732 s/step
Meep progress: 5.704/9.0 = 63.4% done in 2287.4s, 1321.8s to go
on time step 1426 (time=5.704), 1.52628 s/step
Meep progress: 5.716/9.0 = 63.5% done in 2292.0s, 1316.8s to go
on time step 1429 (time=5.716), 1.52168 s/step
Meep progress: 5.728/9.0 = 63.6% done in 2296.6s, 1311.9s to go
on time step 1432 (time=5.728), 1.5285 s/step
Meep progress: 5.74/9.0 = 63.8% done in 2301.1s, 1306.9s to go
on time step 1435 (time=5.74), 1.52207 s/step
Meep progress: 5.752/9.0 = 63.9% done in 2305.7s, 1302.0s to go
on time step 1438 (time=5.752), 1.52703 s/step
Meep progress: 5.764/9.0 = 64.0% done in 2310.3s, 1297.1s to go
on time step 1441 (time=5.764), 1.53129 s/step
Meep progress: 5.776/9.0 = 64.2% done in 2314.9s, 1292.1s to go
on time step 1444 (time=5.776), 1.53465 s/step
Meep progress: 5.788/9.0 = 64.3% done in 2319.5s, 1287.2s to go
on time step 1447 (time=5.788), 1.51609 s/step
Meep progress: 5.8/9.0 = 64.4% done in 2324.1s, 1282.2s to go
on time step 1450 (time=5.8), 1.52514 s/step
Meep progress: 5.812/9.0 = 64.6% done in 2328.6s, 1277.3s to go
on time step 1453 (time=5.812), 1.52285 s/step
Meep progress: 5.824/9.0 = 64.7% done in 2333.2s, 1272.4s to go
on time step 1456 (time=5.824), 1.52735 s/step
Meep progress: 5.836/9.0 = 64.8% done in 2337.8s, 1267.4s to go
on time step 1459 (time=5.836), 1.51617 s/step
Meep progress: 5.848/9.0 = 65.0% done in 2342.3s, 1262.5s to go
on time step 1462 (time=5.848), 1.52949 s/step
Meep progress: 5.86/9.0 = 65.1% done in 2346.9s, 1257.6s to go
on time step 1465 (time=5.86), 1.52298 s/step
Meep progress: 5.872/9.0 = 65.2% done in 2351.5s, 1252.6s to go
on time step 1468 (time=5.872), 1.52634 s/step
Meep progress: 5.884/9.0 = 65.4% done in 2356.0s, 1247.7s to go
on time step 1471 (time=5.884), 1.51637 s/step
Meep progress: 5.896/9.0 = 65.5% done in 2360.6s, 1242.8s to go
on time step 1474 (time=5.896), 1.52731 s/step
Meep progress: 5.908/9.0 = 65.6% done in 2365.2s, 1237.8s to go
on time step 1477 (time=5.908), 1.52196 s/step
Meep progress: 5.92/9.0 = 65.8% done in 2369.8s, 1232.9s to go
on time step 1480 (time=5.92), 1.53163 s/step
Meep progress: 5.932/9.0 = 65.9% done in 2374.4s, 1228.0s to go
on time step 1483 (time=5.932), 1.52647 s/step
Meep progress: 5.944/9.0 = 66.0% done in 2378.9s, 1223.1s to go
on time step 1486 (time=5.944), 1.52311 s/step
Meep progress: 5.956/9.0 = 66.2% done in 2383.5s, 1218.2s to go
on time step 1489 (time=5.956), 1.5242 s/step
Meep progress: 5.968/9.0 = 66.3% done in 2388.1s, 1213.2s to go
on time step 1492 (time=5.968), 1.52331 s/step
Meep progress: 5.98/9.0 = 66.4% done in 2392.6s, 1208.3s to go
on time step 1495 (time=5.98), 1.51872 s/step
Meep progress: 5.992/9.0 = 66.6% done in 2397.2s, 1203.4s to go
on time step 1498 (time=5.992), 1.52252 s/step
Meep progress: 6.0040000000000004/9.0 = 66.7% done in 2401.8s, 1198.5s to go
on time step 1501 (time=6.004), 1.52653 s/step
Meep progress: 6.016/9.0 = 66.8% done in 2406.4s, 1193.6s to go
on time step 1504 (time=6.016), 1.52654 s/step
Meep progress: 6.0280000000000005/9.0 = 67.0% done in 2410.9s, 1188.7s to go
on time step 1507 (time=6.028), 1.51955 s/step
Meep progress: 6.04/9.0 = 67.1% done in 2415.5s, 1183.7s to go
on time step 1510 (time=6.04), 1.52122 s/step
Meep progress: 6.0520000000000005/9.0 = 67.2% done in 2420.1s, 1178.8s to go
on time step 1513 (time=6.052), 1.52648 s/step
Meep progress: 6.064/9.0 = 67.4% done in 2424.6s, 1173.9s to go
on time step 1516 (time=6.064), 1.52467 s/step
Meep progress: 6.0760000000000005/9.0 = 67.5% done in 2429.2s, 1169.0s to go
on time step 1519 (time=6.076), 1.52302 s/step
Meep progress: 6.088/9.0 = 67.6% done in 2433.8s, 1164.1s to go
on time step 1522 (time=6.088), 1.52347 s/step
Meep progress: 6.1000000000000005/9.0 = 67.8% done in 2438.4s, 1159.2s to go
on time step 1525 (time=6.1), 1.53002 s/step
Meep progress: 6.112/9.0 = 67.9% done in 2442.9s, 1154.3s to go
on time step 1528 (time=6.112), 1.52467 s/step
Meep progress: 6.1240000000000006/9.0 = 68.0% done in 2447.5s, 1149.4s to go
on time step 1531 (time=6.124), 1.51665 s/step
Meep progress: 6.136/9.0 = 68.2% done in 2452.1s, 1144.5s to go
on time step 1534 (time=6.136), 1.52349 s/step
Meep progress: 6.148/9.0 = 68.3% done in 2456.7s, 1139.6s to go
on time step 1537 (time=6.148), 1.55456 s/step
Meep progress: 6.16/9.0 = 68.4% done in 2461.4s, 1134.8s to go
on time step 1540 (time=6.16), 1.54396 s/step
Meep progress: 6.172/9.0 = 68.6% done in 2465.9s, 1129.9s to go
on time step 1543 (time=6.172), 1.52176 s/step
Meep progress: 6.184/9.0 = 68.7% done in 2470.5s, 1125.0s to go
on time step 1546 (time=6.184), 1.53545 s/step
Meep progress: 6.196/9.0 = 68.8% done in 2475.1s, 1120.1s to go
on time step 1549 (time=6.196), 1.53258 s/step
Meep progress: 6.208/9.0 = 69.0% done in 2479.7s, 1115.2s to go
on time step 1552 (time=6.208), 1.53712 s/step
Meep progress: 6.22/9.0 = 69.1% done in 2484.3s, 1110.4s to go
on time step 1555 (time=6.22), 1.52653 s/step
Meep progress: 6.232/9.0 = 69.2% done in 2488.9s, 1105.5s to go
on time step 1558 (time=6.232), 1.53376 s/step
Meep progress: 6.244/9.0 = 69.4% done in 2493.5s, 1100.6s to go
on time step 1561 (time=6.244), 1.5316 s/step
Meep progress: 6.256/9.0 = 69.5% done in 2498.1s, 1095.7s to go
on time step 1564 (time=6.256), 1.53835 s/step
Meep progress: 6.268/9.0 = 69.6% done in 2502.7s, 1090.9s to go
on time step 1567 (time=6.268), 1.53492 s/step
Meep progress: 6.28/9.0 = 69.8% done in 2507.3s, 1086.0s to go
on time step 1570 (time=6.28), 1.53795 s/step
Meep progress: 6.292/9.0 = 69.9% done in 2511.9s, 1081.1s to go
on time step 1573 (time=6.292), 1.53401 s/step
Meep progress: 6.304/9.0 = 70.0% done in 2516.6s, 1076.2s to go
on time step 1576 (time=6.304), 1.53732 s/step
Meep progress: 6.316/9.0 = 70.2% done in 2521.2s, 1071.4s to go
on time step 1579 (time=6.316), 1.53678 s/step
Meep progress: 6.328/9.0 = 70.3% done in 2525.8s, 1066.5s to go
on time step 1582 (time=6.328), 1.53216 s/step
Meep progress: 6.34/9.0 = 70.4% done in 2530.4s, 1061.6s to go
on time step 1585 (time=6.34), 1.53329 s/step
Meep progress: 6.352/9.0 = 70.6% done in 2534.9s, 1056.8s to go
on time step 1588 (time=6.352), 1.52415 s/step
Meep progress: 6.364/9.0 = 70.7% done in 2539.5s, 1051.9s to go
on time step 1591 (time=6.364), 1.52302 s/step
Meep progress: 6.376/9.0 = 70.8% done in 2544.1s, 1047.0s to go
on time step 1594 (time=6.376), 1.52248 s/step
Meep progress: 6.388/9.0 = 71.0% done in 2548.7s, 1042.1s to go
on time step 1597 (time=6.388), 1.53169 s/step
Meep progress: 6.4/9.0 = 71.1% done in 2553.3s, 1037.3s to go
on time step 1600 (time=6.4), 1.52755 s/step
Meep progress: 6.412/9.0 = 71.2% done in 2557.8s, 1032.4s to go
on time step 1603 (time=6.412), 1.52153 s/step
Meep progress: 6.424/9.0 = 71.4% done in 2562.4s, 1027.5s to go
on time step 1606 (time=6.424), 1.52573 s/step
Meep progress: 6.436/9.0 = 71.5% done in 2567.0s, 1022.6s to go
on time step 1609 (time=6.436), 1.5293 s/step
Meep progress: 6.448/9.0 = 71.6% done in 2571.6s, 1017.8s to go
on time step 1612 (time=6.448), 1.52634 s/step
Meep progress: 6.46/9.0 = 71.8% done in 2576.1s, 1012.9s to go
on time step 1615 (time=6.46), 1.52589 s/step
Meep progress: 6.472/9.0 = 71.9% done in 2580.7s, 1008.0s to go
on time step 1618 (time=6.472), 1.52684 s/step
Meep progress: 6.484/9.0 = 72.0% done in 2585.3s, 1003.2s to go
on time step 1621 (time=6.484), 1.53164 s/step
Meep progress: 6.496/9.0 = 72.2% done in 2589.9s, 998.3s to go
on time step 1624 (time=6.496), 1.52743 s/step
Meep progress: 6.508/9.0 = 72.3% done in 2594.5s, 993.5s to go
on time step 1627 (time=6.508), 1.52179 s/step
Meep progress: 6.5200000000000005/9.0 = 72.4% done in 2599.0s, 988.6s to go
on time step 1630 (time=6.52), 1.52267 s/step
Meep progress: 6.532/9.0 = 72.6% done in 2603.6s, 983.7s to go
on time step 1633 (time=6.532), 1.52685 s/step
Meep progress: 6.5440000000000005/9.0 = 72.7% done in 2608.2s, 978.9s to go
on time step 1636 (time=6.544), 1.53137 s/step
Meep progress: 6.556/9.0 = 72.8% done in 2612.8s, 974.0s to go
on time step 1639 (time=6.556), 1.52595 s/step
Meep progress: 6.5680000000000005/9.0 = 73.0% done in 2617.4s, 969.2s to go
on time step 1642 (time=6.568), 1.52927 s/step
Meep progress: 6.58/9.0 = 73.1% done in 2621.9s, 964.3s to go
on time step 1645 (time=6.58), 1.52536 s/step
Meep progress: 6.5920000000000005/9.0 = 73.2% done in 2626.5s, 959.5s to go
on time step 1648 (time=6.592), 1.53058 s/step
Meep progress: 6.604/9.0 = 73.4% done in 2631.1s, 954.6s to go
on time step 1651 (time=6.604), 1.51944 s/step
Meep progress: 6.6160000000000005/9.0 = 73.5% done in 2635.7s, 949.7s to go
on time step 1654 (time=6.616), 1.5319 s/step
Meep progress: 6.628/9.0 = 73.6% done in 2640.3s, 944.9s to go
on time step 1657 (time=6.628), 1.52597 s/step
Meep progress: 6.640000000000001/9.0 = 73.8% done in 2644.9s, 940.0s to go
on time step 1660 (time=6.64), 1.53062 s/step
Meep progress: 6.652/9.0 = 73.9% done in 2649.5s, 935.2s to go
on time step 1663 (time=6.652), 1.53113 s/step
Meep progress: 6.664/9.0 = 74.0% done in 2654.0s, 930.4s to go
on time step 1666 (time=6.664), 1.53005 s/step
Meep progress: 6.676/9.0 = 74.2% done in 2658.6s, 925.5s to go
on time step 1669 (time=6.676), 1.52311 s/step
Meep progress: 6.688/9.0 = 74.3% done in 2663.2s, 920.7s to go
on time step 1672 (time=6.688), 1.52826 s/step
Meep progress: 6.7/9.0 = 74.4% done in 2667.8s, 915.8s to go
on time step 1675 (time=6.7), 1.51695 s/step
Meep progress: 6.712/9.0 = 74.6% done in 2672.3s, 911.0s to go
on time step 1678 (time=6.712), 1.52824 s/step
Meep progress: 6.724/9.0 = 74.7% done in 2676.9s, 906.1s to go
on time step 1681 (time=6.724), 1.52241 s/step
Meep progress: 6.736/9.0 = 74.8% done in 2681.5s, 901.3s to go
on time step 1684 (time=6.736), 1.52573 s/step
Meep progress: 6.748/9.0 = 75.0% done in 2686.0s, 896.4s to go
on time step 1687 (time=6.748), 1.51842 s/step
Meep progress: 6.76/9.0 = 75.1% done in 2690.6s, 891.6s to go
on time step 1690 (time=6.76), 1.52472 s/step
Meep progress: 6.772/9.0 = 75.2% done in 2695.2s, 886.7s to go
on time step 1693 (time=6.772), 1.5228 s/step
Meep progress: 6.784/9.0 = 75.4% done in 2699.8s, 881.9s to go
on time step 1696 (time=6.784), 1.52926 s/step
Meep progress: 6.796/9.0 = 75.5% done in 2704.3s, 877.0s to go
on time step 1699 (time=6.796), 1.52486 s/step
Meep progress: 6.808/9.0 = 75.6% done in 2708.9s, 872.2s to go
on time step 1702 (time=6.808), 1.51673 s/step
Meep progress: 6.82/9.0 = 75.8% done in 2713.5s, 867.4s to go
on time step 1705 (time=6.82), 1.52473 s/step
Meep progress: 6.832/9.0 = 75.9% done in 2718.0s, 862.5s to go
on time step 1708 (time=6.832), 1.52247 s/step
Meep progress: 6.844/9.0 = 76.0% done in 2722.6s, 857.7s to go
on time step 1711 (time=6.844), 1.52132 s/step
Meep progress: 6.856/9.0 = 76.2% done in 2727.2s, 852.8s to go
on time step 1714 (time=6.856), 1.52187 s/step
Meep progress: 6.868/9.0 = 76.3% done in 2731.8s, 848.0s to go
on time step 1717 (time=6.868), 1.52747 s/step
Meep progress: 6.88/9.0 = 76.4% done in 2736.3s, 843.2s to go
on time step 1720 (time=6.88), 1.52304 s/step
Meep progress: 6.892/9.0 = 76.6% done in 2740.9s, 838.3s to go
on time step 1723 (time=6.892), 1.51956 s/step
Meep progress: 6.904/9.0 = 76.7% done in 2745.4s, 833.5s to go
on time step 1726 (time=6.904), 1.52148 s/step
Meep progress: 6.916/9.0 = 76.8% done in 2750.0s, 828.7s to go
on time step 1729 (time=6.916), 1.52539 s/step
Meep progress: 6.928/9.0 = 77.0% done in 2754.6s, 823.8s to go
on time step 1732 (time=6.928), 1.52394 s/step
Meep progress: 6.94/9.0 = 77.1% done in 2759.2s, 819.0s to go
on time step 1735 (time=6.94), 1.52249 s/step
Meep progress: 6.952/9.0 = 77.2% done in 2763.7s, 814.2s to go
on time step 1738 (time=6.952), 1.52502 s/step
Meep progress: 6.964/9.0 = 77.4% done in 2768.3s, 809.4s to go
on time step 1741 (time=6.964), 1.53563 s/step
Meep progress: 6.976/9.0 = 77.5% done in 2772.9s, 804.5s to go
on time step 1744 (time=6.976), 1.5234 s/step
Meep progress: 6.988/9.0 = 77.6% done in 2777.5s, 799.7s to go
on time step 1747 (time=6.988), 1.52022 s/step
Meep progress: 7.0/9.0 = 77.8% done in 2782.0s, 794.9s to go
on time step 1750 (time=7), 1.52135 s/step
Meep progress: 7.0120000000000005/9.0 = 77.9% done in 2786.6s, 790.0s to go
on time step 1753 (time=7.012), 1.52615 s/step
Meep progress: 7.024/9.0 = 78.0% done in 2791.2s, 785.2s to go
on time step 1756 (time=7.024), 1.52283 s/step
Meep progress: 7.0360000000000005/9.0 = 78.2% done in 2795.8s, 780.4s to go
on time step 1759 (time=7.036), 1.52326 s/step
Meep progress: 7.048/9.0 = 78.3% done in 2800.3s, 775.6s to go
on time step 1762 (time=7.048), 1.52241 s/step
Meep progress: 7.0600000000000005/9.0 = 78.4% done in 2804.9s, 770.8s to go
on time step 1765 (time=7.06), 1.52464 s/step
Meep progress: 7.072/9.0 = 78.6% done in 2809.5s, 765.9s to go
on time step 1768 (time=7.072), 1.52622 s/step
Meep progress: 7.0840000000000005/9.0 = 78.7% done in 2814.0s, 761.1s to go
on time step 1771 (time=7.084), 1.51536 s/step
Meep progress: 7.096/9.0 = 78.8% done in 2818.6s, 756.3s to go
on time step 1774 (time=7.096), 1.52704 s/step
Meep progress: 7.1080000000000005/9.0 = 79.0% done in 2823.2s, 751.5s to go
on time step 1777 (time=7.108), 1.52374 s/step
Meep progress: 7.12/9.0 = 79.1% done in 2827.8s, 746.7s to go
on time step 1780 (time=7.12), 1.53079 s/step
Meep progress: 7.132000000000001/9.0 = 79.2% done in 2832.3s, 741.8s to go
on time step 1783 (time=7.132), 1.51706 s/step
Meep progress: 7.144/9.0 = 79.4% done in 2836.9s, 737.0s to go
on time step 1786 (time=7.144), 1.52647 s/step
Meep progress: 7.156000000000001/9.0 = 79.5% done in 2841.5s, 732.2s to go
on time step 1789 (time=7.156), 1.52429 s/step
Meep progress: 7.168/9.0 = 79.6% done in 2846.1s, 727.4s to go
on time step 1792 (time=7.168), 1.5293 s/step
Meep progress: 7.18/9.0 = 79.8% done in 2850.6s, 722.6s to go
on time step 1795 (time=7.18), 1.52746 s/step
Meep progress: 7.192/9.0 = 79.9% done in 2855.3s, 717.8s to go
on time step 1798 (time=7.192), 1.55237 s/step
Meep progress: 7.204/9.0 = 80.0% done in 2860.0s, 713.0s to go
on time step 1801 (time=7.204), 1.55286 s/step
Meep progress: 7.216/9.0 = 80.2% done in 2864.6s, 708.2s to go
on time step 1804 (time=7.216), 1.54426 s/step
Meep progress: 7.228/9.0 = 80.3% done in 2869.2s, 703.4s to go
on time step 1807 (time=7.228), 1.51929 s/step
Meep progress: 7.24/9.0 = 80.4% done in 2873.7s, 698.6s to go
on time step 1810 (time=7.24), 1.52921 s/step
Meep progress: 7.252/9.0 = 80.6% done in 2878.3s, 693.8s to go
on time step 1813 (time=7.252), 1.52657 s/step
Meep progress: 7.264/9.0 = 80.7% done in 2882.9s, 689.0s to go
on time step 1816 (time=7.264), 1.52668 s/step
Meep progress: 7.276/9.0 = 80.8% done in 2887.5s, 684.2s to go
on time step 1819 (time=7.276), 1.52359 s/step
Meep progress: 7.288/9.0 = 81.0% done in 2892.1s, 679.4s to go
on time step 1822 (time=7.288), 1.53146 s/step
Meep progress: 7.3/9.0 = 81.1% done in 2896.6s, 674.6s to go
on time step 1825 (time=7.3), 1.52727 s/step
Meep progress: 7.312/9.0 = 81.2% done in 2901.2s, 669.8s to go
on time step 1828 (time=7.312), 1.53009 s/step
Meep progress: 7.324/9.0 = 81.4% done in 2905.8s, 665.0s to go
on time step 1831 (time=7.324), 1.52134 s/step
Meep progress: 7.336/9.0 = 81.5% done in 2910.4s, 660.2s to go
on time step 1834 (time=7.336), 1.53742 s/step
Meep progress: 7.348/9.0 = 81.6% done in 2915.0s, 655.4s to go
on time step 1837 (time=7.348), 1.5334 s/step
Meep progress: 7.36/9.0 = 81.8% done in 2919.6s, 650.6s to go
on time step 1840 (time=7.36), 1.52944 s/step
Meep progress: 7.372/9.0 = 81.9% done in 2924.2s, 645.8s to go
on time step 1843 (time=7.372), 1.52366 s/step
Meep progress: 7.384/9.0 = 82.0% done in 2928.7s, 641.0s to go
on time step 1846 (time=7.384), 1.52329 s/step
Meep progress: 7.396/9.0 = 82.2% done in 2933.3s, 636.2s to go
on time step 1849 (time=7.396), 1.53206 s/step
Meep progress: 7.408/9.0 = 82.3% done in 2937.9s, 631.4s to go
on time step 1852 (time=7.408), 1.52293 s/step
Meep progress: 7.42/9.0 = 82.4% done in 2942.5s, 626.6s to go
on time step 1855 (time=7.42), 1.52374 s/step
Meep progress: 7.432/9.0 = 82.6% done in 2947.1s, 621.8s to go
on time step 1858 (time=7.432), 1.5233 s/step
Meep progress: 7.444/9.0 = 82.7% done in 2951.6s, 617.0s to go
on time step 1861 (time=7.444), 1.52841 s/step
Meep progress: 7.456/9.0 = 82.8% done in 2956.2s, 612.2s to go
on time step 1864 (time=7.456), 1.52597 s/step
Meep progress: 7.468/9.0 = 83.0% done in 2960.8s, 607.4s to go
on time step 1867 (time=7.468), 1.52753 s/step
Meep progress: 7.48/9.0 = 83.1% done in 2965.4s, 602.6s to go
on time step 1870 (time=7.48), 1.52472 s/step
Meep progress: 7.492/9.0 = 83.2% done in 2970.0s, 597.8s to go
on time step 1873 (time=7.492), 1.527 s/step
Meep progress: 7.5040000000000004/9.0 = 83.4% done in 2974.5s, 593.0s to go
on time step 1876 (time=7.504), 1.5245 s/step
Meep progress: 7.516/9.0 = 83.5% done in 2979.1s, 588.2s to go
on time step 1879 (time=7.516), 1.52728 s/step
Meep progress: 7.5280000000000005/9.0 = 83.6% done in 2983.7s, 583.4s to go
on time step 1882 (time=7.528), 1.52256 s/step
Meep progress: 7.54/9.0 = 83.8% done in 2988.3s, 578.6s to go
on time step 1885 (time=7.54), 1.52908 s/step
Meep progress: 7.5520000000000005/9.0 = 83.9% done in 2992.8s, 573.8s to go
on time step 1888 (time=7.552), 1.52615 s/step
Meep progress: 7.564/9.0 = 84.0% done in 2997.4s, 569.0s to go
on time step 1891 (time=7.564), 1.51818 s/step
Meep progress: 7.5760000000000005/9.0 = 84.2% done in 3002.0s, 564.3s to go
on time step 1894 (time=7.576), 1.52266 s/step
Meep progress: 7.588/9.0 = 84.3% done in 3006.5s, 559.5s to go
on time step 1897 (time=7.588), 1.52255 s/step
Meep progress: 7.6000000000000005/9.0 = 84.4% done in 3011.1s, 554.7s to go
on time step 1900 (time=7.6), 1.52656 s/step
Meep progress: 7.612/9.0 = 84.6% done in 3015.7s, 549.9s to go
on time step 1903 (time=7.612), 1.51705 s/step
Meep progress: 7.6240000000000006/9.0 = 84.7% done in 3020.3s, 545.1s to go
on time step 1906 (time=7.624), 1.52847 s/step
Meep progress: 7.636/9.0 = 84.8% done in 3024.8s, 540.3s to go
on time step 1909 (time=7.636), 1.52254 s/step
Meep progress: 7.648000000000001/9.0 = 85.0% done in 3029.4s, 535.5s to go
on time step 1912 (time=7.648), 1.52462 s/step
Meep progress: 7.66/9.0 = 85.1% done in 3033.9s, 530.7s to go
on time step 1915 (time=7.66), 1.5173 s/step
Meep progress: 7.672000000000001/9.0 = 85.2% done in 3038.5s, 526.0s to go
on time step 1918 (time=7.672), 1.52287 s/step
Meep progress: 7.684/9.0 = 85.4% done in 3043.1s, 521.2s to go
on time step 1921 (time=7.684), 1.5218 s/step
Meep progress: 7.696/9.0 = 85.5% done in 3047.7s, 516.4s to go
on time step 1924 (time=7.696), 1.52642 s/step
Meep progress: 7.708/9.0 = 85.6% done in 3052.2s, 511.6s to go
on time step 1927 (time=7.708), 1.51817 s/step
Meep progress: 7.72/9.0 = 85.8% done in 3056.8s, 506.8s to go
on time step 1930 (time=7.72), 1.5273 s/step
Meep progress: 7.732/9.0 = 85.9% done in 3061.4s, 502.0s to go
on time step 1933 (time=7.732), 1.52489 s/step
Meep progress: 7.744/9.0 = 86.0% done in 3066.0s, 497.3s to go
on time step 1936 (time=7.744), 1.52771 s/step
Meep progress: 7.756/9.0 = 86.2% done in 3070.5s, 492.5s to go
on time step 1939 (time=7.756), 1.51624 s/step
Meep progress: 7.768/9.0 = 86.3% done in 3075.1s, 487.7s to go
on time step 1942 (time=7.768), 1.52546 s/step
Meep progress: 7.78/9.0 = 86.4% done in 3079.7s, 482.9s to go
on time step 1945 (time=7.78), 1.52525 s/step
Meep progress: 7.792/9.0 = 86.6% done in 3084.2s, 478.2s to go
on time step 1948 (time=7.792), 1.52952 s/step
Meep progress: 7.804/9.0 = 86.7% done in 3088.8s, 473.4s to go
on time step 1951 (time=7.804), 1.5199 s/step
Meep progress: 7.816/9.0 = 86.8% done in 3093.4s, 468.6s to go
on time step 1954 (time=7.816), 1.52187 s/step
Meep progress: 7.828/9.0 = 87.0% done in 3097.9s, 463.8s to go
on time step 1957 (time=7.828), 1.52589 s/step
Meep progress: 7.84/9.0 = 87.1% done in 3102.5s, 459.0s to go
on time step 1960 (time=7.84), 1.52323 s/step
Meep progress: 7.852/9.0 = 87.2% done in 3107.1s, 454.3s to go
on time step 1963 (time=7.852), 1.51865 s/step
Meep progress: 7.864/9.0 = 87.4% done in 3111.6s, 449.5s to go
on time step 1966 (time=7.864), 1.52096 s/step
Meep progress: 7.876/9.0 = 87.5% done in 3116.2s, 444.7s to go
on time step 1969 (time=7.876), 1.5268 s/step
Meep progress: 7.888/9.0 = 87.6% done in 3120.8s, 439.9s to go
on time step 1972 (time=7.888), 1.52369 s/step
Meep progress: 7.9/9.0 = 87.8% done in 3125.4s, 435.2s to go
on time step 1975 (time=7.9), 1.52323 s/step
Meep progress: 7.912/9.0 = 87.9% done in 3129.9s, 430.4s to go
on time step 1978 (time=7.912), 1.52448 s/step
Meep progress: 7.924/9.0 = 88.0% done in 3134.5s, 425.6s to go
on time step 1981 (time=7.924), 1.52574 s/step
Meep progress: 7.936/9.0 = 88.2% done in 3139.1s, 420.9s to go
on time step 1984 (time=7.936), 1.52454 s/step
Meep progress: 7.948/9.0 = 88.3% done in 3143.6s, 416.1s to go
on time step 1987 (time=7.948), 1.52151 s/step
Meep progress: 7.96/9.0 = 88.4% done in 3148.2s, 411.3s to go
on time step 1990 (time=7.96), 1.52479 s/step
Meep progress: 7.972/9.0 = 88.6% done in 3152.8s, 406.6s to go
on time step 1993 (time=7.972), 1.52679 s/step
Meep progress: 7.984/9.0 = 88.7% done in 3157.4s, 401.8s to go
on time step 1996 (time=7.984), 1.52613 s/step
Meep progress: 7.996/9.0 = 88.8% done in 3161.9s, 397.0s to go
on time step 1999 (time=7.996), 1.51932 s/step
Meep progress: 8.008000000000001/9.0 = 89.0% done in 3166.5s, 392.3s to go
on time step 2002 (time=8.008), 1.51929 s/step
Meep progress: 8.02/9.0 = 89.1% done in 3171.1s, 387.5s to go
on time step 2005 (time=8.02), 1.5228 s/step
Meep progress: 8.032/9.0 = 89.2% done in 3175.6s, 382.7s to go
on time step 2008 (time=8.032), 1.52377 s/step
Meep progress: 8.044/9.0 = 89.4% done in 3180.2s, 378.0s to go
on time step 2011 (time=8.044), 1.52251 s/step
Meep progress: 8.056000000000001/9.0 = 89.5% done in 3184.8s, 373.2s to go
on time step 2014 (time=8.056), 1.53449 s/step
Meep progress: 8.068/9.0 = 89.6% done in 3189.4s, 368.4s to go
on time step 2017 (time=8.068), 1.52316 s/step
Meep progress: 8.08/9.0 = 89.8% done in 3194.0s, 363.7s to go
on time step 2020 (time=8.08), 1.53242 s/step
Meep progress: 8.092/9.0 = 89.9% done in 3198.5s, 358.9s to go
on time step 2023 (time=8.092), 1.51605 s/step
Meep progress: 8.104000000000001/9.0 = 90.0% done in 3203.1s, 354.1s to go
on time step 2026 (time=8.104), 1.52937 s/step
Meep progress: 8.116/9.0 = 90.2% done in 3207.7s, 349.4s to go
on time step 2029 (time=8.116), 1.52276 s/step
Meep progress: 8.128/9.0 = 90.3% done in 3212.3s, 344.6s to go
on time step 2032 (time=8.128), 1.52887 s/step
Meep progress: 8.14/9.0 = 90.4% done in 3216.8s, 339.9s to go
on time step 2035 (time=8.14), 1.51692 s/step
Meep progress: 8.152000000000001/9.0 = 90.6% done in 3221.4s, 335.1s to go
on time step 2038 (time=8.152), 1.52451 s/step
Meep progress: 8.164/9.0 = 90.7% done in 3226.0s, 330.3s to go
on time step 2041 (time=8.164), 1.52418 s/step
Meep progress: 8.176/9.0 = 90.8% done in 3230.5s, 325.6s to go
on time step 2044 (time=8.176), 1.52683 s/step
Meep progress: 8.188/9.0 = 91.0% done in 3235.1s, 320.8s to go
on time step 2047 (time=8.188), 1.5154 s/step
Meep progress: 8.2/9.0 = 91.1% done in 3239.7s, 316.1s to go
on time step 2050 (time=8.2), 1.52607 s/step
Meep progress: 8.212/9.0 = 91.2% done in 3244.2s, 311.3s to go
on time step 2053 (time=8.212), 1.52259 s/step
Meep progress: 8.224/9.0 = 91.4% done in 3248.8s, 306.6s to go
on time step 2056 (time=8.224), 1.53193 s/step
Meep progress: 8.236/9.0 = 91.5% done in 3253.4s, 301.8s to go
on time step 2059 (time=8.236), 1.51725 s/step
Meep progress: 8.248/9.0 = 91.6% done in 3258.0s, 297.0s to go
on time step 2062 (time=8.248), 1.52454 s/step
Meep progress: 8.26/9.0 = 91.8% done in 3262.5s, 292.3s to go
on time step 2065 (time=8.26), 1.52324 s/step
Meep progress: 8.272/9.0 = 91.9% done in 3267.1s, 287.5s to go
on time step 2068 (time=8.272), 1.5279 s/step
Meep progress: 8.284/9.0 = 92.0% done in 3271.7s, 282.8s to go
on time step 2071 (time=8.284), 1.51727 s/step
Meep progress: 8.296/9.0 = 92.2% done in 3276.3s, 278.0s to go
on time step 2074 (time=8.296), 1.52811 s/step
Meep progress: 8.308/9.0 = 92.3% done in 3280.8s, 273.3s to go
on time step 2077 (time=8.308), 1.52722 s/step
Meep progress: 8.32/9.0 = 92.4% done in 3285.4s, 268.5s to go
on time step 2080 (time=8.32), 1.5216 s/step
Meep progress: 8.332/9.0 = 92.6% done in 3290.0s, 263.8s to go
on time step 2083 (time=8.332), 1.52106 s/step
Meep progress: 8.344/9.0 = 92.7% done in 3294.5s, 259.0s to go
on time step 2086 (time=8.344), 1.52367 s/step
Meep progress: 8.356/9.0 = 92.8% done in 3299.1s, 254.3s to go
on time step 2089 (time=8.356), 1.52468 s/step
Meep progress: 8.368/9.0 = 93.0% done in 3303.7s, 249.5s to go
on time step 2092 (time=8.368), 1.52535 s/step
Meep progress: 8.38/9.0 = 93.1% done in 3308.3s, 244.8s to go
on time step 2095 (time=8.38), 1.5249 s/step
Meep progress: 8.392/9.0 = 93.2% done in 3312.8s, 240.0s to go
on time step 2098 (time=8.392), 1.52207 s/step
Meep progress: 8.404/9.0 = 93.4% done in 3317.4s, 235.3s to go
on time step 2101 (time=8.404), 1.5245 s/step
Meep progress: 8.416/9.0 = 93.5% done in 3322.0s, 230.5s to go
on time step 2104 (time=8.416), 1.52387 s/step
Meep progress: 8.428/9.0 = 93.6% done in 3326.5s, 225.8s to go
on time step 2107 (time=8.428), 1.5201 s/step
Meep progress: 8.44/9.0 = 93.8% done in 3331.1s, 221.0s to go
on time step 2110 (time=8.44), 1.52258 s/step
Meep progress: 8.452/9.0 = 93.9% done in 3335.7s, 216.3s to go
on time step 2113 (time=8.452), 1.52873 s/step
Meep progress: 8.464/9.0 = 94.0% done in 3340.3s, 211.5s to go
on time step 2116 (time=8.464), 1.52845 s/step
Meep progress: 8.476/9.0 = 94.2% done in 3344.8s, 206.8s to go
on time step 2119 (time=8.476), 1.52502 s/step
Meep progress: 8.488/9.0 = 94.3% done in 3349.4s, 202.0s to go
on time step 2122 (time=8.488), 1.51955 s/step
Meep progress: 8.5/9.0 = 94.4% done in 3354.0s, 197.3s to go
on time step 2125 (time=8.5), 1.52569 s/step
Meep progress: 8.512/9.0 = 94.6% done in 3358.5s, 192.5s to go
on time step 2128 (time=8.512), 1.52102 s/step
Meep progress: 8.524000000000001/9.0 = 94.7% done in 3363.1s, 187.8s to go
on time step 2131 (time=8.524), 1.51864 s/step
Meep progress: 8.536/9.0 = 94.8% done in 3367.7s, 183.1s to go
on time step 2134 (time=8.536), 1.52328 s/step
Meep progress: 8.548/9.0 = 95.0% done in 3372.3s, 178.3s to go
on time step 2137 (time=8.548), 1.5283 s/step
Meep progress: 8.56/9.0 = 95.1% done in 3376.8s, 173.6s to go
on time step 2140 (time=8.56), 1.52795 s/step
Meep progress: 8.572000000000001/9.0 = 95.2% done in 3381.4s, 168.8s to go
on time step 2143 (time=8.572), 1.51709 s/step
Meep progress: 8.584/9.0 = 95.4% done in 3386.0s, 164.1s to go
on time step 2146 (time=8.584), 1.53571 s/step
Meep progress: 8.596/9.0 = 95.5% done in 3390.6s, 159.4s to go
on time step 2149 (time=8.596), 1.52175 s/step
Meep progress: 8.608/9.0 = 95.6% done in 3395.1s, 154.6s to go
on time step 2152 (time=8.608), 1.52646 s/step
Meep progress: 8.620000000000001/9.0 = 95.8% done in 3399.7s, 149.9s to go
on time step 2155 (time=8.62), 1.51805 s/step
Meep progress: 8.632/9.0 = 95.9% done in 3404.3s, 145.1s to go
on time step 2158 (time=8.632), 1.52788 s/step
Meep progress: 8.644/9.0 = 96.0% done in 3408.8s, 140.4s to go
on time step 2161 (time=8.644), 1.52171 s/step
Meep progress: 8.656/9.0 = 96.2% done in 3413.4s, 135.7s to go
on time step 2164 (time=8.656), 1.52748 s/step
Meep progress: 8.668000000000001/9.0 = 96.3% done in 3418.0s, 130.9s to go
on time step 2167 (time=8.668), 1.51754 s/step
Meep progress: 8.68/9.0 = 96.4% done in 3422.6s, 126.2s to go
on time step 2170 (time=8.68), 1.52535 s/step
Meep progress: 8.692/9.0 = 96.6% done in 3427.1s, 121.4s to go
on time step 2173 (time=8.692), 1.52271 s/step
Meep progress: 8.704/9.0 = 96.7% done in 3431.7s, 116.7s to go
on time step 2176 (time=8.704), 1.53011 s/step
Meep progress: 8.716/9.0 = 96.8% done in 3436.3s, 112.0s to go
on time step 2179 (time=8.716), 1.517 s/step
Meep progress: 8.728/9.0 = 97.0% done in 3440.8s, 107.2s to go
on time step 2182 (time=8.728), 1.52731 s/step
Meep progress: 8.74/9.0 = 97.1% done in 3445.4s, 102.5s to go
on time step 2185 (time=8.74), 1.51998 s/step
Meep progress: 8.752/9.0 = 97.2% done in 3450.0s, 97.8s to go
on time step 2188 (time=8.752), 1.52435 s/step
Meep progress: 8.764/9.0 = 97.4% done in 3454.5s, 93.0s to go
on time step 2191 (time=8.764), 1.5176 s/step
Meep progress: 8.776/9.0 = 97.5% done in 3459.1s, 88.3s to go
on time step 2194 (time=8.776), 1.52596 s/step
Meep progress: 8.788/9.0 = 97.6% done in 3463.7s, 83.6s to go
on time step 2197 (time=8.788), 1.52548 s/step
Meep progress: 8.8/9.0 = 97.8% done in 3468.3s, 78.8s to go
on time step 2200 (time=8.8), 1.5294 s/step
Meep progress: 8.812/9.0 = 97.9% done in 3472.8s, 74.1s to go
on time step 2203 (time=8.812), 1.52214 s/step
Meep progress: 8.824/9.0 = 98.0% done in 3477.4s, 69.4s to go
on time step 2206 (time=8.824), 1.52127 s/step
Meep progress: 8.836/9.0 = 98.2% done in 3482.0s, 64.6s to go
on time step 2209 (time=8.836), 1.52204 s/step
Meep progress: 8.848/9.0 = 98.3% done in 3486.5s, 59.9s to go
on time step 2212 (time=8.848), 1.52413 s/step
Meep progress: 8.86/9.0 = 98.4% done in 3491.1s, 55.2s to go
on time step 2215 (time=8.86), 1.52281 s/step
Meep progress: 8.872/9.0 = 98.6% done in 3495.7s, 50.4s to go
on time step 2218 (time=8.872), 1.52238 s/step
Meep progress: 8.884/9.0 = 98.7% done in 3500.3s, 45.7s to go
on time step 2221 (time=8.884), 1.53447 s/step
Meep progress: 8.896/9.0 = 98.8% done in 3504.9s, 41.0s to go
on time step 2224 (time=8.896), 1.52337 s/step
Meep progress: 8.908/9.0 = 99.0% done in 3509.4s, 36.2s to go
on time step 2227 (time=8.908), 1.52164 s/step
Meep progress: 8.92/9.0 = 99.1% done in 3514.0s, 31.5s to go
on time step 2230 (time=8.92), 1.53516 s/step
Meep progress: 8.932/9.0 = 99.2% done in 3518.6s, 26.8s to go
on time step 2233 (time=8.932), 1.52715 s/step
Meep progress: 8.944/9.0 = 99.4% done in 3523.2s, 22.1s to go
on time step 2236 (time=8.944), 1.52522 s/step
Meep progress: 8.956/9.0 = 99.5% done in 3527.7s, 17.3s to go
on time step 2239 (time=8.956), 1.52059 s/step
Meep progress: 8.968/9.0 = 99.6% done in 3532.3s, 12.6s to go
on time step 2242 (time=8.968), 1.52354 s/step
Meep progress: 8.98/9.0 = 99.8% done in 3536.9s, 7.9s to go
on time step 2245 (time=8.98), 1.5256 s/step
Meep progress: 8.992/9.0 = 99.9% done in 3541.5s, 3.2s to go
on time step 2248 (time=8.992), 1.52051 s/step
run 0 finished at t = 9.0 (2250 timesteps)


**********


Flux: 3.5888248005734193
Saved Sim6e_Eps_A.png
Saved Sim6e_Ez_A.png
Saved Sim6e_Pwr0_A.png
Saved Sim6e_Pwr1_A.png
Saved Sim6e_Pwr2_A.png
Saved Sim6e_Ez_CS_A.png
Saved Sim6e_Pwr_CS_A.png


**********


Program finished.

Elapsed run time = 3678.4370 s
