Using MPI version 3.1, 14 processes
NON-ABSORBING RUN
File prefix: Sim6f
Duration: 9
Resolution: 125
Dimensions: 4.8 um, 5 um, 5.5 um
Wavelength: 1.55 um
Si thickness: 0.11 um
NbN thickness: 0.016 um
Si index: 3.65; SiO2 index: 1.444
Absorber dimensions: 3.1 um, 0.016 um, 0.1 um
Absorber n (base value): 4.44 (5.23), k: 2.91 (5.82)
Absorber compensation for thickness: 2
Flux length: 2.9999999999999996 um


**********


-----------
Initializing structure...
Halving computational cell along direction z
Splitting into 12 chunks evenly
time for choose_chunkdivision = 0.0753229 s
Working in 3D dimensions.
Computational cell is 4.8 x 5 x 5.504 with resolution 125
     block, center = (0,-1.75,0)
          size (1e+20,5,1e+20)
          axes (1,0,0), (0,1,0), (0,0,1)
          dielectric constant epsilon diagonal = (1.444,1.444,1.444)
     block, center = (0,0.805,0)
          size (1e+20,0.11,0.75)
          axes (1,0,0), (0,1,0), (0,0,1)
          dielectric constant epsilon diagonal = (3.65,3.65,3.65)
     block, center = (0.05,0.868,0.06)
          size (3.1,0.016,0.1)
          axes (1,0,0), (0,1,0), (0,0,1)
          dielectric constant epsilon diagonal = (4.44,4.44,4.44)
     block, center = (0.05,0.868,-0.06)
          size (3.1,0.016,0.1)
          axes (1,0,0), (0,1,0), (0,0,1)
          dielectric constant epsilon diagonal = (4.44,4.44,4.44)
time for set_epsilon = 5.955 s
time for set_conductivity = 0.605581 s
time for set_conductivity = 0.60344 s
time for set_conductivity = 0.600941 s
-----------
    iteration    8: trace = 0.4326296660179255 (0.597846% change)
    iteration   16: trace = 0.4300203215034459 (0.000150221% change)
    iteration   24: trace = 0.4300199452554503 (3.83874e-08% change)
MPB solved for omega_1(0.775268,0,0) = 0.655759 after 31 iters
    iteration    8: trace = 0.4162280458773554 (6.43117e-07% change)
    iteration   16: trace = 0.4162280446717166 (1.60387e-10% change)
MPB solved for omega_1(0.762395,0,0) = 0.645157 after 17 iters
MPB solved for omega_1(0.7624,0,0) = 0.645161 after 2 iters
creating output file "./main-eps-000000000.h5"...
creating output file "./main-ez_z0.h5"...
Meep progress: 0.0/9.0 = 0.0% done in 8.1s, 0.0s to go
Meep progress: 0.004/9.0 = 0.0% done in 100.8s, 226723.3s to go
on time step 1 (time=0.004), 92.6899 s/step
Meep progress: 0.016/9.0 = 0.2% done in 105.6s, 59270.7s to go
on time step 4 (time=0.016), 1.58223 s/step
Meep progress: 0.028/9.0 = 0.3% done in 110.2s, 35309.3s to go
on time step 7 (time=0.028), 1.54544 s/step
Meep progress: 0.04/9.0 = 0.4% done in 114.9s, 25730.3s to go
on time step 10 (time=0.04), 1.55799 s/step
Meep progress: 0.052000000000000005/9.0 = 0.6% done in 119.5s, 20564.8s to go
on time step 13 (time=0.052), 1.54704 s/step
Meep progress: 0.064/9.0 = 0.7% done in 124.2s, 17338.3s to go
on time step 16 (time=0.064), 1.55602 s/step
Meep progress: 0.076/9.0 = 0.8% done in 128.8s, 15125.4s to go
on time step 19 (time=0.076), 1.54539 s/step
Meep progress: 0.088/9.0 = 1.0% done in 133.5s, 13517.2s to go
on time step 22 (time=0.088), 1.55305 s/step
Meep progress: 0.1/9.0 = 1.1% done in 138.1s, 12292.5s to go
on time step 25 (time=0.1), 1.54824 s/step
Meep progress: 0.112/9.0 = 1.2% done in 142.8s, 11330.7s to go
on time step 28 (time=0.112), 1.55432 s/step
Meep progress: 0.124/9.0 = 1.4% done in 147.4s, 10552.3s to go
on time step 31 (time=0.124), 1.54575 s/step
Meep progress: 0.136/9.0 = 1.5% done in 152.1s, 9911.0s to go
on time step 34 (time=0.136), 1.54856 s/step
Meep progress: 0.148/9.0 = 1.6% done in 156.7s, 9373.5s to go
on time step 37 (time=0.148), 1.55156 s/step
Meep progress: 0.16/9.0 = 1.8% done in 161.4s, 8915.4s to go
on time step 40 (time=0.16), 1.54875 s/step
Meep progress: 0.17200000000000001/9.0 = 1.9% done in 166.0s, 8520.0s to go
on time step 43 (time=0.172), 1.54476 s/step
Meep progress: 0.184/9.0 = 2.0% done in 170.7s, 8176.5s to go
on time step 46 (time=0.184), 1.55121 s/step
Meep progress: 0.196/9.0 = 2.2% done in 175.3s, 7874.5s to go
on time step 49 (time=0.196), 1.55151 s/step
Meep progress: 0.20800000000000002/9.0 = 2.3% done in 180.0s, 7607.2s to go
on time step 52 (time=0.208), 1.55447 s/step
Meep progress: 0.22/9.0 = 2.4% done in 184.6s, 7367.6s to go
on time step 55 (time=0.22), 1.54565 s/step
Meep progress: 0.232/9.0 = 2.6% done in 189.3s, 7152.5s to go
on time step 58 (time=0.232), 1.54915 s/step
Meep progress: 0.244/9.0 = 2.7% done in 193.9s, 6958.7s to go
on time step 61 (time=0.244), 1.55329 s/step
Meep progress: 0.256/9.0 = 2.8% done in 198.6s, 6782.5s to go
on time step 64 (time=0.256), 1.5522 s/step
Meep progress: 0.268/9.0 = 3.0% done in 203.2s, 6620.7s to go
on time step 67 (time=0.268), 1.54254 s/step
Meep progress: 0.28/9.0 = 3.1% done in 207.9s, 6473.3s to go
on time step 70 (time=0.28), 1.55216 s/step
Meep progress: 0.292/9.0 = 3.2% done in 212.5s, 6337.0s to go
on time step 73 (time=0.292), 1.54632 s/step
Meep progress: 0.304/9.0 = 3.4% done in 217.2s, 6211.8s to go
on time step 76 (time=0.304), 1.5526 s/step
Meep progress: 0.316/9.0 = 3.5% done in 221.8s, 6095.1s to go
on time step 79 (time=0.316), 1.54591 s/step
Meep progress: 0.328/9.0 = 3.6% done in 226.5s, 5987.5s to go
on time step 82 (time=0.328), 1.55697 s/step
Meep progress: 0.34/9.0 = 3.8% done in 231.1s, 5886.4s to go
on time step 85 (time=0.34), 1.54695 s/step
Meep progress: 0.352/9.0 = 3.9% done in 235.8s, 5792.4s to go
on time step 88 (time=0.352), 1.55481 s/step
Meep progress: 0.364/9.0 = 4.0% done in 240.4s, 5703.7s to go
on time step 91 (time=0.364), 1.54606 s/step
Meep progress: 0.376/9.0 = 4.2% done in 245.1s, 5620.6s to go
on time step 94 (time=0.376), 1.5484 s/step
Meep progress: 0.388/9.0 = 4.3% done in 249.7s, 5542.6s to go
on time step 97 (time=0.388), 1.55407 s/step
Meep progress: 0.4/9.0 = 4.4% done in 254.4s, 5468.9s to go
on time step 100 (time=0.4), 1.55011 s/step
Meep progress: 0.41200000000000003/9.0 = 4.6% done in 259.0s, 5399.1s to go
on time step 103 (time=0.412), 1.54988 s/step
Meep progress: 0.424/9.0 = 4.7% done in 263.7s, 5332.9s to go
on time step 106 (time=0.424), 1.54797 s/step
Meep progress: 0.436/9.0 = 4.8% done in 268.3s, 5270.3s to go
on time step 109 (time=0.436), 1.55216 s/step
Meep progress: 0.448/9.0 = 5.0% done in 273.0s, 5212.0s to go
on time step 112 (time=0.448), 1.57171 s/step
Meep progress: 0.46/9.0 = 5.1% done in 277.7s, 5155.3s to go
on time step 115 (time=0.46), 1.55242 s/step
Meep progress: 0.47200000000000003/9.0 = 5.2% done in 282.4s, 5101.4s to go
on time step 118 (time=0.472), 1.55449 s/step
Meep progress: 0.484/9.0 = 5.4% done in 287.0s, 5049.7s to go
on time step 121 (time=0.484), 1.54854 s/step
Meep progress: 0.496/9.0 = 5.5% done in 291.7s, 5000.5s to go
on time step 124 (time=0.496), 1.55308 s/step
Meep progress: 0.508/9.0 = 5.6% done in 296.3s, 4952.9s to go
on time step 127 (time=0.508), 1.54416 s/step
Meep progress: 0.52/9.0 = 5.8% done in 300.9s, 4907.7s to go
on time step 130 (time=0.52), 1.55068 s/step
Meep progress: 0.532/9.0 = 5.9% done in 305.6s, 4864.3s to go
on time step 133 (time=0.532), 1.55142 s/step
Meep progress: 0.544/9.0 = 6.0% done in 310.3s, 4822.9s to go
on time step 136 (time=0.544), 1.55755 s/step
Meep progress: 0.556/9.0 = 6.2% done in 314.9s, 4782.6s to go
on time step 139 (time=0.556), 1.54833 s/step
Meep progress: 0.5680000000000001/9.0 = 6.3% done in 319.6s, 4744.1s to go
on time step 142 (time=0.568), 1.55312 s/step
Meep progress: 0.58/9.0 = 6.4% done in 324.2s, 4706.8s to go
on time step 145 (time=0.58), 1.54873 s/step
Meep progress: 0.592/9.0 = 6.6% done in 328.9s, 4671.1s to go
on time step 148 (time=0.592), 1.55623 s/step
Meep progress: 0.604/9.0 = 6.7% done in 333.5s, 4636.2s to go
on time step 151 (time=0.604), 1.54418 s/step
Meep progress: 0.616/9.0 = 6.8% done in 338.2s, 4602.7s to go
on time step 154 (time=0.616), 1.5521 s/step
Meep progress: 0.628/9.0 = 7.0% done in 342.8s, 4570.3s to go
on time step 157 (time=0.628), 1.55109 s/step
Meep progress: 0.64/9.0 = 7.1% done in 347.5s, 4539.0s to go
on time step 160 (time=0.64), 1.54998 s/step
Meep progress: 0.652/9.0 = 7.2% done in 352.1s, 4508.5s to go
on time step 163 (time=0.652), 1.54757 s/step
Meep progress: 0.664/9.0 = 7.4% done in 356.8s, 4479.1s to go
on time step 166 (time=0.664), 1.55266 s/step
Meep progress: 0.676/9.0 = 7.5% done in 361.4s, 4450.6s to go
on time step 169 (time=0.676), 1.55182 s/step
Meep progress: 0.6880000000000001/9.0 = 7.6% done in 366.1s, 4422.9s to go
on time step 172 (time=0.688), 1.55269 s/step
Meep progress: 0.7000000000000001/9.0 = 7.8% done in 370.7s, 4396.0s to go
on time step 175 (time=0.7), 1.54941 s/step
Meep progress: 0.712/9.0 = 7.9% done in 375.4s, 4369.9s to go
on time step 178 (time=0.712), 1.55382 s/step
Meep progress: 0.724/9.0 = 8.0% done in 380.1s, 4344.4s to go
on time step 181 (time=0.724), 1.54872 s/step
Meep progress: 0.736/9.0 = 8.2% done in 384.7s, 4319.8s to go
on time step 184 (time=0.736), 1.55777 s/step
Meep progress: 0.748/9.0 = 8.3% done in 389.4s, 4295.5s to go
on time step 187 (time=0.748), 1.54563 s/step
Meep progress: 0.76/9.0 = 8.4% done in 394.0s, 4271.9s to go
on time step 190 (time=0.76), 1.55033 s/step
Meep progress: 0.772/9.0 = 8.6% done in 398.7s, 4249.0s to go
on time step 193 (time=0.772), 1.55009 s/step
Meep progress: 0.784/9.0 = 8.7% done in 403.3s, 4226.7s to go
on time step 196 (time=0.784), 1.55548 s/step
Meep progress: 0.796/9.0 = 8.8% done in 408.0s, 4204.8s to go
on time step 199 (time=0.796), 1.54786 s/step
Meep progress: 0.808/9.0 = 9.0% done in 412.6s, 4183.6s to go
on time step 202 (time=0.808), 1.55337 s/step
Meep progress: 0.8200000000000001/9.0 = 9.1% done in 417.3s, 4162.8s to go
on time step 205 (time=0.82), 1.55353 s/step
Meep progress: 0.8320000000000001/9.0 = 9.2% done in 422.0s, 4142.5s to go
on time step 208 (time=0.832), 1.55496 s/step
Meep progress: 0.844/9.0 = 9.4% done in 426.6s, 4122.6s to go
on time step 211 (time=0.844), 1.55117 s/step
Meep progress: 0.856/9.0 = 9.5% done in 431.3s, 4103.1s to go
on time step 214 (time=0.856), 1.55114 s/step
Meep progress: 0.868/9.0 = 9.6% done in 435.9s, 4084.1s to go
on time step 217 (time=0.868), 1.55385 s/step
Meep progress: 0.88/9.0 = 9.8% done in 440.6s, 4065.4s to go
on time step 220 (time=0.88), 1.55216 s/step
Meep progress: 0.892/9.0 = 9.9% done in 445.2s, 4047.0s to go
on time step 223 (time=0.892), 1.5482 s/step
Meep progress: 0.904/9.0 = 10.0% done in 449.9s, 4029.0s to go
on time step 226 (time=0.904), 1.54762 s/step
Meep progress: 0.916/9.0 = 10.2% done in 454.5s, 4011.4s to go
on time step 229 (time=0.916), 1.55207 s/step
Meep progress: 0.928/9.0 = 10.3% done in 459.2s, 3994.1s to go
on time step 232 (time=0.928), 1.55094 s/step
Meep progress: 0.9400000000000001/9.0 = 10.4% done in 463.8s, 3977.1s to go
on time step 235 (time=0.94), 1.55017 s/step
Meep progress: 0.9520000000000001/9.0 = 10.6% done in 468.5s, 3960.5s to go
on time step 238 (time=0.952), 1.55071 s/step
Meep progress: 0.964/9.0 = 10.7% done in 473.1s, 3944.1s to go
on time step 241 (time=0.964), 1.5483 s/step
Meep progress: 0.976/9.0 = 10.8% done in 477.8s, 3928.2s to go
on time step 244 (time=0.976), 1.55837 s/step
Meep progress: 0.988/9.0 = 11.0% done in 482.4s, 3912.2s to go
on time step 247 (time=0.988), 1.54348 s/step
Meep progress: 1.0/9.0 = 11.1% done in 487.1s, 3896.9s to go
on time step 250 (time=1), 1.55892 s/step
Meep progress: 1.012/9.0 = 11.2% done in 491.8s, 3881.7s to go
on time step 253 (time=1.012), 1.55158 s/step
Meep progress: 1.024/9.0 = 11.4% done in 496.5s, 3866.9s to go
on time step 256 (time=1.024), 1.56042 s/step
Meep progress: 1.036/9.0 = 11.5% done in 501.1s, 3852.0s to go
on time step 259 (time=1.036), 1.54413 s/step
Meep progress: 1.048/9.0 = 11.6% done in 505.7s, 3837.4s to go
on time step 262 (time=1.048), 1.55221 s/step
Meep progress: 1.06/9.0 = 11.8% done in 510.5s, 3823.6s to go
on time step 265 (time=1.06), 1.57089 s/step
Meep progress: 1.072/9.0 = 11.9% done in 515.2s, 3810.1s to go
on time step 268 (time=1.072), 1.58015 s/step
Meep progress: 1.084/9.0 = 12.0% done in 519.9s, 3796.8s to go
on time step 271 (time=1.084), 1.57685 s/step
Meep progress: 1.096/9.0 = 12.2% done in 524.6s, 3783.3s to go
on time step 274 (time=1.096), 1.5618 s/step
Meep progress: 1.108/9.0 = 12.3% done in 529.3s, 3769.9s to go
on time step 277 (time=1.108), 1.55569 s/step
Meep progress: 1.12/9.0 = 12.4% done in 533.9s, 3756.6s to go
on time step 280 (time=1.12), 1.55326 s/step
Meep progress: 1.1320000000000001/9.0 = 12.6% done in 538.6s, 3743.4s to go
on time step 283 (time=1.132), 1.5481 s/step
Meep progress: 1.1440000000000001/9.0 = 12.7% done in 543.2s, 3730.5s to go
on time step 286 (time=1.144), 1.5527 s/step
Meep progress: 1.156/9.0 = 12.8% done in 547.9s, 3717.8s to go
on time step 289 (time=1.156), 1.55499 s/step
Meep progress: 1.168/9.0 = 13.0% done in 552.6s, 3705.2s to go
on time step 292 (time=1.168), 1.55476 s/step
Meep progress: 1.18/9.0 = 13.1% done in 557.2s, 3692.7s to go
on time step 295 (time=1.18), 1.54719 s/step
Meep progress: 1.192/9.0 = 13.2% done in 561.9s, 3680.5s to go
on time step 298 (time=1.192), 1.55785 s/step
Meep progress: 1.204/9.0 = 13.4% done in 566.5s, 3668.4s to go
on time step 301 (time=1.204), 1.5532 s/step
Meep progress: 1.216/9.0 = 13.5% done in 571.3s, 3657.0s to go
on time step 304 (time=1.216), 1.58232 s/step
Meep progress: 1.228/9.0 = 13.6% done in 575.9s, 3645.2s to go
on time step 307 (time=1.228), 1.55175 s/step
Meep progress: 1.24/9.0 = 13.8% done in 580.6s, 3633.5s to go
on time step 310 (time=1.24), 1.55568 s/step
Meep progress: 1.252/9.0 = 13.9% done in 585.3s, 3622.1s to go
on time step 313 (time=1.252), 1.56052 s/step
Meep progress: 1.264/9.0 = 14.0% done in 590.0s, 3610.7s to go
on time step 316 (time=1.264), 1.55562 s/step
Meep progress: 1.276/9.0 = 14.2% done in 594.6s, 3599.3s to go
on time step 319 (time=1.276), 1.54625 s/step
Meep progress: 1.288/9.0 = 14.3% done in 599.3s, 3588.2s to go
on time step 322 (time=1.288), 1.55491 s/step
Meep progress: 1.3/9.0 = 14.4% done in 603.9s, 3577.2s to go
on time step 325 (time=1.3), 1.5558 s/step
Meep progress: 1.312/9.0 = 14.6% done in 608.6s, 3566.2s to go
on time step 328 (time=1.312), 1.55136 s/step
Meep progress: 1.324/9.0 = 14.7% done in 613.2s, 3555.3s to go
on time step 331 (time=1.324), 1.54789 s/step
Meep progress: 1.336/9.0 = 14.8% done in 617.9s, 3544.5s to go
on time step 334 (time=1.336), 1.55011 s/step
Meep progress: 1.348/9.0 = 15.0% done in 622.6s, 3534.0s to go
on time step 337 (time=1.348), 1.55773 s/step
Meep progress: 1.36/9.0 = 15.1% done in 627.2s, 3523.5s to go
on time step 340 (time=1.36), 1.55206 s/step
Meep progress: 1.372/9.0 = 15.2% done in 631.9s, 3513.1s to go
on time step 343 (time=1.372), 1.55228 s/step
Meep progress: 1.3840000000000001/9.0 = 15.4% done in 636.5s, 3502.7s to go
on time step 346 (time=1.384), 1.55231 s/step
Meep progress: 1.3960000000000001/9.0 = 15.5% done in 641.2s, 3492.5s to go
on time step 349 (time=1.396), 1.55186 s/step
Meep progress: 1.408/9.0 = 15.6% done in 645.8s, 3482.4s to go
on time step 352 (time=1.408), 1.55521 s/step
Meep progress: 1.42/9.0 = 15.8% done in 650.5s, 3472.3s to go
on time step 355 (time=1.42), 1.54303 s/step
Meep progress: 1.432/9.0 = 15.9% done in 655.1s, 3462.3s to go
on time step 358 (time=1.432), 1.55225 s/step
Meep progress: 1.444/9.0 = 16.0% done in 659.8s, 3452.5s to go
on time step 361 (time=1.444), 1.5516 s/step
Meep progress: 1.456/9.0 = 16.2% done in 664.5s, 3442.8s to go
on time step 364 (time=1.456), 1.5604 s/step
Meep progress: 1.468/9.0 = 16.3% done in 669.1s, 3433.1s to go
on time step 367 (time=1.468), 1.54587 s/step
Meep progress: 1.48/9.0 = 16.4% done in 673.8s, 3423.5s to go
on time step 370 (time=1.48), 1.55265 s/step
Meep progress: 1.492/9.0 = 16.6% done in 678.4s, 3414.0s to go
on time step 373 (time=1.492), 1.55492 s/step
Meep progress: 1.504/9.0 = 16.7% done in 683.1s, 3404.5s to go
on time step 376 (time=1.504), 1.55098 s/step
Meep progress: 1.516/9.0 = 16.8% done in 687.7s, 3395.1s to go
on time step 379 (time=1.516), 1.55039 s/step
Meep progress: 1.528/9.0 = 17.0% done in 692.4s, 3385.8s to go
on time step 382 (time=1.528), 1.55112 s/step
Meep progress: 1.54/9.0 = 17.1% done in 697.0s, 3376.6s to go
on time step 385 (time=1.54), 1.55128 s/step
Meep progress: 1.552/9.0 = 17.2% done in 701.7s, 3367.4s to go
on time step 388 (time=1.552), 1.55211 s/step
Meep progress: 1.564/9.0 = 17.4% done in 706.4s, 3358.3s to go
on time step 391 (time=1.564), 1.55114 s/step
Meep progress: 1.576/9.0 = 17.5% done in 711.0s, 3349.3s to go
on time step 394 (time=1.576), 1.54916 s/step
Meep progress: 1.588/9.0 = 17.6% done in 715.7s, 3340.3s to go
on time step 397 (time=1.588), 1.55233 s/step
Meep progress: 1.6/9.0 = 17.8% done in 720.3s, 3331.5s to go
on time step 400 (time=1.6), 1.55414 s/step
Meep progress: 1.612/9.0 = 17.9% done in 725.0s, 3322.7s to go
on time step 403 (time=1.612), 1.55191 s/step
Meep progress: 1.624/9.0 = 18.0% done in 729.6s, 3313.9s to go
on time step 406 (time=1.624), 1.55353 s/step
Meep progress: 1.6360000000000001/9.0 = 18.2% done in 734.3s, 3305.2s to go
on time step 409 (time=1.636), 1.55221 s/step
Meep progress: 1.6480000000000001/9.0 = 18.3% done in 739.0s, 3296.6s to go
on time step 412 (time=1.648), 1.55514 s/step
Meep progress: 1.6600000000000001/9.0 = 18.4% done in 743.6s, 3288.0s to go
on time step 415 (time=1.66), 1.54546 s/step
Meep progress: 1.672/9.0 = 18.6% done in 748.3s, 3279.5s to go
on time step 418 (time=1.672), 1.55431 s/step
Meep progress: 1.684/9.0 = 18.7% done in 752.9s, 3271.0s to go
on time step 421 (time=1.684), 1.55262 s/step
Meep progress: 1.696/9.0 = 18.8% done in 757.6s, 3262.6s to go
on time step 424 (time=1.696), 1.55322 s/step
Meep progress: 1.708/9.0 = 19.0% done in 762.2s, 3254.2s to go
on time step 427 (time=1.708), 1.54708 s/step
Meep progress: 1.72/9.0 = 19.1% done in 766.9s, 3245.9s to go
on time step 430 (time=1.72), 1.5559 s/step
Meep progress: 1.732/9.0 = 19.2% done in 771.5s, 3237.6s to go
on time step 433 (time=1.732), 1.55217 s/step
Meep progress: 1.744/9.0 = 19.4% done in 776.2s, 3229.4s to go
on time step 436 (time=1.744), 1.55247 s/step
Meep progress: 1.756/9.0 = 19.5% done in 780.9s, 3221.3s to go
on time step 439 (time=1.756), 1.55155 s/step
Meep progress: 1.768/9.0 = 19.6% done in 785.5s, 3213.1s to go
on time step 442 (time=1.768), 1.55162 s/step
Meep progress: 1.78/9.0 = 19.8% done in 790.2s, 3205.1s to go
on time step 445 (time=1.78), 1.55482 s/step
Meep progress: 1.792/9.0 = 19.9% done in 794.8s, 3197.1s to go
on time step 448 (time=1.792), 1.5537 s/step
Meep progress: 1.804/9.0 = 20.0% done in 799.5s, 3189.1s to go
on time step 451 (time=1.804), 1.5551 s/step
Meep progress: 1.816/9.0 = 20.2% done in 804.2s, 3181.2s to go
on time step 454 (time=1.816), 1.55018 s/step
Meep progress: 1.828/9.0 = 20.3% done in 808.8s, 3173.3s to go
on time step 457 (time=1.828), 1.55384 s/step
Meep progress: 1.84/9.0 = 20.4% done in 813.5s, 3165.5s to go
on time step 460 (time=1.84), 1.55445 s/step
Meep progress: 1.852/9.0 = 20.6% done in 818.1s, 3157.6s to go
on time step 463 (time=1.852), 1.54739 s/step
Meep progress: 1.864/9.0 = 20.7% done in 822.8s, 3149.9s to go
on time step 466 (time=1.864), 1.55505 s/step
Meep progress: 1.8760000000000001/9.0 = 20.8% done in 827.4s, 3142.1s to go
on time step 469 (time=1.876), 1.54855 s/step
Meep progress: 1.8880000000000001/9.0 = 21.0% done in 832.1s, 3134.5s to go
on time step 472 (time=1.888), 1.5544 s/step
Meep progress: 1.9000000000000001/9.0 = 21.1% done in 836.7s, 3126.7s to go
on time step 475 (time=1.9), 1.54691 s/step
Meep progress: 1.9120000000000001/9.0 = 21.2% done in 841.4s, 3119.3s to go
on time step 478 (time=1.912), 1.56516 s/step
Meep progress: 1.924/9.0 = 21.4% done in 846.1s, 3111.7s to go
on time step 481 (time=1.924), 1.5533 s/step
Meep progress: 1.936/9.0 = 21.5% done in 850.8s, 3104.3s to go
on time step 484 (time=1.936), 1.55907 s/step
Meep progress: 1.948/9.0 = 21.6% done in 855.4s, 3096.8s to go
on time step 487 (time=1.948), 1.55589 s/step
Meep progress: 1.96/9.0 = 21.8% done in 860.1s, 3089.3s to go
on time step 490 (time=1.96), 1.55419 s/step
Meep progress: 1.972/9.0 = 21.9% done in 864.8s, 3081.9s to go
on time step 493 (time=1.972), 1.55563 s/step
Meep progress: 1.984/9.0 = 22.0% done in 869.4s, 3074.5s to go
on time step 496 (time=1.984), 1.55188 s/step
Meep progress: 1.996/9.0 = 22.2% done in 874.1s, 3067.1s to go
on time step 499 (time=1.996), 1.54954 s/step
Meep progress: 2.008/9.0 = 22.3% done in 878.7s, 3059.8s to go
on time step 502 (time=2.008), 1.55306 s/step
Meep progress: 2.02/9.0 = 22.4% done in 883.4s, 3052.6s to go
on time step 505 (time=2.02), 1.55776 s/step
Meep progress: 2.032/9.0 = 22.6% done in 888.1s, 3045.2s to go
on time step 508 (time=2.032), 1.54953 s/step
Meep progress: 2.044/9.0 = 22.7% done in 892.7s, 3038.0s to go
on time step 511 (time=2.044), 1.55459 s/step
Meep progress: 2.056/9.0 = 22.8% done in 897.4s, 3030.9s to go
on time step 514 (time=2.056), 1.55602 s/step
Meep progress: 2.068/9.0 = 23.0% done in 902.0s, 3023.6s to go
on time step 517 (time=2.068), 1.55012 s/step
Meep progress: 2.08/9.0 = 23.1% done in 906.7s, 3016.6s to go
on time step 520 (time=2.08), 1.55857 s/step
Meep progress: 2.092/9.0 = 23.2% done in 911.3s, 3009.4s to go
on time step 523 (time=2.092), 1.54562 s/step
Meep progress: 2.104/9.0 = 23.4% done in 916.0s, 3002.3s to go
on time step 526 (time=2.104), 1.55531 s/step
Meep progress: 2.116/9.0 = 23.5% done in 920.7s, 2995.2s to go
on time step 529 (time=2.116), 1.55087 s/step
Meep progress: 2.128/9.0 = 23.6% done in 925.3s, 2988.2s to go
on time step 532 (time=2.128), 1.55804 s/step
Meep progress: 2.14/9.0 = 23.8% done in 930.0s, 2981.2s to go
on time step 535 (time=2.14), 1.55039 s/step
Meep progress: 2.152/9.0 = 23.9% done in 934.6s, 2974.2s to go
on time step 538 (time=2.152), 1.55127 s/step
Meep progress: 2.164/9.0 = 24.0% done in 939.3s, 2967.2s to go
on time step 541 (time=2.164), 1.55489 s/step
Meep progress: 2.176/9.0 = 24.2% done in 944.0s, 2960.3s to go
on time step 544 (time=2.176), 1.55494 s/step
Meep progress: 2.188/9.0 = 24.3% done in 948.6s, 2953.4s to go
on time step 547 (time=2.188), 1.54792 s/step
Meep progress: 2.2/9.0 = 24.4% done in 953.3s, 2946.5s to go
on time step 550 (time=2.2), 1.55224 s/step
Meep progress: 2.212/9.0 = 24.6% done in 957.9s, 2939.7s to go
on time step 553 (time=2.212), 1.55516 s/step
Meep progress: 2.224/9.0 = 24.7% done in 962.6s, 2932.8s to go
on time step 556 (time=2.224), 1.55366 s/step
Meep progress: 2.236/9.0 = 24.8% done in 967.3s, 2926.0s to go
on time step 559 (time=2.236), 1.55285 s/step
Meep progress: 2.248/9.0 = 25.0% done in 971.9s, 2919.2s to go
on time step 562 (time=2.248), 1.55295 s/step
Meep progress: 2.2600000000000002/9.0 = 25.1% done in 976.6s, 2912.4s to go
on time step 565 (time=2.26), 1.55227 s/step
Meep progress: 2.2720000000000002/9.0 = 25.2% done in 981.2s, 2905.7s to go
on time step 568 (time=2.272), 1.55255 s/step
Meep progress: 2.2840000000000003/9.0 = 25.4% done in 985.9s, 2899.0s to go
on time step 571 (time=2.284), 1.55135 s/step
Meep progress: 2.2960000000000003/9.0 = 25.5% done in 990.5s, 2892.3s to go
on time step 574 (time=2.296), 1.55234 s/step
Meep progress: 2.308/9.0 = 25.6% done in 995.2s, 2885.6s to go
on time step 577 (time=2.308), 1.55226 s/step
Meep progress: 2.32/9.0 = 25.8% done in 999.9s, 2879.0s to go
on time step 580 (time=2.32), 1.55826 s/step
Meep progress: 2.332/9.0 = 25.9% done in 1004.5s, 2872.2s to go
on time step 583 (time=2.332), 1.54396 s/step
Meep progress: 2.344/9.0 = 26.0% done in 1009.2s, 2865.6s to go
on time step 586 (time=2.344), 1.55476 s/step
Meep progress: 2.356/9.0 = 26.2% done in 1013.8s, 2859.0s to go
on time step 589 (time=2.356), 1.55174 s/step
Meep progress: 2.368/9.0 = 26.3% done in 1018.5s, 2852.5s to go
on time step 592 (time=2.368), 1.55658 s/step
Meep progress: 2.38/9.0 = 26.4% done in 1023.1s, 2845.9s to go
on time step 595 (time=2.38), 1.54634 s/step
Meep progress: 2.392/9.0 = 26.6% done in 1027.8s, 2839.3s to go
on time step 598 (time=2.392), 1.55447 s/step
Meep progress: 2.404/9.0 = 26.7% done in 1032.5s, 2832.8s to go
on time step 601 (time=2.404), 1.55446 s/step
Meep progress: 2.416/9.0 = 26.8% done in 1037.1s, 2826.3s to go
on time step 604 (time=2.416), 1.55185 s/step
Meep progress: 2.428/9.0 = 27.0% done in 1041.8s, 2819.8s to go
on time step 607 (time=2.428), 1.55317 s/step
Meep progress: 2.44/9.0 = 27.1% done in 1046.4s, 2813.4s to go
on time step 610 (time=2.44), 1.54954 s/step
Meep progress: 2.452/9.0 = 27.2% done in 1051.1s, 2806.9s to go
on time step 613 (time=2.452), 1.55192 s/step
Meep progress: 2.464/9.0 = 27.4% done in 1055.7s, 2800.5s to go
on time step 616 (time=2.464), 1.55276 s/step
Meep progress: 2.476/9.0 = 27.5% done in 1060.4s, 2794.1s to go
on time step 619 (time=2.476), 1.55396 s/step
Meep progress: 2.488/9.0 = 27.6% done in 1065.1s, 2787.6s to go
on time step 622 (time=2.488), 1.5509 s/step
Meep progress: 2.5/9.0 = 27.8% done in 1069.7s, 2781.3s to go
on time step 625 (time=2.5), 1.55385 s/step
Meep progress: 2.512/9.0 = 27.9% done in 1074.4s, 2774.9s to go
on time step 628 (time=2.512), 1.55623 s/step
Meep progress: 2.524/9.0 = 28.0% done in 1079.0s, 2768.5s to go
on time step 631 (time=2.524), 1.54582 s/step
Meep progress: 2.536/9.0 = 28.2% done in 1083.7s, 2762.2s to go
on time step 634 (time=2.536), 1.55433 s/step
Meep progress: 2.548/9.0 = 28.3% done in 1088.3s, 2755.9s to go
on time step 637 (time=2.548), 1.55131 s/step
Meep progress: 2.56/9.0 = 28.4% done in 1093.0s, 2749.6s to go
on time step 640 (time=2.56), 1.55382 s/step
Meep progress: 2.572/9.0 = 28.6% done in 1097.7s, 2743.3s to go
on time step 643 (time=2.572), 1.55027 s/step
Meep progress: 2.584/9.0 = 28.7% done in 1102.3s, 2737.0s to go
on time step 646 (time=2.584), 1.55477 s/step
Meep progress: 2.596/9.0 = 28.8% done in 1107.0s, 2730.8s to go
on time step 649 (time=2.596), 1.55308 s/step
Meep progress: 2.608/9.0 = 29.0% done in 1111.6s, 2724.6s to go
on time step 652 (time=2.608), 1.5548 s/step
Meep progress: 2.62/9.0 = 29.1% done in 1116.3s, 2718.3s to go
on time step 655 (time=2.62), 1.54777 s/step
Meep progress: 2.632/9.0 = 29.2% done in 1121.0s, 2712.1s to go
on time step 658 (time=2.632), 1.55495 s/step
Meep progress: 2.644/9.0 = 29.4% done in 1125.6s, 2705.9s to go
on time step 661 (time=2.644), 1.55235 s/step
Meep progress: 2.656/9.0 = 29.5% done in 1130.3s, 2699.7s to go
on time step 664 (time=2.656), 1.55662 s/step
Meep progress: 2.668/9.0 = 29.6% done in 1134.9s, 2693.5s to go
on time step 667 (time=2.668), 1.54789 s/step
Meep progress: 2.68/9.0 = 29.8% done in 1139.6s, 2687.4s to go
on time step 670 (time=2.68), 1.55098 s/step
Meep progress: 2.692/9.0 = 29.9% done in 1144.3s, 2681.3s to go
on time step 673 (time=2.692), 1.55754 s/step
Meep progress: 2.704/9.0 = 30.0% done in 1148.9s, 2675.1s to go
on time step 676 (time=2.704), 1.55632 s/step
Meep progress: 2.716/9.0 = 30.2% done in 1153.6s, 2669.0s to go
on time step 679 (time=2.716), 1.54837 s/step
Meep progress: 2.728/9.0 = 30.3% done in 1158.2s, 2662.9s to go
on time step 682 (time=2.728), 1.55605 s/step
Meep progress: 2.74/9.0 = 30.4% done in 1162.9s, 2656.8s to go
on time step 685 (time=2.74), 1.5561 s/step
Meep progress: 2.7520000000000002/9.0 = 30.6% done in 1167.6s, 2650.8s to go
on time step 688 (time=2.752), 1.55353 s/step
Meep progress: 2.7640000000000002/9.0 = 30.7% done in 1172.2s, 2644.8s to go
on time step 691 (time=2.764), 1.56211 s/step
Meep progress: 2.7760000000000002/9.0 = 30.8% done in 1176.9s, 2638.7s to go
on time step 694 (time=2.776), 1.55272 s/step
Meep progress: 2.7880000000000003/9.0 = 31.0% done in 1181.6s, 2632.7s to go
on time step 697 (time=2.788), 1.55002 s/step
Meep progress: 2.8000000000000003/9.0 = 31.1% done in 1186.2s, 2626.6s to go
on time step 700 (time=2.8), 1.55665 s/step
Meep progress: 2.8120000000000003/9.0 = 31.2% done in 1190.9s, 2620.6s to go
on time step 703 (time=2.812), 1.5479 s/step
Meep progress: 2.824/9.0 = 31.4% done in 1195.5s, 2614.6s to go
on time step 706 (time=2.824), 1.55894 s/step
Meep progress: 2.836/9.0 = 31.5% done in 1200.2s, 2608.6s to go
on time step 709 (time=2.836), 1.55409 s/step
Meep progress: 2.848/9.0 = 31.6% done in 1204.9s, 2602.7s to go
on time step 712 (time=2.848), 1.56054 s/step
Meep progress: 2.86/9.0 = 31.8% done in 1209.5s, 2596.7s to go
on time step 715 (time=2.86), 1.54662 s/step
Meep progress: 2.872/9.0 = 31.9% done in 1214.2s, 2590.7s to go
on time step 718 (time=2.872), 1.55155 s/step
Meep progress: 2.884/9.0 = 32.0% done in 1218.9s, 2584.8s to go
on time step 721 (time=2.884), 1.55556 s/step
Meep progress: 2.896/9.0 = 32.2% done in 1223.5s, 2578.8s to go
on time step 724 (time=2.896), 1.55068 s/step
Meep progress: 2.908/9.0 = 32.3% done in 1228.2s, 2572.9s to go
on time step 727 (time=2.908), 1.54813 s/step
Meep progress: 2.92/9.0 = 32.4% done in 1232.8s, 2566.9s to go
on time step 730 (time=2.92), 1.54996 s/step
Meep progress: 2.932/9.0 = 32.6% done in 1237.5s, 2561.0s to go
on time step 733 (time=2.932), 1.55559 s/step
Meep progress: 2.944/9.0 = 32.7% done in 1242.1s, 2555.1s to go
on time step 736 (time=2.944), 1.55113 s/step
Meep progress: 2.956/9.0 = 32.8% done in 1246.8s, 2549.2s to go
on time step 739 (time=2.956), 1.54954 s/step
Meep progress: 2.968/9.0 = 33.0% done in 1251.4s, 2543.3s to go
on time step 742 (time=2.968), 1.55303 s/step
Meep progress: 2.98/9.0 = 33.1% done in 1256.1s, 2537.5s to go
on time step 745 (time=2.98), 1.5519 s/step
Meep progress: 2.992/9.0 = 33.2% done in 1260.8s, 2531.6s to go
on time step 748 (time=2.992), 1.55597 s/step
Meep progress: 3.004/9.0 = 33.4% done in 1265.4s, 2525.7s to go
on time step 751 (time=3.004), 1.54844 s/step
Meep progress: 3.016/9.0 = 33.5% done in 1270.1s, 2519.9s to go
on time step 754 (time=3.016), 1.55431 s/step
Meep progress: 3.028/9.0 = 33.6% done in 1274.7s, 2514.1s to go
on time step 757 (time=3.028), 1.55212 s/step
Meep progress: 3.04/9.0 = 33.8% done in 1279.4s, 2508.3s to go
on time step 760 (time=3.04), 1.55666 s/step
Meep progress: 3.052/9.0 = 33.9% done in 1284.0s, 2502.4s to go
on time step 763 (time=3.052), 1.54608 s/step
Meep progress: 3.064/9.0 = 34.0% done in 1288.7s, 2496.6s to go
on time step 766 (time=3.064), 1.55451 s/step
Meep progress: 3.076/9.0 = 34.2% done in 1293.4s, 2490.9s to go
on time step 769 (time=3.076), 1.55825 s/step
Meep progress: 3.088/9.0 = 34.3% done in 1298.0s, 2485.1s to go
on time step 772 (time=3.088), 1.55232 s/step
Meep progress: 3.1/9.0 = 34.4% done in 1302.7s, 2479.3s to go
on time step 775 (time=3.1), 1.54971 s/step
Meep progress: 3.112/9.0 = 34.6% done in 1307.3s, 2473.5s to go
on time step 778 (time=3.112), 1.55109 s/step
Meep progress: 3.124/9.0 = 34.7% done in 1312.0s, 2467.7s to go
on time step 781 (time=3.124), 1.55282 s/step
Meep progress: 3.136/9.0 = 34.8% done in 1316.6s, 2462.0s to go
on time step 784 (time=3.136), 1.55254 s/step
Meep progress: 3.148/9.0 = 35.0% done in 1321.3s, 2456.2s to go
on time step 787 (time=3.148), 1.54974 s/step
Meep progress: 3.16/9.0 = 35.1% done in 1326.0s, 2450.5s to go
on time step 790 (time=3.16), 1.5547 s/step
Meep progress: 3.172/9.0 = 35.2% done in 1330.6s, 2444.8s to go
on time step 793 (time=3.172), 1.55587 s/step
Meep progress: 3.184/9.0 = 35.4% done in 1335.3s, 2439.1s to go
on time step 796 (time=3.184), 1.55305 s/step
Meep progress: 3.196/9.0 = 35.5% done in 1339.9s, 2433.3s to go
on time step 799 (time=3.196), 1.55032 s/step
Meep progress: 3.208/9.0 = 35.6% done in 1344.6s, 2427.6s to go
on time step 802 (time=3.208), 1.55328 s/step
Meep progress: 3.22/9.0 = 35.8% done in 1349.2s, 2421.9s to go
on time step 805 (time=3.22), 1.55114 s/step
Meep progress: 3.232/9.0 = 35.9% done in 1353.9s, 2416.3s to go
on time step 808 (time=3.232), 1.55491 s/step
Meep progress: 3.244/9.0 = 36.0% done in 1358.5s, 2410.5s to go
on time step 811 (time=3.244), 1.5459 s/step
Meep progress: 3.2560000000000002/9.0 = 36.2% done in 1363.2s, 2404.9s to go
on time step 814 (time=3.256), 1.55491 s/step
Meep progress: 3.2680000000000002/9.0 = 36.3% done in 1367.9s, 2399.2s to go
on time step 817 (time=3.268), 1.55537 s/step
Meep progress: 3.2800000000000002/9.0 = 36.4% done in 1372.5s, 2393.6s to go
on time step 820 (time=3.28), 1.55556 s/step
Meep progress: 3.2920000000000003/9.0 = 36.6% done in 1377.2s, 2387.9s to go
on time step 823 (time=3.292), 1.5469 s/step
Meep progress: 3.3040000000000003/9.0 = 36.7% done in 1381.9s, 2382.3s to go
on time step 826 (time=3.304), 1.55645 s/step
Meep progress: 3.3160000000000003/9.0 = 36.8% done in 1386.5s, 2376.6s to go
on time step 829 (time=3.316), 1.55353 s/step
Meep progress: 3.3280000000000003/9.0 = 37.0% done in 1391.2s, 2371.0s to go
on time step 832 (time=3.328), 1.5522 s/step
Meep progress: 3.34/9.0 = 37.1% done in 1395.8s, 2365.4s to go
on time step 835 (time=3.34), 1.55429 s/step
Meep progress: 3.352/9.0 = 37.2% done in 1400.5s, 2359.8s to go
on time step 838 (time=3.352), 1.5507 s/step
Meep progress: 3.364/9.0 = 37.4% done in 1405.2s, 2354.2s to go
on time step 841 (time=3.364), 1.55381 s/step
Meep progress: 3.376/9.0 = 37.5% done in 1409.8s, 2348.6s to go
on time step 844 (time=3.376), 1.55424 s/step
Meep progress: 3.388/9.0 = 37.6% done in 1414.5s, 2343.0s to go
on time step 847 (time=3.388), 1.54851 s/step
Meep progress: 3.4/9.0 = 37.8% done in 1419.1s, 2337.4s to go
on time step 850 (time=3.4), 1.54936 s/step
Meep progress: 3.412/9.0 = 37.9% done in 1423.8s, 2331.8s to go
on time step 853 (time=3.412), 1.55541 s/step
Meep progress: 3.424/9.0 = 38.0% done in 1428.4s, 2326.2s to go
on time step 856 (time=3.424), 1.55628 s/step
Meep progress: 3.436/9.0 = 38.2% done in 1433.1s, 2320.6s to go
on time step 859 (time=3.436), 1.54493 s/step
Meep progress: 3.448/9.0 = 38.3% done in 1437.7s, 2315.1s to go
on time step 862 (time=3.448), 1.55438 s/step
Meep progress: 3.46/9.0 = 38.4% done in 1442.4s, 2309.5s to go
on time step 865 (time=3.46), 1.55015 s/step
Meep progress: 3.472/9.0 = 38.6% done in 1447.1s, 2304.0s to go
on time step 868 (time=3.472), 1.55574 s/step
Meep progress: 3.484/9.0 = 38.7% done in 1451.7s, 2298.4s to go
on time step 871 (time=3.484), 1.54606 s/step
Meep progress: 3.496/9.0 = 38.8% done in 1456.4s, 2292.9s to go
on time step 874 (time=3.496), 1.55808 s/step
Meep progress: 3.508/9.0 = 39.0% done in 1461.0s, 2287.3s to go
on time step 877 (time=3.508), 1.55555 s/step
Meep progress: 3.52/9.0 = 39.1% done in 1465.7s, 2281.8s to go
on time step 880 (time=3.52), 1.5553 s/step
Meep progress: 3.532/9.0 = 39.2% done in 1470.3s, 2276.3s to go
on time step 883 (time=3.532), 1.54761 s/step
Meep progress: 3.544/9.0 = 39.4% done in 1475.0s, 2270.8s to go
on time step 886 (time=3.544), 1.55257 s/step
Meep progress: 3.556/9.0 = 39.5% done in 1479.7s, 2265.3s to go
on time step 889 (time=3.556), 1.55362 s/step
Meep progress: 3.568/9.0 = 39.6% done in 1484.3s, 2259.8s to go
on time step 892 (time=3.568), 1.55264 s/step
Meep progress: 3.58/9.0 = 39.8% done in 1489.0s, 2254.2s to go
on time step 895 (time=3.58), 1.54718 s/step
Meep progress: 3.592/9.0 = 39.9% done in 1493.6s, 2248.7s to go
on time step 898 (time=3.592), 1.54686 s/step
Meep progress: 3.604/9.0 = 40.0% done in 1498.3s, 2243.3s to go
on time step 901 (time=3.604), 1.5583 s/step
Meep progress: 3.616/9.0 = 40.2% done in 1502.9s, 2237.8s to go
on time step 904 (time=3.616), 1.55362 s/step
Meep progress: 3.628/9.0 = 40.3% done in 1507.6s, 2232.3s to go
on time step 907 (time=3.628), 1.54947 s/step
Meep progress: 3.64/9.0 = 40.4% done in 1512.2s, 2226.8s to go
on time step 910 (time=3.64), 1.55037 s/step
Meep progress: 3.652/9.0 = 40.6% done in 1516.9s, 2221.4s to go
on time step 913 (time=3.652), 1.55453 s/step
Meep progress: 3.664/9.0 = 40.7% done in 1521.6s, 2215.9s to go
on time step 916 (time=3.664), 1.55484 s/step
Meep progress: 3.676/9.0 = 40.8% done in 1526.2s, 2210.4s to go
on time step 919 (time=3.676), 1.54882 s/step
Meep progress: 3.688/9.0 = 41.0% done in 1530.9s, 2205.0s to go
on time step 922 (time=3.688), 1.55816 s/step
Meep progress: 3.7/9.0 = 41.1% done in 1535.5s, 2199.6s to go
on time step 925 (time=3.7), 1.54985 s/step
Meep progress: 3.712/9.0 = 41.2% done in 1540.2s, 2194.1s to go
on time step 928 (time=3.712), 1.55813 s/step
Meep progress: 3.724/9.0 = 41.4% done in 1544.9s, 2188.7s to go
on time step 931 (time=3.724), 1.54922 s/step
Meep progress: 3.736/9.0 = 41.5% done in 1549.5s, 2183.3s to go
on time step 934 (time=3.736), 1.55629 s/step
Meep progress: 3.748/9.0 = 41.6% done in 1554.2s, 2177.9s to go
on time step 937 (time=3.748), 1.55307 s/step
Meep progress: 3.7600000000000002/9.0 = 41.8% done in 1558.9s, 2172.5s to go
on time step 940 (time=3.76), 1.55745 s/step
Meep progress: 3.7720000000000002/9.0 = 41.9% done in 1563.5s, 2167.0s to go
on time step 943 (time=3.772), 1.54997 s/step
Meep progress: 3.7840000000000003/9.0 = 42.0% done in 1568.2s, 2161.6s to go
on time step 946 (time=3.784), 1.55145 s/step
Meep progress: 3.7960000000000003/9.0 = 42.2% done in 1572.8s, 2156.2s to go
on time step 949 (time=3.796), 1.55416 s/step
Meep progress: 3.8080000000000003/9.0 = 42.3% done in 1577.5s, 2150.8s to go
on time step 952 (time=3.808), 1.55077 s/step
Meep progress: 3.8200000000000003/9.0 = 42.4% done in 1582.1s, 2145.4s to go
on time step 955 (time=3.82), 1.55062 s/step
Meep progress: 3.8320000000000003/9.0 = 42.6% done in 1586.8s, 2140.0s to go
on time step 958 (time=3.832), 1.55089 s/step
Meep progress: 3.844/9.0 = 42.7% done in 1591.5s, 2134.6s to go
on time step 961 (time=3.844), 1.55479 s/step
Meep progress: 3.856/9.0 = 42.8% done in 1596.1s, 2129.3s to go
on time step 964 (time=3.856), 1.55146 s/step
Meep progress: 3.868/9.0 = 43.0% done in 1600.8s, 2123.9s to go
on time step 967 (time=3.868), 1.55327 s/step
Meep progress: 3.88/9.0 = 43.1% done in 1605.4s, 2118.5s to go
on time step 970 (time=3.88), 1.55318 s/step
Meep progress: 3.892/9.0 = 43.2% done in 1610.1s, 2113.1s to go
on time step 973 (time=3.892), 1.55009 s/step
Meep progress: 3.904/9.0 = 43.4% done in 1614.8s, 2107.8s to go
on time step 976 (time=3.904), 1.55683 s/step
Meep progress: 3.916/9.0 = 43.5% done in 1619.4s, 2102.4s to go
on time step 979 (time=3.916), 1.54515 s/step
Meep progress: 3.928/9.0 = 43.6% done in 1624.1s, 2097.0s to go
on time step 982 (time=3.928), 1.55549 s/step
Meep progress: 3.94/9.0 = 43.8% done in 1628.7s, 2091.7s to go
on time step 985 (time=3.94), 1.55079 s/step
Meep progress: 3.952/9.0 = 43.9% done in 1633.4s, 2086.4s to go
on time step 988 (time=3.952), 1.56036 s/step
Meep progress: 3.964/9.0 = 44.0% done in 1638.0s, 2081.0s to go
on time step 991 (time=3.964), 1.54515 s/step
Meep progress: 3.976/9.0 = 44.2% done in 1642.7s, 2075.7s to go
on time step 994 (time=3.976), 1.55328 s/step
Meep progress: 3.988/9.0 = 44.3% done in 1647.3s, 2070.3s to go
on time step 997 (time=3.988), 1.55427 s/step
Meep progress: 4.0/9.0 = 44.4% done in 1652.0s, 2065.0s to go
on time step 1000 (time=4), 1.55463 s/step
Meep progress: 4.0120000000000005/9.0 = 44.6% done in 1656.7s, 2059.7s to go
on time step 1003 (time=4.012), 1.55173 s/step
Meep progress: 4.024/9.0 = 44.7% done in 1661.3s, 2054.4s to go
on time step 1006 (time=4.024), 1.55137 s/step
Meep progress: 4.0360000000000005/9.0 = 44.8% done in 1666.0s, 2049.0s to go
on time step 1009 (time=4.036), 1.55253 s/step
Meep progress: 4.048/9.0 = 45.0% done in 1670.6s, 2043.7s to go
on time step 1012 (time=4.048), 1.55162 s/step
Meep progress: 4.0600000000000005/9.0 = 45.1% done in 1675.3s, 2038.4s to go
on time step 1015 (time=4.06), 1.54744 s/step
Meep progress: 4.072/9.0 = 45.2% done in 1679.9s, 2033.1s to go
on time step 1018 (time=4.072), 1.55513 s/step
Meep progress: 4.0840000000000005/9.0 = 45.4% done in 1684.6s, 2027.8s to go
on time step 1021 (time=4.084), 1.55378 s/step
Meep progress: 4.096/9.0 = 45.5% done in 1689.3s, 2022.5s to go
on time step 1024 (time=4.096), 1.55359 s/step
Meep progress: 4.108/9.0 = 45.6% done in 1693.9s, 2017.2s to go
on time step 1027 (time=4.108), 1.55218 s/step
Meep progress: 4.12/9.0 = 45.8% done in 1698.6s, 2011.9s to go
on time step 1030 (time=4.12), 1.55296 s/step
Meep progress: 4.132/9.0 = 45.9% done in 1703.2s, 2006.6s to go
on time step 1033 (time=4.132), 1.55122 s/step
Meep progress: 4.144/9.0 = 46.0% done in 1707.9s, 2001.3s to go
on time step 1036 (time=4.144), 1.55665 s/step
Meep progress: 4.156/9.0 = 46.2% done in 1712.6s, 1996.1s to go
on time step 1039 (time=4.156), 1.55057 s/step
Meep progress: 4.168/9.0 = 46.3% done in 1717.2s, 1990.8s to go
on time step 1042 (time=4.168), 1.55759 s/step
Meep progress: 4.18/9.0 = 46.4% done in 1721.9s, 1985.5s to go
on time step 1045 (time=4.18), 1.55002 s/step
Meep progress: 4.192/9.0 = 46.6% done in 1726.6s, 1980.3s to go
on time step 1048 (time=4.192), 1.55983 s/step
Meep progress: 4.204/9.0 = 46.7% done in 1731.2s, 1975.0s to go
on time step 1051 (time=4.204), 1.54868 s/step
Meep progress: 4.216/9.0 = 46.8% done in 1735.9s, 1969.7s to go
on time step 1054 (time=4.216), 1.5562 s/step
Meep progress: 4.228/9.0 = 47.0% done in 1740.5s, 1964.5s to go
on time step 1057 (time=4.228), 1.55333 s/step
Meep progress: 4.24/9.0 = 47.1% done in 1745.2s, 1959.2s to go
on time step 1060 (time=4.24), 1.55409 s/step
Meep progress: 4.252/9.0 = 47.2% done in 1749.8s, 1954.0s to go
on time step 1063 (time=4.252), 1.55214 s/step
Meep progress: 4.264/9.0 = 47.4% done in 1754.5s, 1948.7s to go
on time step 1066 (time=4.264), 1.5506 s/step
Meep progress: 4.276/9.0 = 47.5% done in 1759.2s, 1943.5s to go
on time step 1069 (time=4.276), 1.55686 s/step
Meep progress: 4.288/9.0 = 47.6% done in 1763.8s, 1938.2s to go
on time step 1072 (time=4.288), 1.5522 s/step
Meep progress: 4.3/9.0 = 47.8% done in 1768.5s, 1933.0s to go
on time step 1075 (time=4.3), 1.55801 s/step
Meep progress: 4.312/9.0 = 47.9% done in 1773.2s, 1927.8s to go
on time step 1078 (time=4.312), 1.55976 s/step
Meep progress: 4.324/9.0 = 48.0% done in 1777.8s, 1922.6s to go
on time step 1081 (time=4.324), 1.55429 s/step
Meep progress: 4.336/9.0 = 48.2% done in 1782.5s, 1917.3s to go
on time step 1084 (time=4.336), 1.55297 s/step
Meep progress: 4.348/9.0 = 48.3% done in 1787.2s, 1912.1s to go
on time step 1087 (time=4.348), 1.55105 s/step
Meep progress: 4.36/9.0 = 48.4% done in 1791.8s, 1906.9s to go
on time step 1090 (time=4.36), 1.55541 s/step
Meep progress: 4.372/9.0 = 48.6% done in 1796.5s, 1901.7s to go
on time step 1093 (time=4.372), 1.54928 s/step
Meep progress: 4.384/9.0 = 48.7% done in 1801.1s, 1896.5s to go
on time step 1096 (time=4.384), 1.55527 s/step
Meep progress: 4.396/9.0 = 48.8% done in 1805.8s, 1891.2s to go
on time step 1099 (time=4.396), 1.55139 s/step
Meep progress: 4.408/9.0 = 49.0% done in 1810.5s, 1886.0s to go
on time step 1102 (time=4.408), 1.55453 s/step
Meep progress: 4.42/9.0 = 49.1% done in 1815.1s, 1880.8s to go
on time step 1105 (time=4.42), 1.55017 s/step
Meep progress: 4.432/9.0 = 49.2% done in 1819.8s, 1875.6s to go
on time step 1108 (time=4.432), 1.55591 s/step
Meep progress: 4.444/9.0 = 49.4% done in 1824.4s, 1870.4s to go
on time step 1111 (time=4.444), 1.54762 s/step
Meep progress: 4.456/9.0 = 49.5% done in 1829.1s, 1865.2s to go
on time step 1114 (time=4.456), 1.54925 s/step
Meep progress: 4.468/9.0 = 49.6% done in 1833.7s, 1860.0s to go
on time step 1117 (time=4.468), 1.55555 s/step
Meep progress: 4.48/9.0 = 49.8% done in 1838.4s, 1854.8s to go
on time step 1120 (time=4.48), 1.55308 s/step
Meep progress: 4.492/9.0 = 49.9% done in 1843.0s, 1849.6s to go
on time step 1123 (time=4.492), 1.54648 s/step
Meep progress: 4.5040000000000004/9.0 = 50.0% done in 1847.7s, 1844.4s to go
on time step 1126 (time=4.504), 1.55088 s/step
Meep progress: 4.516/9.0 = 50.2% done in 1852.4s, 1839.2s to go
on time step 1129 (time=4.516), 1.55617 s/step
Meep progress: 4.5280000000000005/9.0 = 50.3% done in 1857.0s, 1834.0s to go
on time step 1132 (time=4.528), 1.55323 s/step
Meep progress: 4.54/9.0 = 50.4% done in 1861.7s, 1828.9s to go
on time step 1135 (time=4.54), 1.55025 s/step
Meep progress: 4.5520000000000005/9.0 = 50.6% done in 1866.3s, 1823.7s to go
on time step 1138 (time=4.552), 1.55455 s/step
Meep progress: 4.564/9.0 = 50.7% done in 1871.0s, 1818.5s to go
on time step 1141 (time=4.564), 1.55372 s/step
Meep progress: 4.5760000000000005/9.0 = 50.8% done in 1875.7s, 1813.4s to go
on time step 1144 (time=4.576), 1.55502 s/step
Meep progress: 4.588/9.0 = 51.0% done in 1880.3s, 1808.2s to go
on time step 1147 (time=4.588), 1.54623 s/step
Meep progress: 4.6000000000000005/9.0 = 51.1% done in 1885.0s, 1803.0s to go
on time step 1150 (time=4.6), 1.55309 s/step
Meep progress: 4.612/9.0 = 51.2% done in 1889.6s, 1797.8s to go
on time step 1153 (time=4.612), 1.55003 s/step
Meep progress: 4.624/9.0 = 51.4% done in 1894.3s, 1792.7s to go
on time step 1156 (time=4.624), 1.55744 s/step
Meep progress: 4.636/9.0 = 51.5% done in 1898.9s, 1787.5s to go
on time step 1159 (time=4.636), 1.55013 s/step
Meep progress: 4.648/9.0 = 51.6% done in 1903.6s, 1782.4s to go
on time step 1162 (time=4.648), 1.55229 s/step
Meep progress: 4.66/9.0 = 51.8% done in 1908.2s, 1777.2s to go
on time step 1165 (time=4.66), 1.55118 s/step
Meep progress: 4.672/9.0 = 51.9% done in 1912.9s, 1772.1s to go
on time step 1168 (time=4.672), 1.56247 s/step
Meep progress: 4.684/9.0 = 52.0% done in 1917.6s, 1766.9s to go
on time step 1171 (time=4.684), 1.54664 s/step
Meep progress: 4.696/9.0 = 52.2% done in 1922.2s, 1761.8s to go
on time step 1174 (time=4.696), 1.55113 s/step
Meep progress: 4.708/9.0 = 52.3% done in 1926.9s, 1756.6s to go
on time step 1177 (time=4.708), 1.55792 s/step
Meep progress: 4.72/9.0 = 52.4% done in 1931.5s, 1751.5s to go
on time step 1180 (time=4.72), 1.55212 s/step
Meep progress: 4.732/9.0 = 52.6% done in 1936.2s, 1746.3s to go
on time step 1183 (time=4.732), 1.55305 s/step
Meep progress: 4.744/9.0 = 52.7% done in 1940.9s, 1741.2s to go
on time step 1186 (time=4.744), 1.55219 s/step
Meep progress: 4.756/9.0 = 52.8% done in 1945.5s, 1736.1s to go
on time step 1189 (time=4.756), 1.55453 s/step
Meep progress: 4.768/9.0 = 53.0% done in 1950.2s, 1731.0s to go
on time step 1192 (time=4.768), 1.55442 s/step
Meep progress: 4.78/9.0 = 53.1% done in 1954.9s, 1725.8s to go
on time step 1195 (time=4.78), 1.55391 s/step
Meep progress: 4.792/9.0 = 53.2% done in 1959.5s, 1720.7s to go
on time step 1198 (time=4.792), 1.55287 s/step
Meep progress: 4.804/9.0 = 53.4% done in 1964.2s, 1715.6s to go
on time step 1201 (time=4.804), 1.54743 s/step
Meep progress: 4.816/9.0 = 53.5% done in 1968.8s, 1710.5s to go
on time step 1204 (time=4.816), 1.55849 s/step
Meep progress: 4.828/9.0 = 53.6% done in 1973.5s, 1705.3s to go
on time step 1207 (time=4.828), 1.54384 s/step
Meep progress: 4.84/9.0 = 53.8% done in 1978.1s, 1700.2s to go
on time step 1210 (time=4.84), 1.55396 s/step
Meep progress: 4.852/9.0 = 53.9% done in 1982.8s, 1695.1s to go
on time step 1213 (time=4.852), 1.5509 s/step
Meep progress: 4.864/9.0 = 54.0% done in 1987.5s, 1690.0s to go
on time step 1216 (time=4.864), 1.55844 s/step
Meep progress: 4.876/9.0 = 54.2% done in 1992.1s, 1684.9s to go
on time step 1219 (time=4.876), 1.5491 s/step
Meep progress: 4.888/9.0 = 54.3% done in 1996.8s, 1679.8s to go
on time step 1222 (time=4.888), 1.55776 s/step
Meep progress: 4.9/9.0 = 54.4% done in 2001.4s, 1674.7s to go
on time step 1225 (time=4.9), 1.55254 s/step
Meep progress: 4.912/9.0 = 54.6% done in 2006.1s, 1669.6s to go
on time step 1228 (time=4.912), 1.55166 s/step
Meep progress: 4.924/9.0 = 54.7% done in 2010.7s, 1664.5s to go
on time step 1231 (time=4.924), 1.55265 s/step
Meep progress: 4.936/9.0 = 54.8% done in 2015.4s, 1659.4s to go
on time step 1234 (time=4.936), 1.5505 s/step
Meep progress: 4.948/9.0 = 55.0% done in 2020.1s, 1654.3s to go
on time step 1237 (time=4.948), 1.55255 s/step
Meep progress: 4.96/9.0 = 55.1% done in 2024.7s, 1649.2s to go
on time step 1240 (time=4.96), 1.55399 s/step
Meep progress: 4.972/9.0 = 55.2% done in 2029.4s, 1644.1s to go
on time step 1243 (time=4.972), 1.55609 s/step
Meep progress: 4.984/9.0 = 55.4% done in 2034.0s, 1639.0s to go
on time step 1246 (time=4.984), 1.55144 s/step
Meep progress: 4.996/9.0 = 55.5% done in 2038.7s, 1633.9s to go
on time step 1249 (time=4.996), 1.55479 s/step
Meep progress: 5.008/9.0 = 55.6% done in 2043.4s, 1628.8s to go
on time step 1252 (time=5.008), 1.55867 s/step
Meep progress: 5.0200000000000005/9.0 = 55.8% done in 2048.0s, 1623.7s to go
on time step 1255 (time=5.02), 1.54631 s/step
Meep progress: 5.032/9.0 = 55.9% done in 2052.7s, 1618.6s to go
on time step 1258 (time=5.032), 1.55512 s/step
Meep progress: 5.0440000000000005/9.0 = 56.0% done in 2057.3s, 1613.6s to go
on time step 1261 (time=5.044), 1.55063 s/step
Meep progress: 5.056/9.0 = 56.2% done in 2062.0s, 1608.5s to go
on time step 1264 (time=5.056), 1.5547 s/step
Meep progress: 5.0680000000000005/9.0 = 56.3% done in 2066.6s, 1603.4s to go
on time step 1267 (time=5.068), 1.54619 s/step
Meep progress: 5.08/9.0 = 56.4% done in 2071.3s, 1598.3s to go
on time step 1270 (time=5.08), 1.55539 s/step
Meep progress: 5.0920000000000005/9.0 = 56.6% done in 2076.0s, 1593.3s to go
on time step 1273 (time=5.092), 1.55571 s/step
Meep progress: 5.104/9.0 = 56.7% done in 2080.6s, 1588.2s to go
on time step 1276 (time=5.104), 1.55414 s/step
Meep progress: 5.1160000000000005/9.0 = 56.8% done in 2085.3s, 1583.1s to go
on time step 1279 (time=5.116), 1.54545 s/step
Meep progress: 5.128/9.0 = 57.0% done in 2089.9s, 1578.0s to go
on time step 1282 (time=5.128), 1.55399 s/step
Meep progress: 5.14/9.0 = 57.1% done in 2094.6s, 1573.0s to go
on time step 1285 (time=5.14), 1.55165 s/step
Meep progress: 5.152/9.0 = 57.2% done in 2099.2s, 1567.9s to go
on time step 1288 (time=5.152), 1.552 s/step
Meep progress: 5.164/9.0 = 57.4% done in 2103.9s, 1562.8s to go
on time step 1291 (time=5.164), 1.55137 s/step
Meep progress: 5.176/9.0 = 57.5% done in 2108.6s, 1557.8s to go
on time step 1294 (time=5.176), 1.55189 s/step
Meep progress: 5.188/9.0 = 57.6% done in 2113.2s, 1552.7s to go
on time step 1297 (time=5.188), 1.55586 s/step
Meep progress: 5.2/9.0 = 57.8% done in 2117.9s, 1547.7s to go
on time step 1300 (time=5.2), 1.55268 s/step
Meep progress: 5.212/9.0 = 57.9% done in 2122.5s, 1542.6s to go
on time step 1303 (time=5.212), 1.54823 s/step
Meep progress: 5.224/9.0 = 58.0% done in 2127.2s, 1537.6s to go
on time step 1306 (time=5.224), 1.55016 s/step
Meep progress: 5.236/9.0 = 58.2% done in 2131.8s, 1532.5s to go
on time step 1309 (time=5.236), 1.55507 s/step
Meep progress: 5.248/9.0 = 58.3% done in 2136.5s, 1527.5s to go
on time step 1312 (time=5.248), 1.55381 s/step
Meep progress: 5.26/9.0 = 58.4% done in 2141.1s, 1522.4s to go
on time step 1315 (time=5.26), 1.5442 s/step
Meep progress: 5.272/9.0 = 58.6% done in 2145.8s, 1517.4s to go
on time step 1318 (time=5.272), 1.55473 s/step
Meep progress: 5.284/9.0 = 58.7% done in 2150.4s, 1512.3s to go
on time step 1321 (time=5.284), 1.55055 s/step
Meep progress: 5.296/9.0 = 58.8% done in 2155.1s, 1507.3s to go
on time step 1324 (time=5.296), 1.55476 s/step
Meep progress: 5.308/9.0 = 59.0% done in 2159.8s, 1502.2s to go
on time step 1327 (time=5.308), 1.55161 s/step
Meep progress: 5.32/9.0 = 59.1% done in 2164.4s, 1497.2s to go
on time step 1330 (time=5.32), 1.55962 s/step
Meep progress: 5.332/9.0 = 59.2% done in 2169.1s, 1492.2s to go
on time step 1333 (time=5.332), 1.55012 s/step
Meep progress: 5.344/9.0 = 59.4% done in 2173.8s, 1487.1s to go
on time step 1336 (time=5.344), 1.55688 s/step
Meep progress: 5.356/9.0 = 59.5% done in 2178.4s, 1482.1s to go
on time step 1339 (time=5.356), 1.55015 s/step
Meep progress: 5.368/9.0 = 59.6% done in 2183.1s, 1477.1s to go
on time step 1342 (time=5.368), 1.549 s/step
Meep progress: 5.38/9.0 = 59.8% done in 2187.7s, 1472.0s to go
on time step 1345 (time=5.38), 1.55495 s/step
Meep progress: 5.392/9.0 = 59.9% done in 2192.4s, 1467.0s to go
on time step 1348 (time=5.392), 1.55234 s/step
Meep progress: 5.404/9.0 = 60.0% done in 2197.0s, 1462.0s to go
on time step 1351 (time=5.404), 1.54732 s/step
Meep progress: 5.416/9.0 = 60.2% done in 2201.7s, 1457.0s to go
on time step 1354 (time=5.416), 1.55326 s/step
Meep progress: 5.428/9.0 = 60.3% done in 2206.4s, 1451.9s to go
on time step 1357 (time=5.428), 1.5569 s/step
Meep progress: 5.44/9.0 = 60.4% done in 2211.0s, 1446.9s to go
on time step 1360 (time=5.44), 1.55197 s/step
Meep progress: 5.452/9.0 = 60.6% done in 2215.7s, 1441.9s to go
on time step 1363 (time=5.452), 1.54893 s/step
Meep progress: 5.464/9.0 = 60.7% done in 2220.3s, 1436.9s to go
on time step 1366 (time=5.464), 1.56157 s/step
Meep progress: 5.476/9.0 = 60.8% done in 2225.0s, 1431.9s to go
on time step 1369 (time=5.476), 1.54578 s/step
Meep progress: 5.488/9.0 = 61.0% done in 2229.7s, 1426.9s to go
on time step 1372 (time=5.488), 1.55437 s/step
Meep progress: 5.5/9.0 = 61.1% done in 2234.3s, 1421.8s to go
on time step 1375 (time=5.5), 1.54744 s/step
Meep progress: 5.5120000000000005/9.0 = 61.2% done in 2239.0s, 1416.8s to go
on time step 1378 (time=5.512), 1.55273 s/step
Meep progress: 5.524/9.0 = 61.4% done in 2243.6s, 1411.8s to go
on time step 1381 (time=5.524), 1.55067 s/step
Meep progress: 5.5360000000000005/9.0 = 61.5% done in 2248.3s, 1406.8s to go
on time step 1384 (time=5.536), 1.55625 s/step
Meep progress: 5.548/9.0 = 61.6% done in 2252.9s, 1401.8s to go
on time step 1387 (time=5.548), 1.54823 s/step
Meep progress: 5.5600000000000005/9.0 = 61.8% done in 2257.6s, 1396.8s to go
on time step 1390 (time=5.56), 1.55417 s/step
Meep progress: 5.572/9.0 = 61.9% done in 2262.2s, 1391.8s to go
on time step 1393 (time=5.572), 1.55169 s/step
Meep progress: 5.5840000000000005/9.0 = 62.0% done in 2266.9s, 1386.8s to go
on time step 1396 (time=5.584), 1.55795 s/step
Meep progress: 5.596/9.0 = 62.2% done in 2271.6s, 1381.8s to go
on time step 1399 (time=5.596), 1.54686 s/step
Meep progress: 5.6080000000000005/9.0 = 62.3% done in 2276.2s, 1376.8s to go
on time step 1402 (time=5.608), 1.55266 s/step
Meep progress: 5.62/9.0 = 62.4% done in 2280.9s, 1371.8s to go
on time step 1405 (time=5.62), 1.55716 s/step
Meep progress: 5.632/9.0 = 62.6% done in 2285.6s, 1366.8s to go
on time step 1408 (time=5.632), 1.55371 s/step
Meep progress: 5.644/9.0 = 62.7% done in 2290.2s, 1361.8s to go
on time step 1411 (time=5.644), 1.54956 s/step
Meep progress: 5.656/9.0 = 62.8% done in 2294.9s, 1356.8s to go
on time step 1414 (time=5.656), 1.55203 s/step
Meep progress: 5.668/9.0 = 63.0% done in 2299.5s, 1351.8s to go
on time step 1417 (time=5.668), 1.55595 s/step
Meep progress: 5.68/9.0 = 63.1% done in 2304.2s, 1346.8s to go
on time step 1420 (time=5.68), 1.5523 s/step
Meep progress: 5.692/9.0 = 63.2% done in 2308.8s, 1341.8s to go
on time step 1423 (time=5.692), 1.55165 s/step
Meep progress: 5.704/9.0 = 63.4% done in 2313.5s, 1336.8s to go
on time step 1426 (time=5.704), 1.55342 s/step
Meep progress: 5.716/9.0 = 63.5% done in 2318.1s, 1331.8s to go
on time step 1429 (time=5.716), 1.55043 s/step
Meep progress: 5.728/9.0 = 63.6% done in 2322.8s, 1326.9s to go
on time step 1432 (time=5.728), 1.55504 s/step
Meep progress: 5.74/9.0 = 63.8% done in 2327.4s, 1321.9s to go
on time step 1435 (time=5.74), 1.54428 s/step
Meep progress: 5.752/9.0 = 63.9% done in 2332.1s, 1316.9s to go
on time step 1438 (time=5.752), 1.55491 s/step
Meep progress: 5.764/9.0 = 64.0% done in 2336.8s, 1311.9s to go
on time step 1441 (time=5.764), 1.5552 s/step
Meep progress: 5.776/9.0 = 64.2% done in 2341.4s, 1306.9s to go
on time step 1444 (time=5.776), 1.55418 s/step
Meep progress: 5.788/9.0 = 64.3% done in 2346.1s, 1301.9s to go
on time step 1447 (time=5.788), 1.5486 s/step
Meep progress: 5.8/9.0 = 64.4% done in 2350.8s, 1297.0s to go
on time step 1450 (time=5.8), 1.55457 s/step
Meep progress: 5.812/9.0 = 64.6% done in 2355.4s, 1292.0s to go
on time step 1453 (time=5.812), 1.55505 s/step
Meep progress: 5.824/9.0 = 64.7% done in 2360.1s, 1287.0s to go
on time step 1456 (time=5.824), 1.5517 s/step
Meep progress: 5.836/9.0 = 64.8% done in 2364.7s, 1282.0s to go
on time step 1459 (time=5.836), 1.55249 s/step
Meep progress: 5.848/9.0 = 65.0% done in 2369.4s, 1277.1s to go
on time step 1462 (time=5.848), 1.56833 s/step
Meep progress: 5.86/9.0 = 65.1% done in 2374.1s, 1272.1s to go
on time step 1465 (time=5.86), 1.55664 s/step
Meep progress: 5.872/9.0 = 65.2% done in 2378.8s, 1267.2s to go
on time step 1468 (time=5.872), 1.55186 s/step
Meep progress: 5.884/9.0 = 65.4% done in 2383.4s, 1262.2s to go
on time step 1471 (time=5.884), 1.55844 s/step
Meep progress: 5.896/9.0 = 65.5% done in 2388.1s, 1257.2s to go
on time step 1474 (time=5.896), 1.5507 s/step
Meep progress: 5.908/9.0 = 65.6% done in 2392.8s, 1252.3s to go
on time step 1477 (time=5.908), 1.55594 s/step
Meep progress: 5.92/9.0 = 65.8% done in 2397.4s, 1247.3s to go
on time step 1480 (time=5.92), 1.55506 s/step
Meep progress: 5.932/9.0 = 65.9% done in 2402.1s, 1242.3s to go
on time step 1483 (time=5.932), 1.54681 s/step
Meep progress: 5.944/9.0 = 66.0% done in 2406.7s, 1237.4s to go
on time step 1486 (time=5.944), 1.55746 s/step
Meep progress: 5.956/9.0 = 66.2% done in 2411.4s, 1232.4s to go
on time step 1489 (time=5.956), 1.55318 s/step
Meep progress: 5.968/9.0 = 66.3% done in 2416.1s, 1227.5s to go
on time step 1492 (time=5.968), 1.55598 s/step
Meep progress: 5.98/9.0 = 66.4% done in 2420.7s, 1222.5s to go
on time step 1495 (time=5.98), 1.54876 s/step
Meep progress: 5.992/9.0 = 66.6% done in 2425.4s, 1217.6s to go
on time step 1498 (time=5.992), 1.56111 s/step
Meep progress: 6.0040000000000004/9.0 = 66.7% done in 2430.0s, 1212.6s to go
on time step 1501 (time=6.004), 1.55113 s/step
Meep progress: 6.016/9.0 = 66.8% done in 2434.7s, 1207.6s to go
on time step 1504 (time=6.016), 1.55528 s/step
Meep progress: 6.0280000000000005/9.0 = 67.0% done in 2439.4s, 1202.7s to go
on time step 1507 (time=6.028), 1.54827 s/step
Meep progress: 6.04/9.0 = 67.1% done in 2444.0s, 1197.7s to go
on time step 1510 (time=6.04), 1.55007 s/step
Meep progress: 6.0520000000000005/9.0 = 67.2% done in 2448.7s, 1192.8s to go
on time step 1513 (time=6.052), 1.55442 s/step
Meep progress: 6.064/9.0 = 67.4% done in 2453.3s, 1187.8s to go
on time step 1516 (time=6.064), 1.55378 s/step
Meep progress: 6.0760000000000005/9.0 = 67.5% done in 2458.0s, 1182.9s to go
on time step 1519 (time=6.076), 1.54701 s/step
Meep progress: 6.088/9.0 = 67.6% done in 2462.6s, 1177.9s to go
on time step 1522 (time=6.088), 1.54988 s/step
Meep progress: 6.1000000000000005/9.0 = 67.8% done in 2467.3s, 1173.0s to go
on time step 1525 (time=6.1), 1.55527 s/step
Meep progress: 6.112/9.0 = 67.9% done in 2472.0s, 1168.0s to go
on time step 1528 (time=6.112), 1.55543 s/step
Meep progress: 6.1240000000000006/9.0 = 68.0% done in 2476.6s, 1163.1s to go
on time step 1531 (time=6.124), 1.54794 s/step
Meep progress: 6.136/9.0 = 68.2% done in 2481.3s, 1158.1s to go
on time step 1534 (time=6.136), 1.55067 s/step
Meep progress: 6.148/9.0 = 68.3% done in 2485.9s, 1153.2s to go
on time step 1537 (time=6.148), 1.55405 s/step
Meep progress: 6.16/9.0 = 68.4% done in 2490.6s, 1148.3s to go
on time step 1540 (time=6.16), 1.55349 s/step
Meep progress: 6.172/9.0 = 68.6% done in 2495.2s, 1143.3s to go
on time step 1543 (time=6.172), 1.54521 s/step
Meep progress: 6.184/9.0 = 68.7% done in 2499.9s, 1138.4s to go
on time step 1546 (time=6.184), 1.55461 s/step
Meep progress: 6.196/9.0 = 68.8% done in 2504.5s, 1133.4s to go
on time step 1549 (time=6.196), 1.55343 s/step
Meep progress: 6.208/9.0 = 69.0% done in 2509.2s, 1128.5s to go
on time step 1552 (time=6.208), 1.55616 s/step
Meep progress: 6.22/9.0 = 69.1% done in 2513.8s, 1123.6s to go
on time step 1555 (time=6.22), 1.54682 s/step
Meep progress: 6.232/9.0 = 69.2% done in 2518.5s, 1118.6s to go
on time step 1558 (time=6.232), 1.55258 s/step
Meep progress: 6.244/9.0 = 69.4% done in 2523.2s, 1113.7s to go
on time step 1561 (time=6.244), 1.5512 s/step
Meep progress: 6.256/9.0 = 69.5% done in 2527.8s, 1108.8s to go
on time step 1564 (time=6.256), 1.55817 s/step
Meep progress: 6.268/9.0 = 69.6% done in 2532.5s, 1103.8s to go
on time step 1567 (time=6.268), 1.54755 s/step
Meep progress: 6.28/9.0 = 69.8% done in 2537.1s, 1098.9s to go
on time step 1570 (time=6.28), 1.5524 s/step
Meep progress: 6.292/9.0 = 69.9% done in 2541.8s, 1094.0s to go
on time step 1573 (time=6.292), 1.55499 s/step
Meep progress: 6.304/9.0 = 70.0% done in 2546.5s, 1089.0s to go
on time step 1576 (time=6.304), 1.5532 s/step
Meep progress: 6.316/9.0 = 70.2% done in 2551.1s, 1084.1s to go
on time step 1579 (time=6.316), 1.54946 s/step
Meep progress: 6.328/9.0 = 70.3% done in 2555.8s, 1079.2s to go
on time step 1582 (time=6.328), 1.55303 s/step
Meep progress: 6.34/9.0 = 70.4% done in 2560.4s, 1074.3s to go
on time step 1585 (time=6.34), 1.55661 s/step
Meep progress: 6.352/9.0 = 70.6% done in 2565.1s, 1069.3s to go
on time step 1588 (time=6.352), 1.55025 s/step
Meep progress: 6.364/9.0 = 70.7% done in 2569.7s, 1064.4s to go
on time step 1591 (time=6.364), 1.55406 s/step
Meep progress: 6.376/9.0 = 70.8% done in 2574.4s, 1059.5s to go
on time step 1594 (time=6.376), 1.55477 s/step
Meep progress: 6.388/9.0 = 71.0% done in 2579.1s, 1054.6s to go
on time step 1597 (time=6.388), 1.55234 s/step
Meep progress: 6.4/9.0 = 71.1% done in 2583.7s, 1049.6s to go
on time step 1600 (time=6.4), 1.5597 s/step
Meep progress: 6.412/9.0 = 71.2% done in 2588.4s, 1044.7s to go
on time step 1603 (time=6.412), 1.54613 s/step
Meep progress: 6.424/9.0 = 71.4% done in 2593.0s, 1039.8s to go
on time step 1606 (time=6.424), 1.55247 s/step
Meep progress: 6.436/9.0 = 71.5% done in 2597.7s, 1034.9s to go
on time step 1609 (time=6.436), 1.55237 s/step
Meep progress: 6.448/9.0 = 71.6% done in 2602.4s, 1030.0s to go
on time step 1612 (time=6.448), 1.55508 s/step
Meep progress: 6.46/9.0 = 71.8% done in 2607.0s, 1025.0s to go
on time step 1615 (time=6.46), 1.54415 s/step
Meep progress: 6.472/9.0 = 71.9% done in 2611.7s, 1020.1s to go
on time step 1618 (time=6.472), 1.55304 s/step
Meep progress: 6.484/9.0 = 72.0% done in 2616.3s, 1015.2s to go
on time step 1621 (time=6.484), 1.55488 s/step
Meep progress: 6.496/9.0 = 72.2% done in 2621.0s, 1010.3s to go
on time step 1624 (time=6.496), 1.55142 s/step
Meep progress: 6.508/9.0 = 72.3% done in 2625.6s, 1005.4s to go
on time step 1627 (time=6.508), 1.55132 s/step
Meep progress: 6.5200000000000005/9.0 = 72.4% done in 2630.3s, 1000.5s to go
on time step 1630 (time=6.52), 1.55096 s/step
Meep progress: 6.532/9.0 = 72.6% done in 2634.9s, 995.6s to go
on time step 1633 (time=6.532), 1.55265 s/step
Meep progress: 6.5440000000000005/9.0 = 72.7% done in 2639.6s, 990.7s to go
on time step 1636 (time=6.544), 1.55181 s/step
Meep progress: 6.556/9.0 = 72.8% done in 2644.2s, 985.7s to go
on time step 1639 (time=6.556), 1.54947 s/step
Meep progress: 6.5680000000000005/9.0 = 73.0% done in 2648.9s, 980.8s to go
on time step 1642 (time=6.568), 1.55244 s/step
Meep progress: 6.58/9.0 = 73.1% done in 2653.6s, 975.9s to go
on time step 1645 (time=6.58), 1.55224 s/step
Meep progress: 6.5920000000000005/9.0 = 73.2% done in 2658.2s, 971.0s to go
on time step 1648 (time=6.592), 1.55383 s/step
Meep progress: 6.604/9.0 = 73.4% done in 2662.9s, 966.1s to go
on time step 1651 (time=6.604), 1.55433 s/step
Meep progress: 6.6160000000000005/9.0 = 73.5% done in 2667.5s, 961.2s to go
on time step 1654 (time=6.616), 1.55402 s/step
Meep progress: 6.628/9.0 = 73.6% done in 2672.2s, 956.3s to go
on time step 1657 (time=6.628), 1.55128 s/step
Meep progress: 6.640000000000001/9.0 = 73.8% done in 2676.9s, 951.4s to go
on time step 1660 (time=6.64), 1.55633 s/step
Meep progress: 6.652/9.0 = 73.9% done in 2681.5s, 946.5s to go
on time step 1663 (time=6.652), 1.54361 s/step
Meep progress: 6.664/9.0 = 74.0% done in 2686.2s, 941.6s to go
on time step 1666 (time=6.664), 1.55369 s/step
Meep progress: 6.676/9.0 = 74.2% done in 2690.8s, 936.7s to go
on time step 1669 (time=6.676), 1.55077 s/step
Meep progress: 6.688/9.0 = 74.3% done in 2695.5s, 931.8s to go
on time step 1672 (time=6.688), 1.55696 s/step
Meep progress: 6.7/9.0 = 74.4% done in 2700.1s, 926.9s to go
on time step 1675 (time=6.7), 1.54439 s/step
Meep progress: 6.712/9.0 = 74.6% done in 2704.8s, 922.0s to go
on time step 1678 (time=6.712), 1.55722 s/step
Meep progress: 6.724/9.0 = 74.7% done in 2709.5s, 917.1s to go
on time step 1681 (time=6.724), 1.55291 s/step
Meep progress: 6.736/9.0 = 74.8% done in 2714.1s, 912.2s to go
on time step 1684 (time=6.736), 1.55121 s/step
Meep progress: 6.748/9.0 = 75.0% done in 2718.8s, 907.3s to go
on time step 1687 (time=6.748), 1.55156 s/step
Meep progress: 6.76/9.0 = 75.1% done in 2723.4s, 902.4s to go
on time step 1690 (time=6.76), 1.54914 s/step
Meep progress: 6.772/9.0 = 75.2% done in 2728.1s, 897.5s to go
on time step 1693 (time=6.772), 1.55246 s/step
Meep progress: 6.784/9.0 = 75.4% done in 2732.7s, 892.6s to go
on time step 1696 (time=6.784), 1.55313 s/step
Meep progress: 6.796/9.0 = 75.5% done in 2737.4s, 887.8s to go
on time step 1699 (time=6.796), 1.55264 s/step
Meep progress: 6.808/9.0 = 75.6% done in 2742.0s, 882.9s to go
on time step 1702 (time=6.808), 1.55201 s/step
Meep progress: 6.82/9.0 = 75.8% done in 2746.7s, 878.0s to go
on time step 1705 (time=6.82), 1.55388 s/step
Meep progress: 6.832/9.0 = 75.9% done in 2751.4s, 873.1s to go
on time step 1708 (time=6.832), 1.55545 s/step
Meep progress: 6.844/9.0 = 76.0% done in 2756.0s, 868.2s to go
on time step 1711 (time=6.844), 1.54457 s/step
Meep progress: 6.856/9.0 = 76.2% done in 2760.7s, 863.3s to go
on time step 1714 (time=6.856), 1.55447 s/step
Meep progress: 6.868/9.0 = 76.3% done in 2765.3s, 858.4s to go
on time step 1717 (time=6.868), 1.55336 s/step
Meep progress: 6.88/9.0 = 76.4% done in 2770.0s, 853.5s to go
on time step 1720 (time=6.88), 1.55416 s/step
Meep progress: 6.892/9.0 = 76.6% done in 2774.6s, 848.7s to go
on time step 1723 (time=6.892), 1.54893 s/step
Meep progress: 6.904/9.0 = 76.7% done in 2779.3s, 843.8s to go
on time step 1726 (time=6.904), 1.55516 s/step
Meep progress: 6.916/9.0 = 76.8% done in 2784.0s, 838.9s to go
on time step 1729 (time=6.916), 1.55352 s/step
Meep progress: 6.928/9.0 = 77.0% done in 2788.6s, 834.0s to go
on time step 1732 (time=6.928), 1.55337 s/step
Meep progress: 6.94/9.0 = 77.1% done in 2793.3s, 829.1s to go
on time step 1735 (time=6.94), 1.54577 s/step
Meep progress: 6.952/9.0 = 77.2% done in 2797.9s, 824.2s to go
on time step 1738 (time=6.952), 1.55664 s/step
Meep progress: 6.964/9.0 = 77.4% done in 2802.6s, 819.4s to go
on time step 1741 (time=6.964), 1.55214 s/step
Meep progress: 6.976/9.0 = 77.5% done in 2807.2s, 814.5s to go
on time step 1744 (time=6.976), 1.55195 s/step
Meep progress: 6.988/9.0 = 77.6% done in 2811.9s, 809.6s to go
on time step 1747 (time=6.988), 1.54716 s/step
Meep progress: 7.0/9.0 = 77.8% done in 2816.5s, 804.7s to go
on time step 1750 (time=7), 1.54872 s/step
Meep progress: 7.0120000000000005/9.0 = 77.9% done in 2821.2s, 799.8s to go
on time step 1753 (time=7.012), 1.55481 s/step
Meep progress: 7.024/9.0 = 78.0% done in 2825.9s, 795.0s to go
on time step 1756 (time=7.024), 1.55445 s/step
Meep progress: 7.0360000000000005/9.0 = 78.2% done in 2830.5s, 790.1s to go
on time step 1759 (time=7.036), 1.54642 s/step
Meep progress: 7.048/9.0 = 78.3% done in 2835.1s, 785.2s to go
on time step 1762 (time=7.048), 1.55056 s/step
Meep progress: 7.0600000000000005/9.0 = 78.4% done in 2839.8s, 780.3s to go
on time step 1765 (time=7.06), 1.55509 s/step
Meep progress: 7.072/9.0 = 78.6% done in 2844.5s, 775.5s to go
on time step 1768 (time=7.072), 1.55438 s/step
Meep progress: 7.0840000000000005/9.0 = 78.7% done in 2849.1s, 770.6s to go
on time step 1771 (time=7.084), 1.54391 s/step
Meep progress: 7.096/9.0 = 78.8% done in 2853.8s, 765.7s to go
on time step 1774 (time=7.096), 1.55526 s/step
Meep progress: 7.1080000000000005/9.0 = 79.0% done in 2858.4s, 760.9s to go
on time step 1777 (time=7.108), 1.55173 s/step
Meep progress: 7.12/9.0 = 79.1% done in 2863.1s, 756.0s to go
on time step 1780 (time=7.12), 1.55395 s/step
Meep progress: 7.132000000000001/9.0 = 79.2% done in 2867.7s, 751.1s to go
on time step 1783 (time=7.132), 1.54888 s/step
Meep progress: 7.144/9.0 = 79.4% done in 2872.4s, 746.2s to go
on time step 1786 (time=7.144), 1.55386 s/step
Meep progress: 7.156000000000001/9.0 = 79.5% done in 2877.0s, 741.4s to go
on time step 1789 (time=7.156), 1.54937 s/step
Meep progress: 7.168/9.0 = 79.6% done in 2881.7s, 736.5s to go
on time step 1792 (time=7.168), 1.55534 s/step
Meep progress: 7.18/9.0 = 79.8% done in 2886.4s, 731.6s to go
on time step 1795 (time=7.18), 1.5526 s/step
Meep progress: 7.192/9.0 = 79.9% done in 2891.0s, 726.8s to go
on time step 1798 (time=7.192), 1.54709 s/step
Meep progress: 7.204/9.0 = 80.0% done in 2895.7s, 721.9s to go
on time step 1801 (time=7.204), 1.55796 s/step
Meep progress: 7.216/9.0 = 80.2% done in 2900.4s, 717.1s to go
on time step 1804 (time=7.216), 1.55626 s/step
Meep progress: 7.228/9.0 = 80.3% done in 2905.0s, 712.2s to go
on time step 1807 (time=7.228), 1.54711 s/step
Meep progress: 7.24/9.0 = 80.4% done in 2909.7s, 707.3s to go
on time step 1810 (time=7.24), 1.55035 s/step
Meep progress: 7.252/9.0 = 80.6% done in 2914.3s, 702.5s to go
on time step 1813 (time=7.252), 1.55403 s/step
Meep progress: 7.264/9.0 = 80.7% done in 2919.0s, 697.6s to go
on time step 1816 (time=7.264), 1.55386 s/step
Meep progress: 7.276/9.0 = 80.8% done in 2923.6s, 692.7s to go
on time step 1819 (time=7.276), 1.54698 s/step
Meep progress: 7.288/9.0 = 81.0% done in 2928.3s, 687.9s to go
on time step 1822 (time=7.288), 1.55672 s/step
Meep progress: 7.3/9.0 = 81.1% done in 2933.0s, 683.0s to go
on time step 1825 (time=7.3), 1.55691 s/step
Meep progress: 7.312/9.0 = 81.2% done in 2937.6s, 678.2s to go
on time step 1828 (time=7.312), 1.55453 s/step
Meep progress: 7.324/9.0 = 81.4% done in 2942.3s, 673.3s to go
on time step 1831 (time=7.324), 1.54635 s/step
Meep progress: 7.336/9.0 = 81.5% done in 2946.9s, 668.4s to go
on time step 1834 (time=7.336), 1.55629 s/step
Meep progress: 7.348/9.0 = 81.6% done in 2951.6s, 663.6s to go
on time step 1837 (time=7.348), 1.55046 s/step
Meep progress: 7.36/9.0 = 81.8% done in 2956.3s, 658.7s to go
on time step 1840 (time=7.36), 1.55751 s/step
Meep progress: 7.372/9.0 = 81.9% done in 2960.9s, 653.9s to go
on time step 1843 (time=7.372), 1.54702 s/step
Meep progress: 7.384/9.0 = 82.0% done in 2965.5s, 649.0s to go
on time step 1846 (time=7.384), 1.55136 s/step
Meep progress: 7.396/9.0 = 82.2% done in 2970.2s, 644.2s to go
on time step 1849 (time=7.396), 1.56681 s/step
Meep progress: 7.408/9.0 = 82.3% done in 2974.9s, 639.3s to go
on time step 1852 (time=7.408), 1.55771 s/step
Meep progress: 7.42/9.0 = 82.4% done in 2979.6s, 634.5s to go
on time step 1855 (time=7.42), 1.54812 s/step
Meep progress: 7.432/9.0 = 82.6% done in 2984.2s, 629.6s to go
on time step 1858 (time=7.432), 1.55247 s/step
Meep progress: 7.444/9.0 = 82.7% done in 2988.9s, 624.8s to go
on time step 1861 (time=7.444), 1.55549 s/step
Meep progress: 7.456/9.0 = 82.8% done in 2993.5s, 619.9s to go
on time step 1864 (time=7.456), 1.55083 s/step
Meep progress: 7.468/9.0 = 83.0% done in 2998.2s, 615.1s to go
on time step 1867 (time=7.468), 1.54868 s/step
Meep progress: 7.48/9.0 = 83.1% done in 3002.8s, 610.2s to go
on time step 1870 (time=7.48), 1.55075 s/step
Meep progress: 7.492/9.0 = 83.2% done in 3007.5s, 605.4s to go
on time step 1873 (time=7.492), 1.55659 s/step
Meep progress: 7.5040000000000004/9.0 = 83.4% done in 3012.2s, 600.5s to go
on time step 1876 (time=7.504), 1.553 s/step
Meep progress: 7.516/9.0 = 83.5% done in 3016.8s, 595.7s to go
on time step 1879 (time=7.516), 1.55319 s/step
Meep progress: 7.5280000000000005/9.0 = 83.6% done in 3021.5s, 590.8s to go
on time step 1882 (time=7.528), 1.5516 s/step
Meep progress: 7.54/9.0 = 83.8% done in 3026.1s, 586.0s to go
on time step 1885 (time=7.54), 1.55188 s/step
Meep progress: 7.5520000000000005/9.0 = 83.9% done in 3030.8s, 581.1s to go
on time step 1888 (time=7.552), 1.55679 s/step
Meep progress: 7.564/9.0 = 84.0% done in 3035.5s, 576.3s to go
on time step 1891 (time=7.564), 1.54646 s/step
Meep progress: 7.5760000000000005/9.0 = 84.2% done in 3040.1s, 571.4s to go
on time step 1894 (time=7.576), 1.55464 s/step
Meep progress: 7.588/9.0 = 84.3% done in 3044.8s, 566.6s to go
on time step 1897 (time=7.588), 1.55042 s/step
Meep progress: 7.6000000000000005/9.0 = 84.4% done in 3049.4s, 561.7s to go
on time step 1900 (time=7.6), 1.55682 s/step
Meep progress: 7.612/9.0 = 84.6% done in 3054.1s, 556.9s to go
on time step 1903 (time=7.612), 1.54432 s/step
Meep progress: 7.6240000000000006/9.0 = 84.7% done in 3058.7s, 552.0s to go
on time step 1906 (time=7.624), 1.55558 s/step
Meep progress: 7.636/9.0 = 84.8% done in 3063.4s, 547.2s to go
on time step 1909 (time=7.636), 1.55569 s/step
Meep progress: 7.648000000000001/9.0 = 85.0% done in 3068.1s, 542.4s to go
on time step 1912 (time=7.648), 1.55154 s/step
Meep progress: 7.66/9.0 = 85.1% done in 3072.7s, 537.5s to go
on time step 1915 (time=7.66), 1.54974 s/step
Meep progress: 7.672000000000001/9.0 = 85.2% done in 3077.4s, 532.7s to go
on time step 1918 (time=7.672), 1.55187 s/step
Meep progress: 7.684/9.0 = 85.4% done in 3082.0s, 527.8s to go
on time step 1921 (time=7.684), 1.55273 s/step
Meep progress: 7.696/9.0 = 85.5% done in 3086.7s, 523.0s to go
on time step 1924 (time=7.696), 1.55198 s/step
Meep progress: 7.708/9.0 = 85.6% done in 3091.3s, 518.2s to go
on time step 1927 (time=7.708), 1.5504 s/step
Meep progress: 7.72/9.0 = 85.8% done in 3096.0s, 513.3s to go
on time step 1930 (time=7.72), 1.55155 s/step
Meep progress: 7.732/9.0 = 85.9% done in 3100.6s, 508.5s to go
on time step 1933 (time=7.732), 1.55247 s/step
Meep progress: 7.744/9.0 = 86.0% done in 3105.3s, 503.6s to go
on time step 1936 (time=7.744), 1.55318 s/step
Meep progress: 7.756/9.0 = 86.2% done in 3109.9s, 498.8s to go
on time step 1939 (time=7.756), 1.54784 s/step
Meep progress: 7.768/9.0 = 86.3% done in 3114.6s, 494.0s to go
on time step 1942 (time=7.768), 1.55249 s/step
Meep progress: 7.78/9.0 = 86.4% done in 3119.3s, 489.1s to go
on time step 1945 (time=7.78), 1.54996 s/step
Meep progress: 7.792/9.0 = 86.6% done in 3123.9s, 484.3s to go
on time step 1948 (time=7.792), 1.55625 s/step
Meep progress: 7.804/9.0 = 86.7% done in 3128.6s, 479.5s to go
on time step 1951 (time=7.804), 1.54643 s/step
Meep progress: 7.816/9.0 = 86.8% done in 3133.2s, 474.6s to go
on time step 1954 (time=7.816), 1.55349 s/step
Meep progress: 7.828/9.0 = 87.0% done in 3137.9s, 469.8s to go
on time step 1957 (time=7.828), 1.55363 s/step
Meep progress: 7.84/9.0 = 87.1% done in 3142.6s, 465.0s to go
on time step 1960 (time=7.84), 1.55719 s/step
Meep progress: 7.852/9.0 = 87.2% done in 3147.2s, 460.1s to go
on time step 1963 (time=7.852), 1.54572 s/step
Meep progress: 7.864/9.0 = 87.4% done in 3151.9s, 455.3s to go
on time step 1966 (time=7.864), 1.55703 s/step
Meep progress: 7.876/9.0 = 87.5% done in 3156.5s, 450.5s to go
on time step 1969 (time=7.876), 1.55361 s/step
Meep progress: 7.888/9.0 = 87.6% done in 3161.2s, 445.6s to go
on time step 1972 (time=7.888), 1.55279 s/step
Meep progress: 7.9/9.0 = 87.8% done in 3165.8s, 440.8s to go
on time step 1975 (time=7.9), 1.55153 s/step
Meep progress: 7.912/9.0 = 87.9% done in 3170.5s, 436.0s to go
on time step 1978 (time=7.912), 1.54966 s/step
Meep progress: 7.924/9.0 = 88.0% done in 3175.1s, 431.2s to go
on time step 1981 (time=7.924), 1.55322 s/step
Meep progress: 7.936/9.0 = 88.2% done in 3179.8s, 426.3s to go
on time step 1984 (time=7.936), 1.55281 s/step
Meep progress: 7.948/9.0 = 88.3% done in 3184.5s, 421.5s to go
on time step 1987 (time=7.948), 1.55277 s/step
Meep progress: 7.96/9.0 = 88.4% done in 3189.1s, 416.7s to go
on time step 1990 (time=7.96), 1.55258 s/step
Meep progress: 7.972/9.0 = 88.6% done in 3193.8s, 411.8s to go
on time step 1993 (time=7.972), 1.55425 s/step
Meep progress: 7.984/9.0 = 88.7% done in 3198.5s, 407.0s to go
on time step 1996 (time=7.984), 1.55618 s/step
Meep progress: 7.996/9.0 = 88.8% done in 3203.1s, 402.2s to go
on time step 1999 (time=7.996), 1.54443 s/step
Meep progress: 8.008000000000001/9.0 = 89.0% done in 3207.7s, 397.4s to go
on time step 2002 (time=8.008), 1.55481 s/step
Meep progress: 8.02/9.0 = 89.1% done in 3212.4s, 392.5s to go
on time step 2005 (time=8.02), 1.55144 s/step
Meep progress: 8.032/9.0 = 89.2% done in 3217.1s, 387.7s to go
on time step 2008 (time=8.032), 1.55549 s/step
Meep progress: 8.044/9.0 = 89.4% done in 3221.7s, 382.9s to go
on time step 2011 (time=8.044), 1.55037 s/step
Meep progress: 8.056000000000001/9.0 = 89.5% done in 3226.4s, 378.1s to go
on time step 2014 (time=8.056), 1.55901 s/step
Meep progress: 8.068/9.0 = 89.6% done in 3231.1s, 373.2s to go
on time step 2017 (time=8.068), 1.55108 s/step
Meep progress: 8.08/9.0 = 89.8% done in 3235.7s, 368.4s to go
on time step 2020 (time=8.08), 1.55622 s/step
Meep progress: 8.092/9.0 = 89.9% done in 3240.4s, 363.6s to go
on time step 2023 (time=8.092), 1.5505 s/step
Meep progress: 8.104000000000001/9.0 = 90.0% done in 3245.0s, 358.8s to go
on time step 2026 (time=8.104), 1.55059 s/step
Meep progress: 8.116/9.0 = 90.2% done in 3249.7s, 354.0s to go
on time step 2029 (time=8.116), 1.55499 s/step
Meep progress: 8.128/9.0 = 90.3% done in 3254.3s, 349.1s to go
on time step 2032 (time=8.128), 1.552 s/step
Meep progress: 8.14/9.0 = 90.4% done in 3259.0s, 344.3s to go
on time step 2035 (time=8.14), 1.54732 s/step
Meep progress: 8.152000000000001/9.0 = 90.6% done in 3263.6s, 339.5s to go
on time step 2038 (time=8.152), 1.55204 s/step
Meep progress: 8.164/9.0 = 90.7% done in 3268.3s, 334.7s to go
on time step 2041 (time=8.164), 1.55307 s/step
Meep progress: 8.176/9.0 = 90.8% done in 3273.0s, 329.9s to go
on time step 2044 (time=8.176), 1.55171 s/step
Meep progress: 8.188/9.0 = 91.0% done in 3277.6s, 325.0s to go
on time step 2047 (time=8.188), 1.55276 s/step
Meep progress: 8.2/9.0 = 91.1% done in 3282.3s, 320.2s to go
on time step 2050 (time=8.2), 1.55262 s/step
Meep progress: 8.212/9.0 = 91.2% done in 3286.9s, 315.4s to go
on time step 2053 (time=8.212), 1.55603 s/step
Meep progress: 8.224/9.0 = 91.4% done in 3291.6s, 310.6s to go
on time step 2056 (time=8.224), 1.55398 s/step
Meep progress: 8.236/9.0 = 91.5% done in 3296.3s, 305.8s to go
on time step 2059 (time=8.236), 1.54845 s/step
Meep progress: 8.248/9.0 = 91.6% done in 3300.9s, 301.0s to go
on time step 2062 (time=8.248), 1.55272 s/step
Meep progress: 8.26/9.0 = 91.8% done in 3305.6s, 296.1s to go
on time step 2065 (time=8.26), 1.55035 s/step
Meep progress: 8.272/9.0 = 91.9% done in 3310.2s, 291.3s to go
on time step 2068 (time=8.272), 1.55708 s/step
Meep progress: 8.284/9.0 = 92.0% done in 3314.9s, 286.5s to go
on time step 2071 (time=8.284), 1.54694 s/step
Meep progress: 8.296/9.0 = 92.2% done in 3319.5s, 281.7s to go
on time step 2074 (time=8.296), 1.55301 s/step
Meep progress: 8.308/9.0 = 92.3% done in 3324.2s, 276.9s to go
on time step 2077 (time=8.308), 1.54959 s/step
Meep progress: 8.32/9.0 = 92.4% done in 3328.9s, 272.1s to go
on time step 2080 (time=8.32), 1.55705 s/step
Meep progress: 8.332/9.0 = 92.6% done in 3333.5s, 267.3s to go
on time step 2083 (time=8.332), 1.54677 s/step
Meep progress: 8.344/9.0 = 92.7% done in 3338.1s, 262.4s to go
on time step 2086 (time=8.344), 1.55185 s/step
Meep progress: 8.356/9.0 = 92.8% done in 3342.8s, 257.6s to go
on time step 2089 (time=8.356), 1.55343 s/step
Meep progress: 8.368/9.0 = 93.0% done in 3347.5s, 252.8s to go
on time step 2092 (time=8.368), 1.55093 s/step
Meep progress: 8.38/9.0 = 93.1% done in 3352.1s, 248.0s to go
on time step 2095 (time=8.38), 1.5488 s/step
Meep progress: 8.392/9.0 = 93.2% done in 3356.8s, 243.2s to go
on time step 2098 (time=8.392), 1.55374 s/step
Meep progress: 8.404/9.0 = 93.4% done in 3361.4s, 238.4s to go
on time step 2101 (time=8.404), 1.55629 s/step
Meep progress: 8.416/9.0 = 93.5% done in 3366.1s, 233.6s to go
on time step 2104 (time=8.416), 1.55333 s/step
Meep progress: 8.428/9.0 = 93.6% done in 3370.8s, 228.8s to go
on time step 2107 (time=8.428), 1.5579 s/step
Meep progress: 8.44/9.0 = 93.8% done in 3375.4s, 224.0s to go
on time step 2110 (time=8.44), 1.5536 s/step
Meep progress: 8.452/9.0 = 93.9% done in 3380.1s, 219.2s to go
on time step 2113 (time=8.452), 1.55003 s/step
Meep progress: 8.464/9.0 = 94.0% done in 3384.8s, 214.3s to go
on time step 2116 (time=8.464), 1.55618 s/step
Meep progress: 8.476/9.0 = 94.2% done in 3389.4s, 209.5s to go
on time step 2119 (time=8.476), 1.54449 s/step
Meep progress: 8.488/9.0 = 94.3% done in 3394.0s, 204.7s to go
on time step 2122 (time=8.488), 1.55094 s/step
Meep progress: 8.5/9.0 = 94.4% done in 3398.7s, 199.9s to go
on time step 2125 (time=8.5), 1.55326 s/step
Meep progress: 8.512/9.0 = 94.6% done in 3403.4s, 195.1s to go
on time step 2128 (time=8.512), 1.55717 s/step
Meep progress: 8.524000000000001/9.0 = 94.7% done in 3408.0s, 190.3s to go
on time step 2131 (time=8.524), 1.54705 s/step
Meep progress: 8.536/9.0 = 94.8% done in 3412.7s, 185.5s to go
on time step 2134 (time=8.536), 1.55294 s/step
Meep progress: 8.548/9.0 = 95.0% done in 3417.3s, 180.7s to go
on time step 2137 (time=8.548), 1.55808 s/step
Meep progress: 8.56/9.0 = 95.1% done in 3422.0s, 175.9s to go
on time step 2140 (time=8.56), 1.5462 s/step
Meep progress: 8.572000000000001/9.0 = 95.2% done in 3426.7s, 171.1s to go
on time step 2143 (time=8.572), 1.55437 s/step
Meep progress: 8.584/9.0 = 95.4% done in 3431.3s, 166.3s to go
on time step 2146 (time=8.584), 1.55237 s/step
Meep progress: 8.596/9.0 = 95.5% done in 3436.0s, 161.5s to go
on time step 2149 (time=8.596), 1.55211 s/step
Meep progress: 8.608/9.0 = 95.6% done in 3440.6s, 156.7s to go
on time step 2152 (time=8.608), 1.55237 s/step
Meep progress: 8.620000000000001/9.0 = 95.8% done in 3445.3s, 151.9s to go
on time step 2155 (time=8.62), 1.5481 s/step
Meep progress: 8.632/9.0 = 95.9% done in 3449.9s, 147.1s to go
on time step 2158 (time=8.632), 1.55257 s/step
Meep progress: 8.644/9.0 = 96.0% done in 3454.6s, 142.3s to go
on time step 2161 (time=8.644), 1.55317 s/step
Meep progress: 8.656/9.0 = 96.2% done in 3459.2s, 137.5s to go
on time step 2164 (time=8.656), 1.55201 s/step
Meep progress: 8.668000000000001/9.0 = 96.3% done in 3463.9s, 132.7s to go
on time step 2167 (time=8.668), 1.54886 s/step
Meep progress: 8.68/9.0 = 96.4% done in 3468.6s, 127.9s to go
on time step 2170 (time=8.68), 1.55255 s/step
Meep progress: 8.692/9.0 = 96.6% done in 3473.2s, 123.1s to go
on time step 2173 (time=8.692), 1.54981 s/step
Meep progress: 8.704/9.0 = 96.7% done in 3477.9s, 118.3s to go
on time step 2176 (time=8.704), 1.55452 s/step
Meep progress: 8.716/9.0 = 96.8% done in 3482.5s, 113.5s to go
on time step 2179 (time=8.716), 1.54752 s/step
Meep progress: 8.728/9.0 = 97.0% done in 3487.2s, 108.7s to go
on time step 2182 (time=8.728), 1.55808 s/step
Meep progress: 8.74/9.0 = 97.1% done in 3491.8s, 103.9s to go
on time step 2185 (time=8.74), 1.55208 s/step
Meep progress: 8.752/9.0 = 97.2% done in 3496.5s, 99.1s to go
on time step 2188 (time=8.752), 1.55869 s/step
Meep progress: 8.764/9.0 = 97.4% done in 3501.1s, 94.3s to go
on time step 2191 (time=8.764), 1.54461 s/step
Meep progress: 8.776/9.0 = 97.5% done in 3505.8s, 89.5s to go
on time step 2194 (time=8.776), 1.55488 s/step
Meep progress: 8.788/9.0 = 97.6% done in 3510.5s, 84.7s to go
on time step 2197 (time=8.788), 1.55519 s/step
Meep progress: 8.8/9.0 = 97.8% done in 3515.1s, 79.9s to go
on time step 2200 (time=8.8), 1.55138 s/step
Meep progress: 8.812/9.0 = 97.9% done in 3519.8s, 75.1s to go
on time step 2203 (time=8.812), 1.55169 s/step
Meep progress: 8.824/9.0 = 98.0% done in 3524.4s, 70.3s to go
on time step 2206 (time=8.824), 1.55215 s/step
Meep progress: 8.836/9.0 = 98.2% done in 3529.1s, 65.5s to go
on time step 2209 (time=8.836), 1.55342 s/step
Meep progress: 8.848/9.0 = 98.3% done in 3533.8s, 60.7s to go
on time step 2212 (time=8.848), 1.55397 s/step
Meep progress: 8.86/9.0 = 98.4% done in 3538.4s, 55.9s to go
on time step 2215 (time=8.86), 1.55011 s/step
Meep progress: 8.872/9.0 = 98.6% done in 3543.1s, 51.1s to go
on time step 2218 (time=8.872), 1.55067 s/step
Meep progress: 8.884/9.0 = 98.7% done in 3547.7s, 46.3s to go
on time step 2221 (time=8.884), 1.55505 s/step
Meep progress: 8.896/9.0 = 98.8% done in 3552.4s, 41.5s to go
on time step 2224 (time=8.896), 1.5568 s/step
Meep progress: 8.908/9.0 = 99.0% done in 3557.0s, 36.7s to go
on time step 2227 (time=8.908), 1.54504 s/step
Meep progress: 8.92/9.0 = 99.1% done in 3561.7s, 31.9s to go
on time step 2230 (time=8.92), 1.5556 s/step
Meep progress: 8.932/9.0 = 99.2% done in 3566.4s, 27.2s to go
on time step 2233 (time=8.932), 1.55023 s/step
Meep progress: 8.944/9.0 = 99.4% done in 3571.1s, 22.4s to go
on time step 2236 (time=8.944), 1.5702 s/step
Meep progress: 8.956/9.0 = 99.5% done in 3575.7s, 17.6s to go
on time step 2239 (time=8.956), 1.54886 s/step
Meep progress: 8.968/9.0 = 99.6% done in 3580.4s, 12.8s to go
on time step 2242 (time=8.968), 1.55613 s/step
Meep progress: 8.98/9.0 = 99.8% done in 3585.0s, 8.0s to go
on time step 2245 (time=8.98), 1.55094 s/step
Meep progress: 8.992/9.0 = 99.9% done in 3589.7s, 3.2s to go
on time step 2248 (time=8.992), 1.55475 s/step
run 0 finished at t = 9.0 (2250 timesteps)


**********


Flux: 3.5193697049639967
Saved Sim6f_Eps_A.png
Saved Sim6f_Ez_A.png
Saved Sim6f_Pwr0_A.png
Saved Sim6f_Pwr1_A.png
Saved Sim6f_Pwr2_A.png
Saved Sim6f_Ez_CS_A.png
Saved Sim6f_Pwr_CS_A.png


**********


Program finished.

Elapsed run time = 3727.2890 s
