Using MPI version 3.1, 15 processes
File prefix: Sim10c
Duration: 16
Resolution: 50
Dimensions: 8 um, 9 um, 9 um
Wavelength: 1.55 um
Fiber thickness: 1 um
Absorber dimensions: 5.9 um, 0.04 um
Absorber center: 0.05 um, 0 um, 0 um
Absorber n: 1.4606, k: 7.55
Absorber compensation for thickness: 10


**********


-----------
Initializing structure...
Halving computational cell along direction z
Splitting into 15 chunks evenly
time for choose_chunkdivision = 0.0732467 s
Working in 3D dimensions.
Computational cell is 8 x 9 x 9 with resolution 50
     cylinder, center = (0,0,0)
          radius 1.5, height 1e+20, axis (1, 0, 0)
          dielectric constant epsilon diagonal = (3.5,3.5,3.5)
     cylinder, center = (0,0,0)
          radius 1, height 1e+20, axis (1, 0, 0)
          dielectric constant epsilon diagonal = (1.444,1.444,1.444)
     cylinder, center = (0,0,0)
          radius 0.5, height 1e+20, axis (1, 0, 0)
          dielectric constant epsilon diagonal = (1.444,1.444,1.444)
time for set_epsilon = 6.15948 s
-----------
    iteration   17: trace = 0.2537354281029212 (0.0941153% change)
    iteration   35: trace = 0.2534163818841995 (4.80062e-06% change)
    iteration   53: trace = 0.2534163751914656 (1.6063e-10% change)
MPB solved for omega_1(0.775268,0,0) = 0.503405 after 54 iters
    iteration   17: trace = 0.4153042405250493 (3.0709e-07% change)
MPB solved for omega_1(1.04566,0,0) = 0.644441 after 27 iters
MPB solved for omega_1(1.04704,0,0) = 0.645161 after 11 iters
MPB solved for omega_1(1.04704,0,0) = 0.645161 after 1 iters
creating output file "./main-eps-000000.00.h5"...
creating output file "./main-pwr.h5"...
Meep progress: 0.01/16.0 = 0.1% done in 47.3s, 75660.2s to go
on time step 1 (time=0.01), 43.7589 s/step
Meep progress: 0.09/16.0 = 0.6% done in 51.7s, 9138.3s to go
on time step 9 (time=0.09), 0.545833 s/step
Meep progress: 0.16/16.0 = 1.0% done in 56.0s, 5541.0s to go
on time step 16 (time=0.16), 0.611352 s/step
Meep progress: 0.24/16.0 = 1.5% done in 60.3s, 3957.1s to go
on time step 24 (time=0.24), 0.535829 s/step
Meep progress: 0.31/16.0 = 1.9% done in 64.6s, 3269.1s to go
on time step 31 (time=0.31), 0.618015 s/step
Meep progress: 0.39/16.0 = 2.4% done in 69.0s, 2760.5s to go
on time step 39 (time=0.39), 0.547279 s/step
Meep progress: 0.46/16.0 = 2.9% done in 73.2s, 2473.9s to go
on time step 46 (time=0.46), 0.609067 s/step
Meep progress: 0.54/16.0 = 3.4% done in 77.5s, 2219.2s to go
on time step 54 (time=0.54), 0.535433 s/step
Meep progress: 0.61/16.0 = 3.8% done in 81.8s, 2063.0s to go
on time step 61 (time=0.61), 0.607414 s/step
Meep progress: 0.6900000000000001/16.0 = 4.3% done in 86.0s, 1908.6s to go
on time step 69 (time=0.69), 0.531333 s/step
Meep progress: 0.76/16.0 = 4.8% done in 90.3s, 1810.6s to go
on time step 76 (time=0.76), 0.609707 s/step
Meep progress: 0.84/16.0 = 5.2% done in 94.6s, 1707.4s to go
on time step 84 (time=0.84), 0.539424 s/step
Meep progress: 0.91/16.0 = 5.7% done in 99.0s, 1641.3s to go
on time step 91 (time=0.91), 0.624638 s/step
Meep progress: 0.99/16.0 = 6.2% done in 103.3s, 1565.7s to go
on time step 99 (time=0.99), 0.536765 s/step
Meep progress: 1.06/16.0 = 6.6% done in 107.6s, 1516.4s to go
on time step 106 (time=1.06), 0.615628 s/step
Meep progress: 1.1400000000000001/16.0 = 7.1% done in 111.9s, 1458.4s to go
on time step 114 (time=1.14), 0.536721 s/step
Meep progress: 1.21/16.0 = 7.6% done in 116.2s, 1420.1s to go
on time step 121 (time=1.21), 0.613584 s/step
Meep progress: 1.29/16.0 = 8.1% done in 120.5s, 1373.8s to go
on time step 129 (time=1.29), 0.536564 s/step
Meep progress: 1.36/16.0 = 8.5% done in 124.7s, 1342.9s to go
on time step 136 (time=1.36), 0.609831 s/step
Meep progress: 1.44/16.0 = 9.0% done in 129.1s, 1305.5s to go
on time step 144 (time=1.44), 0.548402 s/step
Meep progress: 1.51/16.0 = 9.4% done in 133.4s, 1280.3s to go
on time step 151 (time=1.51), 0.612322 s/step
Meep progress: 1.59/16.0 = 9.9% done in 137.7s, 1247.9s to go
on time step 159 (time=1.59), 0.534573 s/step
Meep progress: 1.6600000000000001/16.0 = 10.4% done in 142.0s, 1226.7s to go
on time step 166 (time=1.66), 0.613867 s/step
Meep progress: 1.74/16.0 = 10.9% done in 146.3s, 1199.1s to go
on time step 174 (time=1.74), 0.539635 s/step
Meep progress: 1.81/16.0 = 11.3% done in 150.6s, 1180.8s to go
on time step 181 (time=1.81), 0.615567 s/step
Meep progress: 1.8900000000000001/16.0 = 11.8% done in 155.0s, 1156.9s to go
on time step 189 (time=1.89), 0.542295 s/step
Meep progress: 1.96/16.0 = 12.2% done in 159.3s, 1140.9s to go
on time step 196 (time=1.96), 0.616014 s/step
Meep progress: 2.04/16.0 = 12.8% done in 163.5s, 1119.1s to go
on time step 204 (time=2.04), 0.532563 s/step
Meep progress: 2.11/16.0 = 13.2% done in 167.8s, 1104.9s to go
on time step 211 (time=2.11), 0.615497 s/step
Meep progress: 2.19/16.0 = 13.7% done in 172.1s, 1085.4s to go
on time step 219 (time=2.19), 0.533914 s/step
Meep progress: 2.2600000000000002/16.0 = 14.1% done in 176.5s, 1072.9s to go
on time step 226 (time=2.26), 0.623561 s/step
Meep progress: 2.34/16.0 = 14.6% done in 180.8s, 1055.2s to go
on time step 234 (time=2.34), 0.533568 s/step
Meep progress: 2.41/16.0 = 15.1% done in 185.0s, 1043.3s to go
on time step 241 (time=2.41), 0.607967 s/step
Meep progress: 2.49/16.0 = 15.6% done in 189.3s, 1027.0s to go
on time step 249 (time=2.49), 0.534027 s/step
Meep progress: 2.56/16.0 = 16.0% done in 193.6s, 1016.2s to go
on time step 256 (time=2.56), 0.614032 s/step
Meep progress: 2.64/16.0 = 16.5% done in 197.8s, 1001.2s to go
on time step 264 (time=2.64), 0.529381 s/step
Meep progress: 2.71/16.0 = 16.9% done in 202.2s, 991.5s to go
on time step 271 (time=2.71), 0.617687 s/step
Meep progress: 2.79/16.0 = 17.4% done in 206.6s, 978.3s to go
on time step 279 (time=2.79), 0.554576 s/step
Meep progress: 2.86/16.0 = 17.9% done in 210.9s, 968.8s to go
on time step 286 (time=2.86), 0.608933 s/step
Meep progress: 2.94/16.0 = 18.4% done in 215.2s, 956.0s to go
on time step 294 (time=2.94), 0.539765 s/step
Meep progress: 3.0100000000000002/16.0 = 18.8% done in 219.6s, 947.5s to go
on time step 301 (time=3.01), 0.623332 s/step
Meep progress: 3.09/16.0 = 19.3% done in 223.8s, 935.1s to go
on time step 309 (time=3.09), 0.53323 s/step
Meep progress: 3.16/16.0 = 19.8% done in 228.1s, 926.9s to go
on time step 316 (time=3.16), 0.613204 s/step
Meep progress: 3.24/16.0 = 20.2% done in 232.4s, 915.3s to go
on time step 324 (time=3.24), 0.534204 s/step
Meep progress: 3.31/16.0 = 20.7% done in 236.7s, 907.4s to go
on time step 331 (time=3.31), 0.613852 s/step
Meep progress: 3.39/16.0 = 21.2% done in 241.0s, 896.3s to go
on time step 339 (time=3.39), 0.531898 s/step
Meep progress: 3.46/16.0 = 21.6% done in 245.2s, 888.8s to go
on time step 346 (time=3.46), 0.611317 s/step
Meep progress: 3.54/16.0 = 22.1% done in 249.5s, 878.3s to go
on time step 354 (time=3.54), 0.535872 s/step
Meep progress: 3.61/16.0 = 22.6% done in 253.8s, 871.1s to go
on time step 361 (time=3.61), 0.614123 s/step
Meep progress: 3.69/16.0 = 23.1% done in 258.1s, 861.1s to go
on time step 369 (time=3.69), 0.537875 s/step
Meep progress: 3.7600000000000002/16.0 = 23.5% done in 262.4s, 854.2s to go
on time step 376 (time=3.76), 0.609608 s/step
Meep progress: 3.84/16.0 = 24.0% done in 266.7s, 844.5s to go
on time step 384 (time=3.84), 0.535722 s/step
Meep progress: 3.91/16.0 = 24.4% done in 271.0s, 837.8s to go
on time step 391 (time=3.91), 0.611602 s/step
Meep progress: 3.99/16.0 = 24.9% done in 275.3s, 828.6s to go
on time step 399 (time=3.99), 0.540875 s/step
Meep progress: 4.0600000000000005/16.0 = 25.4% done in 279.8s, 822.8s to go
on time step 406 (time=4.06), 0.641039 s/step
Meep progress: 4.14/16.0 = 25.9% done in 284.1s, 813.8s to go
on time step 414 (time=4.14), 0.535699 s/step
Meep progress: 4.21/16.0 = 26.3% done in 288.3s, 807.4s to go
on time step 421 (time=4.21), 0.608905 s/step
Meep progress: 4.29/16.0 = 26.8% done in 292.6s, 798.7s to go
on time step 429 (time=4.29), 0.532507 s/step
Meep progress: 4.36/16.0 = 27.2% done in 297.0s, 792.9s to go
on time step 436 (time=4.36), 0.627653 s/step
Meep progress: 4.44/16.0 = 27.8% done in 301.3s, 784.4s to go
on time step 444 (time=4.44), 0.535342 s/step
Meep progress: 4.51/16.0 = 28.2% done in 305.5s, 778.4s to go
on time step 451 (time=4.51), 0.609458 s/step
Meep progress: 4.59/16.0 = 28.7% done in 309.8s, 770.1s to go
on time step 459 (time=4.59), 0.53377 s/step
Meep progress: 4.66/16.0 = 29.1% done in 314.1s, 764.3s to go
on time step 466 (time=4.66), 0.608397 s/step
Meep progress: 4.74/16.0 = 29.6% done in 318.4s, 756.3s to go
on time step 474 (time=4.74), 0.538869 s/step
Meep progress: 4.8100000000000005/16.0 = 30.1% done in 322.7s, 750.6s to go
on time step 481 (time=4.81), 0.611463 s/step
Meep progress: 4.89/16.0 = 30.6% done in 327.0s, 742.8s to go
on time step 489 (time=4.89), 0.536195 s/step
Meep progress: 4.96/16.0 = 31.0% done in 331.2s, 737.3s to go
on time step 496 (time=4.96), 0.611789 s/step
Meep progress: 5.04/16.0 = 31.5% done in 335.5s, 729.6s to go
on time step 504 (time=5.04), 0.536202 s/step
Meep progress: 5.11/16.0 = 31.9% done in 339.8s, 724.2s to go
on time step 511 (time=5.11), 0.614808 s/step
Meep progress: 5.19/16.0 = 32.4% done in 344.1s, 716.7s to go
on time step 519 (time=5.19), 0.533056 s/step
Meep progress: 5.26/16.0 = 32.9% done in 348.4s, 711.3s to go
on time step 526 (time=5.26), 0.610468 s/step
Meep progress: 5.34/16.0 = 33.4% done in 352.7s, 704.0s to go
on time step 534 (time=5.34), 0.540148 s/step
Meep progress: 5.41/16.0 = 33.8% done in 356.9s, 698.7s to go
on time step 541 (time=5.41), 0.609131 s/step
Meep progress: 5.49/16.0 = 34.3% done in 361.2s, 691.5s to go
on time step 549 (time=5.49), 0.53025 s/step
Meep progress: 5.5600000000000005/16.0 = 34.8% done in 365.5s, 686.3s to go
on time step 556 (time=5.56), 0.614826 s/step
Meep progress: 5.64/16.0 = 35.2% done in 369.8s, 679.3s to go
on time step 564 (time=5.64), 0.535986 s/step
Meep progress: 5.71/16.0 = 35.7% done in 374.1s, 674.2s to go
on time step 571 (time=5.71), 0.611301 s/step
Meep progress: 5.79/16.0 = 36.2% done in 378.4s, 667.3s to go
on time step 579 (time=5.79), 0.539451 s/step
Meep progress: 5.86/16.0 = 36.6% done in 382.7s, 662.2s to go
on time step 586 (time=5.86), 0.611252 s/step
Meep progress: 5.94/16.0 = 37.1% done in 387.0s, 655.4s to go
on time step 594 (time=5.94), 0.536201 s/step
Meep progress: 6.01/16.0 = 37.6% done in 391.2s, 650.3s to go
on time step 601 (time=6.01), 0.607296 s/step
Meep progress: 6.09/16.0 = 38.1% done in 395.5s, 643.6s to go
on time step 609 (time=6.09), 0.536974 s/step
Meep progress: 6.16/16.0 = 38.5% done in 399.8s, 638.7s to go
on time step 616 (time=6.16), 0.613502 s/step
Meep progress: 6.24/16.0 = 39.0% done in 404.1s, 632.1s to go
on time step 624 (time=6.24), 0.535625 s/step
Meep progress: 6.3100000000000005/16.0 = 39.4% done in 408.4s, 627.1s to go
on time step 631 (time=6.31), 0.609544 s/step
Meep progress: 6.390000000000001/16.0 = 39.9% done in 412.7s, 620.6s to go
on time step 639 (time=6.39), 0.536874 s/step
Meep progress: 6.46/16.0 = 40.4% done in 417.0s, 615.8s to go
on time step 646 (time=6.46), 0.613174 s/step
Meep progress: 6.54/16.0 = 40.9% done in 421.3s, 609.3s to go
on time step 654 (time=6.54), 0.535993 s/step
Meep progress: 6.61/16.0 = 41.3% done in 425.6s, 604.5s to go
on time step 661 (time=6.61), 0.614694 s/step
Meep progress: 6.69/16.0 = 41.8% done in 429.8s, 598.2s to go
on time step 669 (time=6.69), 0.533783 s/step
Meep progress: 6.76/16.0 = 42.2% done in 434.1s, 593.4s to go
on time step 676 (time=6.76), 0.611251 s/step
Meep progress: 6.84/16.0 = 42.8% done in 438.4s, 587.1s to go
on time step 684 (time=6.84), 0.535285 s/step
Meep progress: 6.91/16.0 = 43.2% done in 442.9s, 582.6s to go
on time step 691 (time=6.91), 0.644017 s/step
Meep progress: 6.99/16.0 = 43.7% done in 447.2s, 576.4s to go
on time step 699 (time=6.99), 0.532088 s/step
Meep progress: 7.0600000000000005/16.0 = 44.1% done in 451.4s, 571.6s to go
on time step 706 (time=7.06), 0.610317 s/step
Meep progress: 7.140000000000001/16.0 = 44.6% done in 455.7s, 565.5s to go
on time step 714 (time=7.14), 0.536571 s/step
Meep progress: 7.21/16.0 = 45.1% done in 460.0s, 560.9s to go
on time step 721 (time=7.21), 0.61688 s/step
Meep progress: 7.29/16.0 = 45.6% done in 464.3s, 554.8s to go
on time step 729 (time=7.29), 0.533722 s/step
Meep progress: 7.36/16.0 = 46.0% done in 468.6s, 550.1s to go
on time step 736 (time=7.36), 0.614767 s/step
Meep progress: 7.44/16.0 = 46.5% done in 472.9s, 544.1s to go
on time step 744 (time=7.44), 0.531132 s/step
Meep progress: 7.51/16.0 = 46.9% done in 477.1s, 539.4s to go
on time step 751 (time=7.51), 0.609691 s/step
Meep progress: 7.59/16.0 = 47.4% done in 481.4s, 533.4s to go
on time step 759 (time=7.59), 0.530795 s/step
Meep progress: 7.66/16.0 = 47.9% done in 485.7s, 528.8s to go
on time step 766 (time=7.66), 0.612013 s/step
Meep progress: 7.74/16.0 = 48.4% done in 490.0s, 522.9s to go
on time step 774 (time=7.74), 0.533543 s/step
Meep progress: 7.8100000000000005/16.0 = 48.8% done in 494.3s, 518.4s to go
on time step 781 (time=7.81), 0.623105 s/step
Meep progress: 7.890000000000001/16.0 = 49.3% done in 498.6s, 512.5s to go
on time step 789 (time=7.89), 0.53262 s/step
Meep progress: 7.96/16.0 = 49.8% done in 502.8s, 507.9s to go
on time step 796 (time=7.96), 0.609962 s/step
Meep progress: 8.040000000000001/16.0 = 50.3% done in 507.3s, 502.2s to go
on time step 804 (time=8.04), 0.555639 s/step
Meep progress: 8.11/16.0 = 50.7% done in 511.6s, 497.7s to go
on time step 811 (time=8.11), 0.613992 s/step
Meep progress: 8.19/16.0 = 51.2% done in 515.9s, 491.9s to go
on time step 819 (time=8.19), 0.534511 s/step
Meep progress: 8.26/16.0 = 51.6% done in 520.2s, 487.4s to go
on time step 826 (time=8.26), 0.61239 s/step
Meep progress: 8.34/16.0 = 52.1% done in 524.4s, 481.7s to go
on time step 834 (time=8.34), 0.532606 s/step
Meep progress: 8.41/16.0 = 52.6% done in 528.7s, 477.2s to go
on time step 841 (time=8.41), 0.614477 s/step
Meep progress: 8.49/16.0 = 53.1% done in 533.0s, 471.5s to go
on time step 849 (time=8.49), 0.53443 s/step
Meep progress: 8.56/16.0 = 53.5% done in 537.3s, 467.0s to go
on time step 856 (time=8.56), 0.615829 s/step
Meep progress: 8.64/16.0 = 54.0% done in 541.6s, 461.3s to go
on time step 864 (time=8.64), 0.530508 s/step
Meep progress: 8.71/16.0 = 54.4% done in 545.9s, 456.9s to go
on time step 871 (time=8.71), 0.617414 s/step
Meep progress: 8.790000000000001/16.0 = 54.9% done in 550.2s, 451.3s to go
on time step 879 (time=8.79), 0.533947 s/step
Meep progress: 8.86/16.0 = 55.4% done in 554.4s, 446.8s to go
on time step 886 (time=8.86), 0.612469 s/step
Meep progress: 8.94/16.0 = 55.9% done in 558.7s, 441.2s to go
on time step 894 (time=8.94), 0.533292 s/step
Meep progress: 9.01/16.0 = 56.3% done in 563.0s, 436.8s to go
on time step 901 (time=9.01), 0.610103 s/step
Meep progress: 9.09/16.0 = 56.8% done in 567.3s, 431.2s to go
on time step 909 (time=9.09), 0.535113 s/step
Meep progress: 9.16/16.0 = 57.2% done in 571.6s, 426.8s to go
on time step 916 (time=9.16), 0.616373 s/step
Meep progress: 9.24/16.0 = 57.8% done in 576.0s, 421.4s to go
on time step 924 (time=9.24), 0.55091 s/step
Meep progress: 9.31/16.0 = 58.2% done in 580.2s, 416.9s to go
on time step 931 (time=9.31), 0.608306 s/step
Meep progress: 9.39/16.0 = 58.7% done in 584.5s, 411.5s to go
on time step 939 (time=9.39), 0.529275 s/step
Meep progress: 9.46/16.0 = 59.1% done in 588.8s, 407.0s to go
on time step 946 (time=9.46), 0.609349 s/step
Meep progress: 9.540000000000001/16.0 = 59.6% done in 593.1s, 401.6s to go
on time step 954 (time=9.54), 0.536931 s/step
Meep progress: 9.61/16.0 = 60.1% done in 597.4s, 397.2s to go
on time step 961 (time=9.61), 0.613547 s/step
Meep progress: 9.69/16.0 = 60.6% done in 601.7s, 391.8s to go
on time step 969 (time=9.69), 0.539935 s/step
Meep progress: 9.76/16.0 = 61.0% done in 605.9s, 387.4s to go
on time step 976 (time=9.76), 0.605897 s/step
Meep progress: 9.84/16.0 = 61.5% done in 610.2s, 382.0s to go
on time step 984 (time=9.84), 0.53285 s/step
Meep progress: 9.91/16.0 = 61.9% done in 614.5s, 377.6s to go
on time step 991 (time=9.91), 0.615161 s/step
Meep progress: 9.99/16.0 = 62.4% done in 618.8s, 372.2s to go
on time step 999 (time=9.99), 0.534731 s/step
Meep progress: 10.06/16.0 = 62.9% done in 623.0s, 367.9s to go
on time step 1006 (time=10.06), 0.610025 s/step
Meep progress: 10.14/16.0 = 63.4% done in 627.3s, 362.5s to go
on time step 1014 (time=10.14), 0.537398 s/step
Meep progress: 10.21/16.0 = 63.8% done in 631.6s, 358.2s to go
on time step 1021 (time=10.21), 0.604532 s/step
Meep progress: 10.290000000000001/16.0 = 64.3% done in 635.9s, 352.9s to go
on time step 1029 (time=10.29), 0.541158 s/step
Meep progress: 10.36/16.0 = 64.8% done in 640.2s, 348.5s to go
on time step 1036 (time=10.36), 0.615001 s/step
Meep progress: 10.44/16.0 = 65.2% done in 644.5s, 343.2s to go
on time step 1044 (time=10.44), 0.538631 s/step
Meep progress: 10.51/16.0 = 65.7% done in 648.8s, 338.9s to go
on time step 1051 (time=10.51), 0.610492 s/step
Meep progress: 10.59/16.0 = 66.2% done in 653.0s, 333.6s to go
on time step 1059 (time=10.59), 0.531233 s/step
Meep progress: 10.66/16.0 = 66.6% done in 657.3s, 329.3s to go
on time step 1066 (time=10.66), 0.613983 s/step
Meep progress: 10.74/16.0 = 67.1% done in 661.6s, 324.0s to go
on time step 1074 (time=10.74), 0.534975 s/step
Meep progress: 10.81/16.0 = 67.6% done in 666.1s, 319.8s to go
on time step 1081 (time=10.81), 0.632422 s/step
Meep progress: 10.89/16.0 = 68.1% done in 670.3s, 314.5s to go
on time step 1089 (time=10.89), 0.531906 s/step
Meep progress: 10.96/16.0 = 68.5% done in 674.6s, 310.2s to go
on time step 1096 (time=10.96), 0.612417 s/step
Meep progress: 11.040000000000001/16.0 = 69.0% done in 678.8s, 305.0s to go
on time step 1104 (time=11.04), 0.531813 s/step
Meep progress: 11.11/16.0 = 69.4% done in 683.1s, 300.7s to go
on time step 1111 (time=11.11), 0.606457 s/step
Meep progress: 11.19/16.0 = 69.9% done in 687.4s, 295.5s to go
on time step 1119 (time=11.19), 0.543281 s/step
Meep progress: 11.26/16.0 = 70.4% done in 691.7s, 291.2s to go
on time step 1126 (time=11.26), 0.607284 s/step
Meep progress: 11.34/16.0 = 70.9% done in 696.0s, 286.0s to go
on time step 1134 (time=11.34), 0.53228 s/step
Meep progress: 11.41/16.0 = 71.3% done in 700.2s, 281.7s to go
on time step 1141 (time=11.41), 0.611426 s/step
Meep progress: 11.49/16.0 = 71.8% done in 704.5s, 276.5s to go
on time step 1149 (time=11.49), 0.536255 s/step
Meep progress: 11.56/16.0 = 72.2% done in 708.9s, 272.3s to go
on time step 1156 (time=11.56), 0.619318 s/step
Meep progress: 11.64/16.0 = 72.8% done in 713.1s, 267.1s to go
on time step 1164 (time=11.64), 0.535314 s/step
Meep progress: 11.71/16.0 = 73.2% done in 717.4s, 262.8s to go
on time step 1171 (time=11.71), 0.608324 s/step
Meep progress: 11.790000000000001/16.0 = 73.7% done in 721.7s, 257.7s to go
on time step 1179 (time=11.79), 0.537264 s/step
Meep progress: 11.86/16.0 = 74.1% done in 726.0s, 253.4s to go
on time step 1186 (time=11.86), 0.604711 s/step
Meep progress: 11.94/16.0 = 74.6% done in 730.2s, 248.3s to go
on time step 1194 (time=11.94), 0.530873 s/step
Meep progress: 12.01/16.0 = 75.1% done in 734.6s, 244.1s to go
on time step 1201 (time=12.01), 0.63338 s/step
Meep progress: 12.09/16.0 = 75.6% done in 738.9s, 239.0s to go
on time step 1209 (time=12.09), 0.534956 s/step
Meep progress: 12.16/16.0 = 76.0% done in 743.2s, 234.7s to go
on time step 1216 (time=12.16), 0.607859 s/step
Meep progress: 12.24/16.0 = 76.5% done in 747.6s, 229.6s to go
on time step 1224 (time=12.24), 0.547134 s/step
Meep progress: 12.31/16.0 = 76.9% done in 751.8s, 225.4s to go
on time step 1231 (time=12.31), 0.604854 s/step
Meep progress: 12.39/16.0 = 77.4% done in 756.1s, 220.3s to go
on time step 1239 (time=12.39), 0.541406 s/step
Meep progress: 12.46/16.0 = 77.9% done in 760.4s, 216.0s to go
on time step 1246 (time=12.46), 0.60975 s/step
Meep progress: 12.540000000000001/16.0 = 78.4% done in 764.7s, 211.0s to go
on time step 1254 (time=12.54), 0.53691 s/step
Meep progress: 12.6/16.0 = 78.8% done in 768.8s, 207.4s to go
on time step 1260 (time=12.6), 0.67724 s/step
Meep progress: 12.67/16.0 = 79.2% done in 772.8s, 203.1s to go
on time step 1267 (time=12.67), 0.573678 s/step
Meep progress: 12.75/16.0 = 79.7% done in 777.5s, 198.2s to go
on time step 1275 (time=12.75), 0.589457 s/step
Meep progress: 12.83/16.0 = 80.2% done in 781.8s, 193.2s to go
on time step 1283 (time=12.83), 0.539124 s/step
Meep progress: 12.9/16.0 = 80.6% done in 786.2s, 188.9s to go
on time step 1290 (time=12.9), 0.62482 s/step
Meep progress: 12.98/16.0 = 81.1% done in 790.5s, 183.9s to go
on time step 1298 (time=12.98), 0.540214 s/step
Meep progress: 13.05/16.0 = 81.6% done in 794.8s, 179.7s to go
on time step 1305 (time=13.05), 0.605162 s/step
Meep progress: 13.13/16.0 = 82.1% done in 799.1s, 174.7s to go
on time step 1313 (time=13.13), 0.538996 s/step
Meep progress: 13.200000000000001/16.0 = 82.5% done in 803.4s, 170.4s to go
on time step 1320 (time=13.2), 0.618296 s/step
Meep progress: 13.280000000000001/16.0 = 83.0% done in 807.8s, 165.5s to go
on time step 1328 (time=13.28), 0.551966 s/step
Meep progress: 13.35/16.0 = 83.4% done in 812.0s, 161.2s to go
on time step 1335 (time=13.35), 0.60273 s/step
Meep progress: 13.43/16.0 = 83.9% done in 816.4s, 156.2s to go
on time step 1343 (time=13.43), 0.543755 s/step
Meep progress: 13.5/16.0 = 84.4% done in 820.7s, 152.0s to go
on time step 1350 (time=13.5), 0.618943 s/step
Meep progress: 13.58/16.0 = 84.9% done in 824.9s, 147.0s to go
on time step 1358 (time=13.58), 0.526939 s/step
Meep progress: 13.65/16.0 = 85.3% done in 829.2s, 142.8s to go
on time step 1365 (time=13.65), 0.613194 s/step
Meep progress: 13.73/16.0 = 85.8% done in 833.6s, 137.8s to go
on time step 1373 (time=13.73), 0.546135 s/step
Meep progress: 13.8/16.0 = 86.2% done in 837.9s, 133.6s to go
on time step 1380 (time=13.8), 0.610597 s/step
Meep progress: 13.88/16.0 = 86.8% done in 842.1s, 128.6s to go
on time step 1388 (time=13.88), 0.532331 s/step
Meep progress: 13.950000000000001/16.0 = 87.2% done in 846.4s, 124.4s to go
on time step 1395 (time=13.95), 0.608036 s/step
Meep progress: 14.030000000000001/16.0 = 87.7% done in 850.7s, 119.5s to go
on time step 1403 (time=14.03), 0.539228 s/step
Meep progress: 14.1/16.0 = 88.1% done in 854.9s, 115.2s to go
on time step 1410 (time=14.1), 0.604637 s/step
Meep progress: 14.18/16.0 = 88.6% done in 859.3s, 110.3s to go
on time step 1418 (time=14.18), 0.540239 s/step
Meep progress: 14.25/16.0 = 89.1% done in 863.5s, 106.0s to go
on time step 1425 (time=14.25), 0.607148 s/step
Meep progress: 14.33/16.0 = 89.6% done in 867.9s, 101.1s to go
on time step 1433 (time=14.33), 0.544277 s/step
Meep progress: 14.4/16.0 = 90.0% done in 872.1s, 96.9s to go
on time step 1440 (time=14.4), 0.601322 s/step
Meep progress: 14.48/16.0 = 90.5% done in 876.5s, 92.0s to go
on time step 1448 (time=14.48), 0.545988 s/step
Meep progress: 14.55/16.0 = 90.9% done in 880.7s, 87.8s to go
on time step 1455 (time=14.55), 0.605086 s/step
Meep progress: 14.63/16.0 = 91.4% done in 885.0s, 82.9s to go
on time step 1463 (time=14.63), 0.540428 s/step
Meep progress: 14.700000000000001/16.0 = 91.9% done in 889.3s, 78.6s to go
on time step 1470 (time=14.7), 0.618946 s/step
Meep progress: 14.77/16.0 = 92.3% done in 893.4s, 74.4s to go
on time step 1477 (time=14.77), 0.580362 s/step
Meep progress: 14.85/16.0 = 92.8% done in 898.2s, 69.6s to go
on time step 1485 (time=14.85), 0.598549 s/step
Meep progress: 14.93/16.0 = 93.3% done in 902.5s, 64.7s to go
on time step 1493 (time=14.93), 0.538802 s/step
Meep progress: 15.0/16.0 = 93.8% done in 906.7s, 60.4s to go
on time step 1500 (time=15), 0.603027 s/step
Meep progress: 15.08/16.0 = 94.2% done in 911.0s, 55.6s to go
on time step 1508 (time=15.08), 0.539713 s/step
Meep progress: 15.15/16.0 = 94.7% done in 915.3s, 51.4s to go
on time step 1515 (time=15.15), 0.604449 s/step
Meep progress: 15.22/16.0 = 95.1% done in 919.4s, 47.1s to go
on time step 1522 (time=15.22), 0.59155 s/step
Meep progress: 15.3/16.0 = 95.6% done in 924.1s, 42.3s to go
on time step 1530 (time=15.3), 0.583521 s/step
Meep progress: 15.38/16.0 = 96.1% done in 928.4s, 37.4s to go
on time step 1538 (time=15.38), 0.539101 s/step
Meep progress: 15.450000000000001/16.0 = 96.6% done in 932.6s, 33.2s to go
on time step 1545 (time=15.45), 0.603012 s/step
Meep progress: 15.530000000000001/16.0 = 97.1% done in 937.0s, 28.4s to go
on time step 1553 (time=15.53), 0.541393 s/step
Meep progress: 15.6/16.0 = 97.5% done in 941.2s, 24.1s to go
on time step 1560 (time=15.6), 0.603725 s/step
Meep progress: 15.68/16.0 = 98.0% done in 945.5s, 19.3s to go
on time step 1568 (time=15.68), 0.538803 s/step
Meep progress: 15.75/16.0 = 98.4% done in 949.7s, 15.1s to go
on time step 1575 (time=15.75), 0.603688 s/step
Meep progress: 15.83/16.0 = 98.9% done in 954.1s, 10.2s to go
on time step 1583 (time=15.83), 0.542606 s/step
Meep progress: 15.9/16.0 = 99.4% done in 958.5s, 6.0s to go
on time step 1590 (time=15.9), 0.631424 s/step
Meep progress: 15.98/16.0 = 99.9% done in 962.8s, 1.2s to go
on time step 1598 (time=15.98), 0.540773 s/step
run 0 finished at t = 16.0 (1600 timesteps)


**********


Flux: 0.9250261022273589
Icon theme "gnome" not found.
Saved Sim10c_Eps_A.png
Saved Sim10c_Ez_A.png
Saved Sim10c_Pwr0_A.png
Saved Sim10c_Pwr1_A.png
Icon theme "gnome" not found.
Icon theme "gnome" not found.
Icon theme "gnome" not found.
Icon theme "gnome" not found.
Icon theme "gnome" not found.
Icon theme "gnome" not found.
Icon theme "gnome" not found.
Icon theme "gnome" not found.
Icon theme "gnome" not found.
Icon theme "gnome" not found.
Icon theme "gnome" not found.
Icon theme "gnome" not found.
Icon theme "gnome" not found.
Icon theme "gnome" not found.
Saved Sim10c_Pwr2_A.png
Saved Sim10c_Ez_CS_A.png


**********


-----------
Initializing structure...
Halving computational cell along direction z
Splitting into 15 chunks evenly
time for choose_chunkdivision = 0.0670748 s
Working in 3D dimensions.
Computational cell is 8 x 9 x 9 with resolution 50
     cylinder, center = (0,0,0)
          radius 1.5, height 1e+20, axis (1, 0, 0)
          dielectric constant epsilon diagonal = (3.5,3.5,3.5)
     cylinder, center = (0,0,0)
          radius 1, height 1e+20, axis (1, 0, 0)
          dielectric constant epsilon diagonal = (1.444,1.444,1.444)
     cylinder, center = (0.05,0,0)
          radius 0.54, height 5.9, axis (1, 0, 0)
          dielectric constant epsilon diagonal = (1.4606,1.4606,1.4606)
     cylinder, center = (0,0,0)
          radius 0.5, height 1e+20, axis (1, 0, 0)
          dielectric constant epsilon diagonal = (1.444,1.444,1.444)
time for set_epsilon = 1.05855 s
time for set_conductivity = 0.0876037 s
time for set_conductivity = 0.0832458 s
time for set_conductivity = 0.0867637 s
-----------
    iteration   17: trace = 0.2541362075518645 (0.00413539% change)
    iteration   34: trace = 0.2540442201971451 (9.04666e-09% change)
MPB solved for omega_1(0.775268,0,0) = 0.504028 after 45 iters
    iteration   17: trace = 0.4152816985111775 (4.14407e-10% change)
MPB solved for omega_1(1.04434,0,0) = 0.644424 after 18 iters
MPB solved for omega_1(1.04576,0,0) = 0.645161 after 12 iters
MPB solved for omega_1(1.04576,0,0) = 0.645161 after 1 iters
creating output file "./main-eps-000000.00.h5"...
creating output file "./main-pwr.h5"...
Meep progress: 0.0/16.0 = 0.0% done in 4.1s, 0.0s to go
Meep progress: 0.01/16.0 = 0.1% done in 47.3s, 75564.9s to go
on time step 1 (time=0.01), 43.139 s/step
Meep progress: 0.09/16.0 = 0.6% done in 51.7s, 9136.2s to go
on time step 9 (time=0.09), 0.553231 s/step
Meep progress: 0.16/16.0 = 1.0% done in 56.0s, 5545.0s to go
on time step 16 (time=0.16), 0.617865 s/step
Meep progress: 0.24/16.0 = 1.5% done in 60.3s, 3956.7s to go
on time step 24 (time=0.24), 0.52686 s/step
Meep progress: 0.31/16.0 = 1.9% done in 64.6s, 3268.7s to go
on time step 31 (time=0.31), 0.618399 s/step
Meep progress: 0.39/16.0 = 2.4% done in 69.0s, 2759.9s to go
on time step 39 (time=0.39), 0.545941 s/step
Meep progress: 0.46/16.0 = 2.9% done in 73.2s, 2474.2s to go
on time step 46 (time=0.46), 0.611756 s/step
Meep progress: 0.54/16.0 = 3.4% done in 77.6s, 2221.2s to go
on time step 54 (time=0.54), 0.546276 s/step
Meep progress: 0.61/16.0 = 3.8% done in 81.9s, 2066.1s to go
on time step 61 (time=0.61), 0.610092 s/step
Meep progress: 0.6900000000000001/16.0 = 4.3% done in 86.2s, 1911.7s to go
on time step 69 (time=0.69), 0.533033 s/step
Meep progress: 0.76/16.0 = 4.8% done in 90.6s, 1816.8s to go
on time step 76 (time=0.76), 0.634866 s/step
Meep progress: 0.84/16.0 = 5.2% done in 94.9s, 1712.3s to go
on time step 84 (time=0.84), 0.534067 s/step
Meep progress: 0.91/16.0 = 5.7% done in 99.2s, 1644.4s to go
on time step 91 (time=0.91), 0.612852 s/step
Meep progress: 0.99/16.0 = 6.2% done in 103.5s, 1568.7s to go
on time step 99 (time=0.99), 0.537311 s/step
Meep progress: 1.06/16.0 = 6.6% done in 107.7s, 1518.5s to go
on time step 106 (time=1.06), 0.611295 s/step
Meep progress: 1.1400000000000001/16.0 = 7.1% done in 112.1s, 1461.1s to go
on time step 114 (time=1.14), 0.542045 s/step
Meep progress: 1.21/16.0 = 7.6% done in 116.4s, 1422.4s to go
on time step 121 (time=1.21), 0.611537 s/step
Meep progress: 1.29/16.0 = 8.1% done in 120.8s, 1377.2s to go
on time step 129 (time=1.29), 0.550484 s/step
Meep progress: 1.35/16.0 = 8.4% done in 125.0s, 1356.0s to go
on time step 135 (time=1.35), 0.697057 s/step
Meep progress: 1.43/16.0 = 8.9% done in 129.4s, 1318.0s to go
on time step 143 (time=1.43), 0.551516 s/step
Meep progress: 1.5/16.0 = 9.4% done in 133.6s, 1291.5s to go
on time step 150 (time=1.5), 0.605426 s/step
Meep progress: 1.58/16.0 = 9.9% done in 137.9s, 1258.8s to go
on time step 158 (time=1.58), 0.540571 s/step
Meep progress: 1.6500000000000001/16.0 = 10.3% done in 142.2s, 1236.6s to go
on time step 165 (time=1.65), 0.60713 s/step
Meep progress: 1.73/16.0 = 10.8% done in 146.5s, 1208.2s to go
on time step 173 (time=1.73), 0.536016 s/step
Meep progress: 1.8/16.0 = 11.2% done in 150.8s, 1189.5s to go
on time step 180 (time=1.8), 0.614535 s/step
Meep progress: 1.8800000000000001/16.0 = 11.8% done in 155.1s, 1164.8s to go
on time step 188 (time=1.88), 0.538228 s/step
Meep progress: 1.95/16.0 = 12.2% done in 159.3s, 1148.0s to go
on time step 195 (time=1.95), 0.605826 s/step
Meep progress: 2.0300000000000002/16.0 = 12.7% done in 163.6s, 1126.1s to go
on time step 203 (time=2.03), 0.538807 s/step
Meep progress: 2.1/16.0 = 13.1% done in 167.9s, 1111.1s to go
on time step 210 (time=2.1), 0.60446 s/step
Meep progress: 2.18/16.0 = 13.6% done in 172.2s, 1091.8s to go
on time step 218 (time=2.18), 0.544063 s/step
Meep progress: 2.25/16.0 = 14.1% done in 176.4s, 1078.2s to go
on time step 225 (time=2.25), 0.602361 s/step
Meep progress: 2.33/16.0 = 14.6% done in 180.8s, 1060.6s to go
on time step 233 (time=2.33), 0.541853 s/step
Meep progress: 2.4/16.0 = 15.0% done in 185.0s, 1048.5s to go
on time step 240 (time=2.4), 0.607031 s/step
Meep progress: 2.48/16.0 = 15.5% done in 189.4s, 1032.4s to go
on time step 248 (time=2.48), 0.54461 s/step
Meep progress: 2.5500000000000003/16.0 = 15.9% done in 193.6s, 1021.2s to go
on time step 255 (time=2.55), 0.604272 s/step
Meep progress: 2.63/16.0 = 16.4% done in 197.9s, 1006.2s to go
on time step 263 (time=2.63), 0.540742 s/step
Meep progress: 2.7/16.0 = 16.9% done in 202.3s, 996.3s to go
on time step 270 (time=2.7), 0.616749 s/step
Meep progress: 2.7800000000000002/16.0 = 17.4% done in 206.5s, 981.9s to go
on time step 278 (time=2.78), 0.52889 s/step
Meep progress: 2.85/16.0 = 17.8% done in 210.8s, 972.5s to go
on time step 285 (time=2.85), 0.611733 s/step
Meep progress: 2.93/16.0 = 18.3% done in 215.1s, 959.3s to go
on time step 293 (time=2.93), 0.536099 s/step
Meep progress: 3.0/16.0 = 18.8% done in 219.3s, 950.3s to go
on time step 300 (time=3), 0.607732 s/step
Meep progress: 3.08/16.0 = 19.2% done in 223.6s, 938.1s to go
on time step 308 (time=3.08), 0.539823 s/step
Meep progress: 3.15/16.0 = 19.7% done in 227.9s, 929.6s to go
on time step 315 (time=3.15), 0.605413 s/step
Meep progress: 3.23/16.0 = 20.2% done in 232.2s, 918.0s to go
on time step 323 (time=3.23), 0.540798 s/step
Meep progress: 3.3000000000000003/16.0 = 20.6% done in 236.5s, 910.1s to go
on time step 330 (time=3.3), 0.611167 s/step
Meep progress: 3.38/16.0 = 21.1% done in 240.8s, 899.0s to go
on time step 338 (time=3.38), 0.538281 s/step
Meep progress: 3.45/16.0 = 21.6% done in 245.0s, 891.3s to go
on time step 345 (time=3.45), 0.604221 s/step
Meep progress: 3.5300000000000002/16.0 = 22.1% done in 249.4s, 881.0s to go
on time step 353 (time=3.53), 0.54644 s/step
Meep progress: 3.6/16.0 = 22.5% done in 253.6s, 873.6s to go
on time step 360 (time=3.6), 0.606651 s/step
Meep progress: 3.68/16.0 = 23.0% done in 258.0s, 863.6s to go
on time step 368 (time=3.68), 0.542717 s/step
Meep progress: 3.75/16.0 = 23.4% done in 262.2s, 856.5s to go
on time step 375 (time=3.75), 0.603066 s/step
Meep progress: 3.83/16.0 = 23.9% done in 266.5s, 846.9s to go
on time step 383 (time=3.83), 0.545448 s/step
Meep progress: 3.9/16.0 = 24.4% done in 270.8s, 840.1s to go
on time step 390 (time=3.9), 0.599899 s/step
Meep progress: 3.98/16.0 = 24.9% done in 275.1s, 830.8s to go
on time step 398 (time=3.98), 0.543137 s/step
Meep progress: 4.05/16.0 = 25.3% done in 279.4s, 824.3s to go
on time step 405 (time=4.05), 0.608216 s/step
Meep progress: 4.13/16.0 = 25.8% done in 283.7s, 815.3s to go
on time step 413 (time=4.13), 0.539207 s/step
Meep progress: 4.2/16.0 = 26.2% done in 287.9s, 809.0s to go
on time step 420 (time=4.2), 0.608992 s/step
Meep progress: 4.28/16.0 = 26.8% done in 292.3s, 800.3s to go
on time step 428 (time=4.28), 0.538554 s/step
Meep progress: 4.3500000000000005/16.0 = 27.2% done in 296.5s, 794.2s to go
on time step 435 (time=4.35), 0.610594 s/step
Meep progress: 4.43/16.0 = 27.7% done in 300.9s, 785.8s to go
on time step 443 (time=4.43), 0.544753 s/step
Meep progress: 4.5/16.0 = 28.1% done in 305.1s, 779.8s to go
on time step 450 (time=4.5), 0.604732 s/step
Meep progress: 4.58/16.0 = 28.6% done in 309.5s, 771.7s to go
on time step 458 (time=4.58), 0.54385 s/step
Meep progress: 4.65/16.0 = 29.1% done in 313.7s, 765.8s to go
on time step 465 (time=4.65), 0.606371 s/step
Meep progress: 4.73/16.0 = 29.6% done in 318.1s, 757.8s to go
on time step 473 (time=4.73), 0.542445 s/step
Meep progress: 4.8/16.0 = 30.0% done in 322.3s, 752.0s to go
on time step 480 (time=4.8), 0.604268 s/step
Meep progress: 4.88/16.0 = 30.5% done in 326.8s, 744.6s to go
on time step 488 (time=4.88), 0.558076 s/step
Meep progress: 4.95/16.0 = 30.9% done in 331.1s, 739.2s to go
on time step 495 (time=4.95), 0.623784 s/step
Meep progress: 5.0200000000000005/16.0 = 31.4% done in 335.4s, 733.5s to go
on time step 502 (time=5.02), 0.604229 s/step
Meep progress: 5.1000000000000005/16.0 = 31.9% done in 340.1s, 726.9s to go
on time step 510 (time=5.1), 0.593096 s/step
Meep progress: 5.18/16.0 = 32.4% done in 344.4s, 719.5s to go
on time step 518 (time=5.18), 0.541159 s/step
Meep progress: 5.25/16.0 = 32.8% done in 348.7s, 714.0s to go
on time step 525 (time=5.25), 0.607405 s/step
Meep progress: 5.33/16.0 = 33.3% done in 353.1s, 706.8s to go
on time step 533 (time=5.33), 0.548002 s/step
Meep progress: 5.4/16.0 = 33.8% done in 357.6s, 702.0s to go
on time step 540 (time=5.4), 0.646075 s/step
Meep progress: 5.48/16.0 = 34.2% done in 361.9s, 694.8s to go
on time step 548 (time=5.48), 0.541587 s/step
Meep progress: 5.55/16.0 = 34.7% done in 366.2s, 689.4s to go
on time step 555 (time=5.55), 0.603017 s/step
Meep progress: 5.63/16.0 = 35.2% done in 370.5s, 682.4s to go
on time step 563 (time=5.63), 0.538598 s/step
Meep progress: 5.7/16.0 = 35.6% done in 374.8s, 677.3s to go
on time step 570 (time=5.7), 0.623839 s/step
Meep progress: 5.7700000000000005/16.0 = 36.1% done in 378.8s, 671.7s to go
on time step 577 (time=5.77), 0.572093 s/step
Meep progress: 5.8500000000000005/16.0 = 36.6% done in 383.6s, 665.5s to go
on time step 585 (time=5.85), 0.589841 s/step
Meep progress: 5.93/16.0 = 37.1% done in 387.9s, 658.7s to go
on time step 593 (time=5.93), 0.54363 s/step
Meep progress: 6.0/16.0 = 37.5% done in 392.1s, 653.5s to go
on time step 600 (time=6), 0.60175 s/step
Meep progress: 6.08/16.0 = 38.0% done in 396.5s, 646.9s to go
on time step 608 (time=6.08), 0.545035 s/step
Meep progress: 6.15/16.0 = 38.4% done in 400.8s, 641.9s to go
on time step 615 (time=6.15), 0.618315 s/step
Meep progress: 6.23/16.0 = 38.9% done in 405.1s, 635.3s to go
on time step 623 (time=6.23), 0.533663 s/step
Meep progress: 6.3/16.0 = 39.4% done in 409.3s, 630.2s to go
on time step 630 (time=6.3), 0.602591 s/step
Meep progress: 6.38/16.0 = 39.9% done in 413.6s, 623.6s to go
on time step 638 (time=6.38), 0.537097 s/step
Meep progress: 6.45/16.0 = 40.3% done in 417.9s, 618.7s to go
on time step 645 (time=6.45), 0.61014 s/step
Meep progress: 6.53/16.0 = 40.8% done in 422.2s, 612.3s to go
on time step 653 (time=6.53), 0.537946 s/step
Meep progress: 6.6000000000000005/16.0 = 41.2% done in 426.4s, 607.4s to go
on time step 660 (time=6.6), 0.608466 s/step
Meep progress: 6.68/16.0 = 41.8% done in 430.8s, 601.0s to go
on time step 668 (time=6.68), 0.541389 s/step
Meep progress: 6.75/16.0 = 42.2% done in 435.0s, 596.1s to go
on time step 675 (time=6.75), 0.603379 s/step
Meep progress: 6.83/16.0 = 42.7% done in 439.3s, 589.9s to go
on time step 683 (time=6.83), 0.54621 s/step
Meep progress: 6.9/16.0 = 43.1% done in 443.6s, 585.0s to go
on time step 690 (time=6.9), 0.601966 s/step
Meep progress: 6.98/16.0 = 43.6% done in 447.9s, 578.9s to go
on time step 698 (time=6.98), 0.545362 s/step
Meep progress: 7.05/16.0 = 44.1% done in 452.2s, 574.0s to go
on time step 705 (time=7.05), 0.603572 s/step
Meep progress: 7.13/16.0 = 44.6% done in 456.5s, 568.0s to go
on time step 713 (time=7.13), 0.547368 s/step
Meep progress: 7.2/16.0 = 45.0% done in 460.8s, 563.2s to go
on time step 720 (time=7.2), 0.597678 s/step
Meep progress: 7.2700000000000005/16.0 = 45.4% done in 464.9s, 558.3s to go
on time step 727 (time=7.27), 0.594064 s/step
Meep progress: 7.3500000000000005/16.0 = 45.9% done in 469.6s, 552.7s to go
on time step 735 (time=7.35), 0.588962 s/step
Meep progress: 7.43/16.0 = 46.4% done in 474.0s, 546.7s to go
on time step 743 (time=7.43), 0.542601 s/step
Meep progress: 7.5/16.0 = 46.9% done in 478.2s, 541.9s to go
on time step 750 (time=7.5), 0.59808 s/step
Meep progress: 7.58/16.0 = 47.4% done in 482.5s, 536.0s to go
on time step 758 (time=7.58), 0.54113 s/step
Meep progress: 7.65/16.0 = 47.8% done in 486.8s, 531.3s to go
on time step 765 (time=7.65), 0.608251 s/step
Meep progress: 7.73/16.0 = 48.3% done in 491.1s, 525.4s to go
on time step 773 (time=7.73), 0.53915 s/step
Meep progress: 7.8/16.0 = 48.8% done in 495.4s, 520.8s to go
on time step 780 (time=7.8), 0.61157 s/step
Meep progress: 7.88/16.0 = 49.2% done in 499.7s, 515.0s to go
on time step 788 (time=7.88), 0.545757 s/step
Meep progress: 7.95/16.0 = 49.7% done in 504.0s, 510.3s to go
on time step 795 (time=7.95), 0.606766 s/step
Meep progress: 8.03/16.0 = 50.2% done in 508.3s, 504.5s to go
on time step 803 (time=8.03), 0.540903 s/step
Meep progress: 8.1/16.0 = 50.6% done in 512.5s, 499.9s to go
on time step 810 (time=8.1), 0.600889 s/step
Meep progress: 8.18/16.0 = 51.1% done in 516.8s, 494.1s to go
on time step 818 (time=8.18), 0.541767 s/step
Meep progress: 8.25/16.0 = 51.6% done in 521.1s, 489.5s to go
on time step 825 (time=8.25), 0.602706 s/step
Meep progress: 8.33/16.0 = 52.1% done in 525.4s, 483.8s to go
on time step 833 (time=8.33), 0.546463 s/step
Meep progress: 8.4/16.0 = 52.5% done in 529.6s, 479.2s to go
on time step 840 (time=8.4), 0.598869 s/step
Meep progress: 8.48/16.0 = 53.0% done in 534.0s, 473.5s to go
on time step 848 (time=8.48), 0.539228 s/step
Meep progress: 8.55/16.0 = 53.4% done in 538.2s, 469.0s to go
on time step 855 (time=8.55), 0.608945 s/step
Meep progress: 8.63/16.0 = 53.9% done in 542.5s, 463.3s to go
on time step 863 (time=8.63), 0.540397 s/step
Meep progress: 8.700000000000001/16.0 = 54.4% done in 546.8s, 458.8s to go
on time step 870 (time=8.7), 0.605162 s/step
Meep progress: 8.78/16.0 = 54.9% done in 551.1s, 453.2s to go
on time step 878 (time=8.78), 0.53896 s/step
Meep progress: 8.85/16.0 = 55.3% done in 555.3s, 448.7s to go
on time step 885 (time=8.85), 0.605278 s/step
Meep progress: 8.93/16.0 = 55.8% done in 559.6s, 443.1s to go
on time step 893 (time=8.93), 0.53945 s/step
Meep progress: 9.0/16.0 = 56.2% done in 563.9s, 438.6s to go
on time step 900 (time=9), 0.605432 s/step
Meep progress: 9.08/16.0 = 56.8% done in 568.2s, 433.1s to go
on time step 908 (time=9.08), 0.544441 s/step
Meep progress: 9.15/16.0 = 57.2% done in 572.4s, 428.6s to go
on time step 915 (time=9.15), 0.601023 s/step
Meep progress: 9.23/16.0 = 57.7% done in 576.8s, 423.1s to go
on time step 923 (time=9.23), 0.54365 s/step
Meep progress: 9.3/16.0 = 58.1% done in 581.1s, 418.6s to go
on time step 930 (time=9.3), 0.611565 s/step
Meep progress: 9.38/16.0 = 58.6% done in 585.4s, 413.2s to go
on time step 938 (time=9.38), 0.540416 s/step
Meep progress: 9.450000000000001/16.0 = 59.1% done in 589.6s, 408.7s to go
on time step 945 (time=9.45), 0.602389 s/step
Meep progress: 9.53/16.0 = 59.6% done in 594.0s, 403.3s to go
on time step 953 (time=9.53), 0.54669 s/step
Meep progress: 9.6/16.0 = 60.0% done in 598.2s, 398.8s to go
on time step 960 (time=9.6), 0.604204 s/step
Meep progress: 9.68/16.0 = 60.5% done in 602.6s, 393.4s to go
on time step 968 (time=9.68), 0.541042 s/step
Meep progress: 9.75/16.0 = 60.9% done in 606.8s, 389.0s to go
on time step 975 (time=9.75), 0.606167 s/step
Meep progress: 9.83/16.0 = 61.4% done in 611.1s, 383.6s to go
on time step 983 (time=9.83), 0.537938 s/step
Meep progress: 9.9/16.0 = 61.9% done in 615.4s, 379.2s to go
on time step 990 (time=9.9), 0.606411 s/step
Meep progress: 9.98/16.0 = 62.4% done in 619.7s, 373.8s to go
on time step 998 (time=9.98), 0.537387 s/step
Meep progress: 10.05/16.0 = 62.8% done in 623.9s, 369.4s to go
on time step 1005 (time=10.05), 0.607201 s/step
Meep progress: 10.13/16.0 = 63.3% done in 628.2s, 364.0s to go
on time step 1013 (time=10.13), 0.53916 s/step
Meep progress: 10.200000000000001/16.0 = 63.8% done in 632.5s, 359.6s to go
on time step 1020 (time=10.2), 0.606549 s/step
Meep progress: 10.28/16.0 = 64.2% done in 636.9s, 354.4s to go
on time step 1028 (time=10.28), 0.559054 s/step
Meep progress: 10.35/16.0 = 64.7% done in 641.2s, 350.0s to go
on time step 1035 (time=10.35), 0.603222 s/step
Meep progress: 10.43/16.0 = 65.2% done in 645.5s, 344.7s to go
on time step 1043 (time=10.43), 0.543046 s/step
Meep progress: 10.5/16.0 = 65.6% done in 649.7s, 340.3s to go
on time step 1050 (time=10.5), 0.606068 s/step
Meep progress: 10.58/16.0 = 66.1% done in 654.1s, 335.1s to go
on time step 1058 (time=10.58), 0.541201 s/step
Meep progress: 10.65/16.0 = 66.6% done in 658.3s, 330.7s to go
on time step 1065 (time=10.65), 0.606213 s/step
Meep progress: 10.73/16.0 = 67.1% done in 662.8s, 325.5s to go
on time step 1073 (time=10.73), 0.553458 s/step
Meep progress: 10.8/16.0 = 67.5% done in 667.0s, 321.1s to go
on time step 1080 (time=10.8), 0.603639 s/step
Meep progress: 10.88/16.0 = 68.0% done in 671.3s, 315.9s to go
on time step 1088 (time=10.88), 0.536682 s/step
Meep progress: 10.950000000000001/16.0 = 68.4% done in 675.5s, 311.5s to go
on time step 1095 (time=10.95), 0.60615 s/step
Meep progress: 11.03/16.0 = 68.9% done in 679.8s, 306.3s to go
on time step 1103 (time=11.03), 0.539368 s/step
Meep progress: 11.1/16.0 = 69.4% done in 684.1s, 302.0s to go
on time step 1110 (time=11.1), 0.606333 s/step
Meep progress: 11.18/16.0 = 69.9% done in 688.4s, 296.8s to go
on time step 1118 (time=11.18), 0.543681 s/step
Meep progress: 11.25/16.0 = 70.3% done in 692.7s, 292.5s to go
on time step 1125 (time=11.25), 0.604773 s/step
Meep progress: 11.33/16.0 = 70.8% done in 697.0s, 287.3s to go
on time step 1133 (time=11.33), 0.5428 s/step
Meep progress: 11.4/16.0 = 71.2% done in 701.3s, 283.0s to go
on time step 1140 (time=11.4), 0.614174 s/step
Meep progress: 11.48/16.0 = 71.8% done in 705.6s, 277.8s to go
on time step 1148 (time=11.48), 0.541505 s/step
Meep progress: 11.55/16.0 = 72.2% done in 709.9s, 273.5s to go
on time step 1155 (time=11.55), 0.606738 s/step
Meep progress: 11.63/16.0 = 72.7% done in 714.2s, 268.4s to go
on time step 1163 (time=11.63), 0.538154 s/step
Meep progress: 11.700000000000001/16.0 = 73.1% done in 718.4s, 264.0s to go
on time step 1170 (time=11.7), 0.608007 s/step
Meep progress: 11.77/16.0 = 73.6% done in 722.5s, 259.6s to go
on time step 1178 (time=11.78), 0.559666 s/step
Meep progress: 11.85/16.0 = 74.1% done in 727.2s, 254.7s to go
on time step 1185 (time=11.85), 0.60464 s/step
Meep progress: 11.93/16.0 = 74.6% done in 731.5s, 249.6s to go
on time step 1193 (time=11.93), 0.542539 s/step
Meep progress: 12.0/16.0 = 75.0% done in 735.8s, 245.3s to go
on time step 1200 (time=12), 0.605691 s/step
Meep progress: 12.08/16.0 = 75.5% done in 740.1s, 240.2s to go
on time step 1208 (time=12.08), 0.543106 s/step
Meep progress: 12.15/16.0 = 75.9% done in 744.3s, 235.9s to go
on time step 1215 (time=12.15), 0.604749 s/step
Meep progress: 12.23/16.0 = 76.4% done in 748.7s, 230.8s to go
on time step 1223 (time=12.23), 0.541724 s/step
Meep progress: 12.3/16.0 = 76.9% done in 752.9s, 226.5s to go
on time step 1230 (time=12.3), 0.602259 s/step
Meep progress: 12.38/16.0 = 77.4% done in 757.2s, 221.4s to go
on time step 1238 (time=12.38), 0.536172 s/step
Meep progress: 12.450000000000001/16.0 = 77.8% done in 761.4s, 217.1s to go
on time step 1245 (time=12.45), 0.600581 s/step
Meep progress: 12.530000000000001/16.0 = 78.3% done in 765.7s, 212.1s to go
on time step 1253 (time=12.53), 0.541798 s/step
Meep progress: 12.6/16.0 = 78.8% done in 770.0s, 207.8s to go
on time step 1260 (time=12.6), 0.606038 s/step
Meep progress: 12.68/16.0 = 79.2% done in 774.3s, 202.7s to go
on time step 1268 (time=12.68), 0.541211 s/step
Meep progress: 12.75/16.0 = 79.7% done in 778.5s, 198.5s to go
on time step 1275 (time=12.75), 0.605417 s/step
Meep progress: 12.83/16.0 = 80.2% done in 783.0s, 193.5s to go
on time step 1283 (time=12.83), 0.560646 s/step
Meep progress: 12.9/16.0 = 80.6% done in 787.4s, 189.2s to go
on time step 1290 (time=12.9), 0.617829 s/step
Meep progress: 12.98/16.0 = 81.1% done in 791.6s, 184.2s to go
on time step 1298 (time=12.98), 0.52927 s/step
Meep progress: 13.05/16.0 = 81.6% done in 795.9s, 179.9s to go
on time step 1305 (time=13.05), 0.618211 s/step
Meep progress: 13.13/16.0 = 82.1% done in 800.2s, 174.9s to go
on time step 1313 (time=13.13), 0.530833 s/step
Meep progress: 13.200000000000001/16.0 = 82.5% done in 804.4s, 170.6s to go
on time step 1320 (time=13.2), 0.608447 s/step
Meep progress: 13.280000000000001/16.0 = 83.0% done in 808.8s, 165.7s to go
on time step 1328 (time=13.28), 0.543879 s/step
Meep progress: 13.35/16.0 = 83.4% done in 813.1s, 161.4s to go
on time step 1335 (time=13.35), 0.610025 s/step
Meep progress: 13.43/16.0 = 83.9% done in 817.4s, 156.4s to go
on time step 1343 (time=13.43), 0.537835 s/step
Meep progress: 13.5/16.0 = 84.4% done in 821.6s, 152.2s to go
on time step 1350 (time=13.5), 0.608997 s/step
Meep progress: 13.58/16.0 = 84.9% done in 826.0s, 147.2s to go
on time step 1358 (time=13.58), 0.544692 s/step
Meep progress: 13.65/16.0 = 85.3% done in 830.2s, 142.9s to go
on time step 1365 (time=13.65), 0.603609 s/step
Meep progress: 13.73/16.0 = 85.8% done in 834.5s, 138.0s to go
on time step 1373 (time=13.73), 0.539809 s/step
Meep progress: 13.8/16.0 = 86.2% done in 838.8s, 133.7s to go
on time step 1380 (time=13.8), 0.605671 s/step
Meep progress: 13.88/16.0 = 86.8% done in 843.2s, 128.8s to go
on time step 1388 (time=13.88), 0.55158 s/step
Meep progress: 13.950000000000001/16.0 = 87.2% done in 847.4s, 124.5s to go
on time step 1395 (time=13.95), 0.604359 s/step
Meep progress: 14.030000000000001/16.0 = 87.7% done in 851.7s, 119.6s to go
on time step 1403 (time=14.03), 0.541366 s/step
Meep progress: 14.1/16.0 = 88.1% done in 856.0s, 115.3s to go
on time step 1410 (time=14.1), 0.602926 s/step
Meep progress: 14.18/16.0 = 88.6% done in 860.3s, 110.4s to go
on time step 1418 (time=14.18), 0.54086 s/step
Meep progress: 14.25/16.0 = 89.1% done in 864.5s, 106.2s to go
on time step 1425 (time=14.25), 0.606798 s/step
Meep progress: 14.33/16.0 = 89.6% done in 868.9s, 101.3s to go
on time step 1433 (time=14.33), 0.541298 s/step
Meep progress: 14.4/16.0 = 90.0% done in 873.1s, 97.0s to go
on time step 1440 (time=14.4), 0.607842 s/step
Meep progress: 14.48/16.0 = 90.5% done in 877.4s, 92.1s to go
on time step 1448 (time=14.48), 0.539539 s/step
Meep progress: 14.55/16.0 = 90.9% done in 881.7s, 87.9s to go
on time step 1455 (time=14.55), 0.608391 s/step
Meep progress: 14.63/16.0 = 91.4% done in 886.0s, 83.0s to go
on time step 1463 (time=14.63), 0.543421 s/step
Meep progress: 14.700000000000001/16.0 = 91.9% done in 890.3s, 78.7s to go
on time step 1470 (time=14.7), 0.6025 s/step
Meep progress: 14.780000000000001/16.0 = 92.4% done in 894.7s, 73.8s to go
on time step 1478 (time=14.78), 0.548247 s/step
Meep progress: 14.85/16.0 = 92.8% done in 899.2s, 69.6s to go
on time step 1485 (time=14.85), 0.644243 s/step
Meep progress: 14.93/16.0 = 93.3% done in 903.4s, 64.7s to go
on time step 1493 (time=14.93), 0.531202 s/step
Meep progress: 15.0/16.0 = 93.8% done in 907.9s, 60.5s to go
on time step 1500 (time=15), 0.635782 s/step
Meep progress: 15.08/16.0 = 94.2% done in 912.2s, 55.6s to go
on time step 1508 (time=15.08), 0.534587 s/step
Meep progress: 15.15/16.0 = 94.7% done in 916.4s, 51.4s to go
on time step 1515 (time=15.15), 0.607089 s/step
Meep progress: 15.23/16.0 = 95.2% done in 920.7s, 46.6s to go
on time step 1523 (time=15.23), 0.542638 s/step
Meep progress: 15.3/16.0 = 95.6% done in 925.1s, 42.3s to go
on time step 1530 (time=15.3), 0.617093 s/step
Meep progress: 15.38/16.0 = 96.1% done in 929.5s, 37.5s to go
on time step 1538 (time=15.38), 0.556486 s/step
Meep progress: 15.450000000000001/16.0 = 96.6% done in 933.8s, 33.2s to go
on time step 1545 (time=15.45), 0.609615 s/step
Meep progress: 15.52/16.0 = 97.0% done in 938.1s, 29.0s to go
on time step 1552 (time=15.52), 0.617878 s/step
Meep progress: 15.59/16.0 = 97.4% done in 942.1s, 24.8s to go
on time step 1559 (time=15.59), 0.575101 s/step
Meep progress: 15.66/16.0 = 97.9% done in 946.6s, 20.6s to go
on time step 1566 (time=15.66), 0.64515 s/step
Meep progress: 15.74/16.0 = 98.4% done in 950.9s, 15.7s to go
on time step 1574 (time=15.74), 0.536115 s/step
Meep progress: 15.81/16.0 = 98.8% done in 955.3s, 11.5s to go
on time step 1581 (time=15.81), 0.627266 s/step
Meep progress: 15.89/16.0 = 99.3% done in 959.6s, 6.6s to go
on time step 1589 (time=15.89), 0.538939 s/step
Meep progress: 15.96/16.0 = 99.8% done in 964.2s, 2.4s to go
on time step 1596 (time=15.96), 0.649494 s/step
run 0 finished at t = 16.0 (1600 timesteps)


**********


Flux: 0.9135064727955022
Transmittance: 0.987547
Reflectance: 0.012015
Absorption: 0.012453302024795554 over 5.9 um
lambda = 0.47081376640506023 mm
Saved Sim10c_Eps_B.png
Saved Sim10c_Ez_B.png
Saved Sim10c_Pwr0_B.png
Saved Sim10c_Pwr1_B.png
Saved Sim10c_Pwr2_B.png
Saved Sim10c_Ez_CS_B.png


**********


Program finished.

Elapsed run time = 4048.2317 s
