Using MPI version 3.1, 14 processes
ABSORBING RUN
File prefix: Sim12c
Duration: 10
Resolution: 200
Dimensions: 0 um, 5 um, 5 um
Wavelength: 1.55 um
Si thickness: 0.4 um
NbN thickness: 0.01 um
Si index: 3.6; SiO2 index: 1.444
Absorber dimensions: -1.0625 um, 0.01 um, 0.1 um
Absorber n (base value): 4.904 (5.23), k: 4.656000000000001 (5.82)
Absorber compensation for thickness: 1.25
Flux length: -1.125 um


**********


-----------
Initializing structure...
Halving computational cell along direction z
Splitting into 12 chunks evenly
time for choose_chunkdivision = 0.0376112 s
Working in 3D dimensions.
Computational cell is 0.005 x 5 x 5 with resolution 200
     block, center = (0,-2.5,0)
          size (1e+20,5,1e+20)
          axes (1,0,0), (0,1,0), (0,0,1)
          dielectric constant epsilon diagonal = (1.444,1.444,1.444)
     block, center = (0,0.2,0)
          size (1e+20,0.4,0.75)
          axes (1,0,0), (0,1,0), (0,0,1)
          dielectric constant epsilon diagonal = (3.6,3.6,3.6)
time for set_epsilon = 0.255203 s
-----------
    iteration   13: trace = 0.668469788906019 (7.99586e-08% change)
MPB solved for omega_1(1.22411,0,0) = 0.8176 after 17 iters
MPB solved for omega_1(0.864957,0,0) = 0.64299 after 12 iters
MPB solved for omega_1(0.86926,0,0) = 0.645159 after 9 iters
MPB solved for omega_1(0.869264,0,0) = 0.645161 after 3 iters
creating output file "./main-eps-000000000.h5"...
creating output file "./main-pwr.h5"...
Meep progress: 0.0025/10.0 = 0.0% done in 11.7s, 46610.4s to go
on time step 1 (time=0.0025), 11.5302 s/step
Meep progress: 0.4425/10.0 = 4.4% done in 15.7s, 338.3s to go
on time step 177 (time=0.4425), 0.0227881 s/step
Meep progress: 0.915/10.0 = 9.2% done in 19.7s, 195.3s to go
on time step 366 (time=0.915), 0.0211687 s/step
Meep progress: 1.41/10.0 = 14.1% done in 23.7s, 144.5s to go
on time step 564 (time=1.41), 0.0204336 s/step
Meep progress: 1.895/10.0 = 18.9% done in 27.7s, 118.6s to go
on time step 758 (time=1.895), 0.0206774 s/step
Meep progress: 2.395/10.0 = 23.9% done in 31.7s, 100.8s to go
on time step 958 (time=2.395), 0.0200631 s/step
Meep progress: 2.8925/10.0 = 28.9% done in 35.7s, 87.8s to go
on time step 1157 (time=2.8925), 0.0201358 s/step
Meep progress: 3.375/10.0 = 33.8% done in 39.7s, 78.0s to go
on time step 1350 (time=3.375), 0.020743 s/step
Meep progress: 3.845/10.0 = 38.5% done in 43.7s, 70.0s to go
on time step 1538 (time=3.845), 0.0212805 s/step
Meep progress: 4.29/10.0 = 42.9% done in 47.8s, 63.7s to go
on time step 1716 (time=4.29), 0.0229602 s/step
Meep progress: 4.7700000000000005/10.0 = 47.7% done in 51.9s, 56.9s to go
on time step 1908 (time=4.77), 0.0212632 s/step
Meep progress: 5.2725/10.0 = 52.7% done in 55.9s, 50.2s to go
on time step 2109 (time=5.2725), 0.0199656 s/step
Meep progress: 5.7325/10.0 = 57.3% done in 59.9s, 44.6s to go
on time step 2293 (time=5.7325), 0.0218001 s/step
Meep progress: 6.22/10.0 = 62.2% done in 63.9s, 38.9s to go
on time step 2488 (time=6.22), 0.0205145 s/step
Meep progress: 6.72/10.0 = 67.2% done in 68.0s, 33.2s to go
on time step 2688 (time=6.72), 0.0200695 s/step
Meep progress: 7.22/10.0 = 72.2% done in 72.0s, 27.7s to go
on time step 2888 (time=7.22), 0.0200145 s/step
Meep progress: 7.69/10.0 = 76.9% done in 76.0s, 22.8s to go
on time step 3076 (time=7.69), 0.0212849 s/step
Meep progress: 8.1675/10.0 = 81.7% done in 80.0s, 17.9s to go
on time step 3267 (time=8.1675), 0.0209454 s/step
Meep progress: 8.6475/10.0 = 86.5% done in 84.0s, 13.1s to go
on time step 3459 (time=8.6475), 0.0208491 s/step
Meep progress: 9.1175/10.0 = 91.2% done in 88.0s, 8.5s to go
on time step 3647 (time=9.1175), 0.0212885 s/step
Meep progress: 9.5725/10.0 = 95.7% done in 92.0s, 4.1s to go
on time step 3829 (time=9.5725), 0.0220841 s/step
run 0 finished at t = 10.0 (4000 timesteps)


**********


Icon theme "gnome" not found.
Saved Sim12c_Eps_A.png
Saved Sim12c_Ez_A.png
Saved Sim12c_Pwr1_A.png


**********


Program finished.

Elapsed run time = 148.9662 s
